1  1456903466498  -0.11501146  3.3101485  8.06427
2  1456903466559  -0.14445117  3.0696344  6.6911354
3  1456903466560  -0.093374774  2.7475874  5.916438
4  1456903466561  -0.16591899  2.457745  5.4454618
5  1456903466561  -0.10838624  2.2313638  5.090536
6  1456903466561  -0.12555978  2.019001  4.7581744
7  1456903466562  -0.12162292  1.7869341  4.4008703
8  1456903466562  -0.09222238  1.5522165  4.1029987
9  1456903466562  -0.0765358  1.3538992  3.716401
10  1456903466601  -0.012857884  1.2551405  3.3081303
11  1456903466601  0.014285274  1.1404004  2.9018993
12  1456903466601  0.027940214  1.1017776  2.6440315
13  1456903466601  -0.011485092  0.9592781  2.2331033
14  1456903466601  -0.03834874  0.8676598  1.8891253
15  1456903466601  -0.077609494  0.84984684  1.5946283
16  1456903466602  -0.13233721  0.74977875  1.383451
17  1456903466602  -0.1428061  0.69419384  1.223558
18  1456903466642  -0.10266811  0.5838337  1.1852379
19  1456903466642  -0.07731782  0.52760506  1.0839534
20  1456903466642  -0.067431256  0.44252276  0.96478367
21  1456903466642  -0.036985546  0.39611578  0.81874514
22  1456903466643  -0.03328699  0.34357548  0.67007303
23  1456903466643  -0.094601735  0.29413438  0.6203041
24  1456903466643  -0.052819848  0.30135226  0.5647378
25  1456903466643  -0.030299604  0.27552652  0.5190382
26  1456903466679  0.020135552  0.2242713  0.4455862
27  1456903466679  0.05259849  0.19537973  0.44412327
28  1456903466679  0.05595778  0.1866157  0.36954403
29  1456903466679  0.05898112  0.14209676  0.40585232
30  1456903466680  -0.028798684  0.16451836  0.39112473
31  1456903466680  -0.0043710023  0.15453076  0.5567169
32  1456903466680  -0.027636498  0.12183952  0.5441408
33  1456903466680  -0.059349358  0.111810446  0.502655
34  1456903466720  0.013383821  0.113558054  0.46747303
35  1456903466720  -0.024585858  0.10004735  0.3840952
36  1456903466721  -0.028591618  0.07280445  0.3413763
37  1456903466721  0.0022797137  0.0655241  0.19734478
38  1456903466721  0.027909115  0.07836461  0.14959908
39  1456903466721  0.016499087  0.11362362  0.11309147
40  1456903466721  0.017003953  0.110880375  0.08238888
41  1456903466721  0.06270875  0.11056614  0.01381588
42  1456903466759  0.015497029  0.08227134  -0.030661583
43  1456903466759  0.01610212  0.043877363  -0.122406006
44  1456903466759  0.0015632212  0.039489746  -0.1123209
45  1456903466760  -0.011521786  -0.009709597  -0.16357708
46  1456903466760  0.015487775  0.040821314  -0.2010889
47  1456903466760  0.016093776  0.04535818  -0.1508131
48  1456903466760  0.044651344  0.060215473  -0.11418438
49  1456903466760  0.027257517  -0.0018303394  -0.079063416
50  1456903466799  0.0784013  0.004817009  -0.10132408
51  1456903466799  0.03823945  -0.002129078  -0.020084381
52  1456903466800  0.049498968  0.013167381  0.03794861
53  1456903466800  0.0036082268  -0.029090166  0.055701256
54  1456903466800  -0.013990864  0.012604952  0.10184574
55  1456903466800  0.0606708  -0.0037388802  0.17785358
56  1456903466801  0.00935331  0.03973055  0.22686577
57  1456903466801  -0.026058525  -0.009492874  0.27744198
58  1456903466840  -0.05577439  0.062564135  0.251853
59  1456903466840  -0.12561432  0.02614069  0.2266674
60  1456903466841  -0.12598155  -0.038961887  0.15874958
61  1456903466841  -0.10907385  -0.02644658  0.039444923
62  1456903466841  -0.055070847  -0.015182734  0.10876274
63  1456903466841  -0.07326636  -0.011509657  0.097886086
64  1456903466841  -0.053011015  -0.006049156  0.047157288
65  1456903466841  -0.011078641  -0.0032894611  0.07691765
66  1456903466881  0.0051127076  0.0121228695  0.073534966
67  1456903466881  -0.032029867  -0.02356577  0.12005043
68  1456903466881  0.0228879  3.3855438E-4  0.10158157
69  1456903466881  0.01844433  0.019697666  0.07203007
70  1456903466881  0.03599292  0.024192333  0.073446274
71  1456903466881  0.047477096  0.026082754  0.07903004
72  1456903466882  0.0017885417  0.05364132  0.06035328
73  1456903466882  -0.015628561  0.07844424  -0.04264736
74  1456903466920  -0.009756148  0.03181362  -0.09225178
75  1456903466920  -0.03679268  0.037251472  -0.2036953
76  1456903466921  0.02075611  -9.5009804E-4  -0.12945557
77  1456903466921  0.06177613  0.018537998  -0.06910515
78  1456903466921  0.06852721  0.05331564  -0.10098076
79  1456903466921  0.13924663  0.032900333  -0.07149029
80  1456903466921  0.052059382  0.09425378  0.02616024
81  1456903466922  0.055472583  0.05035186  0.096806526
82  1456903466971  0.06069924  0.06470966  0.12806606
83  1456903466971  0.10849886  0.019452572  0.1971407
84  1456903466972  0.041624643  0.039055347  0.22914124
85  1456903466972  0.013759583  0.022221088  0.17606068
86  1456903466972  0.012383625  -0.01447773  0.10243034
87  1456903466972  -0.029795587  0.049458742  0.044781685
88  1456903466972  0.022743955  -0.043833256  0.0036725998
89  1456903466972  0.016159981  0.010109901  -0.095814705
90  1456903467002  0.05548483  -0.014603615  0.017196655
91  1456903467002  0.073638946  0.029952526  -0.06640434
92  1456903467002  0.13307327  0.018338203  -0.05976391
93  1456903467002  0.09175378  0.012194872  -0.17230129
94  1456903467002  0.089042746  0.023904085  -0.045176506
95  1456903467002  0.065055  -0.012963057  -0.10961151
96  1456903467003  0.08871645  -8.928776E-4  -0.07063866
97  1456903467003  0.0065822303  -0.02666092  -0.09805107
98  1456903467040  0.0037692264  0.014791489  -0.090400696
99  1456903467040  -0.04616768  -0.021164417  -0.066277504
100  1456903467040  0.014473416  0.03266692  -0.033792496
101  1456903467040  -0.0020574033  0.059567213  0.014837265
102  1456903467040  0.036934406  0.060074806  0.03705597
103  1456903467041  0.039705314  0.10793686  -0.052841187
104  1456903467042  0.052973036  0.08421445  -0.08418846
105  1456903467042  0.028282698  0.043471336  -0.11886501
106  1456903467080  -0.009022072  0.036969423  -0.13068104
107  1456903467080  0.013427947  -0.005513668  -0.17363739
108  1456903467081  -0.065486975  0.012275934  -0.15411949
109  1456903467081  -0.017997436  -0.027737617  -0.1214695
110  1456903467081  -0.061448105  -0.009880304  -0.064071655
111  1456903467081  -0.06392241  -0.077845335  0.043610573
112  1456903467081  -0.010124981  -0.0075719357  -0.012466431
113  1456903467082  0.008125775  -0.0111243725  0.025411606
114  1456903467119  8.488521E-4  7.619858E-4  0.0013227463
115  1456903467119  -0.042331666  0.002840519  0.03997612
116  1456903467120  -0.04025328  -0.010372162  0.014431
117  1456903467120  -0.027608834  -0.028728247  5.9127808E-5
118  1456903467120  0.0074737743  0.0043118  -0.0042562485
119  1456903467120  0.0088811815  -0.0047385693  -0.068473816
120  1456903467121  0.007993065  -0.015038729  -0.06593609
121  1456903467121  0.039515477  -6.0629845E-4  -0.06796169
122  1456903467159  0.06357609  -0.026403189  0.03579998
123  1456903467160  0.07014717  -0.0065243244  0.075315475
124  1456903467160  0.0695968  0.015675783  0.13889122
125  1456903467160  0.015231926  0.018417835  0.1185379
126  1456903467160  0.013708737  0.06829071  0.19502926
127  1456903467160  -0.011364736  0.011901617  0.12165737
128  1456903467161  -0.036085643  0.047342777  0.14396763
129  1456903467161  -0.028167516  0.07062054  0.21145248
130  1456903467201  -0.040434234  0.082951546  0.11704445
131  1456903467201  0.00455004  0.050953865  0.08810139
132  1456903467201  -0.013143219  0.058787107  -0.0068998337
133  1456903467201  -0.022602804  0.106778145  -0.008364677
134  1456903467201  0.007669635  0.06593323  -0.12604141
135  1456903467201  0.021986142  0.039946795  -0.16730595
136  1456903467202  0.0693475  0.07689285  -0.13333702
137  1456903467202  0.0063884333  0.004560232  -0.08983612
138  1456903467239  0.025142621  0.049354553  -0.13903236
139  1456903467239  0.029092703  -0.018069506  -0.15098667
140  1456903467240  0.008945182  -0.027036428  -0.12511349
141  1456903467240  0.014515005  0.023072481  -0.035030365
142  1456903467240  0.004444383  -0.030949354  -0.037992477
143  1456903467240  0.00830951  -0.053711653  0.17913055
144  1456903467241  -0.0011405721  -0.02248311  0.13320541
145  1456903467241  -0.018264763  -0.043937445  0.09402752
146  1456903467279  -0.03152176  -0.07186556  0.084625244
147  1456903467279  -0.036988705  -0.040976286  7.4481964E-4
148  1456903467280  -0.026825488  -0.06273627  -0.020877838
149  1456903467280  -0.02198816  -0.0112121105  -0.018790245
150  1456903467280  -0.037027597  -0.020864725  0.0067920685
151  1456903467280  -0.041943967  -0.012313843  0.008267403
152  1456903467281  -0.04852347  0.049251318  -0.031345367
153  1456903467281  -5.755052E-4  0.06371927  0.09676647
154  1456903467320  -0.0134466365  0.033644676  0.03106594
155  1456903467321  -0.06166195  0.028125525  -5.2452087E-5
156  1456903467321  -0.120139204  0.07487297  -0.034523964
157  1456903467321  -0.108125284  0.039373636  -0.05046463
158  1456903467321  -0.11239621  0.013888359  -0.18332386
159  1456903467321  -0.10115659  0.014654398  -0.2490282
160  1456903467322  -0.119053096  -0.025597095  -0.18533897
161  1456903467322  -0.113612145  -0.040275574  -0.2055912
162  1456903467359  -0.09363179  -0.055640936  -0.06005478
163  1456903467360  -0.11228077  -0.050076723  -0.058359146
164  1456903467360  -0.08381446  -0.07308149  -0.002963066
165  1456903467360  -0.023718253  0.013953686  0.06628609
166  1456903467360  0.019594416  -0.011144161  0.033800125
167  1456903467360  0.037028015  0.08909011  0.19633865
168  1456903467360  0.0010034889  0.024156809  0.021560669
169  1456903467361  0.05477266  0.07561064  0.09913063
170  1456903467399  0.0385215  0.05943036  0.10861111
171  1456903467399  0.10793191  -0.02192998  0.05465412
172  1456903467400  0.086364806  -0.021891832  -0.011145592
173  1456903467400  0.043251827  0.008309603  -0.09191322
174  1456903467400  0.043236196  0.041955233  -0.078412056
175  1456903467400  0.0087456405  0.02914071  -0.072725296
176  1456903467401  0.05743105  0.058548212  -0.03528595
177  1456903467401  0.043068826  0.08286047  -0.018828392
178  1456903467441  0.047381066  0.11120558  0.0046024323
179  1456903467441  -0.0069170147  0.08931112  0.09679794
180  1456903467442  -0.010534883  0.10192776  0.17330933
181  1456903467442  0.0056020916  0.07018709  0.14089489
182  1456903467442  0.002887085  0.030846596  0.07724571
183  1456903467442  -0.0038659573  0.09456015  -0.025289536
184  1456903467442  0.071937986  0.070020676  0.024644852
185  1456903467443  0.08198245  0.05439949  -0.13080978
186  1456903467479  0.054391168  0.064043045  -0.1909914
187  1456903467480  0.07265464  0.023162365  -0.1611185
188  1456903467480  0.01798398  0.023000717  -0.25705528
189  1456903467480  -0.04199352  0.040093422  -0.16886044
190  1456903467480  -0.07658023  0.008071899  -0.21230793
191  1456903467480  -0.08831525  -0.025057077  -0.14798164
192  1456903467481  -0.08810285  0.0011515617  -0.059921265
193  1456903467481  -0.0060299784  0.0010361671  -0.073322296
194  1456903467519  -0.0075817555  -0.014151096  -0.020739555
195  1456903467519  -0.008978367  0.03682375  0.03304863
196  1456903467520  -0.005925745  -0.03150201  0.08145809
197  1456903467520  -0.020416632  -0.041280508  0.084085464
198  1456903467520  0.0031728446  -0.03715253  0.07783222
199  1456903467520  -0.027311385  -0.057139635  0.024798393
200  1456903467520  0.02067016  -0.042806387  0.037402153
201  1456903467521  -0.020182922  -0.036370993  0.07460213
202  1456903467561  -0.054795906  -0.06290078  0.110238075
203  1456903467562  -0.13119802  -0.04152727  0.099214554
204  1456903467563  -0.12238778  -0.037374496  0.15178108
205  1456903467563  -0.04766035  -0.033637047  0.071959496
206  1456903467563  -0.019191712  0.0063579082  0.008739471
207  1456903467563  -0.0043438524  -0.024444818  -0.005063057
208  1456903467563  0.028412253  0.008166552  -0.07351017
209  1456903467563  0.0277258  -0.020662308  -0.11141014
210  1456903467599  0.033572346  -0.018596172  -0.1950798
211  1456903467600  -0.010725737  -0.0102722645  -0.22728634
212  1456903467600  -0.05921313  0.003683567  -0.24118805
213  1456903467600  -0.005886629  -0.061328173  -0.20198631
214  1456903467600  -0.013917103  0.022376776  -0.074048996
215  1456903467600  -0.018989727  -0.038039923  -0.04940605
216  1456903467601  -0.0041620582  0.008859634  -0.076786995
217  1456903467601  -0.008055419  0.035985947  0.00846386
218  1456903467639  -0.018023789  0.02161336  0.033474922
219  1456903467639  -0.087329194  0.0065233707  0.038746834
220  1456903467640  -0.119537115  -0.017831564  0.04133606
221  1456903467640  -0.08603561  -0.018203259  0.080298424
222  1456903467640  -0.019252926  0.011629105  0.106744766
223  1456903467640  0.01499407  -0.0067720413  0.11330891
224  1456903467641  0.03504248  0.021917343  0.14076519
225  1456903467641  0.018609539  0.041273594  0.07497311
226  1456903467681  -0.03065662  0.0457654  0.117035866
227  1456903467681  0.05644554  0.034724474  0.036379814
228  1456903467681  -0.046164185  0.048490286  0.15556431
229  1456903467681  0.01232177  0.06734371  0.1163044
230  1456903467682  0.03048262  0.06922865  0.14992428
231  1456903467682  0.0145056695  0.073079586  0.14139557
232  1456903467682  0.023829013  0.044223785  0.20267391
233  1456903467682  0.019291326  0.06350422  0.1005249
234  1456903467720  0.008743063  0.061463356  0.12925816
235  1456903467720  0.059583515  0.0833292  0.032295227
236  1456903467720  0.051470384  0.053448677  0.063542366
237  1456903467720  -0.011855766  0.07827091  -0.06347942
238  1456903467721  -0.058075383  0.038122177  -0.08083439
239  1456903467721  -0.045803502  0.03861952  -0.13739395
240  1456903467721  -0.026139662  0.05630541  -0.19045258
241  1456903467721  -0.029990032  0.026972294  -0.19941998
242  1456903467760  -0.055003196  0.082454205  -0.1859417
243  1456903467760  0.004366651  0.033267975  -0.18674088
244  1456903467760  -0.0068439245  0.036405563  -0.14220905
245  1456903467760  -0.019088209  0.00906229  -0.10428524
246  1456903467760  0.023761451  0.012465477  -0.063690186
247  1456903467761  0.008456618  0.021992683  0.054727554
248  1456903467761  0.022694424  0.0068645477  0.08157635
249  1456903467761  -0.005432397  -0.0045957565  0.13159847
250  1456903467801  -0.030746534  1.7356873E-4  0.18092728
251  1456903467801  0.0046498477  0.0023107529  0.18653679
252  1456903467801  0.017113551  -0.019468307  0.16788292
253  1456903467801  0.008937851  -0.017521381  0.082141876
254  1456903467801  -0.02643244  -0.015769005  -0.010108948
255  1456903467801  -0.047491774  -0.007727623  0.0146045685
256  1456903467802  -0.055671304  0.01028347  -0.09675026
257  1456903467802  -0.011318088  0.041576862  -0.13232517
258  1456903467839  -0.03819844  0.02233553  -0.18589115
259  1456903467840  0.023800492  0.05026865  -0.29012394
260  1456903467840  -0.01305607  -0.015091896  -0.26111126
261  1456903467840  0.020571277  -0.030820847  -0.22207165
262  1456903467840  0.0142045915  -0.021274567  -0.2537346
263  1456903467840  0.0278676  -0.0040636063  -0.19172955
264  1456903467841  -0.0287887  -0.023050308  -0.07774639
265  1456903467841  0.0042571127  -0.016435623  -0.097984314
266  1456903467879  -0.0026329309  -0.04280424  -0.030006409
267  1456903467880  0.02133295  -0.012666225  0.06780434
268  1456903467880  -0.013122052  -0.024328232  0.054558754
269  1456903467880  0.029130995  -0.047752857  0.06418705
270  1456903467880  0.06069441  -0.0041913986  0.062077522
271  1456903467880  -0.010018483  -0.023165226  0.047250748
272  1456903467881  -0.011171415  -0.025158405  0.13087082
273  1456903467881  0.002874419  -0.031261444  0.13933182
274  1456903467921  -0.018960834  -0.01089716  0.10385132
275  1456903467921  -0.006290853  -0.04859352  0.14518166
276  1456903467921  0.015886039  0.018754482  0.10911465
277  1456903467922  -0.020179078  0.062129498  0.020630836
278  1456903467922  0.027089253  0.04514265  -8.249283E-4
279  1456903467922  0.002832517  0.03631878  -0.0998621
280  1456903467922  -0.06855853  0.08009195  -0.122198105
281  1456903467922  -0.072476596  0.031141758  -0.038869858
282  1456903467960  -0.12556282  -0.0042939186  0.064136505
283  1456903467960  -0.041898727  -0.018948078  0.001698494
284  1456903467960  -0.009696692  -0.0041246414  0.066171646
285  1456903467960  -1.0791421E-4  -0.04465294  0.031541824
286  1456903467961  0.021450698  -0.0294137  0.030542374
287  1456903467961  0.034389094  -0.013543606  -0.01129818
288  1456903467962  -0.03800282  -0.040201187  0.009223938
289  1456903467962  -0.057905138  0.009069443  -0.056342125
290  1456903468000  -0.019792914  -0.009075642  0.0074710846
291  1456903468000  -0.043671012  0.052165985  -0.08808613
292  1456903468000  0.044732586  0.03617525  -0.04480076
293  1456903468000  -0.0049910843  0.026093483  -0.12651157
294  1456903468001  -0.026039809  0.038567543  -0.059991837
295  1456903468001  -0.008352369  0.0088534355  -0.14880276
296  1456903468001  -0.041993618  -0.0028057098  -0.0994463
297  1456903468001  -0.05503249  0.042725086  -0.0550251
298  1456903468041  -0.06461272  0.057845592  -0.120630264
299  1456903468041  -0.049532324  0.049906254  -0.0029830933
300  1456903468041  -0.05104342  0.05999899  0.06626797
301  1456903468041  -0.04378429  0.05184412  0.025164604
302  1456903468042  -0.063108474  0.038040638  0.16701889
303  1456903468042  -0.10420281  0.04285574  0.11153126
304  1456903468043  -0.16058075  0.025641441  0.25552273
305  1456903468043  -0.094962716  0.02092266  0.22996998
306  1456903468080  -0.053144723  0.053307056  0.23283005
307  1456903468080  0.04051578  0.01134491  0.2677269
308  1456903468080  0.053702474  0.06407976  0.16553688
309  1456903468080  0.046177447  0.049052715  0.09942341
310  1456903468081  0.0027736127  0.022599697  0.057159424
311  1456903468081  0.008960605  0.022494316  0.053598404
312  1456903468081  0.010219336  -0.035779476  0.031000137
313  1456903468081  -0.0037313104  0.030287266  0.055912018
314  1456903468124  0.037582695  -0.015837193  0.030928612
315  1456903468124  0.06183657  0.028841972  -0.01957035
316  1456903468124  0.07935551  0.010874271  -0.0025291443
317  1456903468124  0.0024669468  -0.0117611885  -0.030288696
318  1456903468125  0.028077632  0.03035593  -0.016485214
319  1456903468125  0.03819856  0.053177834  -0.118266106
320  1456903468126  0.034378707  0.015538216  -0.102129936
321  1456903468126  0.009393007  0.020448685  -0.09191704
322  1456903468162  -0.0044749975  0.0399518  -0.024546623
323  1456903468163  -0.014801383  -0.004984379  -0.086735725
324  1456903468163  -0.037023842  -0.019569397  -0.09961033
325  1456903468163  -0.011773646  0.040566444  -0.0874939
326  1456903468164  -0.042917997  -0.023824215  -0.12399578
327  1456903468164  -0.07525751  -0.014977455  -0.14391708
328  1456903468165  -0.07635087  -5.5122375E-4  -0.16831112
329  1456903468165  -0.049322724  -4.9591064E-4  -0.08252716
330  1456903468201  -0.050854802  -0.013374805  -0.0053215027
331  1456903468201  -0.028531075  -0.03358507  0.057699203
332  1456903468202  0.0023341775  -5.9604645E-5  0.09502506
333  1456903468202  0.010719866  -0.017292023  0.05751133
334  1456903468202  0.037660062  -0.03280115  -0.030121803
335  1456903468202  0.014501005  -0.066152096  -0.09606266
336  1456903468203  -0.014961243  -0.0487628  -0.17049313
337  1456903468203  0.008082718  -0.10422039  -0.15344429
338  1456903468240  0.011584014  -0.07009554  -0.11439705
339  1456903468240  0.04274732  -0.03291893  -0.1826849
340  1456903468240  -0.032635212  -0.0016150475  -0.21182156
341  1456903468240  -0.009978652  -0.04454899  -0.03980446
342  1456903468241  0.051353097  0.011620522  -0.06814575
343  1456903468241  0.031134337  0.006148815  0.022705078
344  1456903468242  0.03664002  0.005534172  0.011815071
345  1456903468242  0.028666466  -0.014412403  0.103289604
346  1456903468281  0.049502432  -0.03236437  0.11881828
347  1456903468281  0.046706975  -0.009735107  0.16511536
348  1456903468281  0.02910757  -0.010916233  0.20247364
349  1456903468281  0.030506372  0.016032696  0.16714287
350  1456903468282  -0.060890287  0.03166771  0.19136906
351  1456903468282  -0.048336923  0.037119865  0.22610188
352  1456903468282  -0.09090841  0.02909851  0.22934914
353  1456903468282  -0.060269743  0.024034023  0.1740923
354  1456903468320  -0.08656451  8.2969666E-5  0.19115925
355  1456903468320  -0.017574161  -0.006389618  0.14834118
356  1456903468320  -0.026590675  0.03303528  0.13135147
357  1456903468321  -0.011002898  0.09437513  0.075120926
358  1456903468321  0.03534779  0.046151638  0.009429932
359  1456903468321  0.010265201  0.06523895  -0.08201504
360  1456903468321  -0.012309104  0.0910368  -0.017788887
361  1456903468321  -0.011078179  0.06469488  -0.044021606
362  1456903468360  0.020196587  0.11209488  -0.09133434
363  1456903468360  0.02033171  0.098730564  -0.13176155
364  1456903468361  0.04846549  0.09963131  -0.2414074
365  1456903468361  0.017761558  0.10044193  -0.07074165
366  1456903468361  -0.022800654  0.075314045  -0.20372868
367  1456903468361  -0.046377957  0.03546095  -0.120866776
368  1456903468361  -0.028811485  0.07285547  -0.2122097
369  1456903468361  -0.051787704  0.041867256  -0.12203598
370  1456903468402  -0.012132436  0.037680626  -0.0969038
371  1456903468402  0.0278669  0.029603004  -0.050582886
372  1456903468402  0.055247158  -0.0056791306  0.012655258
373  1456903468402  0.03679377  0.04660368  0.101890564
374  1456903468402  -0.053076893  -0.011926174  0.03998661
375  1456903468402  0.029802948  -0.04736471  0.046761513
376  1456903468403  0.028977424  -0.044783115  0.11103821
377  1456903468403  0.02177012  -0.025221348  0.15380383
378  1456903468442  -0.0019547045  -0.07225895  0.019909859
379  1456903468442  -0.049164414  -0.08011675  0.039466858
380  1456903468443  -0.02270019  -0.050557137  -0.0011110306
381  1456903468443  -0.05921623  -0.058430195  -0.08288193
382  1456903468443  -0.057604164  -0.046123028  -0.031497955
383  1456903468443  -0.038915068  -0.0652132  -0.09299183
384  1456903468443  -0.032868773  -0.06731081  -0.021203995
385  1456903468444  -0.10284445  -0.019639015  -0.06648922
386  1456903468480  -0.073166996  -0.06077051  -0.06414986
387  1456903468480  -0.08955288  -0.015907288  -0.042651176
388  1456903468480  -0.03750196  -0.0617218  3.9958954E-4
389  1456903468480  -0.042370886  -0.062014103  -0.06428337
390  1456903468481  0.015735745  -0.066586494  -0.07293892
391  1456903468481  0.0076978207  -0.06639242  -0.05056095
392  1456903468481  -0.010310233  -0.02527666  -0.1295414
393  1456903468481  -0.0028148592  -0.035677433  -0.10581303
394  1456903468521  -0.017616838  0.01960516  -0.015505791
395  1456903468521  0.010002226  0.032728195  0.033450127
396  1456903468522  0.006847203  0.042384148  0.019331932
397  1456903468522  -0.021849662  0.04030037  0.041100502
398  1456903468523  0.06006223  0.0707469  0.0046691895
399  1456903468523  0.0109604  0.05720806  0.066690445
400  1456903468523  0.00986436  0.029939651  0.09018803
401  1456903468523  -0.014824688  0.037719727  0.042383194
402  1456903468560  0.03406298  0.049031258  0.03168106
403  1456903468561  0.0047993064  0.050592422  0.028512955
404  1456903468561  0.03879589  0.01321125  -0.09285164
405  1456903468562  -0.0060245693  0.009735584  -0.07710171
406  1456903468563  -0.016196012  0.019536018  -0.108177185
407  1456903468563  -0.003802508  0.03266573  -0.105978966
408  1456903468563  -0.018505722  -0.028779984  -0.073833466
409  1456903468563  0.013511777  -0.03667593  -0.027664185
410  1456903468600  0.005696267  0.01224184  -0.06152916
411  1456903468600  0.03529358  -0.025613785  -0.05322075
412  1456903468601  -0.058736593  0.015733719  -0.017731667
413  1456903468601  -0.061482072  -0.020316124  0.03791046
414  1456903468601  -0.04240516  -0.031213284  0.12893009
415  1456903468601  -0.05109334  0.0063843727  0.1483593
416  1456903468602  -0.045984  0.02944851  0.18308353
417  1456903468602  -0.062933385  -0.003663063  0.20356083
418  1456903468641  -0.05448526  0.031179905  0.15950203
419  1456903468641  -0.038262844  0.03237152  0.13708782
420  1456903468642  -0.017198294  0.07653952  0.15139103
421  1456903468642  -0.028407156  0.027944565  0.10824013
422  1456903468642  -0.0040186346  0.02730465  4.5013428E-4
423  1456903468642  0.0050023496  0.020264626  0.019797325
424  1456903468643  0.090693384  -0.020547867  0.026436806
425  1456903468643  0.0643858  0.013828754  0.0065546036
426  1456903468681  0.10104284  0.036148548  -0.08675575
427  1456903468681  0.045688152  0.026069164  -0.06946087
428  1456903468682  0.051893234  0.06440306  -0.04527664
429  1456903468682  0.03377524  0.07735586  -0.11616707
430  1456903468682  0.021778584  0.013596058  -0.19720554
431  1456903468682  -0.029959261  0.007926941  -0.14947319
432  1456903468683  -0.052820683  0.017908096  -0.16684723
433  1456903468683  -0.07770556  -0.05714512  -0.15662766
434  1456903468720  -0.085018516  -0.034192562  -0.05477333
435  1456903468720  -0.035575807  -0.0415473  -0.15272522
436  1456903468721  -0.040637344  -0.0718689  -0.09220219
437  1456903468721  -0.07105014  -0.0560627  -0.014028549
438  1456903468721  -0.07040948  -0.035372734  0.011076927
439  1456903468721  -0.091380656  -0.06846666  0.09831524
440  1456903468721  -0.0973261  -0.04222679  0.047542572
441  1456903468721  -0.07897431  -0.04015875  0.034169197
442  1456903468761  0.01295957  -0.04045248  0.013513565
443  1456903468762  0.018127978  -0.057955265  0.027246475
444  1456903468762  0.05079168  -0.039230824  0.08485603
445  1456903468762  0.0069264174  -0.01376009  0.09576321
446  1456903468762  0.012698144  -0.0253129  0.11419964
447  1456903468762  0.017892659  -0.037865162  0.018742561
448  1456903468763  0.009639055  0.009016991  0.014714241
449  1456903468763  -0.002098769  0.0059604645  -0.047091484
450  1456903468800  0.0024206638  -0.007564068  -0.04238224
451  1456903468800  0.023726434  -0.006807804  -0.01013279
452  1456903468800  -0.02820617  -0.03844881  -0.08453655
453  1456903468800  0.030638725  -0.013056278  -0.06961918
454  1456903468801  0.018955737  0.027035236  -0.043263435
455  1456903468801  -0.030345023  -0.0058350563  -0.010925293
456  1456903468801  -0.016536623  -0.0052514076  0.01602459
457  1456903468801  0.030367434  0.0017380714  0.033815384
458  1456903468840  0.046723723  -0.0070548058  0.10585022
459  1456903468840  0.059289604  0.021662712  0.07587242
460  1456903468840  0.05551544  -0.008515835  0.0769043
461  1456903468840  0.10167864  0.011728764  0.06921387
462  1456903468841  0.06780818  0.03210354  0.027815819
463  1456903468841  0.05240825  0.04828596  0.0077962875
464  1456903468841  0.0062265694  -0.0017929077  0.022099495
465  1456903468841  0.009913474  0.026398659  0.043592453
466  1456903468883  -0.025554359  0.04099703  -0.010327339
467  1456903468883  -0.027308494  0.049826145  -0.084711075
468  1456903468883  0.020672739  -4.067421E-4  -0.018061638
469  1456903468884  -0.026644915  0.05565834  -0.05073166
470  1456903468884  -0.017516077  0.052247524  -0.015491486
471  1456903468884  -0.0351575  0.075035095  0.07655811
472  1456903468884  -0.020867825  0.04598379  -0.015133858
473  1456903468884  -0.016626269  0.009063721  0.076880455
474  1456903468920  -0.03651145  0.006002426  0.18986034
475  1456903468920  -0.026395977  -0.013990879  0.20750618
476  1456903468921  -0.049613744  -0.021211147  0.21476746
477  1456903468921  -0.08990279  -0.021245003  0.15235043
478  1456903468921  -0.061519504  -0.021275043  0.11772156
479  1456903468921  -0.018736243  -0.025611877  0.13611603
480  1456903468922  -0.0039339364  -0.042443752  0.10957527
481  1456903468922  0.02447161  -0.005877495  0.10292721
482  1456903468960  0.02417922  0.009793758  0.094789505
483  1456903468961  0.034689993  -0.017043114  0.15641785
484  1456903468961  -0.014029443  0.01913786  0.101989746
485  1456903468961  -0.0061621666  -0.030180931  0.03361225
486  1456903468961  -0.020629406  0.04179001  0.10782337
487  1456903468961  0.020219594  0.01821804  0.008694649
488  1456903468961  -0.046445817  0.042253494  0.022909164
489  1456903468962  -0.056884706  0.016480446  -0.018167496
490  1456903469002  -0.027493596  0.083785534  -0.15856743
491  1456903469002  0.016196609  0.010763645  -0.26337814
492  1456903469002  -0.0026613176  0.050628185  -0.27582645
493  1456903469002  0.027771741  0.036946297  -0.34520817
494  1456903469003  0.037923276  0.013858795  -0.37533092
495  1456903469003  0.07507178  0.003853798  -0.29470253
496  1456903469003  0.06325504  0.016397  -0.25230312
497  1456903469003  0.06554866  -0.024028778  -0.25939465
498  1456903469040  0.052529454  -0.038864136  -0.17958546
499  1456903469041  0.002026081  -0.028513432  -0.092674255
500  1456903469041  0.034145206  -0.040745735  -0.010144234
501  1456903469041  -0.020984083  -0.03882599  -0.00481987
502  1456903469041  -0.031814367  -0.058646202  0.051686287
503  1456903469042  -0.017859012  -0.024769306  0.0034217834
504  1456903469042  -0.037620932  -0.06754255  0.026782036
505  1456903469042  -0.051097065  -0.07156229  0.060735703
506  1456903469080  -0.041677803  -0.032084465  0.024495125
507  1456903469080  -0.005188316  -0.003018856  0.019890785
508  1456903469081  0.016878307  -0.022109985  -0.025194168
509  1456903469081  -0.01713124  -0.022053719  -0.02482891
510  1456903469081  -0.056358993  -0.056479454  -0.015882492
511  1456903469081  -0.06365177  -0.042212486  -0.005675316
512  1456903469082  -0.061596155  -0.04445553  0.0035114288
513  1456903469082  -0.044662654  -0.022771835  -0.027007103
514  1456903469124  0.015827924  0.0010533333  0.014479637
515  1456903469124  0.0034712255  -0.005516529  -0.06023121
516  1456903469126  -0.035661995  -0.041595936  0.09016228
517  1456903469126  -0.06872702  -0.022352695  0.01865673
518  1456903469127  -0.029532611  -0.013653278  0.008172035
519  1456903469127  -0.0071862936  -0.023061752  0.06768894
520  1456903469129  -0.017241597  -0.0013628006  0.14064693
521  1456903469130  0.038352102  0.06126213  0.05331993
522  1456903469170  0.004349947  0.01850462  0.022130966
523  1456903469170  0.00606972  0.05543995  0.022071838
524  1456903469170  -0.009620726  0.03481245  -0.023230553
525  1456903469171  -0.060373425  0.024867058  -0.03168106
526  1456903469171  -0.06941956  0.020225525  0.01027298
527  1456903469171  -0.051703632  -0.018428326  -0.007992744
528  1456903469171  0.037503183  0.039438725  0.050985336
529  1456903469172  0.046681553  -0.029148579  -0.018756866
530  1456903469200  -0.009701371  0.08581495  -0.068595886
531  1456903469200  -0.023814678  0.08585262  -0.018640518
532  1456903469201  0.010888517  0.07726717  0.024165154
533  1456903469201  0.009799659  0.032909393  0.036831856
534  1456903469201  -0.02565682  0.044702053  -0.007791519
535  1456903469201  -0.016626775  0.04454136  0.10288048
536  1456903469202  0.045369834  0.04870653  0.1507721
537  1456903469202  0.088238  0.015823841  0.14000416
538  1456903469241  0.034163803  -0.009460926  0.12600422
539  1456903469242  0.039366543  0.03889036  0.083236694
540  1456903469242  0.0225012  0.015608311  0.01673317
541  1456903469242  -0.037928045  0.020511627  -0.0625124
542  1456903469242  -0.05999261  -0.041873455  -0.039022446
543  1456903469243  -0.08200556  0.02049303  -0.108382225
544  1456903469243  -0.041483283  0.03783655  -0.019971848
545  1456903469243  -0.03518015  0.036207676  -0.007200241
546  1456903469281  0.02220738  0.039051056  0.086174965
547  1456903469281  -0.012335122  0.054539204  0.09479618
548  1456903469281  0.023374915  0.027537346  0.04222107
549  1456903469281  0.031811297  -0.026931286  0.06816578
550  1456903469282  0.05879709  0.003774166  0.05703926
551  1456903469282  0.042143494  -0.02246046  0.03625202
552  1456903469282  0.033619612  -0.041762352  -0.06002903
553  1456903469282  0.03241244  -0.046205044  -0.060489655
554  1456903469320  0.0076233745  -6.4373016E-4  -0.106155396
555  1456903469320  0.006861031  -0.017817497  -0.106313705
556  1456903469321  -0.0110633075  -0.011726379  -0.1517067
557  1456903469321  -0.037969172  -0.023482323  -0.102059364
558  1456903469321  -0.08373225  -0.04483652  -0.10909176
559  1456903469321  -0.060275495  -0.04897213  -0.027074814
560  1456903469322  -0.013307154  -0.07855129  0.038121223
561  1456903469322  0.016035736  -0.08362484  -0.04110813
562  1456903469362  0.029515624  -0.09681034  -0.004675865
563  1456903469362  0.024409294  -0.063426495  -0.027910233
564  1456903469362  0.04351619  -0.016142845  -0.074679375
565  1456903469362  -0.008240581  -0.027457237  -0.082294464
566  1456903469362  0.0076669455  -0.024711609  -0.03096962
567  1456903469363  -0.01680237  -0.028704643  -0.06450462
568  1456903469363  -0.06037247  0.0021781921  0.0022792816
569  1456903469363  -0.02632308  -0.010968208  -0.03673458
570  1456903469406  0.0043213964  0.026759624  0.007880211
571  1456903469407  -0.017658591  0.047786236  0.01140213
572  1456903469407  0.018583775  0.010685921  0.008106232
573  1456903469407  -0.022060692  0.0053076744  0.048236847
574  1456903469407  -0.08234328  0.013395786  0.069270134
575  1456903469407  -0.09996629  0.009901524  0.18732071
576  1456903469408  -0.06842184  0.01106596  0.09532642
577  1456903469408  -0.044341445  0.022888184  0.18922329
578  1456903469443  -0.01189512  0.03568268  0.1272049
579  1456903469443  0.028080404  0.06443596  0.0024356842
580  1456903469443  0.0015698075  0.029980183  -0.13571358
581  1456903469443  -0.028754115  -0.0053396225  -0.11567783
582  1456903469444  -0.03234303  0.02320671  -0.2032299
583  1456903469444  0.022606015  -0.024364471  -0.09456062
584  1456903469444  0.04404801  0.023322105  -0.0894146
585  1456903469444  0.041797996  -0.0048675537  -0.10202122
586  1456903469482  0.031153858  0.0020833015  -0.02286625
587  1456903469482  0.02157414  0.05358982  -0.052901268
588  1456903469482  -0.049536347  -0.0056385994  -0.5001149
589  1456903469482  -0.10491657  0.031556606  -0.27772045
590  1456903469483  -0.06425792  0.05210352  0.0064706802
591  1456903469483  0.0477522  0.06413126  0.28810024
592  1456903469483  0.036512673  0.02324152  0.3670292
593  1456903469483  0.028551817  -0.043725967  0.4208269
594  1456903469526  0.04508972  -0.058746338  0.32056427
595  1456903469527  0.09014073  -0.03778839  0.17214966
596  1456903469527  0.16516316  0.004776478  -0.010983467
597  1456903469528  0.06676516  0.036620617  -0.059444427
598  1456903469528  0.03854087  -0.02091074  -0.04703617
599  1456903469528  -0.042885363  0.009192467  0.0050725937
600  1456903469528  -0.034287274  -0.015429497  0.019649506
601  1456903469528  -0.073954165  -0.069911  0.0349226
602  1456903469561  -0.042856097  -0.043527126  -0.04183197
603  1456903469561  -0.053654015  -0.034864902  -0.08074474
604  1456903469562  -0.037514687  -0.042152405  -0.02311039
605  1456903469562  0.0028680563  -0.046556473  0.043844223
606  1456903469562  -0.029740453  -0.04621029  0.1709013
607  1456903469563  -0.06555247  -0.013576984  0.19044304
608  1456903469563  -0.03744942  -0.012219429  0.18648148
609  1456903469563  -0.005692303  -0.01530695  0.07517719
610  1456903469602  -0.011587381  -0.02239561  0.12368488
611  1456903469602  0.011119127  -0.039548874  0.0746851
612  1456903469602  0.0035429  -0.026974678  0.0047273636
613  1456903469602  -0.014049649  -0.0135035515  0.049505234
614  1456903469602  0.008903086  0.015859127  -0.06964874
615  1456903469603  0.016631901  0.022892475  -0.08207607
616  1456903469603  -1.1473894E-4  -0.0030994415  -0.14713097
617  1456903469603  0.055921078  0.003674984  -0.06562042
618  1456903469643  0.06756726  0.018391132  -0.1280117
619  1456903469643  0.019869685  0.029480457  -0.1346035
620  1456903469643  0.05666879  0.05238962  -0.17501259
621  1456903469644  0.012215853  0.021293163  -0.10148716
622  1456903469644  0.045470715  0.012699604  -0.15813637
623  1456903469645  0.030149758  -0.007963181  -0.15094185
624  1456903469645  0.027134776  0.0057616234  -0.08628845
625  1456903469645  0.04381433  -0.04221964  -0.021635056
626  1456903469684  0.048052043  0.0137171745  0.032242775
627  1456903469685  -0.006313145  0.025274277  0.020399094
628  1456903469685  0.022330284  0.016282558  0.052835464
629  1456903469685  -0.007914901  0.042666435  0.04539776
630  1456903469686  -0.028671265  0.001768589  0.09041786
631  1456903469686  -0.015030265  0.025294304  0.09430504
632  1456903469687  -0.022146344  -0.04403305  0.05901718
633  1456903469687  -0.017776906  -0.009462833  0.13068771
634  1456903469722  -0.026773095  -0.0042071342  -0.037525177
635  1456903469723  -0.024095774  0.037154198  0.058883667
636  1456903469723  0.010635555  0.031283855  0.007744789
637  1456903469724  0.022500694  0.043239117  0.026363373
638  1456903469724  0.024560153  0.032450676  0.112072945
639  1456903469724  -0.027455866  -0.0031161308  0.042687416
640  1456903469725  -0.035484195  0.007969379  0.04057312
641  1456903469725  -0.062102735  -0.007911205  0.04728985
642  1456903469764  -0.058047235  -0.030822754  0.13090706
643  1456903469764  -0.071635544  0.0045809746  0.018695831
644  1456903469765  0.00232625  -0.010960579  -0.030578613
645  1456903469765  0.06242755  -0.00770998  0.034968376
646  1456903469766  0.019553542  0.031847  0.0013046265
647  1456903469766  0.08439642  0.035126686  -0.0031356812
648  1456903469766  0.013468146  0.005756855  -0.061001778
649  1456903469767  -0.013736069  0.0051813126  -0.07213974
650  1456903469801  -0.092089355  0.03052044  -0.054151535
651  1456903469802  -0.11304736  0.040397167  -0.08536816
652  1456903469802  -0.069420874  -0.019666672  0.048146248
653  1456903469802  -0.08187187  -0.028473854  0.021783829
654  1456903469803  -0.039208174  -0.06872225  0.0885582
655  1456903469803  0.012117863  -0.033837795  0.1572752
656  1456903469804  0.01952517  -0.04553747  0.14154816
657  1456903469805  0.054203928  -0.015126228  0.11446476
658  1456903469843  0.01646179  0.010088921  0.046993256
659  1456903469843  -0.017506063  0.009079933  0.035829544
660  1456903469843  -6.7198277E-4  -0.01984024  -0.051790237
661  1456903469843  -0.01568824  0.036013126  -0.12849331
662  1456903469843  0.009583175  0.021637917  -0.10702515
663  1456903469844  -0.034470797  0.04317665  -0.17389488
664  1456903469844  0.0120719075  -0.03871298  -0.17374325
665  1456903469844  -0.027921379  0.0017895699  -0.15852356
666  1456903469881  -0.0014266372  -0.017782211  -0.17499352
667  1456903469881  -0.018522263  0.009853363  -0.18766117
668  1456903469881  -0.029598713  -0.0083703995  -0.08485794
669  1456903469881  -0.007245779  0.0053954124  -0.048360825
670  1456903469882  0.04734832  -0.016692162  0.03620243
671  1456903469882  0.025375187  -0.0020942688  0.051974297
672  1456903469882  0.06377852  0.03259182  0.04462242
673  1456903469882  0.09187719  0.025022984  0.009993553
674  1456903469921  0.09992772  0.020365715  -0.025482178
675  1456903469921  0.07700625  0.011864662  -0.10912514
676  1456903469922  0.015436113  -0.03026247  -0.068045616
677  1456903469922  -0.016274452  -0.07895088  -0.018145561
678  1456903469922  -0.066361785  -0.05381775  0.03969288
679  1456903469923  -0.031713426  -0.05490017  0.01848507
680  1456903469923  0.01239872  -0.047255516  0.055422783
681  1456903469923  0.011158824  -0.012362957  0.1748581
682  1456903469965  -7.3093176E-4  0.027659416  0.11858654
683  1456903469965  0.0036517382  0.016274452  0.19076443
684  1456903469965  -0.05489254  0.034039974  0.10919857
685  1456903469965  -0.04940331  0.039255142  0.11767197
686  1456903469966  -0.0013673306  0.015936375  0.06711769
687  1456903469966  -0.0055401325  0.020807266  0.008690834
688  1456903469966  0.007942557  0.0144171715  -0.026654243
689  1456903469966  0.07179174  0.012975693  -0.05415535
690  1456903470001  0.023671746  0.0073685646  -0.10907364
691  1456903470001  -0.0067076087  0.04110813  -0.12402344
692  1456903470001  0.009046614  0.008985043  -0.11377525
693  1456903470001  -0.0069414973  0.046872616  -0.1390295
694  1456903470002  -0.014866471  0.009863853  -0.15098381
695  1456903470002  -0.02415371  0.0045681  -0.054003716
696  1456903470002  -0.07776266  -0.021746159  -0.033519745
697  1456903470003  -0.016116858  -0.023880959  0.04955864
698  1456903470042  -0.025279045  -0.034421444  0.09416294
699  1456903470043  -0.011977255  -0.06976509  0.033031464
700  1456903470043  0.017232597  0.012628555  0.08144283
701  1456903470043  0.026283264  0.026449203  0.08191776
702  1456903470043  0.05382192  0.017340183  0.024166107
703  1456903470043  0.03982061  0.065166  -0.10969162
704  1456903470044  0.059541136  0.011244297  -0.04485321
705  1456903470044  0.042813122  0.0015006065  -0.079154015
706  1456903470083  -0.017492533  -0.0029592514  -0.15527439
707  1456903470085  -0.022207618  -0.03929472  -0.16345024
708  1456903470086  -0.04368949  -0.018126965  -0.05229473
709  1456903470086  -0.024237037  -0.014159679  3.3950806E-4
710  1456903470086  -0.047670722  -0.0019698143  -0.021242142
711  1456903470086  -0.047213197  -0.0017728806  0.017514229
712  1456903470087  -0.04464668  -0.01452446  0.10410786
713  1456903470087  -0.042336762  -0.00876236  0.15834045
714  1456903470121  -0.059650898  0.03305483  0.22869873
715  1456903470121  -0.034292817  0.008201599  0.24892426
716  1456903470122  -0.05887568  -0.0033926964  0.14861393
717  1456903470122  -0.001273334  -0.0073628426  0.11866951
718  1456903470122  0.031175673  0.012766361  0.042158127
719  1456903470122  -0.012882769  0.033037663  0.0056209564
720  1456903470122  -0.030987501  -0.026290417  -0.124227524
721  1456903470122  -0.042972207  0.043136597  -0.17429352
722  1456903470162  -0.019281983  0.017275333  -0.18056583
723  1456903470162  -0.025972903  0.009083271  -0.05261612
724  1456903470162  0.01756525  0.014639378  -0.030116081
725  1456903470163  0.048130393  0.006711006  0.0073719025
726  1456903470163  0.043317378  -0.011198521  0.107910156
727  1456903470163  0.066997826  -0.01007843  0.06264305
728  1456903470163  0.051678956  -0.009070396  0.10809326
729  1456903470163  -0.02459675  -0.02755642  0.110212326
730  1456903470202  0.008029878  -0.03126526  0.06686878
731  1456903470202  -0.020785272  -0.02598381  0.07957554
732  1456903470203  0.0049958825  -0.014766216  0.0069742203
733  1456903470203  0.07775885  0.021186829  -0.034664154
734  1456903470203  0.05705428  -0.026182175  -0.13247204
735  1456903470203  0.02980107  0.030305386  -0.25713062
736  1456903470204  0.031130493  0.003572464  -0.19694138
737  1456903470204  0.03879136  0.018298626  -0.14061642
738  1456903470244  0.015519142  0.0121593475  -0.05760193
739  1456903470245  0.0031933188  -0.008449554  -0.045376778
740  1456903470245  -0.01651901  -0.029152393  0.051815987
741  1456903470245  0.015299797  -0.011153698  0.07464695
742  1456903470245  0.011615038  -0.020812035  0.03486061
743  1456903470246  -0.030487299  0.013590813  0.09170818
744  1456903470246  -0.0058907866  -0.03948307  0.04806137
745  1456903470246  -0.072099924  -0.05061817  0.008778572
746  1456903470285  -0.030413449  -0.03478241  0.0014371872
747  1456903470285  -0.018752933  -0.035613537  0.033615112
748  1456903470285  0.043456256  0.013198376  0.015170097
749  1456903470285  0.060658395  -0.031217098  -0.038062096
750  1456903470286  0.026580393  -0.028095245  0.054089546
751  1456903470286  0.03685105  0.009190559  0.07022858
752  1456903470286  0.046094596  -0.024050236  0.10845661
753  1456903470286  5.4425E-4  0.027914524  0.22043419
754  1456903470324  0.030656815  -0.01797247  0.15960503
755  1456903470324  -0.011194944  0.00106287  0.14148903
756  1456903470325  -0.020849347  0.011730671  0.13380527
757  1456903470325  -0.0036809444  -0.015299797  0.055781364
758  1456903470325  -0.0593372  -0.009460449  0.020035744
759  1456903470325  -0.096499145  -0.010669231  -0.1306467
760  1456903470326  -0.011431813  -0.0031380653  -0.091724396
761  1456903470326  -0.0016695261  -0.009288788  -0.054540634
762  1456903470362  -0.007966936  -0.016979218  -0.15251637
763  1456903470362  -0.020098925  -0.010971546  -0.107097626
764  1456903470363  -0.022398591  0.031066418  -0.07268524
765  1456903470363  -0.041706562  0.04088831  -0.14083481
766  1456903470363  -0.026762009  0.010941982  -0.1375246
767  1456903470363  -0.01546669  0.037859917  -0.041890144
768  1456903470363  -0.011765182  0.01683569  -0.07648754
769  1456903470363  -0.010588646  0.01299715  -0.10762501
770  1456903470401  -0.0030654669  0.06772184  -0.010671616
771  1456903470401  0.025253236  0.011389732  -0.06131935
772  1456903470402  0.05289489  0.014560223  -0.02286625
773  1456903470402  0.032521904  0.015258789  0.024671555
774  1456903470403  -0.031064153  -0.005660057  0.06960964
775  1456903470403  -0.040886402  0.01860857  0.06264877
776  1456903470403  -0.015249968  -0.009109497  0.045609474
777  1456903470403  -0.002951026  -0.03190136  0.06044197
778  1456903470445  -0.0091202855  -0.0071635246  0.043623924
779  1456903470445  0.02195865  -0.008602142  0.07804775
780  1456903470445  -0.03410673  -0.04221821  0.04438591
781  1456903470446  -0.002683878  7.8964233E-4  -0.02469635
782  1456903470446  -0.03258246  -0.01868248  -0.058857918
783  1456903470446  -0.0013120174  0.021971703  -0.121925354
784  1456903470446  -0.0011808276  0.034858227  -0.09465027
785  1456903470447  -0.024765372  0.022753239  -0.024851799
786  1456903470482  0.016497254  0.024787426  -0.007282257
787  1456903470482  -0.00454551  -0.0057034492  0.068862915
788  1456903470482  -0.023484051  -0.020216465  0.12015629
789  1456903470482  -0.023290455  -0.011730671  0.019794464
790  1456903470483  0.03506291  -0.04718876  0.01996994
791  1456903470483  0.046640098  -0.014457703  0.0071983337
792  1456903470483  -0.003274262  0.01715517  -0.04954624
793  1456903470483  -0.024494708  -0.04273939  -0.0101156235
794  1456903470524  -0.039283454  -0.003988743  0.02968216
795  1456903470524  -0.05259335  -0.01867342  0.024559975
796  1456903470525  -0.017167091  -0.018960953  0.09536648
797  1456903470525  -0.015450358  -0.010600567  0.0470438
798  1456903470526  -0.033298314  -0.039707184  0.033720016
799  1456903470526  -0.051516354  -0.031426907  0.09068203
800  1456903470527  -0.08299595  -0.01320076  0.15272236
801  1456903470527  -0.014362454  0.0053577423  0.0620327
802  1456903470566  0.058181584  0.015595913  0.040745735
803  1456903470566  0.0114225745  0.031274796  -0.021507263
804  1456903470567  0.08785248  0.023837566  -0.062452316
805  1456903470567  0.100615025  0.014989376  -0.051898003
806  1456903470567  0.105636984  0.022109509  -0.044553757
807  1456903470568  0.017501116  -0.005959034  -0.115514755
808  1456903470568  0.039453566  0.0097203255  -0.13197613
809  1456903470568  0.033353448  0.015212536  -0.17911243
810  1456903470601  0.021398962  -0.0035471916  -0.14396286
811  1456903470601  -0.023836553  0.014045715  -0.1360302
812  1456903470601  -0.06885803  0.025569916  -0.11380768
813  1456903470602  -0.074900985  0.0014653206  0.037632942
814  1456903470602  -0.08033955  0.016402245  0.051107407
815  1456903470602  -0.011971712  0.032000065  0.080472946
816  1456903470602  0.006463766  0.04603815  0.046567917
817  1456903470602  0.027365208  0.009112835  0.018208504
818  1456903470641  0.06341475  0.008201599  0.10904312
819  1456903470642  0.04629934  -0.031404495  -0.0031356812
820  1456903470642  -0.0014261603  -0.039037704  0.02303505
821  1456903470642  -0.0077478886  -0.054526806  -0.099936485
822  1456903470642  0.012419939  -0.06200266  0.0048675537
823  1456903470643  -0.0017507076  -0.008397102  -0.034404755
824  1456903470643  -0.04251653  -0.005402565  -0.04389286
825  1456903470643  -0.021026671  -0.013481617  -0.0416584
826  1456903470686  -0.040471792  -0.022907257  -0.065504074
827  1456903470686  -0.07521069  0.026788712  -0.05248928
828  1456903470686  -0.03967744  -0.021140575  0.030331612
829  1456903470686  -0.020626247  0.030533314  0.09840679
830  1456903470687  -0.0013253689  -0.0026869774  0.11226845
831  1456903470687  0.037593246  0.05576086  0.2109356
832  1456903470687  0.03598869  0.009243965  0.14028263
833  1456903470687  -0.015015364  0.008319378  0.109015465
834  1456903470721  -0.06953812  0.0031781197  0.052864075
835  1456903470722  -0.06473911  -0.0014491081  0.019565582
836  1456903470722  -0.06688434  0.0030055046  0.028383255
837  1456903470722  -0.03864813  -0.038235664  -0.02832508
838  1456903470722  0.010467112  -0.021483421  -0.055659294
839  1456903470723  0.02234906  -0.012870789  -0.041474342
840  1456903470723  0.015804589  -8.096695E-4  -0.028707504
841  1456903470723  -0.031026304  -0.06321716  0.0043296814
842  1456903470755  -0.012840152  -0.082752705  -0.017651558
843  1456903470756  -0.02663964  -0.016298294  -0.04174328
844  1456903470756  -2.7304888E-4  -0.01035881  -0.0935936
845  1456903470756  -0.004555285  -0.0437994  -0.08854389
846  1456903470756  0.04976976  -0.0027880669  -0.1077013
847  1456903470757  0.06203103  0.025502682  -0.12709808
848  1456903470757  0.032125354  0.029416561  -0.09930515
849  1456903470800  0.024603248  0.0070819855  -0.057052612
850  1456903470801  0.01998812  0.008528709  -0.021180153
851  1456903470801  0.026608407  0.0033664703  0.015414238
852  1456903470802  0.017483234  -0.02713728  0.052659035
853  1456903470802  0.02435404  -0.05889988  0.08187008
854  1456903470803  -0.016867459  -0.022842884  0.1491003
855  1456903470803  -0.025954604  -0.061499596  0.22038269
856  1456903470804  -0.036287844  0.009293556  0.2909994
857  1456903470837  -0.011111259  -0.036886215  0.2511263
858  1456903470838  -0.038012266  -0.04181671  0.15490532
859  1456903470838  -0.04929453  -0.009623051  0.12864113
860  1456903470839  -0.04221028  -0.0452919  0.005883217
861  1456903470840  -0.10478747  0.021725655  -0.039956093
862  1456903470841  -0.068451285  0.021708012  -0.15016365
863  1456903470841  -0.09608269  0.008763313  -0.1976366
864  1456903470842  -0.06923616  0.029434681  -0.19511127
865  1456903470877  -0.012752533  0.026491165  -0.080789566
866  1456903470878  -0.030870318  -0.014944077  -0.07917404
867  1456903470878  -0.021318972  -0.015604496  -0.026006699
868  1456903470878  0.008825064  -0.02697277  -0.008321762
869  1456903470879  0.0014781952  -0.00919199  0.009748459
870  1456903470880  0.029342592  0.026203632  0.015237808
871  1456903470880  0.028563142  0.01711893  0.02448845
872  1456903470881  0.06449294  0.034800053  0.045742035
873  1456903470918  0.07959145  -0.013930321  0.049786568
874  1456903470918  0.08671576  -0.042704105  0.14392853
875  1456903470919  0.11036593  0.0025072098  0.03903389
876  1456903470919  0.05192411  -0.047303677  -0.025203705
877  1456903470919  0.03164822  -0.031799316  -0.10240936
878  1456903470919  0.030638158  -0.041548252  -0.12664509
879  1456903470920  -0.03060478  -0.033083916  -0.07304001
880  1456903470920  -0.012460828  -0.055633068  -0.12176037
881  1456903470958  0.023261786  -0.013438702  -0.10311985
882  1456903470959  -0.035088718  -0.037951946  0.0041570663
883  1456903470959  -0.035889447  -0.060014248  0.07054043
884  1456903470959  -0.04953873  -0.047548294  0.11735535
885  1456903470959  -0.051049173  -0.040638447  0.11854839
886  1456903470960  -0.026551247  -0.06674147  0.1476345
887  1456903470960  0.0019612908  -0.0083527565  0.098394394
888  1456903470961  0.0060747266  0.009720802  0.2113781
889  1456903470997  -0.005306661  0.006593704  0.16222763
890  1456903470998  -0.024169087  -0.024232388  0.13954067
891  1456903470998  -0.019597411  0.008358002  0.07387161
892  1456903470998  -0.024102032  -0.014025688  0.06648445
893  1456903470998  -0.023846626  0.0024604797  -0.082380295
894  1456903470998  -0.012842834  0.008678913  -0.17972565
895  1456903470998  -0.002939403  0.02504921  -0.16821766
896  1456903470999  0.014592767  0.037627697  -0.19449139
897  1456903471043  -0.017033458  0.02093649  -0.16642284
898  1456903471043  -0.011020541  0.04039049  -0.14331532
899  1456903471043  0.043951035  0.06436348  -0.103126526
900  1456903471043  0.091270685  0.1074872  0.08172321
901  1456903471043  0.06059581  0.090274334  0.041229248
902  1456903471044  0.07177448  0.06616354  0.09528446
903  1456903471044  0.00641793  0.020761013  0.066363335
904  1456903471044  -0.04809338  0.042387486  0.05757141
905  1456903471077  -0.03251016  0.07262516  -0.023602486
906  1456903471077  -0.0572713  -0.003590107  -0.068647385
907  1456903471079  -0.029996395  0.024781227  -0.16090298
908  1456903471080  -0.01191324  0.011528969  -0.09740734
909  1456903471080  0.02159977  0.008221149  -0.08335686
910  1456903471081  4.6789646E-5  -0.0055298805  -0.09441471
911  1456903471081  -0.02366054  -0.024369717  -0.11083031
912  1456903471081  -0.02560407  -3.848076E-4  -0.067424774
913  1456903471117  -0.061829686  -0.024048805  0.0039606094
914  1456903471117  -0.03840846  -0.015179634  0.12207699
915  1456903471118  -0.041031957  0.012195587  0.055999756
916  1456903471118  0.004012108  0.019595146  0.06548309
917  1456903471118  0.02731347  -0.014686108  0.08263779
918  1456903471119  0.033201218  -0.006752968  0.07868385
919  1456903471119  0.040655017  -0.023315907  0.079434395
920  1456903471119  0.017196476  -0.029603481  0.1921587
921  1456903471159  -0.008225739  -0.022333622  0.1643238
922  1456903471159  0.029228091  -0.071815014  0.13711834
923  1456903471160  0.004757464  -0.0042996407  0.10616875
924  1456903471161  0.030139089  -0.008179188  0.067539215
925  1456903471161  0.046518266  -0.046147346  0.14266682
926  1456903471162  0.016009033  -0.004901409  0.109007835
927  1456903471162  -0.0028300881  -0.013030529  0.10026169
928  1456903471162  -0.028404474  -0.028965473  0.10962868
929  1456903471197  -0.019099712  -0.04546213  0.06634331
930  1456903471198  -0.008570552  -0.07754707  0.059708595
931  1456903471199  0.0073699355  -0.009458542  0.008487701
932  1456903471200  0.028180718  -0.025751114  -0.031147957
933  1456903471200  0.079232216  -0.012402058  -0.08836651
934  1456903471200  0.032522976  -0.02193594  -0.10107803
935  1456903471201  -8.9627504E-4  -0.008968353  -0.121136665
936  1456903471201  -0.026664019  -0.016690731  -0.09178448
937  1456903471237  0.027717113  -0.045188427  -0.097688675
938  1456903471238  0.061576724  -0.0148124695  -0.107313156
939  1456903471238  0.03602606  -0.01764059  0.032705307
940  1456903471239  -0.03868431  0.003516674  -0.0028867722
941  1456903471239  -0.043435037  0.037641525  0.09005737
942  1456903471240  -0.067103684  -0.028611183  0.06596756
943  1456903471240  0.015024006  0.043202877  0.091692924
944  1456903471241  0.019985974  -0.0063676834  0.026499748
945  1456903471280  0.022296965  0.037364483  -0.012782097
946  1456903471281  0.043769896  0.042247295  0.020817757
947  1456903471281  0.019999862  0.02940321  -0.114860535
948  1456903471282  0.022309482  -0.005858898  -0.1206131
949  1456903471282  -0.007933676  -0.0074276924  -0.23352909
950  1456903471283  0.040264904  -0.015304089  -0.21664047
951  1456903471283  0.02977407  -0.0029997826  -0.23160839
952  1456903471284  0.07635665  0.012383461  -0.16535187
953  1456903471317  0.017006218  0.0240736  -0.18329334
954  1456903471318  -0.0019326806  0.023820877  -0.00551033
955  1456903471318  -0.0017394423  -0.015192509  -0.009268761
956  1456903471320  0.019982338  0.020802975  0.073539734
957  1456903471320  0.058924973  0.016567707  0.059721947
958  1456903471320  0.00993681  0.034304142  0.058059692
959  1456903471321  -0.021223843  0.005016327  0.05009842
960  1456903471321  0.028303742  -0.0019497871  0.05801773
961  1456903471358  0.051330745  0.0047097206  0.058680534
962  1456903471359  9.47237E-4  0.047334194  0.039883614
963  1456903471360  0.018090725  0.049065113  0.087610245
964  1456903471360  0.057222545  0.022610664  0.014205933
965  1456903471361  0.025642872  0.028968811  0.08389282
966  1456903471361  0.059709907  0.019607544  0.045336723
967  1456903471361  0.101144135  0.0025634766  0.1420784
968  1456903471362  -0.010245025  -0.010621548  0.06107235
969  1456903471399  -0.071709156  -0.041881084  0.15839577
970  1456903471400  -0.04083568  -0.07647896  0.08868599
971  1456903471400  -0.008739948  -0.027890205  0.041030884
972  1456903471401  -0.05527115  -0.033720493  0.013224602
973  1456903471401  -0.013112724  -0.034657955  -0.1087656
974  1456903471402  0.026984572  -0.09152603  -0.054793358
975  1456903471402  5.835295E-4  -0.03281355  -0.01914692
976  1456903471403  0.050085187  -0.027377605  -0.012922287
977  1456903471441  0.01921928  0.014146328  0.027155876
978  1456903471441  0.043154776  -0.017435074  0.06107235
979  1456903471442  0.019446254  0.010165691  -0.026916504
980  1456903471442  -0.004046142  -0.027482033  -0.12765408
981  1456903471442  0.04160887  0.026980877  -0.16229343
982  1456903471443  -0.014266789  0.039366245  -0.14175415
983  1456903471444  8.85725E-5  9.531975E-4  -0.2590208
984  1456903471444  -0.025777638  0.039643764  -0.27836895
985  1456903471478  -0.066295505  -0.011725903  -0.22898388
986  1456903471478  -0.070439875  -0.019172668  -0.29227734
987  1456903471479  -0.031074226  0.002137661  -0.22857189
988  1456903471480  0.010819256  0.006233692  -0.19494152
989  1456903471480  0.016201675  -0.018092155  -0.097875595
990  1456903471481  0.021045864  0.018193722  -0.07084942
991  1456903471481  -0.06294042  0.029303074  0.035355568
992  1456903471482  -0.04587251  -0.02318716  0.081380844
993  1456903471519  -0.008963525  0.0373106  0.07108784
994  1456903471519  -0.03392458  0.0012578964  0.14801598
995  1456903471520  -0.0025199652  -0.02257061  0.18708324
996  1456903471521  -0.07553059  -0.018158913  0.22009087
997  1456903471521  -0.10245401  0.01813364  0.20885563
998  1456903471521  -0.0900538  0.020629883  0.15349388
999  1456903471522  -0.042262375  -0.00944519  0.11228752
1000  1456903471522  -0.0703578  0.015202045  0.107522964
1001  1456903471560  -0.022381127  0.041694164  0.13986683
1002  1456903471560  0.029416919  0.005203247  0.050462723
1003  1456903471561  -0.027394295  0.0154566765  -0.010607719
1004  1456903471562  0.035679042  -0.0011725426  -0.022475243
1005  1456903471562  0.053658962  0.0054092407  0.044415474
1006  1456903471563  0.056912184  0.039344788  -0.031134605
1007  1456903471563  -0.024196386  0.05480337  0.0021457672
1008  1456903471564  -0.015312433  0.012691975  0.027788162
1009  1456903471599  -0.035329044  0.013577461  0.020699501
1010  1456903471599  -0.042570055  0.016529083  0.025094032
1011  1456903471600  -0.036158264  -2.0742416E-4  0.07645416
1012  1456903471600  -0.032542408  -0.010960579  0.107595444
1013  1456903471600  -0.027133405  0.011683464  0.103300095
1014  1456903471600  -0.01795572  0.02990818  0.16623306
1015  1456903471600  -0.011850536  0.013988495  0.19270515
1016  1456903471601  -0.012820244  -0.030506134  0.18636322
1017  1456903471638  0.03371215  -0.01021719  0.2108221
1018  1456903471639  0.049733996  -0.013504982  0.19189548
1019  1456903471639  0.033986628  0.009393215  0.09297848
1020  1456903471640  0.08230275  -0.010939121  0.07290745
1021  1456903471640  0.00727427  -0.022773743  0.005282402
1022  1456903471640  8.249283E-5  0.050611496  -0.008174896
1023  1456903471640  0.03239596  0.006764412  -0.08708477
1024  1456903471641  0.0011441708  -3.7622452E-4  -0.15810394
1025  1456903471677  -0.026982367  0.0018162727  -0.14660358
1026  1456903471677  -0.04583198  -0.02422285  -0.15349102
1027  1456903471677  -0.058486998  -0.011026859  -0.12305832
1028  1456903471677  -0.020316541  -0.025007725  -0.013788223
1029  1456903471678  0.016191602  -0.009578228  -0.07705307
1030  1456903471678  -0.022058785  -0.010775089  0.049165726
1031  1456903471678  -0.019852936  0.031243324  -0.011775017
1032  1456903471678  -0.030796349  -0.019286156  0.00233078
1033  1456903471717  -0.0169428  -0.013048172  -0.06254578
1034  1456903471717  0.017073214  -0.016052723  -0.062755585
1035  1456903471717  0.043378055  6.3610077E-4  -0.11681366
1036  1456903471718  0.047659397  -0.027439594  -0.12452507
1037  1456903471718  0.045048237  -0.009612083  -0.09052467
1038  1456903471718  0.006066859  -0.021579742  -0.100865364
1039  1456903471718  0.0054602027  -0.060362816  -0.08431435
1040  1456903471719  0.007068932  -0.05863619  -0.06941891
1041  1456903471764  0.006362021  -0.035534382  -0.08402443
1042  1456903471765  -0.03521502  0.00895977  -0.026062012
1043  1456903471765  -0.03169352  -0.04580593  0.002401352
1044  1456903471765  -0.0026667714  0.0061798096  0.015089989
1045  1456903471765  -0.03472185  -0.013831139  -0.074765205
1046  1456903471766  0.005381644  -0.014602661  -0.07159805
1047  1456903471766  0.05871302  -0.032535553  -0.053664207
1048  1456903471766  0.04853213  0.031051636  -0.13448906
1049  1456903471805  0.071691036  0.010708332  -0.118885994
1050  1456903471806  0.058057606  0.029030323  -0.08544922
1051  1456903471806  0.0070014  -0.029896736  -0.063975334
1052  1456903471806  -0.019556105  -0.016133308  -0.020946503
1053  1456903471806  -0.05638659  0.009182453  -0.001613617
1054  1456903471807  -0.01842618  0.02981186  0.054572105
1055  1456903471807  -0.061833978  0.005282879  0.012483597
1056  1456903471807  -0.02332884  0.034921646  0.052176476
1057  1456903471807  -0.04900813  0.044358253  0.023255348
1058  1456903471844  -0.04195255  0.0528512  0.0855732
1059  1456903471844  -0.0075903535  0.041101933  0.1071825
1060  1456903471844  -3.669858E-4  0.026217937  0.09861946
1061  1456903471844  0.047074914  0.017131805  0.16201973
1062  1456903471845  0.038057864  0.03265667  0.18891335
1063  1456903471845  -0.023927033  0.048784256  0.13770103
1064  1456903471845  -0.027998745  0.020203114  0.12177563
1065  1456903471845  -0.04890144  -0.007674694  0.019097328
1066  1456903471883  -0.033237398  -0.024145603  0.051664352
1067  1456903471883  -0.044997096  -0.06482649  0.0055570602
1068  1456903471883  -0.062045157  -0.058343887  -0.01654625
1069  1456903471883  -0.027828515  -0.0029497147  0.05621624
1070  1456903471884  -0.046593428  -0.0026545525  0.05921364
1071  1456903471884  -0.09364885  -0.01316309  0.10069752
1072  1456903471884  -0.08859354  -0.0032277107  0.051841736
1073  1456903471884  -0.10128206  0.022952557  0.059586525
1074  1456903471923  -0.05021298  0.042205334  0.14197445
1075  1456903471923  -0.0085603595  -0.007265568  0.08037186
1076  1456903471923  0.018153012  0.03009224  0.05940628
1077  1456903471923  0.014182925  0.040011883  -0.043499947
1078  1456903471924  0.068788946  0.027391434  -0.021911621
1079  1456903471924  0.018814385  0.018188  -0.0972929
1080  1456903471924  0.034171224  0.012059689  -0.19099331
1081  1456903471924  0.067385375  -0.010694027  -0.15896511
1082  1456903471963  0.05418247  -0.009624481  -0.1301403
1083  1456903471964  0.033680737  0.021504879  -0.106352806
1084  1456903471964  0.058324814  -0.03882456  -0.15820599
1085  1456903471964  0.08696884  -0.0069298744  -0.097135544
1086  1456903471964  0.045950234  0.015310764  -0.091732025
1087  1456903471964  0.015497863  -0.0034585  -0.030843735
1088  1456903471965  -0.0011354089  -0.018196106  -0.019140244
1089  1456903471965  -0.039807975  -0.018531322  -0.04308319
1090  1456903472006  -0.07030368  -0.023142338  -0.025846481
1091  1456903472006  -0.03095156  -0.040221214  -0.059892654
1092  1456903472006  0.010929704  0.017670155  -0.05390358
1093  1456903472007  0.022765398  0.039605618  -0.011882782
1094  1456903472007  -0.026916325  0.0076327324  -0.021468163
1095  1456903472007  -0.08671337  -0.012523651  0.032393456
1096  1456903472008  -0.02848208  -0.065140724  -0.05057335
1097  1456903472008  -0.06011039  -0.06078148  0.0018892288
1098  1456903472043  -0.060563684  -0.06547737  -0.041395187
1099  1456903472043  -0.054507315  0.007868767  -0.09327984
1100  1456903472043  -0.014580071  -0.023085117  -0.04947567
1101  1456903472043  -0.03251511  -0.0035381317  -0.005742073
1102  1456903472044  -0.05943054  -0.011803627  -0.07196522
1103  1456903472044  -0.040558815  0.01738882  -0.07985306
1104  1456903472045  -0.09252727  0.017804623  -0.02661705
1105  1456903472045  -0.07034588  0.009559631  0.042842865
1106  1456903472086  -0.039608657  0.025841713  -0.0260849
1107  1456903472088  0.0311504  0.023257732  0.049785614
1108  1456903472092  0.10776228  0.031705856  0.09221172
1109  1456903472092  0.105605185  0.028535366  0.13686085
1110  1456903472093  0.084270775  0.032145977  0.07145977
1111  1456903472093  0.041367233  -0.016318798  0.10094452
1112  1456903472093  0.0070635676  0.0025510788  0.064992905
1113  1456903472093  0.00851202  0.002295971  0.06495857
1114  1456903472119  0.014125168  -0.051803112  -0.008336067
1115  1456903472119  -0.023918629  -0.018610477  -0.11524105
1116  1456903472120  -0.0064433217  -0.010284901  -0.0433836
1117  1456903472120  -0.10060942  0.042458057  -0.097224236
1118  1456903472120  -0.08623892  0.018819332  -0.07241917
1119  1456903472120  -0.11424625  0.012627602  -0.022081375
1120  1456903472121  -0.064035594  0.017829418  0.033996582
1121  1456903472166  -0.0037624836  0.031129837  0.07584667
1122  1456903472166  -0.020624459  -0.006459713  0.13075066
1123  1456903472166  -0.012097657  6.504059E-4  0.0810442
1124  1456903472167  -0.013042688  -0.031736374  0.029844284
1125  1456903472167  -0.054834068  -0.037181854  0.031168938
1126  1456903472167  0.008828461  -0.016225338  -0.03659153
1127  1456903472167  0.018719554  -0.014602661  -0.017848969
1128  1456903472168  -0.04133153  0.027798176  -0.020373344
1129  1456903472168  -5.670786E-4  0.055185318  -0.04634857
1130  1456903472206  0.008108735  0.028119087  -0.08911896
1131  1456903472206  0.005143106  -0.0048599243  -0.06296921
1132  1456903472207  0.017557442  0.008554935  -0.03512478
1133  1456903472207  -0.003591299  0.046485424  0.005019188
1134  1456903472208  0.031244338  0.028908253  0.060541153
1135  1456903472208  0.049667716  -0.010613918  -0.018774986
1136  1456903472209  0.051165283  0.024923801  0.04343605
1137  1456903472209  0.018036604  -0.014199734  0.095116615
1138  1456903472247  0.07225728  -0.004160404  0.13300991
1139  1456903472248  0.03055501  0.0091843605  0.042137146
1140  1456903472248  0.05766648  -0.0046629906  0.11118603
1141  1456903472248  0.023887634  -0.04298258  0.14531803
1142  1456903472248  0.049511075  -0.0020532608  0.10492897
1143  1456903472249  0.05748862  -0.010467052  0.12891293
1144  1456903472249  -0.03876108  0.009972572  0.1634264
1145  1456903472249  -0.0025632381  0.019749165  0.14061928
1146  1456903472282  0.010621786  0.004845619  0.10070038
1147  1456903472282  0.018178701  -0.015031815  0.030296326
1148  1456903472282  0.042218268  0.003709793  -0.0050554276
1149  1456903472282  0.020758152  -0.020363808  0.02777195
1150  1456903472283  -0.005020261  -0.033411026  0.1391983
1151  1456903472283  -0.019601703  0.015180588  0.12096882
1152  1456903472283  0.014680147  -0.033742428  0.10456276
1153  1456903472283  0.05846256  0.0019536018  0.038082123
1154  1456903472323  0.015985012  -0.011170387  0.09029865
1155  1456903472323  -0.03301865  -0.031600952  -0.013541222
1156  1456903472324  -0.016788125  0.031892776  -0.020806313
1157  1456903472324  -0.012954533  0.03947735  0.017905235
1158  1456903472325  -0.0569095  -0.011875629  -0.011897087
1159  1456903472325  -0.053373337  -0.030081272  -0.13783932
1160  1456903472325  -0.04803598  -0.07232332  -0.07449627
1161  1456903472325  -0.030303717  -0.056471825  -0.16185665
1162  1456903472364  -0.012189865  -0.080991745  -0.17368317
1163  1456903472364  -0.02820915  -0.057809353  -0.17570782
1164  1456903472364  -0.049090803  -0.07357645  -0.14736271
1165  1456903472365  -0.052800834  0.0070438385  -0.10030556
1166  1456903472365  -0.017353833  -0.02598238  -0.12475109
1167  1456903472365  0.018858075  0.04125929  -0.1424427
1168  1456903472365  -2.6601553E-4  0.006966591  -0.052781105
1169  1456903472366  -0.041180193  -0.004503727  -0.036729813
1170  1456903472403  -0.026288271  -0.006207943  -0.028747559
1171  1456903472403  -0.03012377  0.009496212  0.017222404
1172  1456903472404  -0.0034087896  -0.0043821335  0.056441307
1173  1456903472404  -0.024615705  -0.016872406  0.12836933
1174  1456903472405  0.02525109  0.006362438  0.10044956
1175  1456903472405  0.0011781454  -0.005047798  0.07101154
1176  1456903472406  -0.003249228  0.004076004  0.020814896
1177  1456903472406  -0.028781652  0.057538033  -0.058838844
1178  1456903472446  -4.6133995E-5  0.00868845  -0.11113453
1179  1456903472446  -0.058220625  0.03798628  -0.19914055
1180  1456903472447  -0.043779433  0.008330345  -0.1576786
1181  1456903472447  -0.011389315  0.01611662  -0.10312462
1182  1456903472448  0.037154794  -0.015661716  -0.12082386
1183  1456903472449  0.026974976  -0.01840496  -0.09365845
1184  1456903472449  0.022122681  -0.031647682  -0.1252327
1185  1456903472450  0.0048269033  -0.02417326  -0.022208214
1186  1456903472519  0.012963355  0.02564907  0.08128643
1187  1456903472519  0.020286202  0.023084164  0.04514599
1188  1456903472520  -0.009754598  0.0035376549  0.14190578
1189  1456903472520  -0.0238626  0.026886463  0.16003704
1190  1456903472521  -0.006392896  -0.014588356  0.09016323
1191  1456903472521  -0.038075328  0.032120705  0.14579105
1192  1456903472522  -0.03642255  -0.0012583733  0.03209114
1193  1456903472522  0.023244023  0.026879787  0.050429344
1194  1456903472523  0.020919621  -0.02752304  0.058315277
1195  1456903472523  0.029601634  -0.013997078  0.06325817
1196  1456903472524  0.018022358  -0.008287907  0.08278942
1197  1456903472524  -0.016101599  -0.03547144  0.052962303
1198  1456903472525  -0.005872309  0.019790173  -0.05791855
1199  1456903472525  -0.028987646  0.03504944  -0.045661926
1200  1456903472525  -0.043327153  0.029389858  -0.08850098
1201  1456903472575  -0.021756172  0.050153255  -0.047329903
1202  1456903472576  -0.004497111  0.040828228  0.013427734
1203  1456903472577  0.019655168  0.025971413  0.04440689
1204  1456903472578  0.0047609806  0.053541183  0.003334999
1205  1456903472578  0.040916204  -0.025075436  0.015930176
1206  1456903472579  0.017431498  0.014063358  0.001408577
1207  1456903472616  -0.0187881  -0.011045456  0.07022095
1208  1456903472616  -0.10094577  -0.04657221  0.0050201416
1209  1456903472616  -0.08223206  -0.03329611  0.058386803
1210  1456903472617  0.0035633445  -0.02350235  0.06332207
1211  1456903472617  -0.026959956  -0.018997192  0.04837036
1212  1456903472617  0.010212541  -0.032180786  0.075855255
1213  1456903472617  0.024274766  -0.007414818  0.100590706
1214  1456903472617  -0.016938806  0.017029285  0.017269135
1215  1456903472617  -0.030328393  0.011016846  -0.031863213
1216  1456903472618  -0.0035929084  -0.0116324425  -0.04160595
1217  1456903472618  0.02046895  -0.03417158  -0.076231
1218  1456903472640  0.0098029375  0.016650677  -0.012583733
1219  1456903472640  -0.0019512773  -0.013026714  -0.035028458
1220  1456903472640  0.017636836  -0.035426617  -0.07031155
1221  1456903472640  0.091290474  0.037068844  0.03153038
1222  1456903472644  0.06492317  0.02474308  0.17490292
1223  1456903472645  0.023954391  0.002875805  0.14232922
1224  1456903472645  -0.0366202  -0.02111435  0.17334747
1225  1456903472681  -0.08036333  3.900528E-4  0.031035423
1226  1456903472682  -0.018457472  -0.07075691  -0.12074852
1227  1456903472682  -0.08556479  -0.13047957  -0.7077036
1228  1456903472682  -0.08993697  0.12605858  -1.7531099
1229  1456903472682  0.11083233  0.70386267  -1.1683908
1230  1456903472682  0.21395254  0.38567686  -0.80375195
1231  1456903472683  -0.1371243  -0.18296719  -0.41739798
1232  1456903472683  -0.12556666  -0.39092255  0.050988197
1233  1456903472719  -0.08930743  -0.5199034  0.33032036
1234  1456903472719  0.16095883  -0.3752575  0.43303967
1235  1456903472719  0.61245054  0.004878521  0.6310711
1236  1456903472720  0.82701755  0.3103695  0.6713934
1237  1456903472720  0.74216104  0.4603343  0.75293446
1238  1456903472720  0.47616938  0.44015837  0.73366547
1239  1456903472720  0.2690986  0.22591448  0.59565544
1240  1456903472720  -0.027158946  -0.042321682  0.56194687
