1  1456903466561  0.8873622225586715  -0.2049604595279666  0.41301278942721
2  1456903466562  0.8799347471017107  -0.2350227200211672  0.41289118723392093
3  1456903466600  0.8835291324363421  -0.22119102003600433  0.41285684434475023
4  1456903466601  0.8835291324363421  -0.22119102003600433  0.41285684434475023
5  1456903466601  0.8835291324363421  -0.22119102003600433  0.41285684434475023
6  1456903466601  0.8835291324363421  -0.22119102003600433  0.41285684434475023
7  1456903466641  0.882697032695372  -0.2211002249866889  0.41468135096225467
8  1456903466642  0.882697032695372  -0.2211002249866889  0.41468135096225467
9  1456903466642  0.882697032695372  -0.2211002249866889  0.41468135096225467
10  1456903466643  0.882697032695372  -0.2211002249866889  0.41468135096225467
11  1456903466679  0.8818990570219256  -0.2211839081303033  0.41633121213988034
12  1456903466679  0.8818990570219256  -0.2211839081303033  0.41633121213988034
13  1456903466680  0.8818990570219256  -0.2211839081303033  0.41633121213988034
14  1456903466680  0.8818990570219256  -0.2211839081303033  0.41633121213988034
15  1456903466720  0.8823774419424444  -0.2211750196036324  0.41532117639787103
16  1456903466720  0.8823774419424444  -0.2211750196036324  0.41532117639787103
17  1456903466721  0.8823774419424444  -0.2211750196036324  0.41532117639787103
18  1456903466721  0.8823774419424444  -0.2211750196036324  0.41532117639787103
19  1456903466759  0.8822045038024378  -0.22065314863404684  0.41596570876972194
20  1456903466759  0.8822045038024378  -0.22065314863404684  0.41596570876972194
21  1456903466760  0.8822045038024378  -0.22065314863404684  0.41596570876972194
22  1456903466760  0.8822045038024378  -0.22065314863404684  0.41596570876972194
23  1456903466799  0.8815758718350262  -0.2203741548598963  0.4174436251659941
24  1456903466799  0.8815758718350262  -0.2203741548598963  0.4174436251659941
25  1456903466800  0.8815758718350262  -0.2203741548598963  0.4174436251659941
26  1456903466800  0.8815758718350262  -0.2203741548598963  0.4174436251659941
27  1456903466840  0.8820819825321031  -0.22058319105889002  0.41626240220594823
28  1456903466840  0.8820819825321031  -0.22058319105889002  0.41626240220594823
29  1456903466841  0.8820819825321031  -0.22058319105889002  0.41626240220594823
30  1456903466841  0.8820819825321031  -0.22058319105889002  0.41626240220594823
31  1456903466880  0.8819223253136386  -0.22049501204467248  0.4166473128281041
32  1456903466881  0.8819223253136386  -0.22049501204467248  0.4166473128281041
33  1456903466881  0.8819223253136386  -0.22049501204467248  0.4166473128281041
34  1456903466882  0.8819223253136386  -0.22049501204467248  0.4166473128281041
35  1456903466920  0.8817664516604893  -0.2194027829964682  0.4175527461212596
36  1456903466920  0.8817664516604893  -0.2194027829964682  0.4175527461212596
37  1456903466921  0.8817664516604893  -0.2194027829964682  0.4175527461212596
38  1456903466921  0.8817664516604893  -0.2194027829964682  0.4175527461212596
39  1456903466971  0.88236392230265  -0.21835793264071413  0.4168376905370792
40  1456903466971  0.88236392230265  -0.21835793264071413  0.4168376905370792
41  1456903466972  0.88236392230265  -0.21835793264071413  0.4168376905370792
42  1456903466972  0.88236392230265  -0.21835793264071413  0.4168376905370792
43  1456903467001  0.8819625362582357  -0.21748671674116893  0.41814057971319407
44  1456903467002  0.8819625362582357  -0.21748671674116893  0.41814057971319407
45  1456903467002  0.8819625362582357  -0.21748671674116893  0.41814057971319407
46  1456903467003  0.8819625362582357  -0.21748671674116893  0.41814057971319407
47  1456903467039  0.8809964642617425  -0.21641783568715778  0.4207238028578306
48  1456903467040  0.8809964642617425  -0.21641783568715778  0.4207238028578306
49  1456903467040  0.8809964642617425  -0.21641783568715778  0.4207238028578306
50  1456903467042  0.8809964642617425  -0.21641783568715778  0.4207238028578306
51  1456903467080  0.8806875443520639  -0.2157302744813201  0.4217224965946045
52  1456903467080  0.8806875443520639  -0.2157302744813201  0.4217224965946045
53  1456903467081  0.8806875443520639  -0.2157302744813201  0.4217224965946045
54  1456903467081  0.8806875443520639  -0.2157302744813201  0.4217224965946045
55  1456903467119  0.8801193456458849  -0.21552808209914365  0.42301019421084796
56  1456903467120  0.8801193456458849  -0.21552808209914365  0.42301019421084796
57  1456903467120  0.8801193456458849  -0.21552808209914365  0.42301019421084796
58  1456903467120  0.8801193456458849  -0.21552808209914365  0.42301019421084796
59  1456903467159  0.8795206326368366  -0.21493057446685437  0.4245565976749255
60  1456903467160  0.8795206326368366  -0.21493057446685437  0.4245565976749255
61  1456903467160  0.8795206326368366  -0.21493057446685437  0.4245565976749255
62  1456903467160  0.8795206326368366  -0.21493057446685437  0.4245565976749255
63  1456903467200  0.87966078463419  -0.21426572395594778  0.42460227708757614
64  1456903467201  0.87966078463419  -0.21426572395594778  0.42460227708757614
65  1456903467201  0.87966078463419  -0.21426572395594778  0.42460227708757614
66  1456903467201  0.87966078463419  -0.21426572395594778  0.42460227708757614
67  1456903467239  0.8786793959286214  -0.21351556879096378  0.4270053809136769
68  1456903467240  0.8786793959286214  -0.21351556879096378  0.4270053809136769
69  1456903467240  0.8786793959286214  -0.21351556879096378  0.4270053809136769
70  1456903467240  0.8786793959286214  -0.21351556879096378  0.4270053809136769
71  1456903467279  0.8781720706384348  -0.21344129852261062  0.42808481675243115
72  1456903467280  0.8781720706384348  -0.21344129852261062  0.42808481675243115
73  1456903467280  0.8781720706384348  -0.21344129852261062  0.42808481675243115
74  1456903467280  0.8781720706384348  -0.21344129852261062  0.42808481675243115
75  1456903467320  0.8774180405908778  -0.21392483645757499  0.4293876401526173
76  1456903467321  0.8774180405908778  -0.21392483645757499  0.4293876401526173
77  1456903467321  0.8774180405908778  -0.21392483645757499  0.4293876401526173
78  1456903467322  0.8774180405908778  -0.21392483645757499  0.4293876401526173
79  1456903467359  0.8764433185195388  -0.21403842931292094  0.43131734737987415
80  1456903467360  0.8764433185195388  -0.21403842931292094  0.43131734737987415
81  1456903467360  0.8764433185195388  -0.21403842931292094  0.43131734737987415
82  1456903467360  0.8764433185195388  -0.21403842931292094  0.43131734737987415
83  1456903467399  0.8760853257965904  -0.21287413926934495  0.4326188477515096
84  1456903467400  0.8760853257965904  -0.21287413926934495  0.4326188477515096
85  1456903467400  0.8760853257965904  -0.21287413926934495  0.4326188477515096
86  1456903467400  0.8760853257965904  -0.21287413926934495  0.4326188477515096
87  1456903467441  0.8759534905368973  -0.211915012064277  0.4333560544922399
88  1456903467441  0.8759534905368973  -0.211915012064277  0.4333560544922399
89  1456903467442  0.8759534905368973  -0.211915012064277  0.4333560544922399
90  1456903467442  0.8759534905368973  -0.211915012064277  0.4333560544922399
91  1456903467479  0.8757469247565375  -0.2110096910857946  0.43421451615842344
92  1456903467480  0.8757469247565375  -0.2110096910857946  0.43421451615842344
93  1456903467480  0.8757469247565375  -0.2110096910857946  0.43421451615842344
94  1456903467481  0.8757469247565375  -0.2110096910857946  0.43421451615842344
95  1456903467519  0.8746856168024655  -0.21057425940402585  0.43655878669763126
96  1456903467519  0.8746856168024655  -0.21057425940402585  0.43655878669763126
97  1456903467520  0.8746856168024655  -0.21057425940402585  0.43655878669763126
98  1456903467520  0.8746856168024655  -0.21057425940402585  0.43655878669763126
99  1456903467561  0.8745542955245211  -0.21057763972980514  0.4368200761297043
100  1456903467563  0.8745542955245211  -0.21057763972980514  0.4368200761297043
101  1456903467563  0.8745542955245211  -0.21057763972980514  0.4368200761297043
102  1456903467563  0.8745542955245211  -0.21057763972980514  0.4368200761297043
103  1456903467599  0.8739834818608685  -0.21013488595249274  0.4381737039406737
104  1456903467600  0.8739834818608685  -0.21013488595249274  0.4381737039406737
105  1456903467600  0.8739834818608685  -0.21013488595249274  0.4381737039406737
106  1456903467600  0.8739834818608685  -0.21013488595249274  0.4381737039406737
107  1456903467639  0.8734100581398678  -0.20975937317270965  0.439494982931091
108  1456903467640  0.8734100581398678  -0.20975937317270965  0.439494982931091
109  1456903467640  0.8734100581398678  -0.20975937317270965  0.439494982931091
110  1456903467640  0.8734100581398678  -0.20975937317270965  0.439494982931091
111  1456903467680  0.8740732772580406  -0.20917790460084196  0.4384523820264494
112  1456903467681  0.8740732772580406  -0.20917790460084196  0.4384523820264494
113  1456903467681  0.8740732772580406  -0.20917790460084196  0.4384523820264494
114  1456903467682  0.8740732772580406  -0.20917790460084196  0.4384523820264494
115  1456903467719  0.8743260358212837  -0.20841749863113535  0.4383105637832827
116  1456903467720  0.8743260358212837  -0.20841749863113535  0.4383105637832827
117  1456903467720  0.8743260358212837  -0.20841749863113535  0.4383105637832827
118  1456903467721  0.8743260358212837  -0.20841749863113535  0.4383105637832827
119  1456903467759  0.8730590260290407  -0.20731242678034545  0.4413497051266422
120  1456903467760  0.8730590260290407  -0.20731242678034545  0.4413497051266422
121  1456903467760  0.8730590260290407  -0.20731242678034545  0.4413497051266422
122  1456903467761  0.8730590260290407  -0.20731242678034545  0.4413497051266422
123  1456903467800  0.8722146677109084  -0.20693802062392663  0.44319088733479006
124  1456903467801  0.8722146677109084  -0.20693802062392663  0.44319088733479006
125  1456903467801  0.8722146677109084  -0.20693802062392663  0.44319088733479006
126  1456903467801  0.8722146677109084  -0.20693802062392663  0.44319088733479006
127  1456903467839  0.871373892285856  -0.20715147035869297  0.4447423528759664
128  1456903467840  0.871373892285856  -0.20715147035869297  0.4447423528759664
129  1456903467840  0.871373892285856  -0.20715147035869297  0.4447423528759664
130  1456903467841  0.871373892285856  -0.20715147035869297  0.4447423528759664
131  1456903467879  0.8702215064676713  -0.20734010372739786  0.446905559882131
132  1456903467880  0.8702215064676713  -0.20734010372739786  0.446905559882131
133  1456903467880  0.8702215064676713  -0.20734010372739786  0.446905559882131
134  1456903467881  0.8702215064676713  -0.20734010372739786  0.446905559882131
135  1456903467921  0.8702445491160926  -0.20744700815789607  0.4468111592430777
136  1456903467921  0.8702445491160926  -0.20744700815789607  0.4468111592430777
137  1456903467922  0.8702445491160926  -0.20744700815789607  0.4468111592430777
138  1456903467922  0.8702445491160926  -0.20744700815789607  0.4468111592430777
139  1456903467959  0.8699934392255653  -0.2071998845405929  0.4474143093838663
140  1456903467960  0.8699934392255653  -0.2071998845405929  0.4474143093838663
141  1456903467961  0.8699934392255653  -0.2071998845405929  0.4474143093838663
142  1456903467961  0.8699934392255653  -0.2071998845405929  0.4474143093838663
143  1456903468000  0.8695288433862487  -0.20709656240927643  0.4483644289452968
144  1456903468000  0.8695288433862487  -0.20709656240927643  0.4483644289452968
145  1456903468000  0.8695288433862487  -0.20709656240927643  0.4483644289452968
146  1456903468001  0.8695288433862487  -0.20709656240927643  0.4483644289452968
147  1456903468041  0.8690040134512884  -0.20726813675664602  0.44930163201782136
148  1456903468041  0.8690040134512884  -0.20726813675664602  0.44930163201782136
149  1456903468041  0.8690040134512884  -0.20726813675664602  0.44930163201782136
150  1456903468043  0.8690040134512884  -0.20726813675664602  0.44930163201782136
151  1456903468079  0.8693721488596289  -0.2075101673525106  0.4484769807749771
152  1456903468080  0.8693721488596289  -0.2075101673525106  0.4484769807749771
153  1456903468080  0.8693721488596289  -0.2075101673525106  0.4484769807749771
154  1456903468081  0.8693721488596289  -0.2075101673525106  0.4484769807749771
155  1456903468124  0.8692407738380439  -0.2070031865464168  0.44896569391235275
156  1456903468124  0.8692407738380439  -0.2070031865464168  0.44896569391235275
157  1456903468125  0.8692407738380439  -0.2070031865464168  0.44896569391235275
158  1456903468125  0.8692407738380439  -0.2070031865464168  0.44896569391235275
159  1456903468162  0.8683119392857988  -0.20694789912478062  0.4507847982108366
160  1456903468163  0.8683119392857988  -0.20694789912478062  0.4507847982108366
161  1456903468164  0.8683119392857988  -0.20694789912478062  0.4507847982108366
162  1456903468164  0.8683119392857988  -0.20694789912478062  0.4507847982108366
163  1456903468201  0.8675447255621425  -0.2078749433499958  0.4518341869131497
164  1456903468201  0.8675447255621425  -0.2078749433499958  0.4518341869131497
165  1456903468202  0.8675447255621425  -0.2078749433499958  0.4518341869131497
166  1456903468202  0.8675447255621425  -0.2078749433499958  0.4518341869131497
167  1456903468240  0.8666910155227256  -0.20847386289331293  0.45319453625630857
168  1456903468240  0.8666910155227256  -0.20847386289331293  0.45319453625630857
169  1456903468240  0.8666910155227256  -0.20847386289331293  0.45319453625630857
170  1456903468241  0.8666910155227256  -0.20847386289331293  0.45319453625630857
171  1456903468281  0.8670395819433985  -0.20808083622245288  0.4527082356194505
172  1456903468281  0.8670395819433985  -0.20808083622245288  0.4527082356194505
173  1456903468282  0.8670395819433985  -0.20808083622245288  0.4527082356194505
174  1456903468282  0.8670395819433985  -0.20808083622245288  0.4527082356194505
175  1456903468320  0.8678196128793321  -0.20742430215655205  0.45151326584755047
176  1456903468320  0.8678196128793321  -0.20742430215655205  0.45151326584755047
177  1456903468321  0.8678196128793321  -0.20742430215655205  0.45151326584755047
178  1456903468321  0.8678196128793321  -0.20742430215655205  0.45151326584755047
179  1456903468360  0.8674275257280399  -0.2067373225194693  0.4525806170519715
180  1456903468360  0.8674275257280399  -0.2067373225194693  0.4525806170519715
181  1456903468361  0.8674275257280399  -0.2067373225194693  0.4525806170519715
182  1456903468361  0.8674275257280399  -0.2067373225194693  0.4525806170519715
183  1456903468401  0.8669166458846744  -0.20680668716026962  0.45352673540922517
184  1456903468402  0.8669166458846744  -0.20680668716026962  0.45352673540922517
185  1456903468402  0.8669166458846744  -0.20680668716026962  0.45352673540922517
186  1456903468402  0.8669166458846744  -0.20680668716026962  0.45352673540922517
187  1456903468442  0.8665970584945732  -0.2073991066210772  0.4538668760615092
188  1456903468442  0.8665970584945732  -0.2073991066210772  0.4538668760615092
189  1456903468443  0.8665970584945732  -0.2073991066210772  0.4538668760615092
190  1456903468443  0.8665970584945732  -0.2073991066210772  0.4538668760615092
191  1456903468480  0.8659040330684835  -0.20819641228839814  0.4548235062826258
192  1456903468480  0.8659040330684835  -0.20819641228839814  0.4548235062826258
193  1456903468481  0.8659040330684835  -0.20819641228839814  0.4548235062826258
194  1456903468481  0.8659040330684835  -0.20819641228839814  0.4548235062826258
195  1456903468521  0.8655531768791738  -0.20832061896429654  0.45543411135467515
196  1456903468521  0.8655531768791738  -0.20832061896429654  0.45543411135467515
197  1456903468522  0.8655531768791738  -0.20832061896429654  0.45543411135467515
198  1456903468523  0.8655531768791738  -0.20832061896429654  0.45543411135467515
199  1456903468560  0.8659579099798158  -0.20777115496725274  0.4549154829814075
200  1456903468561  0.8659579099798158  -0.20777115496725274  0.4549154829814075
201  1456903468563  0.8659579099798158  -0.20777115496725274  0.4549154829814075
202  1456903468563  0.8659579099798158  -0.20777115496725274  0.4549154829814075
203  1456903468600  0.8655782900038069  -0.2077419039656212  0.45565065255997084
204  1456903468600  0.8655782900038069  -0.2077419039656212  0.45565065255997084
205  1456903468601  0.8655782900038069  -0.2077419039656212  0.45565065255997084
206  1456903468601  0.8655782900038069  -0.2077419039656212  0.45565065255997084
207  1456903468641  0.8662425634225652  -0.2079418335395502  0.4542951447428436
208  1456903468641  0.8662425634225652  -0.2079418335395502  0.4542951447428436
209  1456903468642  0.8662425634225652  -0.2079418335395502  0.4542951447428436
210  1456903468642  0.8662425634225652  -0.2079418335395502  0.4542951447428436
211  1456903468680  0.8666667093944023  -0.20738119985697456  0.4537421154167074
212  1456903468682  0.8666667093944023  -0.20738119985697456  0.4537421154167074
213  1456903468682  0.8666667093944023  -0.20738119985697456  0.4537421154167074
214  1456903468683  0.8666667093944023  -0.20738119985697456  0.4537421154167074
215  1456903468720  0.8661619294584142  -0.20758803552459337  0.4546105582616029
216  1456903468720  0.8661619294584142  -0.20758803552459337  0.4546105582616029
217  1456903468721  0.8661619294584142  -0.20758803552459337  0.4546105582616029
218  1456903468721  0.8661619294584142  -0.20758803552459337  0.4546105582616029
219  1456903468761  0.866174777198836  -0.2084558858695118  0.4541886768354786
220  1456903468762  0.866174777198836  -0.2084558858695118  0.4541886768354786
221  1456903468762  0.866174777198836  -0.2084558858695118  0.4541886768354786
222  1456903468763  0.866174777198836  -0.2084558858695118  0.4541886768354786
223  1456903468800  0.8664361968104011  -0.20878560859195705  0.4535381205002018
224  1456903468800  0.8664361968104011  -0.20878560859195705  0.4535381205002018
225  1456903468800  0.8664361968104011  -0.20878560859195705  0.4535381205002018
226  1456903468801  0.8664361968104011  -0.20878560859195705  0.4535381205002018
227  1456903468840  0.8665880152394081  -0.20855918442419252  0.45335229684122424
228  1456903468840  0.8665880152394081  -0.20855918442419252  0.45335229684122424
229  1456903468841  0.8665880152394081  -0.20855918442419252  0.45335229684122424
230  1456903468841  0.8665880152394081  -0.20855918442419252  0.45335229684122424
231  1456903468883  0.8669411115814736  -0.20810064522353877  0.4528876639872621
232  1456903468883  0.8669411115814736  -0.20810064522353877  0.4528876639872621
233  1456903468884  0.8669411115814736  -0.20810064522353877  0.4528876639872621
234  1456903468884  0.8669411115814736  -0.20810064522353877  0.4528876639872621
235  1456903468920  0.8675029833887988  -0.20810503089480759  0.4518085222501149
236  1456903468920  0.8675029833887988  -0.20810503089480759  0.4518085222501149
237  1456903468921  0.8675029833887988  -0.20810503089480759  0.4518085222501149
238  1456903468921  0.8675029833887988  -0.20810503089480759  0.4518085222501149
239  1456903468960  0.8679042590930859  -0.20787767491859754  0.451141901461094
240  1456903468961  0.8679042590930859  -0.20787767491859754  0.451141901461094
241  1456903468961  0.8679042590930859  -0.20787767491859754  0.451141901461094
242  1456903468961  0.8679042590930859  -0.20787767491859754  0.451141901461094
243  1456903469002  0.8677357680049624  -0.20732097810707728  0.451721872050463
244  1456903469002  0.8677357680049624  -0.20732097810707728  0.451721872050463
245  1456903469003  0.8677357680049624  -0.20732097810707728  0.451721872050463
246  1456903469003  0.8677357680049624  -0.20732097810707728  0.451721872050463
247  1456903469040  0.866885192777378  -0.20689246559182362  0.45354778738166956
248  1456903469041  0.866885192777378  -0.20689246559182362  0.45354778738166956
249  1456903469041  0.866885192777378  -0.20689246559182362  0.45354778738166956
250  1456903469042  0.866885192777378  -0.20689246559182362  0.45354778738166956
251  1456903469080  0.8667894394927602  -0.2072710286891415  0.45355798851659657
252  1456903469080  0.8667894394927602  -0.2072710286891415  0.45355798851659657
253  1456903469081  0.8667894394927602  -0.2072710286891415  0.45355798851659657
254  1456903469081  0.8667894394927602  -0.2072710286891415  0.45355798851659657
255  1456903469123  0.8665117507652802  -0.20767796709573627  0.4539022093208267
256  1456903469125  0.8665117507652802  -0.20767796709573627  0.4539022093208267
257  1456903469126  0.8665117507652802  -0.20767796709573627  0.4539022093208267
258  1456903469129  0.8665117507652802  -0.20767796709573627  0.4539022093208267
259  1456903469170  0.8665397119414511  -0.20771413138398231  0.4538323051391817
260  1456903469170  0.8665397119414511  -0.20771413138398231  0.4538323051391817
261  1456903469171  0.8665397119414511  -0.20771413138398231  0.4538323051391817
262  1456903469171  0.8665397119414511  -0.20771413138398231  0.4538323051391817
263  1456903469200  0.8668022374086188  -0.20744109194624016  0.4534556535246743
264  1456903469200  0.8668022374086188  -0.20744109194624016  0.4534556535246743
265  1456903469201  0.8668022374086188  -0.20744109194624016  0.4534556535246743
266  1456903469201  0.8668022374086188  -0.20744109194624016  0.4534556535246743
267  1456903469241  0.8671131719593816  -0.20726441059105927  0.45294168147319525
268  1456903469242  0.8671131719593816  -0.20726441059105927  0.45294168147319525
269  1456903469242  0.8671131719593816  -0.20726441059105927  0.45294168147319525
270  1456903469243  0.8671131719593816  -0.20726441059105927  0.45294168147319525
271  1456903469280  0.8669307204762777  -0.2074925644646619  0.4531864546994946
272  1456903469281  0.8669307204762777  -0.2074925644646619  0.4531864546994946
273  1456903469282  0.8669307204762777  -0.2074925644646619  0.4531864546994946
274  1456903469282  0.8669307204762777  -0.2074925644646619  0.4531864546994946
275  1456903469320  0.8666788161971857  -0.207697770450346  0.45357414849876676
276  1456903469321  0.8666788161971857  -0.207697770450346  0.45357414849876676
277  1456903469321  0.8666788161971857  -0.207697770450346  0.45357414849876676
278  1456903469322  0.8666788161971857  -0.207697770450346  0.45357414849876676
279  1456903469361  0.86628707389551  -0.20830790944870103  0.45404235949103544
280  1456903469362  0.86628707389551  -0.20830790944870103  0.45404235949103544
281  1456903469362  0.86628707389551  -0.20830790944870103  0.45404235949103544
282  1456903469363  0.86628707389551  -0.20830790944870103  0.45404235949103544
283  1456903469406  0.8663817039371224  -0.20869920209863135  0.453682016041288
284  1456903469407  0.8663817039371224  -0.20869920209863135  0.453682016041288
285  1456903469407  0.8663817039371224  -0.20869920209863135  0.453682016041288
286  1456903469407  0.8663817039371224  -0.20869920209863135  0.453682016041288
287  1456903469443  0.8668663784890258  -0.2087465667943189  0.45273342256828997
288  1456903469443  0.8668663784890258  -0.2087465667943189  0.45273342256828997
289  1456903469443  0.8668663784890258  -0.2087465667943189  0.45273342256828997
290  1456903469444  0.8668663784890258  -0.2087465667943189  0.45273342256828997
291  1456903469482  0.8668572102681731  -0.20899615342597433  0.4526358142003648
292  1456903469482  0.8668572102681731  -0.20899615342597433  0.4526358142003648
293  1456903469483  0.8668572102681731  -0.20899615342597433  0.4526358142003648
294  1456903469483  0.8668572102681731  -0.20899615342597433  0.4526358142003648
295  1456903469526  0.8673023573905461  -0.20946920165732674  0.4515631231341892
296  1456903469527  0.8673023573905461  -0.20946920165732674  0.4515631231341892
297  1456903469528  0.8673023573905461  -0.20946920165732674  0.4515631231341892
298  1456903469528  0.8673023573905461  -0.20946920165732674  0.4515631231341892
299  1456903469561  0.8671656292766485  -0.20976880586417845  0.45168665125316565
300  1456903469562  0.8671656292766485  -0.20976880586417845  0.45168665125316565
301  1456903469562  0.8671656292766485  -0.20976880586417845  0.45168665125316565
302  1456903469563  0.8671656292766485  -0.20976880586417845  0.45168665125316565
303  1456903469601  0.8674739735998429  -0.20994215346168232  0.4510134501150205
304  1456903469602  0.8674739735998429  -0.20994215346168232  0.4510134501150205
305  1456903469602  0.8674739735998429  -0.20994215346168232  0.4510134501150205
306  1456903469603  0.8674739735998429  -0.20994215346168232  0.4510134501150205
307  1456903469642  0.8676288874442939  -0.20984187831130097  0.4507621311115706
308  1456903469643  0.8676288874442939  -0.20984187831130097  0.4507621311115706
309  1456903469644  0.8676288874442939  -0.20984187831130097  0.4507621311115706
310  1456903469645  0.8676288874442939  -0.20984187831130097  0.4507621311115706
311  1456903469684  0.8676046477222377  -0.2096330743294328  0.45090585535104033
312  1456903469685  0.8676046477222377  -0.2096330743294328  0.45090585535104033
313  1456903469686  0.8676046477222377  -0.2096330743294328  0.45090585535104033
314  1456903469687  0.8676046477222377  -0.2096330743294328  0.45090585535104033
315  1456903469722  0.8681215249738301  -0.2097014703836424  0.4498781367700513
316  1456903469723  0.8681215249738301  -0.2097014703836424  0.4498781367700513
317  1456903469724  0.8681215249738301  -0.2097014703836424  0.4498781367700513
318  1456903469724  0.8681215249738301  -0.2097014703836424  0.4498781367700513
319  1456903469763  0.8683105798498687  -0.2097983794252558  0.4494678779578436
320  1456903469765  0.8683105798498687  -0.2097983794252558  0.4494678779578436
321  1456903469765  0.8683105798498687  -0.2097983794252558  0.4494678779578436
322  1456903469766  0.8683105798498687  -0.2097983794252558  0.4494678779578436
323  1456903469801  0.8682140807590244  -0.2098872365389115  0.44961275890178065
324  1456903469802  0.8682140807590244  -0.2098872365389115  0.44961275890178065
325  1456903469803  0.8682140807590244  -0.2098872365389115  0.44961275890178065
326  1456903469803  0.8682140807590244  -0.2098872365389115  0.44961275890178065
327  1456903469843  0.8683479876949818  -0.2100871027374529  0.44926073147966505
328  1456903469843  0.8683479876949818  -0.2100871027374529  0.44926073147966505
329  1456903469843  0.8683479876949818  -0.2100871027374529  0.44926073147966505
330  1456903469844  0.8683479876949818  -0.2100871027374529  0.44926073147966505
331  1456903469881  0.8678425961732978  -0.210044412122824  0.4502561220005461
332  1456903469881  0.8678425961732978  -0.210044412122824  0.4502561220005461
333  1456903469882  0.8678425961732978  -0.210044412122824  0.4502561220005461
334  1456903469882  0.8678425961732978  -0.210044412122824  0.4502561220005461
335  1456903469921  0.8677906727283755  -0.2099168411461676  0.45041558119898184
336  1456903469921  0.8677906727283755  -0.2099168411461676  0.45041558119898184
337  1456903469922  0.8677906727283755  -0.2099168411461676  0.45041558119898184
338  1456903469923  0.8677906727283755  -0.2099168411461676  0.45041558119898184
339  1456903469964  0.8679925202281638  -0.21005987225317235  0.44995978915409474
340  1456903469965  0.8679925202281638  -0.21005987225317235  0.44995978915409474
341  1456903469965  0.8679925202281638  -0.21005987225317235  0.44995978915409474
342  1456903469966  0.8679925202281638  -0.21005987225317235  0.44995978915409474
343  1456903470001  0.8679415427966708  -0.2098942034702056  0.45013546619800593
344  1456903470001  0.8679415427966708  -0.2098942034702056  0.45013546619800593
345  1456903470002  0.8679415427966708  -0.2098942034702056  0.45013546619800593
346  1456903470002  0.8679415427966708  -0.2098942034702056  0.45013546619800593
347  1456903470042  0.8680615151036903  -0.20975079848576073  0.44997089131655343
348  1456903470043  0.8680615151036903  -0.20975079848576073  0.44997089131655343
349  1456903470043  0.8680615151036903  -0.20975079848576073  0.44997089131655343
350  1456903470044  0.8680615151036903  -0.20975079848576073  0.44997089131655343
351  1456903470082  0.8680413654716448  -0.20981466010300776  0.4499800729004306
352  1456903470085  0.8680413654716448  -0.20981466010300776  0.4499800729004306
353  1456903470086  0.8680413654716448  -0.20981466010300776  0.4499800729004306
354  1456903470087  0.8680413654716448  -0.20981466010300776  0.4499800729004306
355  1456903470121  0.868159725016624  -0.21000934065671228  0.4496606798837277
356  1456903470121  0.868159725016624  -0.21000934065671228  0.4496606798837277
357  1456903470122  0.868159725016624  -0.21000934065671228  0.4496606798837277
358  1456903470122  0.868159725016624  -0.21000934065671228  0.4496606798837277
359  1456903470162  0.8682947016040536  -0.20989455949159197  0.4494536050469158
360  1456903470162  0.8682947016040536  -0.20989455949159197  0.4494536050469158
361  1456903470163  0.8682947016040536  -0.20989455949159197  0.4494536050469158
362  1456903470163  0.8682947016040536  -0.20989455949159197  0.4494536050469158
363  1456903470202  0.8685737367262085  -0.20989074554699538  0.4489159502591953
364  1456903470202  0.8685737367262085  -0.20989074554699538  0.4489159502591953
365  1456903470203  0.8685737367262085  -0.20989074554699538  0.4489159502591953
366  1456903470203  0.8685737367262085  -0.20989074554699538  0.4489159502591953
367  1456903470244  0.8682625530020047  -0.20975256846145762  0.44958199639196117
368  1456903470245  0.8682625530020047  -0.20975256846145762  0.44958199639196117
369  1456903470245  0.8682625530020047  -0.20975256846145762  0.44958199639196117
370  1456903470246  0.8682625530020047  -0.20975256846145762  0.44958199639196117
371  1456903470285  0.8685069382889647  -0.2100082064957578  0.44899022625658525
372  1456903470285  0.8685069382889647  -0.2100082064957578  0.44899022625658525
373  1456903470286  0.8685069382889647  -0.2100082064957578  0.44899022625658525
374  1456903470286  0.8685069382889647  -0.2100082064957578  0.44899022625658525
375  1456903470324  0.8685320688187552  -0.21009804597088344  0.44889966327630404
376  1456903470324  0.8685320688187552  -0.21009804597088344  0.44889966327630404
377  1456903470325  0.8685320688187552  -0.21009804597088344  0.44889966327630404
378  1456903470325  0.8685320688187552  -0.21009804597088344  0.44889966327630404
379  1456903470362  0.8684205537088729  -0.21007423517556845  0.4491263990223615
380  1456903470362  0.8684205537088729  -0.21007423517556845  0.4491263990223615
381  1456903470363  0.8684205537088729  -0.21007423517556845  0.4491263990223615
382  1456903470363  0.8684205537088729  -0.21007423517556845  0.4491263990223615
383  1456903470401  0.8684615492355459  -0.2098469588108074  0.44915338647976455
384  1456903470402  0.8684615492355459  -0.2098469588108074  0.44915338647976455
385  1456903470402  0.8684615492355459  -0.2098469588108074  0.44915338647976455
386  1456903470403  0.8684615492355459  -0.2098469588108074  0.44915338647976455
387  1456903470445  0.8685652744898782  -0.210284519995235  0.44874805138682206
388  1456903470445  0.8685652744898782  -0.210284519995235  0.44874805138682206
389  1456903470446  0.8685652744898782  -0.210284519995235  0.44874805138682206
390  1456903470446  0.8685652744898782  -0.210284519995235  0.44874805138682206
391  1456903470481  0.8684074592216895  -0.21056751731191437  0.44892076494566524
392  1456903470482  0.8684074592216895  -0.21056751731191437  0.44892076494566524
393  1456903470482  0.8684074592216895  -0.21056751731191437  0.44892076494566524
394  1456903470483  0.8684074592216895  -0.21056751731191437  0.44892076494566524
395  1456903470523  0.8684975144815272  -0.21087383212375244  0.4486025901447519
396  1456903470524  0.8684975144815272  -0.21087383212375244  0.4486025901447519
397  1456903470525  0.8684975144815272  -0.21087383212375244  0.4486025901447519
398  1456903470526  0.8684975144815272  -0.21087383212375244  0.4486025901447519
399  1456903470566  0.8687367476505647  -0.21111246210846812  0.44802670554495805
400  1456903470566  0.8687367476505647  -0.21111246210846812  0.44802670554495805
401  1456903470567  0.8687367476505647  -0.21111246210846812  0.44802670554495805
402  1456903470568  0.8687367476505647  -0.21111246210846812  0.44802670554495805
403  1456903470601  0.868368309980859  -0.2113722078136897  0.44861811728891965
404  1456903470601  0.868368309980859  -0.2113722078136897  0.44861811728891965
405  1456903470602  0.868368309980859  -0.2113722078136897  0.44861811728891965
406  1456903470602  0.868368309980859  -0.2113722078136897  0.44861811728891965
407  1456903470641  0.8686299226547192  -0.211680396027087  0.4479659601518158
408  1456903470642  0.8686299226547192  -0.211680396027087  0.4479659601518158
409  1456903470642  0.8686299226547192  -0.211680396027087  0.4479659601518158
410  1456903470643  0.8686299226547192  -0.211680396027087  0.4479659601518158
411  1456903470685  0.8686305997573189  -0.2121963743829911  0.44772048456032465
412  1456903470686  0.8686305997573189  -0.2121963743829911  0.44772048456032465
413  1456903470686  0.8686305997573189  -0.2121963743829911  0.44772048456032465
414  1456903470687  0.8686305997573189  -0.2121963743829911  0.44772048456032465
415  1456903470721  0.8690152539692235  -0.21278871776033892  0.4466916117086903
416  1456903470722  0.8690152539692235  -0.21278871776033892  0.4466916117086903
417  1456903470722  0.8690152539692235  -0.21278871776033892  0.4466916117086903
418  1456903470723  0.8690152539692235  -0.21278871776033892  0.4466916117086903
419  1456903470755  0.8691534755523449  -0.2132351820386722  0.44620951284715815
420  1456903470756  0.8691534755523449  -0.2132351820386722  0.44620951284715815
421  1456903470756  0.8691534755523449  -0.2132351820386722  0.44620951284715815
422  1456903470757  0.8691534755523449  -0.2132351820386722  0.44620951284715815
423  1456903470800  0.8692851432371143  -0.21367335369178964  0.4457432803509427
424  1456903470801  0.8692851432371143  -0.21367335369178964  0.4457432803509427
425  1456903470802  0.8692851432371143  -0.21367335369178964  0.4457432803509427
426  1456903470803  0.8692851432371143  -0.21367335369178964  0.4457432803509427
427  1456903470837  0.8697883516197606  -0.21433663762311994  0.4444412720591515
428  1456903470838  0.8697883516197606  -0.21433663762311994  0.4444412720591515
429  1456903470840  0.8697883516197606  -0.21433663762311994  0.4444412720591515
430  1456903470842  0.8697883516197606  -0.21433663762311994  0.4444412720591515
431  1456903470877  0.8698940888953643  -0.2147075344559335  0.4440551144985925
432  1456903470878  0.8698940888953643  -0.2147075344559335  0.4440551144985925
433  1456903470880  0.8698940888953643  -0.2147075344559335  0.4440551144985925
434  1456903470881  0.8698940888953643  -0.2147075344559335  0.4440551144985925
435  1456903470918  0.8701407122240017  -0.21513300690800818  0.4433654851041702
436  1456903470919  0.8701407122240017  -0.21513300690800818  0.4433654851041702
437  1456903470919  0.8701407122240017  -0.21513300690800818  0.4433654851041702
438  1456903470920  0.8701407122240017  -0.21513300690800818  0.4433654851041702
439  1456903470958  0.8701139614192162  -0.21616977750373323  0.4429134459875108
440  1456903470959  0.8701139614192162  -0.21616977750373323  0.4429134459875108
441  1456903470960  0.8701139614192162  -0.21616977750373323  0.4429134459875108
442  1456903470960  0.8701139614192162  -0.21616977750373323  0.4429134459875108
443  1456903470998  0.8705136866833811  -0.21714532781081175  0.44164903247813214
444  1456903470998  0.8705136866833811  -0.21714532781081175  0.44164903247813214
445  1456903470998  0.8705136866833811  -0.21714532781081175  0.44164903247813214
446  1456903470999  0.8705136866833811  -0.21714532781081175  0.44164903247813214
447  1456903471043  0.8702051689168542  -0.21757254643065949  0.4420465368476414
448  1456903471043  0.8702051689168542  -0.21757254643065949  0.4420465368476414
449  1456903471043  0.8702051689168542  -0.21757254643065949  0.4420465368476414
450  1456903471044  0.8702051689168542  -0.21757254643065949  0.4420465368476414
451  1456903471077  0.8705848774910336  -0.21788494998714736  0.4411440603998038
452  1456903471080  0.8705848774910336  -0.21788494998714736  0.4411440603998038
453  1456903471081  0.8705848774910336  -0.21788494998714736  0.4411440603998038
454  1456903471081  0.8705848774910336  -0.21788494998714736  0.4411440603998038
455  1456903471117  0.8704732069365386  -0.21845233514476914  0.44108382953290004
456  1456903471118  0.8704732069365386  -0.21845233514476914  0.44108382953290004
457  1456903471119  0.8704732069365386  -0.21845233514476914  0.44108382953290004
458  1456903471119  0.8704732069365386  -0.21845233514476914  0.44108382953290004
459  1456903471159  0.8712268589383108  -0.2188375144955641  0.43940169932843887
460  1456903471160  0.8712268589383108  -0.2188375144955641  0.43940169932843887
461  1456903471161  0.8712268589383108  -0.2188375144955641  0.43940169932843887
462  1456903471162  0.8712268589383108  -0.2188375144955641  0.43940169932843887
463  1456903471198  0.8716707006295472  -0.21941641767895614  0.4382313024446667
464  1456903471199  0.8716707006295472  -0.21941641767895614  0.4382313024446667
465  1456903471200  0.8716707006295472  -0.21941641767895614  0.4382313024446667
466  1456903471201  0.8716707006295472  -0.21941641767895614  0.4382313024446667
467  1456903471238  0.8715059418143856  -0.21972111489239055  0.4384062561611124
468  1456903471238  0.8715059418143856  -0.21972111489239055  0.4384062561611124
469  1456903471239  0.8715059418143856  -0.21972111489239055  0.4384062561611124
470  1456903471241  0.8715059418143856  -0.21972111489239055  0.4384062561611124
471  1456903471280  0.8716088960343393  -0.22001118569627143  0.43805588770058357
472  1456903471281  0.8716088960343393  -0.22001118569627143  0.43805588770058357
473  1456903471283  0.8716088960343393  -0.22001118569627143  0.43805588770058357
474  1456903471284  0.8716088960343393  -0.22001118569627143  0.43805588770058357
475  1456903471318  0.8712702234937026  -0.2200078016882776  0.4387308737382103
476  1456903471319  0.8712702234937026  -0.2200078016882776  0.4387308737382103
477  1456903471320  0.8712702234937026  -0.2200078016882776  0.4387308737382103
478  1456903471321  0.8712702234937026  -0.2200078016882776  0.4387308737382103
479  1456903471358  0.8713036453882488  -0.2200510819411472  0.4386427460047493
480  1456903471360  0.8713036453882488  -0.2200510819411472  0.4386427460047493
481  1456903471361  0.8713036453882488  -0.2200510819411472  0.4386427460047493
482  1456903471362  0.8713036453882488  -0.2200510819411472  0.4386427460047493
483  1456903471399  0.8712448376092565  -0.22044775781993242  0.43856044973899877
484  1456903471401  0.8712448376092565  -0.22044775781993242  0.43856044973899877
485  1456903471401  0.8712448376092565  -0.22044775781993242  0.43856044973899877
486  1456903471402  0.8712448376092565  -0.22044775781993242  0.43856044973899877
487  1456903471441  0.8708774160975885  -0.22103812859947336  0.4389927243024836
488  1456903471442  0.8708774160975885  -0.22103812859947336  0.4389927243024836
489  1456903471443  0.8708774160975885  -0.22103812859947336  0.4389927243024836
490  1456903471444  0.8708774160975885  -0.22103812859947336  0.4389927243024836
491  1456903471478  0.8702771745173141  -0.22135586452064637  0.44002184470385863
492  1456903471479  0.8702771745173141  -0.22135586452064637  0.44002184470385863
493  1456903471481  0.8702771745173141  -0.22135586452064637  0.44002184470385863
494  1456903471481  0.8702771745173141  -0.22135586452064637  0.44002184470385863
495  1456903471519  0.870430110614608  -0.22184066526013546  0.43947492206892314
496  1456903471520  0.870430110614608  -0.22184066526013546  0.43947492206892314
497  1456903471521  0.870430110614608  -0.22184066526013546  0.43947492206892314
498  1456903471522  0.870430110614608  -0.22184066526013546  0.43947492206892314
499  1456903471560  0.870914211720681  -0.22236846715521086  0.43824729507458926
500  1456903471561  0.870914211720681  -0.22236846715521086  0.43824729507458926
501  1456903471562  0.870914211720681  -0.22236846715521086  0.43824729507458926
502  1456903471563  0.870914211720681  -0.22236846715521086  0.43824729507458926
503  1456903471599  0.8707437594280973  -0.22298155085920368  0.43827446432166184
504  1456903471600  0.8707437594280973  -0.22298155085920368  0.43827446432166184
505  1456903471600  0.8707437594280973  -0.22298155085920368  0.43827446432166184
506  1456903471600  0.8707437594280973  -0.22298155085920368  0.43827446432166184
507  1456903471639  0.8709224263166835  -0.2233199982599159  0.4377468065149408
508  1456903471639  0.8709224263166835  -0.2233199982599159  0.4377468065149408
509  1456903471640  0.8709224263166835  -0.2233199982599159  0.4377468065149408
510  1456903471641  0.8709224263166835  -0.2233199982599159  0.4377468065149408
511  1456903471677  0.8706341172798098  -0.22326216069498184  0.43834939743149803
512  1456903471677  0.8706341172798098  -0.22326216069498184  0.43834939743149803
513  1456903471678  0.8706341172798098  -0.22326216069498184  0.43834939743149803
514  1456903471678  0.8706341172798098  -0.22326216069498184  0.43834939743149803
515  1456903471717  0.870278865126183  -0.2233095911846199  0.4390301536376775
516  1456903471717  0.870278865126183  -0.2233095911846199  0.4390301536376775
517  1456903471718  0.870278865126183  -0.2233095911846199  0.4390301536376775
518  1456903471718  0.870278865126183  -0.2233095911846199  0.4390301536376775
519  1456903471765  0.869830095029716  -0.22360024250049926  0.4397710071438947
520  1456903471765  0.869830095029716  -0.22360024250049926  0.4397710071438947
521  1456903471766  0.869830095029716  -0.22360024250049926  0.4397710071438947
522  1456903471766  0.869830095029716  -0.22360024250049926  0.4397710071438947
523  1456903471806  0.8695403661823651  -0.22380703184519057  0.4402385177590933
524  1456903471806  0.8695403661823651  -0.22380703184519057  0.4402385177590933
525  1456903471806  0.8695403661823651  -0.22380703184519057  0.4402385177590933
526  1456903471807  0.8695403661823651  -0.22380703184519057  0.4402385177590933
527  1456903471844  0.8695830292111077  -0.22415221150746878  0.4399785846232742
528  1456903471844  0.8695830292111077  -0.22415221150746878  0.4399785846232742
529  1456903471844  0.8695830292111077  -0.22415221150746878  0.4399785846232742
530  1456903471845  0.8695830292111077  -0.22415221150746878  0.4399785846232742
531  1456903471883  0.8697195572442595  -0.2246469665600408  0.4394560936700245
532  1456903471883  0.8697195572442595  -0.2246469665600408  0.4394560936700245
533  1456903471884  0.8697195572442595  -0.2246469665600408  0.4394560936700245
534  1456903471884  0.8697195572442595  -0.2246469665600408  0.4394560936700245
535  1456903471922  0.8697412472350763  -0.22505848253949967  0.43920243121877434
536  1456903471923  0.8697412472350763  -0.22505848253949967  0.43920243121877434
537  1456903471923  0.8697412472350763  -0.22505848253949967  0.43920243121877434
538  1456903471924  0.8697412472350763  -0.22505848253949967  0.43920243121877434
539  1456903471963  0.869283998989264  -0.2249005393043051  0.44018760172778926
540  1456903471964  0.869283998989264  -0.2249005393043051  0.44018760172778926
541  1456903471964  0.869283998989264  -0.2249005393043051  0.44018760172778926
542  1456903471965  0.869283998989264  -0.2249005393043051  0.44018760172778926
543  1456903472006  0.8690127179144298  -0.22525649516227642  0.44054103532164746
544  1456903472006  0.8690127179144298  -0.22525649516227642  0.44054103532164746
545  1456903472007  0.8690127179144298  -0.22525649516227642  0.44054103532164746
546  1456903472007  0.8690127179144298  -0.22525649516227642  0.44054103532164746
547  1456903472042  0.8690177531091319  -0.2256918304572011  0.4403082639909002
548  1456903472043  0.8690177531091319  -0.2256918304572011  0.4403082639909002
549  1456903472043  0.8690177531091319  -0.2256918304572011  0.4403082639909002
550  1456903472045  0.8690177531091319  -0.2256918304572011  0.4403082639909002
551  1456903472085  0.8690107224366379  -0.2260694107461616  0.4401284523233251
552  1456903472092  0.8690107224366379  -0.2260694107461616  0.4401284523233251
553  1456903472093  0.8690107224366379  -0.2260694107461616  0.4401284523233251
554  1456903472093  0.8690107224366379  -0.2260694107461616  0.4401284523233251
555  1456903472118  0.8692286660262063  -0.2263883614875022  0.4395337262030239
556  1456903472120  0.8692286660262063  -0.2263883614875022  0.4395337262030239
557  1456903472120  0.8692286660262063  -0.2263883614875022  0.4395337262030239
558  1456903472121  0.8692286660262063  -0.2263883614875022  0.4395337262030239
559  1456903472166  0.8695284355481689  -0.2268363778811171  0.4387090415753576
560  1456903472167  0.8695284355481689  -0.2268363778811171  0.4387090415753576
561  1456903472167  0.8695284355481689  -0.2268363778811171  0.4387090415753576
562  1456903472167  0.8695284355481689  -0.2268363778811171  0.4387090415753576
563  1456903472206  0.8696141189316098  -0.22679484193066402  0.43856060463161484
564  1456903472207  0.8696141189316098  -0.22679484193066402  0.43856060463161484
565  1456903472207  0.8696141189316098  -0.22679484193066402  0.43856060463161484
566  1456903472208  0.8696141189316098  -0.22679484193066402  0.43856060463161484
567  1456903472247  0.870166636151275  -0.22705109314791017  0.4373303602404164
568  1456903472248  0.870166636151275  -0.22705109314791017  0.4373303602404164
569  1456903472248  0.870166636151275  -0.22705109314791017  0.4373303602404164
570  1456903472249  0.870166636151275  -0.22705109314791017  0.4373303602404164
571  1456903472282  0.8706048060392746  -0.22719804065767235  0.4363809321956964
572  1456903472282  0.8706048060392746  -0.22719804065767235  0.4363809321956964
573  1456903472283  0.8706048060392746  -0.22719804065767235  0.4363809321956964
574  1456903472283  0.8706048060392746  -0.22719804065767235  0.4363809321956964
575  1456903472323  0.8707615002171245  -0.22708454316892013  0.43612729677490947
576  1456903472324  0.8707615002171245  -0.22708454316892013  0.43612729677490947
577  1456903472324  0.8707615002171245  -0.22708454316892013  0.43612729677490947
578  1456903472325  0.8707615002171245  -0.22708454316892013  0.43612729677490947
579  1456903472363  0.8704647893035942  -0.22713966558932275  0.43669060694989525
580  1456903472364  0.8704647893035942  -0.22713966558932275  0.43669060694989525
581  1456903472365  0.8704647893035942  -0.22713966558932275  0.43669060694989525
582  1456903472365  0.8704647893035942  -0.22713966558932275  0.43669060694989525
583  1456903472403  0.8705335727620565  -0.22717413275343845  0.4365354265386472
584  1456903472403  0.8705335727620565  -0.22717413275343845  0.4365354265386472
585  1456903472404  0.8705335727620565  -0.22717413275343845  0.4365354265386472
586  1456903472405  0.8705335727620565  -0.22717413275343845  0.4365354265386472
587  1456903472445  0.8705568961141328  -0.2271755657340151  0.4364882566421926
588  1456903472446  0.8705568961141328  -0.2271755657340151  0.4364882566421926
589  1456903472447  0.8705568961141328  -0.2271755657340151  0.4364882566421926
590  1456903472449  0.8705568961141328  -0.2271755657340151  0.4364882566421926
591  1456903472518  0.8704515115269693  -0.22723801163733537  0.43666578371632525
592  1456903472519  0.8704515115269693  -0.22723801163733537  0.43666578371632525
593  1456903472521  0.8704515115269693  -0.22723801163733537  0.43666578371632525
594  1456903472522  0.8704515115269693  -0.22723801163733537  0.43666578371632525
595  1456903472522  0.8708180343559633  -0.22727940667785873  0.435912857670516
596  1456903472523  0.8708180343559633  -0.22727940667785873  0.435912857670516
597  1456903472524  0.8708180343559633  -0.22727940667785873  0.435912857670516
598  1456903472525  0.8708180343559633  -0.22727940667785873  0.435912857670516
599  1456903472575  0.8708070339213858  -0.22728917132488036  0.43592970593005376
600  1456903472578  0.8708070339213858  -0.22728917132488036  0.43592970593005376
601  1456903472579  0.8708070339213858  -0.22728917132488036  0.43592970593005376
602  1456903472616  0.8708070339213858  -0.22728917132488036  0.43592970593005376
603  1456903472616  0.8709130713100652  -0.2274369728935568  0.43564066783342525
604  1456903472617  0.8709130713100652  -0.2274369728935568  0.43564066783342525
605  1456903472617  0.8709130713100652  -0.2274369728935568  0.43564066783342525
606  1456903472617  0.8709130713100652  -0.2274369728935568  0.43564066783342525
607  1456903472640  0.8709443338905105  -0.2274299345922135  0.43558194662381844
608  1456903472640  0.8709443338905105  -0.2274299345922135  0.43558194662381844
609  1456903472641  0.8709443338905105  -0.2274299345922135  0.43558194662381844
610  1456903472645  0.8709443338905105  -0.2274299345922135  0.43558194662381844
611  1456903472681  0.8709795622516392  -0.22738456288575648  0.4355351055606782
612  1456903472682  0.8709795622516392  -0.22738456288575648  0.4355351055606782
613  1456903472682  0.8709795622516392  -0.22738456288575648  0.4355351055606782
614  1456903472683  0.8709795622516392  -0.22738456288575648  0.4355351055606782
615  1456903472719  0.8671302328140662  -0.2280867049004831  0.44278840618416027
616  1456903472719  0.8671302328140662  -0.2280867049004831  0.44278840618416027
617  1456903472720  0.8671302328140662  -0.2280867049004831  0.44278840618416027
618  1456903472720  0.8671302328140662  -0.2280867049004831  0.44278840618416027
