1  1456903466561  0.13954353  -0.15895131  -0.7635495
2  1456903466562  0.13661958  -0.16137373  -0.7738517
3  1456903466600  0.13784511  -0.16030198  -0.7691516
4  1456903466601  0.13784511  -0.16030198  -0.7691516
5  1456903466601  0.13784511  -0.16030198  -0.7691516
6  1456903466601  0.13784511  -0.16030198  -0.7691516
7  1456903466641  0.1394849  -0.16026127  -0.7688264
8  1456903466642  0.1394849  -0.16026127  -0.7688264
9  1456903466642  0.1394849  -0.16026127  -0.7688264
10  1456903466643  0.1394849  -0.16026127  -0.7688264
11  1456903466679  0.14000249  -0.16098356  -0.76875955
12  1456903466679  0.14000249  -0.16098356  -0.76875955
13  1456903466680  0.14000249  -0.16098356  -0.76875955
14  1456903466680  0.14000249  -0.16098356  -0.76875955
15  1456903466720  0.13920407  -0.16091928  -0.76890165
16  1456903466720  0.13920407  -0.16091928  -0.76890165
17  1456903466721  0.13920407  -0.16091928  -0.76890165
18  1456903466721  0.13920407  -0.16091928  -0.76890165
19  1456903466759  0.13958964  -0.16105348  -0.76866204
20  1456903466759  0.13958964  -0.16105348  -0.76866204
21  1456903466760  0.13958964  -0.16105348  -0.76866204
22  1456903466760  0.13958964  -0.16105348  -0.76866204
23  1456903466799  0.13964452  -0.16201898  -0.7685613
24  1456903466799  0.13964452  -0.16201898  -0.7685613
25  1456903466800  0.13964452  -0.16201898  -0.7685613
26  1456903466800  0.13964452  -0.16201898  -0.7685613
27  1456903466840  0.13968083  -0.16118425  -0.7686227
28  1456903466840  0.13968083  -0.16118425  -0.7686227
29  1456903466841  0.13968083  -0.16118425  -0.7686227
30  1456903466841  0.13968083  -0.16118425  -0.7686227
31  1456903466880  0.13992888  -0.16125214  -0.7685489
32  1456903466881  0.13992888  -0.16125214  -0.7685489
33  1456903466881  0.13992888  -0.16125214  -0.7685489
34  1456903466882  0.13992888  -0.16125214  -0.7685489
35  1456903466920  0.13969362  -0.16204822  -0.76823634
36  1456903466920  0.13969362  -0.16204822  -0.76823634
37  1456903466921  0.13969362  -0.16204822  -0.76823634
38  1456903466921  0.13969362  -0.16204822  -0.76823634
39  1456903466971  0.13904074  -0.16206482  -0.7680147
40  1456903466971  0.13904074  -0.16206482  -0.7680147
41  1456903466972  0.13904074  -0.16206482  -0.7680147
42  1456903466972  0.13904074  -0.16206482  -0.7680147
43  1456903467001  0.13793604  -0.16381979  -0.7679303
44  1456903467002  0.13793604  -0.16381979  -0.7679303
45  1456903467002  0.13793604  -0.16381979  -0.7679303
46  1456903467003  0.13793604  -0.16381979  -0.7679303
47  1456903467039  0.1382583  -0.16533026  -0.7675243
48  1456903467040  0.1382583  -0.16533026  -0.7675243
49  1456903467040  0.1382583  -0.16533026  -0.7675243
50  1456903467042  0.1382583  -0.16533026  -0.7675243
51  1456903467080  0.13990873  -0.16471231  -0.7670011
52  1456903467080  0.13990873  -0.16471231  -0.7670011
53  1456903467081  0.13990873  -0.16471231  -0.7670011
54  1456903467081  0.13990873  -0.16471231  -0.7670011
55  1456903467119  0.13958634  -0.16584858  -0.76699394
56  1456903467120  0.13958634  -0.16584858  -0.76699394
57  1456903467120  0.13958634  -0.16584858  -0.76699394
58  1456903467120  0.13958634  -0.16584858  -0.76699394
59  1456903467159  0.13964003  -0.16686484  -0.7667894
60  1456903467160  0.13964003  -0.16686484  -0.7667894
61  1456903467160  0.13964003  -0.16686484  -0.7667894
62  1456903467160  0.13964003  -0.16686484  -0.7667894
63  1456903467200  0.13991877  -0.16667342  -0.76652175
64  1456903467201  0.13991877  -0.16667342  -0.76652175
65  1456903467201  0.13991877  -0.16667342  -0.76652175
66  1456903467201  0.13991877  -0.16667342  -0.76652175
67  1456903467239  0.13989806  -0.16833776  -0.76628083
68  1456903467240  0.13989806  -0.16833776  -0.76628083
69  1456903467240  0.13989806  -0.16833776  -0.76628083
70  1456903467240  0.13989806  -0.16833776  -0.76628083
71  1456903467279  0.1403737  -0.16870475  -0.7661696
72  1456903467280  0.1403737  -0.16870475  -0.7661696
73  1456903467280  0.1403737  -0.16870475  -0.7661696
74  1456903467280  0.1403737  -0.16870475  -0.7661696
75  1456903467320  0.14242281  -0.16798797  -0.7659492
76  1456903467321  0.14242281  -0.16798797  -0.7659492
77  1456903467321  0.14242281  -0.16798797  -0.7659492
78  1456903467322  0.14242281  -0.16798797  -0.7659492
79  1456903467359  0.14418112  -0.16793099  -0.76565725
80  1456903467360  0.14418112  -0.16793099  -0.76565725
81  1456903467360  0.14418112  -0.16793099  -0.76565725
82  1456903467360  0.14418112  -0.16793099  -0.76565725
83  1456903467399  0.14437975  -0.16866389  -0.76523954
84  1456903467400  0.14437975  -0.16866389  -0.76523954
85  1456903467400  0.14437975  -0.16866389  -0.76523954
86  1456903467400  0.14437975  -0.16866389  -0.76523954
87  1456903467441  0.14444917  -0.16911164  -0.764913
88  1456903467441  0.14444917  -0.16911164  -0.764913
89  1456903467442  0.14444917  -0.16911164  -0.764913
90  1456903467442  0.14444917  -0.16911164  -0.764913
91  1456903467479  0.14527994  -0.1690416  -0.76445967
92  1456903467480  0.14527994  -0.1690416  -0.76445967
93  1456903467480  0.14527994  -0.1690416  -0.76445967
94  1456903467481  0.14527994  -0.1690416  -0.76445967
95  1456903467519  0.1466855  -0.1695464  -0.76404876
96  1456903467519  0.1466855  -0.1695464  -0.76404876
97  1456903467520  0.1466855  -0.1695464  -0.76404876
98  1456903467520  0.1466855  -0.1695464  -0.76404876
99  1456903467561  0.1483977  -0.16837087  -0.76371914
100  1456903467563  0.1483977  -0.16837087  -0.76371914
101  1456903467563  0.1483977  -0.16837087  -0.76371914
102  1456903467563  0.1483977  -0.16837087  -0.76371914
103  1456903467599  0.14944044  -0.16847754  -0.7633708
104  1456903467600  0.14944044  -0.16847754  -0.7633708
105  1456903467600  0.14944044  -0.16847754  -0.7633708
106  1456903467600  0.14944044  -0.16847754  -0.7633708
107  1456903467639  0.15013847  -0.168836  -0.7631108
108  1456903467640  0.15013847  -0.168836  -0.7631108
109  1456903467640  0.15013847  -0.168836  -0.7631108
110  1456903467640  0.15013847  -0.168836  -0.7631108
111  1456903467680  0.15050863  -0.16781375  -0.76284736
112  1456903467681  0.15050863  -0.16781375  -0.76284736
113  1456903467681  0.15050863  -0.16781375  -0.76284736
114  1456903467682  0.15050863  -0.16781375  -0.76284736
115  1456903467719  0.15041816  -0.16777986  -0.762616
116  1456903467720  0.15041816  -0.16777986  -0.762616
117  1456903467720  0.15041816  -0.16777986  -0.762616
118  1456903467721  0.15041816  -0.16777986  -0.762616
119  1456903467759  0.15079792  -0.1695765  -0.7621786
120  1456903467760  0.15079792  -0.1695765  -0.7621786
121  1456903467760  0.15079792  -0.1695765  -0.7621786
122  1456903467761  0.15079792  -0.1695765  -0.7621786
123  1456903467800  0.15155652  -0.17024872  -0.76190525
124  1456903467801  0.15155652  -0.17024872  -0.76190525
125  1456903467801  0.15155652  -0.17024872  -0.76190525
126  1456903467801  0.15155652  -0.17024872  -0.76190525
127  1456903467839  0.15301612  -0.1701681  -0.7616835
128  1456903467840  0.15301612  -0.1701681  -0.7616835
129  1456903467840  0.15301612  -0.1701681  -0.7616835
130  1456903467841  0.15301612  -0.1701681  -0.7616835
131  1456903467879  0.15315633  -0.17156371  -0.76171726
132  1456903467880  0.15315633  -0.17156371  -0.76171726
133  1456903467880  0.15315633  -0.17156371  -0.76171726
134  1456903467881  0.15315633  -0.17156371  -0.76171726
135  1456903467921  0.15360118  -0.17114526  -0.7616628
136  1456903467921  0.15360118  -0.17114526  -0.7616628
137  1456903467922  0.15360118  -0.17114526  -0.7616628
138  1456903467922  0.15360118  -0.17114526  -0.7616628
139  1456903467959  0.15474775  -0.1706504  -0.7613495
140  1456903467960  0.15474775  -0.1706504  -0.7613495
141  1456903467961  0.15474775  -0.1706504  -0.7613495
142  1456903467961  0.15474775  -0.1706504  -0.7613495
143  1456903468000  0.15540582  -0.1707874  -0.76118153
144  1456903468000  0.15540582  -0.1707874  -0.76118153
145  1456903468000  0.15540582  -0.1707874  -0.76118153
146  1456903468001  0.15540582  -0.1707874  -0.76118153
147  1456903468041  0.15695375  -0.17021012  -0.7609202
148  1456903468041  0.15695375  -0.17021012  -0.7609202
149  1456903468041  0.15695375  -0.17021012  -0.7609202
150  1456903468043  0.15695375  -0.17021012  -0.7609202
151  1456903468079  0.15746614  -0.1692298  -0.7608939
152  1456903468080  0.15746614  -0.1692298  -0.7608939
153  1456903468080  0.15746614  -0.1692298  -0.7608939
154  1456903468081  0.15746614  -0.1692298  -0.7608939
155  1456903468124  0.15647438  -0.17035449  -0.7609319
156  1456903468124  0.15647438  -0.17035449  -0.7609319
157  1456903468125  0.15647438  -0.17035449  -0.7609319
158  1456903468125  0.15647438  -0.17035449  -0.7609319
159  1456903468162  0.15776823  -0.17059216  -0.7606465
160  1456903468163  0.15776823  -0.17059216  -0.7606465
161  1456903468164  0.15776823  -0.17059216  -0.7606465
162  1456903468164  0.15776823  -0.17059216  -0.7606465
163  1456903468201  0.160157  -0.1694338  -0.760452
164  1456903468201  0.160157  -0.1694338  -0.760452
165  1456903468202  0.160157  -0.1694338  -0.760452
166  1456903468202  0.160157  -0.1694338  -0.760452
167  1456903468240  0.16031456  -0.17026737  -0.76061565
168  1456903468240  0.16031456  -0.17026737  -0.76061565
169  1456903468240  0.16031456  -0.17026737  -0.76061565
170  1456903468241  0.16031456  -0.17026737  -0.76061565
171  1456903468281  0.16030627  -0.16992852  -0.7604882
172  1456903468281  0.16030627  -0.16992852  -0.7604882
173  1456903468282  0.16030627  -0.16992852  -0.7604882
174  1456903468282  0.16030627  -0.16992852  -0.7604882
175  1456903468320  0.1603188  -0.169074  -0.7602697
176  1456903468320  0.1603188  -0.169074  -0.7602697
177  1456903468321  0.1603188  -0.169074  -0.7602697
178  1456903468321  0.1603188  -0.169074  -0.7602697
179  1456903468360  0.16056776  -0.1696114  -0.7599912
180  1456903468360  0.16056776  -0.1696114  -0.7599912
181  1456903468361  0.16056776  -0.1696114  -0.7599912
182  1456903468361  0.16056776  -0.1696114  -0.7599912
183  1456903468401  0.16137944  -0.16962633  -0.7598421
184  1456903468402  0.16137944  -0.16962633  -0.7598421
185  1456903468402  0.16137944  -0.16962633  -0.7598421
186  1456903468402  0.16137944  -0.16962633  -0.7598421
187  1456903468442  0.16182451  -0.16951811  -0.75994235
188  1456903468442  0.16182451  -0.16951811  -0.75994235
189  1456903468443  0.16182451  -0.16951811  -0.75994235
190  1456903468443  0.16182451  -0.16951811  -0.75994235
191  1456903468480  0.16316321  -0.16913232  -0.7599184
192  1456903468480  0.16316321  -0.16913232  -0.7599184
193  1456903468481  0.16316321  -0.16913232  -0.7599184
194  1456903468481  0.16316321  -0.16913232  -0.7599184
195  1456903468521  0.16329466  -0.16945693  -0.759931
196  1456903468521  0.16329466  -0.16945693  -0.759931
197  1456903468522  0.16329466  -0.16945693  -0.759931
198  1456903468523  0.16329466  -0.16945693  -0.759931
199  1456903468560  0.163179  -0.16917717  -0.7597751
200  1456903468561  0.163179  -0.16917717  -0.7597751
201  1456903468563  0.163179  -0.16917717  -0.7597751
202  1456903468563  0.163179  -0.16917717  -0.7597751
203  1456903468600  0.16335051  -0.16955459  -0.7597286
204  1456903468600  0.16335051  -0.16955459  -0.7597286
205  1456903468601  0.16335051  -0.16955459  -0.7597286
206  1456903468601  0.16335051  -0.16955459  -0.7597286
207  1456903468641  0.16299966  -0.16888884  -0.75986975
208  1456903468641  0.16299966  -0.16888884  -0.75986975
209  1456903468642  0.16299966  -0.16888884  -0.75986975
210  1456903468642  0.16299966  -0.16888884  -0.75986975
211  1456903468680  0.16290213  -0.16857049  -0.7597062
212  1456903468682  0.16290213  -0.16857049  -0.7597062
213  1456903468682  0.16290213  -0.16857049  -0.7597062
214  1456903468683  0.16290213  -0.16857049  -0.7597062
215  1456903468720  0.16366637  -0.16857168  -0.75961
216  1456903468720  0.16366637  -0.16857168  -0.75961
217  1456903468721  0.16366637  -0.16857168  -0.75961
218  1456903468721  0.16366637  -0.16857168  -0.75961
219  1456903468761  0.16439605  -0.16770881  -0.759738
220  1456903468762  0.16439605  -0.16770881  -0.759738
221  1456903468762  0.16439605  -0.16770881  -0.759738
222  1456903468763  0.16439605  -0.16770881  -0.759738
223  1456903468800  0.16499552  -0.16678089  -0.7597166
224  1456903468800  0.16499552  -0.16678089  -0.7597166
225  1456903468800  0.16499552  -0.16678089  -0.7597166
226  1456903468801  0.16499552  -0.16678089  -0.7597166
227  1456903468840  0.16460484  -0.16695857  -0.7597268
228  1456903468840  0.16460484  -0.16695857  -0.7597268
229  1456903468841  0.16460484  -0.16695857  -0.7597268
230  1456903468841  0.16460484  -0.16695857  -0.7597268
231  1456903468883  0.1647539  -0.16650599  -0.7595436
232  1456903468883  0.1647539  -0.16650599  -0.7595436
233  1456903468884  0.1647539  -0.16650599  -0.7595436
234  1456903468884  0.1647539  -0.16650599  -0.7595436
235  1456903468920  0.1654373  -0.16520455  -0.7593965
236  1456903468920  0.1654373  -0.16520455  -0.7593965
237  1456903468921  0.1654373  -0.16520455  -0.7593965
238  1456903468921  0.1654373  -0.16520455  -0.7593965
239  1456903468960  0.1650856  -0.16501492  -0.75939816
240  1456903468961  0.1650856  -0.16501492  -0.75939816
241  1456903468961  0.1650856  -0.16501492  -0.75939816
242  1456903468961  0.1650856  -0.16501492  -0.75939816
243  1456903469002  0.16565502  -0.1649546  -0.75909084
244  1456903469002  0.16565502  -0.1649546  -0.75909084
245  1456903469003  0.16565502  -0.1649546  -0.75909084
246  1456903469003  0.16565502  -0.1649546  -0.75909084
247  1456903469040  0.16633302  -0.16568258  -0.7588014
248  1456903469041  0.16633302  -0.16568258  -0.7588014
249  1456903469041  0.16633302  -0.16568258  -0.7588014
250  1456903469042  0.16633302  -0.16568258  -0.7588014
251  1456903469080  0.16628255  -0.16573748  -0.7589372
252  1456903469080  0.16628255  -0.16573748  -0.7589372
253  1456903469081  0.16628255  -0.16573748  -0.7589372
254  1456903469081  0.16628255  -0.16573748  -0.7589372
255  1456903469123  0.16752833  -0.16498974  -0.7587972
256  1456903469125  0.16752833  -0.16498974  -0.7587972
257  1456903469126  0.16752833  -0.16498974  -0.7587972
258  1456903469129  0.16752833  -0.16498974  -0.7587972
259  1456903469170  0.16721971  -0.16518849  -0.7588772
260  1456903469170  0.16721971  -0.16518849  -0.7588772
261  1456903469171  0.16721971  -0.16518849  -0.7588772
262  1456903469171  0.16721971  -0.16518849  -0.7588772
263  1456903469200  0.16712955  -0.16499117  -0.7588071
264  1456903469200  0.16712955  -0.16499117  -0.7588071
265  1456903469201  0.16712955  -0.16499117  -0.7588071
266  1456903469201  0.16712955  -0.16499117  -0.7588071
267  1456903469241  0.1669263  -0.16479015  -0.75879365
268  1456903469242  0.1669263  -0.16479015  -0.75879365
269  1456903469242  0.1669263  -0.16479015  -0.75879365
270  1456903469243  0.1669263  -0.16479015  -0.75879365
271  1456903469280  0.16743901  -0.16455576  -0.75875586
272  1456903469281  0.16743901  -0.16455576  -0.75875586
273  1456903469282  0.16743901  -0.16455576  -0.75875586
274  1456903469282  0.16743901  -0.16455576  -0.75875586
275  1456903469320  0.16770633  -0.16461769  -0.75876445
276  1456903469321  0.16770633  -0.16461769  -0.75876445
277  1456903469321  0.16770633  -0.16461769  -0.75876445
278  1456903469322  0.16770633  -0.16461769  -0.75876445
279  1456903469361  0.16820888  -0.16455638  -0.7588542
280  1456903469362  0.16820888  -0.16455638  -0.7588542
281  1456903469362  0.16820888  -0.16455638  -0.7588542
282  1456903469363  0.16820888  -0.16455638  -0.7588542
283  1456903469406  0.16854167  -0.16404584  -0.7589093
284  1456903469407  0.16854167  -0.16404584  -0.7589093
285  1456903469407  0.16854167  -0.16404584  -0.7589093
286  1456903469407  0.16854167  -0.16404584  -0.7589093
287  1456903469443  0.16793983  -0.16386369  -0.7590583
288  1456903469443  0.16793983  -0.16386369  -0.7590583
289  1456903469443  0.16793983  -0.16386369  -0.7590583
290  1456903469444  0.16793983  -0.16386369  -0.7590583
291  1456903469482  0.16816412  -0.16362122  -0.75909084
292  1456903469482  0.16816412  -0.16362122  -0.75909084
293  1456903469483  0.16816412  -0.16362122  -0.75909084
294  1456903469483  0.16816412  -0.16362122  -0.75909084
295  1456903469526  0.16646606  -0.16423759  -0.7596207
296  1456903469527  0.16646606  -0.16423759  -0.7596207
297  1456903469528  0.16646606  -0.16423759  -0.7596207
298  1456903469528  0.16646606  -0.16423759  -0.7596207
299  1456903469561  0.16683674  -0.16403404  -0.759638
300  1456903469562  0.16683674  -0.16403404  -0.759638
301  1456903469562  0.16683674  -0.16403404  -0.759638
302  1456903469563  0.16683674  -0.16403404  -0.759638
303  1456903469601  0.16660285  -0.16375345  -0.7597464
304  1456903469602  0.16660285  -0.16375345  -0.7597464
305  1456903469602  0.16660285  -0.16375345  -0.7597464
306  1456903469603  0.16660285  -0.16375345  -0.7597464
307  1456903469642  0.1664899  -0.1636658  -0.75973815
308  1456903469643  0.1664899  -0.1636658  -0.75973815
309  1456903469644  0.1664899  -0.1636658  -0.75973815
310  1456903469645  0.1664899  -0.1636658  -0.75973815
311  1456903469684  0.16669674  -0.16359678  -0.75962406
312  1456903469685  0.16669674  -0.16359678  -0.75962406
313  1456903469686  0.16669674  -0.16359678  -0.75962406
314  1456903469687  0.16669674  -0.16359678  -0.75962406
315  1456903469722  0.16660379  -0.16295362  -0.759667
316  1456903469723  0.16660379  -0.16295362  -0.759667
317  1456903469724  0.16660379  -0.16295362  -0.759667
318  1456903469724  0.16660379  -0.16295362  -0.759667
319  1456903469763  0.16643545  -0.16280329  -0.75973576
320  1456903469765  0.16643545  -0.16280329  -0.75973576
321  1456903469765  0.16643545  -0.16280329  -0.75973576
322  1456903469766  0.16643545  -0.16280329  -0.75973576
323  1456903469801  0.16716312  -0.1623249  -0.7596052
324  1456903469802  0.16716312  -0.1623249  -0.7596052
325  1456903469803  0.16716312  -0.1623249  -0.7596052
326  1456903469803  0.16716312  -0.1623249  -0.7596052
327  1456903469843  0.1672616  -0.16200432  -0.75964934
328  1456903469843  0.1672616  -0.16200432  -0.75964934
329  1456903469843  0.1672616  -0.16200432  -0.75964934
330  1456903469844  0.1672616  -0.16200432  -0.75964934
331  1456903469881  0.16795154  -0.16214809  -0.75948304
332  1456903469881  0.16795154  -0.16214809  -0.75948304
333  1456903469882  0.16795154  -0.16214809  -0.75948304
334  1456903469882  0.16795154  -0.16214809  -0.75948304
335  1456903469921  0.16796535  -0.16224581  -0.759438
336  1456903469921  0.16796535  -0.16224581  -0.759438
337  1456903469922  0.16796535  -0.16224581  -0.759438
338  1456903469923  0.16796535  -0.16224581  -0.759438
339  1456903469964  0.16758598  -0.16223335  -0.75956887
340  1456903469965  0.16758598  -0.16223335  -0.75956887
341  1456903469965  0.16758598  -0.16223335  -0.75956887
342  1456903469966  0.16758598  -0.16223335  -0.75956887
343  1456903470001  0.16760363  -0.16233853  -0.75951046
344  1456903470001  0.16760363  -0.16233853  -0.75951046
345  1456903470002  0.16760363  -0.16233853  -0.75951046
346  1456903470002  0.16760363  -0.16233853  -0.75951046
347  1456903470042  0.16750526  -0.16229892  -0.75948495
348  1456903470043  0.16750526  -0.16229892  -0.75948495
349  1456903470043  0.16750526  -0.16229892  -0.75948495
350  1456903470044  0.16750526  -0.16229892  -0.75948495
351  1456903470082  0.16731675  -0.16245744  -0.75954753
352  1456903470085  0.16731675  -0.16245744  -0.75954753
353  1456903470086  0.16731675  -0.16245744  -0.75954753
354  1456903470087  0.16731675  -0.16245744  -0.75954753
355  1456903470121  0.1672693  -0.16227618  -0.75962204
356  1456903470121  0.1672693  -0.16227618  -0.75962204
357  1456903470122  0.1672693  -0.16227618  -0.75962204
358  1456903470122  0.1672693  -0.16227618  -0.75962204
359  1456903470162  0.16784701  -0.16166693  -0.7594568
360  1456903470162  0.16784701  -0.16166693  -0.7594568
361  1456903470163  0.16784701  -0.16166693  -0.7594568
362  1456903470163  0.16784701  -0.16166693  -0.7594568
363  1456903470202  0.1672377  -0.16177806  -0.75958997
364  1456903470202  0.1672377  -0.16177806  -0.75958997
365  1456903470203  0.1672377  -0.16177806  -0.75958997
366  1456903470203  0.1672377  -0.16177806  -0.75958997
367  1456903470244  0.16784157  -0.16175795  -0.7594113
368  1456903470245  0.16784157  -0.16175795  -0.7594113
369  1456903470245  0.16784157  -0.16175795  -0.7594113
370  1456903470246  0.16784157  -0.16175795  -0.7594113
371  1456903470285  0.16807331  -0.16116434  -0.7594442
372  1456903470285  0.16807331  -0.16116434  -0.7594442
373  1456903470286  0.16807331  -0.16116434  -0.7594442
374  1456903470286  0.16807331  -0.16116434  -0.7594442
375  1456903470324  0.16749221  -0.16156772  -0.7596021
376  1456903470324  0.16749221  -0.16156772  -0.7596021
377  1456903470325  0.16749221  -0.16156772  -0.7596021
378  1456903470325  0.16749221  -0.16156772  -0.7596021
379  1456903470362  0.16825491  -0.16111583  -0.7594257
380  1456903470362  0.16825491  -0.16111583  -0.7594257
381  1456903470363  0.16825491  -0.16111583  -0.7594257
382  1456903470363  0.16825491  -0.16111583  -0.7594257
383  1456903470401  0.16868171  -0.16078803  -0.7592562
384  1456903470402  0.16868171  -0.16078803  -0.7592562
385  1456903470402  0.16868171  -0.16078803  -0.7592562
386  1456903470403  0.16868171  -0.16078803  -0.7592562
387  1456903470445  0.16799036  -0.16106755  -0.7595535
388  1456903470445  0.16799036  -0.16106755  -0.7595535
389  1456903470446  0.16799036  -0.16106755  -0.7595535
390  1456903470446  0.16799036  -0.16106755  -0.7595535
391  1456903470481  0.16851526  -0.16077504  -0.75953037
392  1456903470482  0.16851526  -0.16077504  -0.75953037
393  1456903470482  0.16851526  -0.16077504  -0.75953037
394  1456903470483  0.16851526  -0.16077504  -0.75953037
395  1456903470523  0.16850808  -0.16056535  -0.75963277
396  1456903470524  0.16850808  -0.16056535  -0.75963277
397  1456903470525  0.16850808  -0.16056535  -0.75963277
398  1456903470526  0.16850808  -0.16056535  -0.75963277
399  1456903470566  0.16789944  -0.1606547  -0.75984603
400  1456903470566  0.16789944  -0.1606547  -0.75984603
401  1456903470567  0.16789944  -0.1606547  -0.75984603
402  1456903470568  0.16789944  -0.1606547  -0.75984603
403  1456903470601  0.16866049  -0.16046596  -0.75976294
404  1456903470601  0.16866049  -0.16046596  -0.75976294
405  1456903470602  0.16866049  -0.16046596  -0.75976294
406  1456903470602  0.16866049  -0.16046596  -0.75976294
407  1456903470641  0.16834855  -0.16026649  -0.75993353
408  1456903470642  0.16834855  -0.16026649  -0.75993353
409  1456903470642  0.16834855  -0.16026649  -0.75993353
410  1456903470643  0.16834855  -0.16026649  -0.75993353
411  1456903470685  0.16821598  -0.16021281  -0.7601326
412  1456903470686  0.16821598  -0.16021281  -0.7601326
413  1456903470686  0.16821598  -0.16021281  -0.7601326
414  1456903470687  0.16821598  -0.16021281  -0.7601326
415  1456903470721  0.1682924  -0.1594471  -0.7603105
416  1456903470722  0.1682924  -0.1594471  -0.7603105
417  1456903470722  0.1682924  -0.1594471  -0.7603105
418  1456903470723  0.1682924  -0.1594471  -0.7603105
419  1456903470755  0.16826296  -0.15914461  -0.7604638
420  1456903470756  0.16826296  -0.15914461  -0.7604638
421  1456903470756  0.16826296  -0.15914461  -0.7604638
422  1456903470757  0.16826296  -0.15914461  -0.7604638
423  1456903470800  0.16758654  -0.15936899  -0.76075715
424  1456903470801  0.16758654  -0.15936899  -0.76075715
425  1456903470802  0.16758654  -0.15936899  -0.76075715
426  1456903470803  0.16758654  -0.15936899  -0.76075715
427  1456903470837  0.16764778  -0.15842777  -0.7609616
428  1456903470838  0.16764778  -0.15842777  -0.7609616
429  1456903470840  0.16764778  -0.15842777  -0.7609616
430  1456903470842  0.16764778  -0.15842777  -0.7609616
431  1456903470877  0.16778359  -0.15805924  -0.7610535
432  1456903470878  0.16778359  -0.15805924  -0.7610535
433  1456903470880  0.16778359  -0.15805924  -0.7610535
434  1456903470881  0.16778359  -0.15805924  -0.7610535
435  1456903470918  0.16721436  -0.15804222  -0.7613185
436  1456903470919  0.16721436  -0.15804222  -0.7613185
437  1456903470919  0.16721436  -0.15804222  -0.7613185
438  1456903470920  0.16721436  -0.15804222  -0.7613185
439  1456903470958  0.16729376  -0.157689  -0.76164144
440  1456903470959  0.16729376  -0.157689  -0.76164144
441  1456903470960  0.16729376  -0.157689  -0.76164144
442  1456903470960  0.16729376  -0.157689  -0.76164144
443  1456903470998  0.16672134  -0.15728754  -0.76208705
444  1456903470998  0.16672134  -0.15728754  -0.76208705
445  1456903470998  0.16672134  -0.15728754  -0.76208705
446  1456903470999  0.16672134  -0.15728754  -0.76208705
447  1456903471043  0.16682512  -0.15749186  -0.76220447
448  1456903471043  0.16682512  -0.15749186  -0.76220447
449  1456903471043  0.16682512  -0.15749186  -0.76220447
450  1456903471044  0.16682512  -0.15749186  -0.76220447
451  1456903471077  0.166736  -0.15694252  -0.7623264
452  1456903471080  0.166736  -0.15694252  -0.7623264
453  1456903471081  0.166736  -0.15694252  -0.7623264
454  1456903471081  0.166736  -0.15694252  -0.7623264
455  1456903471117  0.1663707  -0.15720424  -0.76259226
456  1456903471118  0.1663707  -0.15720424  -0.76259226
457  1456903471119  0.1663707  -0.15720424  -0.76259226
458  1456903471119  0.1663707  -0.15720424  -0.76259226
459  1456903471159  0.16545492  -0.15677115  -0.7629177
460  1456903471160  0.16545492  -0.15677115  -0.7629177
461  1456903471161  0.16545492  -0.15677115  -0.7629177
462  1456903471162  0.16545492  -0.15677115  -0.7629177
463  1456903471198  0.1649087  -0.15640536  -0.7632256
464  1456903471199  0.1649087  -0.15640536  -0.7632256
465  1456903471200  0.1649087  -0.15640536  -0.7632256
466  1456903471201  0.1649087  -0.15640536  -0.7632256
467  1456903471238  0.16451707  -0.15684411  -0.7634099
468  1456903471238  0.16451707  -0.15684411  -0.7634099
469  1456903471239  0.16451707  -0.15684411  -0.7634099
470  1456903471241  0.16451707  -0.15684411  -0.7634099
471  1456903471280  0.16452576  -0.15660092  -0.763503
472  1456903471281  0.16452576  -0.15660092  -0.763503
473  1456903471283  0.16452576  -0.15660092  -0.763503
474  1456903471284  0.16452576  -0.15660092  -0.763503
475  1456903471318  0.16404362  -0.15745068  -0.76360565
476  1456903471319  0.16404362  -0.15745068  -0.76360565
477  1456903471320  0.16404362  -0.15745068  -0.76360565
478  1456903471321  0.16404362  -0.15745068  -0.76360565
479  1456903471358  0.16388251  -0.15751803  -0.7636544
480  1456903471360  0.16388251  -0.15751803  -0.7636544
481  1456903471361  0.16388251  -0.15751803  -0.7636544
482  1456903471362  0.16388251  -0.15751803  -0.7636544
483  1456903471399  0.16312696  -0.15806738  -0.763946
484  1456903471401  0.16312696  -0.15806738  -0.763946
485  1456903471401  0.16312696  -0.15806738  -0.763946
486  1456903471402  0.16312696  -0.15806738  -0.763946
487  1456903471441  0.16282362  -0.15861955  -0.76420385
488  1456903471442  0.16282362  -0.15861955  -0.76420385
489  1456903471443  0.16282362  -0.15861955  -0.76420385
490  1456903471444  0.16282362  -0.15861955  -0.76420385
491  1456903471478  0.16341005  -0.15887672  -0.7641826
492  1456903471479  0.16341005  -0.15887672  -0.7641826
493  1456903471481  0.16341005  -0.15887672  -0.7641826
494  1456903471481  0.16341005  -0.15887672  -0.7641826
495  1456903471519  0.16381623  -0.15818757  -0.7642543
496  1456903471520  0.16381623  -0.15818757  -0.7642543
497  1456903471521  0.16381623  -0.15818757  -0.7642543
498  1456903471522  0.16381623  -0.15818757  -0.7642543
499  1456903471560  0.16374281  -0.15740669  -0.7644426
500  1456903471561  0.16374281  -0.15740669  -0.7644426
501  1456903471562  0.16374281  -0.15740669  -0.7644426
502  1456903471563  0.16374281  -0.15740669  -0.7644426
503  1456903471599  0.16409461  -0.15716192  -0.7645677
504  1456903471600  0.16409461  -0.15716192  -0.7645677
505  1456903471600  0.16409461  -0.15716192  -0.7645677
506  1456903471600  0.16409461  -0.15716192  -0.7645677
507  1456903471639  0.1642813  -0.15665704  -0.76463825
508  1456903471639  0.1642813  -0.15665704  -0.76463825
509  1456903471640  0.1642813  -0.15665704  -0.76463825
510  1456903471641  0.1642813  -0.15665704  -0.76463825
511  1456903471677  0.16533548  -0.15624133  -0.7643921
512  1456903471677  0.16533548  -0.15624133  -0.7643921
513  1456903471678  0.16533548  -0.15624133  -0.7643921
514  1456903471678  0.16533548  -0.15624133  -0.7643921
515  1456903471717  0.165939  -0.15623793  -0.7642768
516  1456903471717  0.165939  -0.15623793  -0.7642768
517  1456903471718  0.165939  -0.15623793  -0.7642768
518  1456903471718  0.165939  -0.15623793  -0.7642768
519  1456903471765  0.16652359  -0.15629733  -0.76424474
520  1456903471765  0.16652359  -0.15629733  -0.76424474
521  1456903471766  0.16652359  -0.15629733  -0.76424474
522  1456903471766  0.16652359  -0.15629733  -0.76424474
523  1456903471806  0.16692819  -0.1563074  -0.7642241
524  1456903471806  0.16692819  -0.1563074  -0.7642241
525  1456903471806  0.16692819  -0.1563074  -0.7642241
526  1456903471807  0.16692819  -0.1563074  -0.7642241
527  1456903471844  0.16737308  -0.15578482  -0.7642397
528  1456903471844  0.16737308  -0.15578482  -0.7642397
529  1456903471844  0.16737308  -0.15578482  -0.7642397
530  1456903471845  0.16737308  -0.15578482  -0.7642397
531  1456903471883  0.16730094  -0.15549213  -0.76441735
532  1456903471883  0.16730094  -0.15549213  -0.76441735
533  1456903471884  0.16730094  -0.15549213  -0.76441735
534  1456903471884  0.16730094  -0.15549213  -0.76441735
535  1456903471922  0.16729209  -0.15533388  -0.76455384
536  1456903471923  0.16729209  -0.15533388  -0.76455384
537  1456903471923  0.16729209  -0.15533388  -0.76455384
538  1456903471924  0.16729209  -0.15533388  -0.76455384
539  1456903471963  0.16778484  -0.15562421  -0.7643942
540  1456903471964  0.16778484  -0.15562421  -0.7643942
541  1456903471964  0.16778484  -0.15562421  -0.7643942
542  1456903471965  0.16778484  -0.15562421  -0.7643942
543  1456903472006  0.16796911  -0.15573326  -0.76447016
544  1456903472006  0.16796911  -0.15573326  -0.76447016
545  1456903472007  0.16796911  -0.15573326  -0.76447016
546  1456903472007  0.16796911  -0.15573326  -0.76447016
547  1456903472042  0.16843304  -0.15521762  -0.76451045
548  1456903472043  0.16843304  -0.15521762  -0.76451045
549  1456903472043  0.16843304  -0.15521762  -0.76451045
550  1456903472045  0.16843304  -0.15521762  -0.76451045
551  1456903472085  0.16878481  -0.1548258  -0.76455635
552  1456903472092  0.16878481  -0.1548258  -0.76455635
553  1456903472093  0.16878481  -0.1548258  -0.76455635
554  1456903472093  0.16878481  -0.1548258  -0.76455635
555  1456903472118  0.16825023  -0.15484327  -0.76477844
556  1456903472120  0.16825023  -0.15484327  -0.76477844
557  1456903472120  0.16825023  -0.15484327  -0.76477844
558  1456903472121  0.16825023  -0.15484327  -0.76477844
559  1456903472166  0.1684671  -0.15411311  -0.76487714
560  1456903472167  0.1684671  -0.15411311  -0.76487714
561  1456903472167  0.1684671  -0.15411311  -0.76487714
562  1456903472167  0.1684671  -0.15411311  -0.76487714
563  1456903472206  0.16904898  -0.1535508  -0.76473516
564  1456903472207  0.16904898  -0.1535508  -0.76473516
565  1456903472207  0.16904898  -0.1535508  -0.76473516
566  1456903472208  0.16904898  -0.1535508  -0.76473516
567  1456903472247  0.16836077  -0.1532479  -0.7649707
568  1456903472248  0.16836077  -0.1532479  -0.7649707
569  1456903472248  0.16836077  -0.1532479  -0.7649707
570  1456903472249  0.16836077  -0.1532479  -0.7649707
571  1456903472282  0.16749054  -0.15327996  -0.76520973
572  1456903472282  0.16749054  -0.15327996  -0.76520973
573  1456903472283  0.16749054  -0.15327996  -0.76520973
574  1456903472283  0.16749054  -0.15327996  -0.76520973
575  1456903472323  0.16807109  -0.15264419  -0.76504534
576  1456903472324  0.16807109  -0.15264419  -0.76504534
577  1456903472324  0.16807109  -0.15264419  -0.76504534
578  1456903472325  0.16807109  -0.15264419  -0.76504534
579  1456903472363  0.16868375  -0.15255299  -0.7649285
580  1456903472364  0.16868375  -0.15255299  -0.7649285
581  1456903472365  0.16868375  -0.15255299  -0.7649285
582  1456903472365  0.16868375  -0.15255299  -0.7649285
583  1456903472403  0.16871314  -0.15242338  -0.7649333
584  1456903472403  0.16871314  -0.15242338  -0.7649333
585  1456903472404  0.16871314  -0.15242338  -0.7649333
586  1456903472405  0.16871314  -0.15242338  -0.7649333
587  1456903472445  0.16920748  -0.15200123  -0.76482457
588  1456903472446  0.16920748  -0.15200123  -0.76482457
589  1456903472447  0.16920748  -0.15200123  -0.76482457
590  1456903472449  0.16920748  -0.15200123  -0.76482457
591  1456903472518  0.16930181  -0.1520516  -0.7648241
592  1456903472519  0.16930181  -0.1520516  -0.7648241
593  1456903472521  0.16930181  -0.1520516  -0.7648241
594  1456903472522  0.16930181  -0.1520516  -0.7648241
595  1456903472522  0.16892415  -0.15182912  -0.7649211
596  1456903472523  0.16892415  -0.15182912  -0.7649211
597  1456903472524  0.16892415  -0.15182912  -0.7649211
598  1456903472525  0.16892415  -0.15182912  -0.7649211
599  1456903472575  0.16943601  -0.15143767  -0.7648111
600  1456903472578  0.16943601  -0.15143767  -0.7648111
601  1456903472579  0.16943601  -0.15143767  -0.7648111
602  1456903472616  0.16943601  -0.15143767  -0.7648111
603  1456903472616  0.1692994  -0.15134951  -0.76488966
604  1456903472617  0.1692994  -0.15134951  -0.76488966
605  1456903472617  0.1692994  -0.15134951  -0.76488966
606  1456903472617  0.1692994  -0.15134951  -0.76488966
607  1456903472640  0.16961138  -0.15106276  -0.76481825
608  1456903472640  0.16961138  -0.15106276  -0.76481825
609  1456903472641  0.16961138  -0.15106276  -0.76481825
610  1456903472645  0.16961138  -0.15106276  -0.76481825
611  1456903472681  0.17009363  -0.1506488  -0.7646963
612  1456903472682  0.17009363  -0.1506488  -0.7646963
613  1456903472682  0.17009363  -0.1506488  -0.7646963
614  1456903472683  0.17009363  -0.1506488  -0.7646963
615  1456903472719  0.16325897  -0.16105726  -0.7664136
616  1456903472719  0.16325897  -0.16105726  -0.7664136
617  1456903472720  0.16325897  -0.16105726  -0.7664136
618  1456903472720  0.16325897  -0.16105726  -0.7664136
