1  1456906753613  0.12053553  -0.3114605  -0.92301124
2  1456906753619  0.111788385  -0.31483364  -0.9277012
3  1456906753666  0.11927824  -0.3121875  -0.9231941
4  1456906753672  0.11927824  -0.3121875  -0.9231941
5  1456906753678  0.11927824  -0.3121875  -0.9231941
6  1456906753683  0.11927824  -0.3121875  -0.9231941
7  1456906753688  0.119039714  -0.31222558  -0.92315227
8  1456906753693  0.119039714  -0.31222558  -0.92315227
9  1456906753698  0.119039714  -0.31222558  -0.92315227
10  1456906753703  0.119039714  -0.31222558  -0.92315227
11  1456906753727  0.120571956  -0.3118502  -0.92284566
12  1456906753733  0.120571956  -0.3118502  -0.92284566
13  1456906753738  0.120571956  -0.3118502  -0.92284566
14  1456906753743  0.120571956  -0.3118502  -0.92284566
15  1456906753759  0.12121744  -0.31133652  -0.9224847
16  1456906753763  0.12121744  -0.31133652  -0.9224847
17  1456906753769  0.12121744  -0.31133652  -0.9224847
18  1456906753774  0.12121744  -0.31133652  -0.9224847
19  1456906753796  0.12048401  -0.31291008  -0.921717
20  1456906753801  0.12048401  -0.31291008  -0.921717
21  1456906753806  0.12048401  -0.31291008  -0.921717
22  1456906753811  0.12048401  -0.31291008  -0.921717
23  1456906753837  0.12346987  -0.31335396  -0.92000145
24  1456906753842  0.12346987  -0.31335396  -0.92000145
25  1456906753848  0.12346987  -0.31335396  -0.92000145
26  1456906753853  0.12346987  -0.31335396  -0.92000145
27  1456906753878  0.127501  -0.31617033  -0.9157391
28  1456906753883  0.127501  -0.31617033  -0.9157391
29  1456906753887  0.127501  -0.31617033  -0.9157391
30  1456906753892  0.127501  -0.31617033  -0.9157391
31  1456906753916  0.12818745  -0.32311767  -0.90829414
32  1456906753922  0.12818745  -0.32311767  -0.90829414
33  1456906753926  0.12818745  -0.32311767  -0.90829414
34  1456906753931  0.12818745  -0.32311767  -0.90829414
35  1456906753956  0.12639116  -0.3231544  -0.90163034
36  1456906753960  0.12639116  -0.3231544  -0.90163034
37  1456906753966  0.12639116  -0.3231544  -0.90163034
38  1456906753971  0.12639116  -0.3231544  -0.90163034
39  1456906753997  0.11109443  -0.29508108  -0.9085669
40  1456906754003  0.11109443  -0.29508108  -0.9085669
41  1456906754007  0.11109443  -0.29508108  -0.9085669
42  1456906754012  0.11109443  -0.29508108  -0.9085669
43  1456906754050  0.094872355  -0.26453757  -0.9170477
44  1456906754055  0.094872355  -0.26453757  -0.9170477
45  1456906754061  0.094872355  -0.26453757  -0.9170477
46  1456906754066  0.094872355  -0.26453757  -0.9170477
47  1456906754093  0.09186247  -0.26255208  -0.91221315
48  1456906754098  0.09186247  -0.26255208  -0.91221315
49  1456906754103  0.09186247  -0.26255208  -0.91221315
50  1456906754108  0.09186247  -0.26255208  -0.91221315
51  1456906754133  0.09351115  -0.28423882  -0.89666504
52  1456906754139  0.09351115  -0.28423882  -0.89666504
53  1456906754144  0.09351115  -0.28423882  -0.89666504
54  1456906754149  0.09351115  -0.28423882  -0.89666504
55  1456906754172  0.10580702  -0.3085683  -0.88288254
56  1456906754176  0.10580702  -0.3085683  -0.88288254
57  1456906754182  0.10580702  -0.3085683  -0.88288254
58  1456906754187  0.10580702  -0.3085683  -0.88288254
59  1456906754211  0.11796204  -0.32027662  -0.87895125
60  1456906754217  0.11796204  -0.32027662  -0.87895125
61  1456906754222  0.11796204  -0.32027662  -0.87895125
62  1456906754227  0.11796204  -0.32027662  -0.87895125
63  1456906754249  0.11877933  -0.32178003  -0.88121086
64  1456906754254  0.11877933  -0.32178003  -0.88121086
65  1456906754260  0.11877933  -0.32178003  -0.88121086
66  1456906754264  0.11877933  -0.32178003  -0.88121086
67  1456906754287  0.11922181  -0.32191622  -0.88517755
68  1456906754292  0.11922181  -0.32191622  -0.88517755
69  1456906754297  0.11922181  -0.32191622  -0.88517755
70  1456906754302  0.11922181  -0.32191622  -0.88517755
71  1456906754324  0.12399285  -0.3244202  -0.8862507
72  1456906754330  0.12399285  -0.3244202  -0.8862507
73  1456906754335  0.12399285  -0.3244202  -0.8862507
74  1456906754340  0.12399285  -0.3244202  -0.8862507
75  1456906754362  0.1263904  -0.3280866  -0.88596684
76  1456906754367  0.1263904  -0.3280866  -0.88596684
77  1456906754373  0.1263904  -0.3280866  -0.88596684
78  1456906754378  0.1263904  -0.3280866  -0.88596684
79  1456906754404  0.124810524  -0.32846576  -0.88753945
80  1456906754410  0.124810524  -0.32846576  -0.88753945
81  1456906754414  0.124810524  -0.32846576  -0.88753945
82  1456906754419  0.124810524  -0.32846576  -0.88753945
83  1456906754441  0.12144582  -0.3253926  -0.8910201
84  1456906754446  0.12144582  -0.3253926  -0.8910201
85  1456906754452  0.12144582  -0.3253926  -0.8910201
86  1456906754456  0.12144582  -0.3253926  -0.8910201
87  1456906754480  0.117672496  -0.3236525  -0.8940181
88  1456906754484  0.117672496  -0.3236525  -0.8940181
89  1456906754489  0.117672496  -0.3236525  -0.8940181
90  1456906754494  0.117672496  -0.3236525  -0.8940181
91  1456906754517  0.1148377  -0.3240046  -0.89552885
92  1456906754523  0.1148377  -0.3240046  -0.89552885
93  1456906754528  0.1148377  -0.3240046  -0.89552885
94  1456906754533  0.1148377  -0.3240046  -0.89552885
95  1456906754556  0.11105987  -0.32419235  -0.89733833
96  1456906754561  0.11105987  -0.32419235  -0.89733833
97  1456906754567  0.11105987  -0.32419235  -0.89733833
98  1456906754571  0.11105987  -0.32419235  -0.89733833
99  1456906754598  0.108169146  -0.3216527  -0.900109
100  1456906754604  0.108169146  -0.3216527  -0.900109
101  1456906754608  0.108169146  -0.3216527  -0.900109
102  1456906754614  0.108169146  -0.3216527  -0.900109
103  1456906754636  0.106524706  -0.3192106  -0.90281254
104  1456906754641  0.106524706  -0.3192106  -0.90281254
105  1456906754647  0.106524706  -0.3192106  -0.90281254
106  1456906754652  0.106524706  -0.3192106  -0.90281254
107  1456906754677  0.10522721  -0.31871665  -0.90385264
108  1456906754682  0.10522721  -0.31871665  -0.90385264
109  1456906754687  0.10522721  -0.31871665  -0.90385264
110  1456906754692  0.10522721  -0.31871665  -0.90385264
111  1456906754717  0.10563812  -0.32206827  -0.90244573
112  1456906754723  0.10563812  -0.32206827  -0.90244573
113  1456906754728  0.10563812  -0.32206827  -0.90244573
114  1456906754733  0.10563812  -0.32206827  -0.90244573
115  1456906754757  0.1061198  -0.32329822  -0.90207225
116  1456906754762  0.1061198  -0.32329822  -0.90207225
117  1456906754767  0.1061198  -0.32329822  -0.90207225
118  1456906754773  0.1061198  -0.32329822  -0.90207225
119  1456906754797  0.10539977  -0.3211395  -0.9035563
120  1456906754803  0.10539977  -0.3211395  -0.9035563
121  1456906754808  0.10539977  -0.3211395  -0.9035563
122  1456906754814  0.10539977  -0.3211395  -0.9035563
123  1456906754838  0.10555411  -0.322078  -0.9035792
124  1456906754844  0.10555411  -0.322078  -0.9035792
125  1456906754851  0.10555411  -0.322078  -0.9035792
126  1456906754856  0.10555411  -0.322078  -0.9035792
127  1456906754879  0.10710692  -0.3250631  -0.90246683
128  1456906754884  0.10710692  -0.3250631  -0.90246683
129  1456906754889  0.10710692  -0.3250631  -0.90246683
130  1456906754894  0.10710692  -0.3250631  -0.90246683
131  1456906754921  0.10788698  -0.32617414  -0.9021408
132  1456906754926  0.10788698  -0.32617414  -0.9021408
133  1456906754932  0.10788698  -0.32617414  -0.9021408
134  1456906754937  0.10788698  -0.32617414  -0.9021408
135  1456906754961  0.1090372  -0.3272617  -0.90162
136  1456906754966  0.1090372  -0.3272617  -0.90162
137  1456906754972  0.1090372  -0.3272617  -0.90162
138  1456906754977  0.1090372  -0.3272617  -0.90162
139  1456906755001  0.109872594  -0.32863623  -0.9009089
140  1456906755007  0.109872594  -0.32863623  -0.9009089
141  1456906755012  0.109872594  -0.32863623  -0.9009089
142  1456906755017  0.109872594  -0.32863623  -0.9009089
143  1456906755041  0.109578446  -0.328601  -0.90096503
144  1456906755046  0.109578446  -0.328601  -0.90096503
145  1456906755053  0.109578446  -0.328601  -0.90096503
146  1456906755059  0.109578446  -0.328601  -0.90096503
147  1456906755083  0.109363616  -0.32964402  -0.9007136
148  1456906755089  0.109363616  -0.32964402  -0.9007136
149  1456906755095  0.109363616  -0.32964402  -0.9007136
150  1456906755100  0.109363616  -0.32964402  -0.9007136
151  1456906755122  0.109674595  -0.33159786  -0.900037
152  1456906755129  0.109674595  -0.33159786  -0.900037
153  1456906755134  0.109674595  -0.33159786  -0.900037
154  1456906755139  0.109674595  -0.33159786  -0.900037
155  1456906755163  0.10871478  -0.333295  -0.89966613
156  1456906755168  0.10871478  -0.333295  -0.89966613
157  1456906755173  0.10871478  -0.333295  -0.89966613
158  1456906755179  0.10871478  -0.333295  -0.89966613
159  1456906755203  0.10808193  -0.33436924  -0.8995696
160  1456906755209  0.10808193  -0.33436924  -0.8995696
161  1456906755214  0.10808193  -0.33436924  -0.8995696
162  1456906755219  0.10808193  -0.33436924  -0.8995696
163  1456906755242  0.10890866  -0.3351584  -0.89917105
164  1456906755249  0.10890866  -0.3351584  -0.89917105
165  1456906755256  0.10890866  -0.3351584  -0.89917105
166  1456906755260  0.10890866  -0.3351584  -0.89917105
167  1456906755284  0.10962932  -0.33620775  -0.898516
168  1456906755289  0.10962932  -0.33620775  -0.898516
169  1456906755294  0.10962932  -0.33620775  -0.898516
170  1456906755300  0.10962932  -0.33620775  -0.898516
171  1456906755322  0.10957916  -0.3359874  -0.8985192
172  1456906755328  0.10957916  -0.3359874  -0.8985192
173  1456906755333  0.10957916  -0.3359874  -0.8985192
174  1456906755339  0.10957916  -0.3359874  -0.8985192
175  1456906755362  0.109486684  -0.33640546  -0.8983337
176  1456906755367  0.109486684  -0.33640546  -0.8983337
177  1456906755373  0.109486684  -0.33640546  -0.8983337
178  1456906755378  0.109486684  -0.33640546  -0.8983337
179  1456906755406  0.109782346  -0.33802342  -0.8978258
180  1456906755412  0.109782346  -0.33802342  -0.8978258
181  1456906755417  0.109782346  -0.33802342  -0.8978258
182  1456906755422  0.109782346  -0.33802342  -0.8978258
183  1456906755445  0.10991666  -0.33786184  -0.8980382
184  1456906755449  0.10991666  -0.33786184  -0.8980382
185  1456906755455  0.10991666  -0.33786184  -0.8980382
186  1456906755461  0.10991666  -0.33786184  -0.8980382
187  1456906755485  0.10983629  -0.33754086  -0.89817435
188  1456906755490  0.10983629  -0.33754086  -0.89817435
189  1456906755495  0.10983629  -0.33754086  -0.89817435
190  1456906755501  0.10983629  -0.33754086  -0.89817435
191  1456906755523  0.11037246  -0.33921695  -0.89763504
192  1456906755530  0.11037246  -0.33921695  -0.89763504
193  1456906755536  0.11037246  -0.33921695  -0.89763504
194  1456906755541  0.11037246  -0.33921695  -0.89763504
195  1456906755566  0.110692024  -0.34012455  -0.89738554
196  1456906755571  0.110692024  -0.34012455  -0.89738554
197  1456906755577  0.110692024  -0.34012455  -0.89738554
198  1456906755582  0.110692024  -0.34012455  -0.89738554
199  1456906755606  0.11037962  -0.34069687  -0.89705664
200  1456906755612  0.11037962  -0.34069687  -0.89705664
201  1456906755618  0.11037962  -0.34069687  -0.89705664
202  1456906755623  0.11037962  -0.34069687  -0.89705664
203  1456906755646  0.110213704  -0.34098685  -0.8968809
204  1456906755652  0.110213704  -0.34098685  -0.8968809
205  1456906755659  0.110213704  -0.34098685  -0.8968809
206  1456906755664  0.110213704  -0.34098685  -0.8968809
207  1456906755687  0.11005328  -0.34126836  -0.8967959
208  1456906755693  0.11005328  -0.34126836  -0.8967959
209  1456906755698  0.11005328  -0.34126836  -0.8967959
210  1456906755704  0.11005328  -0.34126836  -0.8967959
211  1456906755728  0.11010732  -0.34158552  -0.89678115
212  1456906755734  0.11010732  -0.34158552  -0.89678115
213  1456906755739  0.11010732  -0.34158552  -0.89678115
214  1456906755745  0.11010732  -0.34158552  -0.89678115
215  1456906755769  0.11019858  -0.34188354  -0.89672905
216  1456906755774  0.11019858  -0.34188354  -0.89672905
217  1456906755781  0.11019858  -0.34188354  -0.89672905
218  1456906755785  0.11019858  -0.34188354  -0.89672905
219  1456906755808  0.10993542  -0.342695  -0.8965048
220  1456906755814  0.10993542  -0.342695  -0.8965048
221  1456906755819  0.10993542  -0.342695  -0.8965048
222  1456906755824  0.10993542  -0.342695  -0.8965048
223  1456906755848  0.109618686  -0.34305394  -0.89636236
224  1456906755853  0.109618686  -0.34305394  -0.89636236
225  1456906755859  0.109618686  -0.34305394  -0.89636236
226  1456906755864  0.109618686  -0.34305394  -0.89636236
227  1456906755888  0.109200254  -0.34280503  -0.8963484
228  1456906755893  0.109200254  -0.34280503  -0.8963484
229  1456906755900  0.109200254  -0.34280503  -0.8963484
230  1456906755905  0.109200254  -0.34280503  -0.8963484
231  1456906755929  0.10922469  -0.34305114  -0.8962762
232  1456906755937  0.10922469  -0.34305114  -0.8962762
233  1456906755942  0.10922469  -0.34305114  -0.8962762
234  1456906755947  0.10922469  -0.34305114  -0.8962762
235  1456906755971  0.109251305  -0.34336424  -0.89637893
236  1456906755975  0.109251305  -0.34336424  -0.89637893
237  1456906755981  0.109251305  -0.34336424  -0.89637893
238  1456906755987  0.109251305  -0.34336424  -0.89637893
239  1456906756010  0.10933392  -0.34369063  -0.8964066
240  1456906756016  0.10933392  -0.34369063  -0.8964066
241  1456906756021  0.10933392  -0.34369063  -0.8964066
242  1456906756027  0.10933392  -0.34369063  -0.8964066
243  1456906756050  0.109387934  -0.34391034  -0.8963333
244  1456906756057  0.109387934  -0.34391034  -0.8963333
245  1456906756063  0.109387934  -0.34391034  -0.8963333
246  1456906756068  0.109387934  -0.34391034  -0.8963333
247  1456906756092  0.1091898  -0.34383857  -0.8962707
248  1456906756097  0.1091898  -0.34383857  -0.8962707
249  1456906756102  0.1091898  -0.34383857  -0.8962707
250  1456906756108  0.1091898  -0.34383857  -0.8962707
251  1456906756131  0.10879037  -0.34397626  -0.8963044
252  1456906756137  0.10879037  -0.34397626  -0.8963044
253  1456906756142  0.10879037  -0.34397626  -0.8963044
254  1456906756147  0.10879037  -0.34397626  -0.8963044
255  1456906756173  0.10917354  -0.34444565  -0.89623207
256  1456906756178  0.10917354  -0.34444565  -0.89623207
257  1456906756185  0.10917354  -0.34444565  -0.89623207
258  1456906756189  0.10917354  -0.34444565  -0.89623207
259  1456906756213  0.10931554  -0.3445449  -0.8962961
260  1456906756219  0.10931554  -0.3445449  -0.8962961
261  1456906756223  0.10931554  -0.3445449  -0.8962961
262  1456906756229  0.10931554  -0.3445449  -0.8962961
263  1456906756252  0.10901323  -0.34493494  -0.89622635
264  1456906756257  0.10901323  -0.34493494  -0.89622635
265  1456906756263  0.10901323  -0.34493494  -0.89622635
266  1456906756269  0.10901323  -0.34493494  -0.89622635
267  1456906756294  0.108982556  -0.34507364  -0.89608985
268  1456906756299  0.108982556  -0.34507364  -0.89608985
269  1456906756304  0.108982556  -0.34507364  -0.89608985
270  1456906756309  0.108982556  -0.34507364  -0.89608985
271  1456906756331  0.10904009  -0.34549874  -0.89599425
272  1456906756339  0.10904009  -0.34549874  -0.89599425
273  1456906756343  0.10904009  -0.34549874  -0.89599425
274  1456906756348  0.10904009  -0.34549874  -0.89599425
275  1456906756371  0.10909514  -0.34601557  -0.8958748
276  1456906756376  0.10909514  -0.34601557  -0.8958748
277  1456906756382  0.10909514  -0.34601557  -0.8958748
278  1456906756388  0.10909514  -0.34601557  -0.8958748
279  1456906756411  0.10884182  -0.34563768  -0.8960052
280  1456906756417  0.10884182  -0.34563768  -0.8960052
281  1456906756423  0.10884182  -0.34563768  -0.8960052
282  1456906756429  0.10884182  -0.34563768  -0.8960052
283  1456906756451  0.10847237  -0.3457198  -0.89601225
284  1456906756456  0.10847237  -0.3457198  -0.89601225
285  1456906756463  0.10847237  -0.3457198  -0.89601225
286  1456906756468  0.10847237  -0.3457198  -0.89601225
287  1456906756494  0.10839411  -0.3465774  -0.89579767
288  1456906756499  0.10839411  -0.3465774  -0.89579767
289  1456906756504  0.10839411  -0.3465774  -0.89579767
290  1456906756509  0.10839411  -0.3465774  -0.89579767
291  1456906756531  0.10831957  -0.34632027  -0.895955
292  1456906756537  0.10831957  -0.34632027  -0.895955
293  1456906756542  0.10831957  -0.34632027  -0.895955
294  1456906756548  0.10831957  -0.34632027  -0.895955
295  1456906756572  0.10824547  -0.34625685  -0.8959592
296  1456906756576  0.10824547  -0.34625685  -0.8959592
297  1456906756583  0.10824547  -0.34625685  -0.8959592
298  1456906756588  0.10824547  -0.34625685  -0.8959592
299  1456906756616  0.10773218  -0.34630793  -0.89603025
300  1456906756622  0.10773218  -0.34630793  -0.89603025
301  1456906756627  0.10773218  -0.34630793  -0.89603025
302  1456906756632  0.10773218  -0.34630793  -0.89603025
303  1456906756656  0.10786724  -0.3464263  -0.89595693
304  1456906756660  0.10786724  -0.3464263  -0.89595693
305  1456906756666  0.10786724  -0.3464263  -0.89595693
306  1456906756673  0.10786724  -0.3464263  -0.89595693
307  1456906756678  0.10737659  -0.34648222  -0.8961101
308  1456906756683  0.10737659  -0.34648222  -0.8961101
309  1456906756688  0.10737659  -0.34648222  -0.8961101
310  1456906756694  0.10737659  -0.34648222  -0.8961101
311  1456906756724  0.10757478  -0.34664834  -0.89614075
312  1456906756730  0.10757478  -0.34664834  -0.89614075
313  1456906756735  0.10757478  -0.34664834  -0.89614075
314  1456906756740  0.10757478  -0.34664834  -0.89614075
315  1456906756763  0.10792553  -0.34654516  -0.89623255
316  1456906756767  0.10792553  -0.34654516  -0.89623255
317  1456906756774  0.10792553  -0.34654516  -0.89623255
318  1456906756780  0.10792553  -0.34654516  -0.89623255
319  1456906756809  0.107371785  -0.34613317  -0.89643496
320  1456906756814  0.107371785  -0.34613317  -0.89643496
321  1456906756819  0.107371785  -0.34613317  -0.89643496
322  1456906756824  0.107371785  -0.34613317  -0.89643496
323  1456906756849  0.10730475  -0.34611404  -0.8963862
324  1456906756854  0.10730475  -0.34611404  -0.8963862
325  1456906756860  0.10730475  -0.34611404  -0.8963862
326  1456906756866  0.10730475  -0.34611404  -0.8963862
327  1456906756890  0.10726167  -0.34595418  -0.8964972
328  1456906756896  0.10726167  -0.34595418  -0.8964972
329  1456906756903  0.10726167  -0.34595418  -0.8964972
330  1456906756909  0.10726167  -0.34595418  -0.8964972
331  1456906756934  0.10689783  -0.34557796  -0.8967634
332  1456906756941  0.10689783  -0.34557796  -0.8967634
333  1456906756946  0.10689783  -0.34557796  -0.8967634
334  1456906756951  0.10689783  -0.34557796  -0.8967634
335  1456906756975  0.1068275  -0.34605294  -0.89662987
336  1456906756980  0.1068275  -0.34605294  -0.89662987
337  1456906756986  0.1068275  -0.34605294  -0.89662987
338  1456906756992  0.1068275  -0.34605294  -0.89662987
339  1456906756997  0.10670756  -0.34598607  -0.8967368
340  1456906757002  0.10670756  -0.34598607  -0.8967368
341  1456906757007  0.10670756  -0.34598607  -0.8967368
342  1456906757012  0.10670756  -0.34598607  -0.8967368
343  1456906757042  0.106784515  -0.34603024  -0.89665514
344  1456906757047  0.106784515  -0.34603024  -0.89665514
345  1456906757053  0.106784515  -0.34603024  -0.89665514
346  1456906757058  0.106784515  -0.34603024  -0.89665514
347  1456906757082  0.106486805  -0.34602892  -0.8966965
348  1456906757087  0.106486805  -0.34602892  -0.8966965
349  1456906757092  0.106486805  -0.34602892  -0.8966965
350  1456906757098  0.106486805  -0.34602892  -0.8966965
351  1456906757121  0.10628365  -0.34592527  -0.8967983
352  1456906757128  0.10628365  -0.34592527  -0.8967983
353  1456906757133  0.10628365  -0.34592527  -0.8967983
354  1456906757138  0.10628365  -0.34592527  -0.8967983
355  1456906757161  0.106296055  -0.34605116  -0.8968838
356  1456906757166  0.106296055  -0.34605116  -0.8968838
357  1456906757172  0.106296055  -0.34605116  -0.8968838
358  1456906757178  0.106296055  -0.34605116  -0.8968838
359  1456906757202  0.10622479  -0.3465855  -0.89672655
360  1456906757207  0.10622479  -0.3465855  -0.89672655
361  1456906757213  0.10622479  -0.3465855  -0.89672655
362  1456906757219  0.10622479  -0.3465855  -0.89672655
363  1456906757242  0.106185436  -0.34626877  -0.89676803
364  1456906757248  0.106185436  -0.34626877  -0.89676803
365  1456906757254  0.106185436  -0.34626877  -0.89676803
366  1456906757259  0.106185436  -0.34626877  -0.89676803
367  1456906757302  0.1060996  -0.3462804  -0.8968981
368  1456906757307  0.1060996  -0.3462804  -0.8968981
369  1456906757312  0.1060996  -0.3462804  -0.8968981
370  1456906757317  0.1060996  -0.3462804  -0.8968981
371  1456906757322  0.10640636  -0.34672493  -0.896761
372  1456906757327  0.10640636  -0.34672493  -0.896761
373  1456906757349  0.10640636  -0.34672493  -0.896761
374  1456906757355  0.10640636  -0.34672493  -0.896761
375  1456906757361  0.10591872  -0.34693873  -0.89674217
376  1456906757366  0.10591872  -0.34693873  -0.89674217
377  1456906757390  0.10591872  -0.34693873  -0.89674217
378  1456906757395  0.10591872  -0.34693873  -0.89674217
379  1456906757400  0.105670445  -0.34646225  -0.89685446
380  1456906757405  0.105670445  -0.34646225  -0.89685446
381  1456906757429  0.105670445  -0.34646225  -0.89685446
382  1456906757434  0.105670445  -0.34646225  -0.89685446
383  1456906757440  0.10535725  -0.34663242  -0.8969477
384  1456906757445  0.10535725  -0.34663242  -0.8969477
385  1456906757469  0.10535725  -0.34663242  -0.8969477
386  1456906757474  0.10535725  -0.34663242  -0.8969477
387  1456906757481  0.10566933  -0.3466699  -0.8970544
388  1456906757486  0.10566933  -0.3466699  -0.8970544
389  1456906757511  0.10566933  -0.3466699  -0.8970544
390  1456906757517  0.10566933  -0.3466699  -0.8970544
391  1456906757522  0.10582171  -0.3467009  -0.897167
392  1456906757527  0.10582171  -0.3467009  -0.897167
393  1456906757551  0.10582171  -0.3467009  -0.897167
394  1456906757556  0.10582171  -0.3467009  -0.897167
395  1456906757561  0.10569905  -0.34636223  -0.8973083
396  1456906757568  0.10569905  -0.34636223  -0.8973083
397  1456906757592  0.10569905  -0.34636223  -0.8973083
398  1456906757596  0.10569905  -0.34636223  -0.8973083
399  1456906757602  0.105260074  -0.3466078  -0.897237
400  1456906757608  0.105260074  -0.3466078  -0.897237
401  1456906757630  0.105260074  -0.3466078  -0.897237
402  1456906757637  0.105260074  -0.3466078  -0.897237
403  1456906757642  0.104825296  -0.34677672  -0.89720875
404  1456906757647  0.104825296  -0.34677672  -0.89720875
405  1456906757671  0.104825296  -0.34677672  -0.89720875
406  1456906757676  0.104825296  -0.34677672  -0.89720875
407  1456906757682  0.104592554  -0.34695083  -0.8972556
408  1456906757688  0.104592554  -0.34695083  -0.8972556
409  1456906757694  0.104592554  -0.34695083  -0.8972556
410  1456906757699  0.104592554  -0.34695083  -0.8972556
411  1456906757704  0.10449234  -0.34777576  -0.89714414
412  1456906757710  0.10449234  -0.34777576  -0.89714414
413  1456906757735  0.10449234  -0.34777576  -0.89714414
414  1456906757741  0.10449234  -0.34777576  -0.89714414
415  1456906757747  0.104201324  -0.34866178  -0.8971067
416  1456906757752  0.104201324  -0.34866178  -0.8971067
417  1456906757776  0.104201324  -0.34866178  -0.8971067
418  1456906757781  0.104201324  -0.34866178  -0.8971067
419  1456906757786  0.10437846  -0.34947932  -0.89679176
420  1456906757792  0.10437846  -0.34947932  -0.89679176
421  1456906757815  0.10437846  -0.34947932  -0.89679176
422  1456906757820  0.10437846  -0.34947932  -0.89679176
423  1456906757825  0.10371199  -0.34954488  -0.8968027
424  1456906757831  0.10371199  -0.34954488  -0.8968027
425  1456906757855  0.10371199  -0.34954488  -0.8968027
426  1456906757860  0.10371199  -0.34954488  -0.8968027
427  1456906757868  0.10321927  -0.34977204  -0.89675766
428  1456906757872  0.10321927  -0.34977204  -0.89675766
429  1456906757898  0.10321927  -0.34977204  -0.89675766
430  1456906757906  0.10321927  -0.34977204  -0.89675766
431  1456906757911  0.10306156  -0.35053974  -0.89664596
432  1456906757917  0.10306156  -0.35053974  -0.89664596
433  1456906757940  0.10306156  -0.35053974  -0.89664596
434  1456906757945  0.10306156  -0.35053974  -0.89664596
435  1456906757951  0.10324287  -0.3512085  -0.89667374
436  1456906757957  0.10324287  -0.3512085  -0.89667374
437  1456906757986  0.10324287  -0.3512085  -0.89667374
438  1456906757991  0.10324287  -0.3512085  -0.89667374
439  1456906757996  0.10396004  -0.35173774  -0.8963999
440  1456906758002  0.10396004  -0.35173774  -0.8963999
441  1456906758026  0.10396004  -0.35173774  -0.8963999
442  1456906758031  0.10396004  -0.35173774  -0.8963999
443  1456906758036  0.10376304  -0.35134512  -0.8964705
444  1456906758042  0.10376304  -0.35134512  -0.8964705
445  1456906758066  0.10376304  -0.35134512  -0.8964705
446  1456906758071  0.10376304  -0.35134512  -0.8964705
447  1456906758078  0.10406917  -0.35012466  -0.8966767
448  1456906758082  0.10406917  -0.35012466  -0.8966767
449  1456906758108  0.10406917  -0.35012466  -0.8966767
450  1456906758114  0.10406917  -0.35012466  -0.8966767
451  1456906758119  0.10506763  -0.34949136  -0.89662665
452  1456906758124  0.10506763  -0.34949136  -0.89662665
453  1456906758147  0.10506763  -0.34949136  -0.89662665
454  1456906758152  0.10506763  -0.34949136  -0.89662665
455  1456906758158  0.10594764  -0.3483826  -0.8968486
456  1456906758164  0.10594764  -0.3483826  -0.8968486
457  1456906758188  0.10594764  -0.3483826  -0.8968486
458  1456906758192  0.10594764  -0.3483826  -0.8968486
459  1456906758199  0.10540601  -0.34957165  -0.896609
460  1456906758204  0.10540601  -0.34957165  -0.896609
461  1456906758227  0.10540601  -0.34957165  -0.896609
462  1456906758234  0.10540601  -0.34957165  -0.896609
463  1456906758239  0.1028935  -0.3521098  -0.8963167
464  1456906758243  0.1028935  -0.3521098  -0.8963167
465  1456906758266  0.1028935  -0.3521098  -0.8963167
466  1456906758271  0.1028935  -0.3521098  -0.8963167
467  1456906758277  0.1010266  -0.3544073  -0.8961559
468  1456906758282  0.1010266  -0.3544073  -0.8961559
469  1456906758306  0.1010266  -0.3544073  -0.8961559
470  1456906758311  0.1010266  -0.3544073  -0.8961559
471  1456906758316  0.10135101  -0.35518825  -0.89606863
472  1456906758322  0.10135101  -0.35518825  -0.89606863
473  1456906758345  0.10135101  -0.35518825  -0.89606863
474  1456906758350  0.10135101  -0.35518825  -0.89606863
475  1456906758357  0.10246006  -0.3542061  -0.8962627
476  1456906758363  0.10246006  -0.3542061  -0.8962627
477  1456906758389  0.10246006  -0.3542061  -0.8962627
478  1456906758394  0.10246006  -0.3542061  -0.8962627
479  1456906758399  0.10431825  -0.35137135  -0.896784
480  1456906758405  0.10431825  -0.35137135  -0.896784
481  1456906758429  0.10431825  -0.35137135  -0.896784
482  1456906758434  0.10431825  -0.35137135  -0.896784
483  1456906758439  0.105071515  -0.3491425  -0.8969793
484  1456906758445  0.105071515  -0.3491425  -0.8969793
485  1456906758469  0.105071515  -0.3491425  -0.8969793
486  1456906758474  0.105071515  -0.3491425  -0.8969793
487  1456906758481  0.10425536  -0.34914434  -0.89699954
488  1456906758486  0.10425536  -0.34914434  -0.89699954
489  1456906758511  0.10425536  -0.34914434  -0.89699954
490  1456906758517  0.10425536  -0.34914434  -0.89699954
491  1456906758522  0.103492156  -0.35072845  -0.8967958
492  1456906758527  0.103492156  -0.35072845  -0.8967958
493  1456906758551  0.103492156  -0.35072845  -0.8967958
494  1456906758556  0.103492156  -0.35072845  -0.8967958
495  1456906758562  0.1024884  -0.35221863  -0.8968244
496  1456906758568  0.1024884  -0.35221863  -0.8968244
497  1456906758591  0.1024884  -0.35221863  -0.8968244
498  1456906758597  0.1024884  -0.35221863  -0.8968244
499  1456906758603  0.1021019  -0.35348392  -0.8967908
500  1456906758608  0.1021019  -0.35348392  -0.8967908
501  1456906758631  0.1021019  -0.35348392  -0.8967908
502  1456906758638  0.1021019  -0.35348392  -0.8967908
503  1456906758643  0.10288283  -0.3527128  -0.8968633
504  1456906758648  0.10288283  -0.3527128  -0.8968633
505  1456906758654  0.10288283  -0.3527128  -0.8968633
506  1456906758659  0.10288283  -0.3527128  -0.8968633
507  1456906758664  0.10301548  -0.35157114  -0.89716893
508  1456906758669  0.10301548  -0.35157114  -0.89716893
509  1456906758691  0.10301548  -0.35157114  -0.89716893
510  1456906758697  0.10301548  -0.35157114  -0.89716893
511  1456906758702  0.10339125  -0.35101384  -0.897229
512  1456906758728  0.10339125  -0.35101384  -0.897229
513  1456906758733  0.10339125  -0.35101384  -0.897229
514  1456906758739  0.10339125  -0.35101384  -0.897229
515  1456906758746  0.1027586  -0.35064793  -0.8976043
516  1456906758773  0.1027586  -0.35064793  -0.8976043
517  1456906758780  0.1027586  -0.35064793  -0.8976043
518  1456906758785  0.1027586  -0.35064793  -0.8976043
519  1456906758790  0.10074891  -0.35193735  -0.89788085
520  1456906758813  0.10074891  -0.35193735  -0.89788085
521  1456906758818  0.10074891  -0.35193735  -0.89788085
522  1456906758823  0.10074891  -0.35193735  -0.89788085
523  1456906758829  0.0997168  -0.35321856  -0.8982156
524  1456906758852  0.0997168  -0.35321856  -0.8982156
525  1456906758858  0.0997168  -0.35321856  -0.8982156
526  1456906758864  0.0997168  -0.35321856  -0.8982156
527  1456906758870  0.10008351  -0.35289395  -0.89878684
528  1456906758893  0.10008351  -0.35289395  -0.89878684
529  1456906758900  0.10008351  -0.35289395  -0.89878684
530  1456906758907  0.10008351  -0.35289395  -0.89878684
531  1456906758911  0.101988144  -0.35019368  -0.899509
532  1456906758937  0.101988144  -0.35019368  -0.899509
533  1456906758942  0.101988144  -0.35019368  -0.899509
534  1456906758947  0.101988144  -0.35019368  -0.899509
535  1456906758954  0.10248185  -0.34954953  -0.8993748
536  1456906758976  0.10248185  -0.34954953  -0.8993748
537  1456906758982  0.10248185  -0.34954953  -0.8993748
538  1456906758988  0.10248185  -0.34954953  -0.8993748
539  1456906758993  0.10038385  -0.34978837  -0.89953583
540  1456906759016  0.10038385  -0.34978837  -0.89953583
541  1456906759022  0.10038385  -0.34978837  -0.89953583
542  1456906759028  0.10038385  -0.34978837  -0.89953583
543  1456906759033  0.09849526  -0.35063076  -0.89991444
544  1456906759056  0.09849526  -0.35063076  -0.89991444
545  1456906759062  0.09849526  -0.35063076  -0.89991444
546  1456906759067  0.09849526  -0.35063076  -0.89991444
547  1456906759072  0.09846027  -0.3507856  -0.9003144
548  1456906759096  0.09846027  -0.3507856  -0.9003144
549  1456906759101  0.09846027  -0.3507856  -0.9003144
550  1456906759107  0.09846027  -0.3507856  -0.9003144
551  1456906759112  0.09915054  -0.35045642  -0.90051025
552  1456906759136  0.09915054  -0.35045642  -0.90051025
553  1456906759142  0.09915054  -0.35045642  -0.90051025
554  1456906759147  0.09915054  -0.35045642  -0.90051025
555  1456906759153  0.09936489  -0.34949756  -0.90084547
556  1456906759175  0.09936489  -0.34949756  -0.90084547
557  1456906759182  0.09936489  -0.34949756  -0.90084547
558  1456906759187  0.09936489  -0.34949756  -0.90084547
559  1456906759192  0.09884835  -0.34958345  -0.90081936
560  1456906759216  0.09884835  -0.34958345  -0.90081936
561  1456906759221  0.09884835  -0.34958345  -0.90081936
562  1456906759226  0.09884835  -0.34958345  -0.90081936
563  1456906759232  0.09839233  -0.34947896  -0.9010213
564  1456906759255  0.09839233  -0.34947896  -0.9010213
565  1456906759261  0.09839233  -0.34947896  -0.9010213
566  1456906759267  0.09839233  -0.34947896  -0.9010213
567  1456906759273  0.09854266  -0.34959787  -0.9011027
568  1456906759297  0.09854266  -0.34959787  -0.9011027
569  1456906759303  0.09854266  -0.34959787  -0.9011027
570  1456906759309  0.09854266  -0.34959787  -0.9011027
571  1456906759314  0.09890713  -0.34918952  -0.90134627
572  1456906759338  0.09890713  -0.34918952  -0.90134627
573  1456906759343  0.09890713  -0.34918952  -0.90134627
574  1456906759347  0.09890713  -0.34918952  -0.90134627
575  1456906759353  0.0987382  -0.34925932  -0.90143055
576  1456906759378  0.0987382  -0.34925932  -0.90143055
577  1456906759384  0.0987382  -0.34925932  -0.90143055
578  1456906759390  0.0987382  -0.34925932  -0.90143055
579  1456906759395  0.098358124  -0.34928113  -0.90143794
580  1456906759419  0.098358124  -0.34928113  -0.90143794
581  1456906759425  0.098358124  -0.34928113  -0.90143794
582  1456906759431  0.098358124  -0.34928113  -0.90143794
583  1456906759436  0.09851685  -0.3483014  -0.9018559
584  1456906759460  0.09851685  -0.3483014  -0.9018559
585  1456906759466  0.09851685  -0.3483014  -0.9018559
586  1456906759471  0.09851685  -0.3483014  -0.9018559
587  1456906759479  0.09855579  -0.34824973  -0.90197843
588  1456906759484  0.09855579  -0.34824973  -0.90197843
589  1456906759489  0.09855579  -0.34824973  -0.90197843
590  1456906759494  0.09855579  -0.34824973  -0.90197843
591  1456906759499  0.09794498  -0.3485579  -0.90215164
592  1456906759528  0.09794498  -0.3485579  -0.90215164
593  1456906759534  0.09794498  -0.3485579  -0.90215164
594  1456906759538  0.09794498  -0.3485579  -0.90215164
595  1456906759543  0.097331084  -0.34838784  -0.902572
596  1456906759566  0.097331084  -0.34838784  -0.902572
597  1456906759572  0.097331084  -0.34838784  -0.902572
598  1456906759576  0.097331084  -0.34838784  -0.902572
599  1456906759581  0.09790036  -0.34700298  -0.9031128
600  1456906759604  0.09790036  -0.34700298  -0.9031128
601  1456906759609  0.09790036  -0.34700298  -0.9031128
602  1456906759614  0.09790036  -0.34700298  -0.9031128
603  1456906759619  0.09980323  -0.3462296  -0.9029593
604  1456906759646  0.09980323  -0.3462296  -0.9029593
605  1456906759652  0.09980323  -0.3462296  -0.9029593
606  1456906759657  0.09980323  -0.3462296  -0.9029593
607  1456906759662  0.0999437  -0.34619164  -0.90287894
608  1456906759688  0.0999437  -0.34619164  -0.90287894
609  1456906759693  0.0999437  -0.34619164  -0.90287894
610  1456906759698  0.0999437  -0.34619164  -0.90287894
611  1456906759703  0.09846472  -0.3464964  -0.9031065
612  1456906759726  0.09846472  -0.3464964  -0.9031065
613  1456906759731  0.09846472  -0.3464964  -0.9031065
614  1456906759736  0.09846472  -0.3464964  -0.9031065
615  1456906759741  0.097477324  -0.3475297  -0.9030703
616  1456906759765  0.097477324  -0.3475297  -0.9030703
617  1456906759772  0.097477324  -0.3475297  -0.9030703
618  1456906759777  0.097477324  -0.3475297  -0.9030703
619  1456906759782  0.098328814  -0.34658122  -0.90343434
620  1456906759805  0.098328814  -0.34658122  -0.90343434
621  1456906759810  0.098328814  -0.34658122  -0.90343434
622  1456906759816  0.098328814  -0.34658122  -0.90343434
623  1456906759820  0.09916783  -0.34497672  -0.90388983
624  1456906759845  0.09916783  -0.34497672  -0.90388983
625  1456906759851  0.09916783  -0.34497672  -0.90388983
626  1456906759856  0.09916783  -0.34497672  -0.90388983
627  1456906759861  0.09885568  -0.34378803  -0.9043912
628  1456906759885  0.09885568  -0.34378803  -0.9043912
629  1456906759890  0.09885568  -0.34378803  -0.9043912
630  1456906759896  0.09885568  -0.34378803  -0.9043912
631  1456906759901  0.09786371  -0.341622  -0.9055069
632  1456906759926  0.09786371  -0.341622  -0.9055069
633  1456906759931  0.09786371  -0.341622  -0.9055069
634  1456906759936  0.09786371  -0.341622  -0.9055069
635  1456906759941  0.09716977  -0.3397556  -0.9065806
636  1456906759965  0.09716977  -0.3397556  -0.9065806
637  1456906759972  0.09716977  -0.3397556  -0.9065806
638  1456906759976  0.09716977  -0.3397556  -0.9065806
639  1456906759981  0.09681012  -0.33848304  -0.9074555
640  1456906760005  0.09681012  -0.33848304  -0.9074555
641  1456906760010  0.09681012  -0.33848304  -0.9074555
642  1456906760016  0.09681012  -0.33848304  -0.9074555
643  1456906760021  0.09648593  -0.3365665  -0.908583
644  1456906760044  0.09648593  -0.3365665  -0.908583
645  1456906760050  0.09648593  -0.3365665  -0.908583
646  1456906760055  0.09648593  -0.3365665  -0.908583
647  1456906760060  0.096792355  -0.3335995  -0.91025263
648  1456906760087  0.096792355  -0.3335995  -0.91025263
649  1456906760092  0.096792355  -0.3335995  -0.91025263
650  1456906760098  0.096792355  -0.3335995  -0.91025263
651  1456906760103  0.0961266  -0.32991892  -0.9122456
652  1456906760127  0.0961266  -0.32991892  -0.9122456
653  1456906760132  0.0961266  -0.32991892  -0.9122456
654  1456906760136  0.0961266  -0.32991892  -0.9122456
655  1456906760141  0.09606999  -0.32756025  -0.9135123
656  1456906760164  0.09606999  -0.32756025  -0.9135123
657  1456906760170  0.09606999  -0.32756025  -0.9135123
658  1456906760175  0.09606999  -0.32756025  -0.9135123
659  1456906760180  0.0966393  -0.32785976  -0.9136955
660  1456906760204  0.0966393  -0.32785976  -0.9136955
661  1456906760209  0.0966393  -0.32785976  -0.9136955
662  1456906760215  0.0966393  -0.32785976  -0.9136955
663  1456906760220  0.09568174  -0.32757896  -0.9141584
664  1456906760248  0.09568174  -0.32757896  -0.9141584
665  1456906760254  0.09568174  -0.32757896  -0.9141584
666  1456906760259  0.09568174  -0.32757896  -0.9141584
667  1456906760264  0.09492269  -0.32703793  -0.91462666
668  1456906760288  0.09492269  -0.32703793  -0.91462666
669  1456906760293  0.09492269  -0.32703793  -0.91462666
670  1456906760298  0.09492269  -0.32703793  -0.91462666
671  1456906760304  0.093594246  -0.32649946  -0.915201
672  1456906760327  0.093594246  -0.32649946  -0.915201
673  1456906760332  0.093594246  -0.32649946  -0.915201
674  1456906760337  0.093594246  -0.32649946  -0.915201
675  1456906760342  0.091446444  -0.32586867  -0.9160611
676  1456906760366  0.091446444  -0.32586867  -0.9160611
677  1456906760372  0.091446444  -0.32586867  -0.9160611
678  1456906760377  0.091446444  -0.32586867  -0.9160611
679  1456906760382  0.08925854  -0.32351142  -0.91730875
680  1456906760406  0.08925854  -0.32351142  -0.91730875
681  1456906760411  0.08925854  -0.32351142  -0.91730875
682  1456906760417  0.08925854  -0.32351142  -0.91730875
683  1456906760422  0.08754298  -0.31940937  -0.9189444
684  1456906760445  0.08754298  -0.31940937  -0.9189444
685  1456906760450  0.08754298  -0.31940937  -0.9189444
686  1456906760455  0.08754298  -0.31940937  -0.9189444
687  1456906760461  0.08702196  -0.31598842  -0.9197342
688  1456906760488  0.08702196  -0.31598842  -0.9197342
689  1456906760493  0.08702196  -0.31598842  -0.9197342
690  1456906760499  0.08702196  -0.31598842  -0.9197342
691  1456906760504  0.08588054  -0.3138662  -0.92012876
692  1456906760530  0.08588054  -0.3138662  -0.92012876
693  1456906760535  0.08588054  -0.3138662  -0.92012876
694  1456906760540  0.08588054  -0.3138662  -0.92012876
695  1456906760545  0.08436406  -0.31123102  -0.9207944
696  1456906760567  0.08436406  -0.31123102  -0.9207944
697  1456906760573  0.08436406  -0.31123102  -0.9207944
698  1456906760578  0.08436406  -0.31123102  -0.9207944
699  1456906760583  0.082776144  -0.3074085  -0.9219946
700  1456906760606  0.082776144  -0.3074085  -0.9219946
701  1456906760610  0.082776144  -0.3074085  -0.9219946
702  1456906760616  0.082776144  -0.3074085  -0.9219946
703  1456906760621  0.08349181  -0.30403233  -0.9229364
704  1456906760652  0.08349181  -0.30403233  -0.9229364
705  1456906760658  0.08349181  -0.30403233  -0.9229364
706  1456906760662  0.08349181  -0.30403233  -0.9229364
707  1456906760668  0.085608505  -0.3009857  -0.9229128
708  1456906760691  0.085608505  -0.3009857  -0.9229128
709  1456906760696  0.085608505  -0.3009857  -0.9229128
710  1456906760702  0.085608505  -0.3009857  -0.9229128
711  1456906760707  0.08750066  -0.29731578  -0.92258376
712  1456906760730  0.08750066  -0.29731578  -0.92258376
713  1456906760735  0.08750066  -0.29731578  -0.92258376
714  1456906760740  0.08750066  -0.29731578  -0.92258376
715  1456906760745  0.08779583  -0.29993343  -0.92079335
716  1456906760768  0.08779583  -0.29993343  -0.92079335
717  1456906760773  0.08779583  -0.29993343  -0.92079335
718  1456906760779  0.08779583  -0.29993343  -0.92079335
719  1456906760784  0.086835146  -0.30084378  -0.9201823
720  1456906760810  0.086835146  -0.30084378  -0.9201823
721  1456906760815  0.086835146  -0.30084378  -0.9201823
722  1456906760820  0.086835146  -0.30084378  -0.9201823
723  1456906760825  0.08450281  -0.2980467  -0.9211121
724  1456906760848  0.08450281  -0.2980467  -0.9211121
725  1456906760854  0.08450281  -0.2980467  -0.9211121
726  1456906760859  0.08450281  -0.2980467  -0.9211121
727  1456906760865  0.08233361  -0.29775345  -0.9210357
728  1456906760887  0.08233361  -0.29775345  -0.9210357
729  1456906760892  0.08233361  -0.29775345  -0.9210357
730  1456906760898  0.08233361  -0.29775345  -0.9210357
731  1456906760904  0.08053949  -0.29744202  -0.9208786
732  1456906760934  0.08053949  -0.29744202  -0.9208786
733  1456906760940  0.08053949  -0.29744202  -0.9208786
734  1456906760944  0.08053949  -0.29744202  -0.9208786
735  1456906760950  0.07972192  -0.29645222  -0.9212161
736  1456906760972  0.07972192  -0.29645222  -0.9212161
737  1456906760978  0.07972192  -0.29645222  -0.9212161
738  1456906760983  0.07972192  -0.29645222  -0.9212161
739  1456906760988  0.07991422  -0.2985432  -0.9205901
740  1456906761011  0.07991422  -0.2985432  -0.9205901
741  1456906761016  0.07991422  -0.2985432  -0.9205901
742  1456906761022  0.07991422  -0.2985432  -0.9205901
743  1456906761027  0.08064441  -0.30334264  -0.91901165
744  1456906761055  0.08064441  -0.30334264  -0.91901165
745  1456906761061  0.08064441  -0.30334264  -0.91901165
746  1456906761066  0.08064441  -0.30334264  -0.91901165
747  1456906761071  0.08064359  -0.3053764  -0.9185254
748  1456906761093  0.08064359  -0.3053764  -0.9185254
749  1456906761098  0.08064359  -0.3053764  -0.9185254
750  1456906761103  0.08064359  -0.3053764  -0.9185254
751  1456906761108  0.08169641  -0.30698287  -0.91814274
752  1456906761131  0.08169641  -0.30698287  -0.91814274
753  1456906761136  0.08169641  -0.30698287  -0.91814274
754  1456906761141  0.08169641  -0.30698287  -0.91814274
755  1456906761146  0.082528315  -0.30939287  -0.91712624
756  1456906761168  0.082528315  -0.30939287  -0.91712624
757  1456906761174  0.082528315  -0.30939287  -0.91712624
758  1456906761179  0.082528315  -0.30939287  -0.91712624
759  1456906761184  0.08219097  -0.30950028  -0.9172229
760  1456906761207  0.08219097  -0.30950028  -0.9172229
761  1456906761212  0.08219097  -0.30950028  -0.9172229
762  1456906761218  0.08219097  -0.30950028  -0.9172229
763  1456906761223  0.08161837  -0.308883  -0.9173998
764  1456906761249  0.08161837  -0.308883  -0.9173998
765  1456906761255  0.08161837  -0.308883  -0.9173998
766  1456906761260  0.08161837  -0.308883  -0.9173998
767  1456906761265  0.08165357  -0.30931497  -0.9171694
768  1456906761288  0.08165357  -0.30931497  -0.9171694
769  1456906761293  0.08165357  -0.30931497  -0.9171694
770  1456906761299  0.08165357  -0.30931497  -0.9171694
771  1456906761304  0.081633225  -0.30923682  -0.91736597
772  1456906761327  0.081633225  -0.30923682  -0.91736597
773  1456906761332  0.081633225  -0.30923682  -0.91736597
774  1456906761337  0.081633225  -0.30923682  -0.91736597
775  1456906761343  0.082006894  -0.30866683  -0.9176201
776  1456906761365  0.082006894  -0.30866683  -0.9176201
777  1456906761372  0.082006894  -0.30866683  -0.9176201
778  1456906761377  0.082006894  -0.30866683  -0.9176201
779  1456906761382  0.08172993  -0.30870658  -0.91760653
780  1456906761406  0.08172993  -0.30870658  -0.91760653
781  1456906761411  0.08172993  -0.30870658  -0.91760653
782  1456906761417  0.08172993  -0.30870658  -0.91760653
783  1456906761421  0.08104597  -0.30853504  -0.9177374
784  1456906761446  0.08104597  -0.30853504  -0.9177374
785  1456906761452  0.08104597  -0.30853504  -0.9177374
786  1456906761456  0.08104597  -0.30853504  -0.9177374
787  1456906761462  0.08107254  -0.30785543  -0.91793174
788  1456906761485  0.08107254  -0.30785543  -0.91793174
789  1456906761489  0.08107254  -0.30785543  -0.91793174
790  1456906761495  0.08107254  -0.30785543  -0.91793174
791  1456906761500  0.0807891  -0.30755407  -0.9181518
792  1456906761530  0.0807891  -0.30755407  -0.9181518
793  1456906761535  0.0807891  -0.30755407  -0.9181518
794  1456906761539  0.0807891  -0.30755407  -0.9181518
795  1456906761544  0.080914594  -0.3079726  -0.9180561
796  1456906761568  0.080914594  -0.3079726  -0.9180561
797  1456906761573  0.080914594  -0.3079726  -0.9180561
798  1456906761579  0.080914594  -0.3079726  -0.9180561
799  1456906761585  0.08079092  -0.30771613  -0.9181071
800  1456906761609  0.08079092  -0.30771613  -0.9181071
801  1456906761614  0.08079092  -0.30771613  -0.9181071
802  1456906761622  0.08079092  -0.30771613  -0.9181071
803  1456906761627  0.08023808  -0.30694538  -0.9183523
804  1456906761652  0.08023808  -0.30694538  -0.9183523
805  1456906761659  0.08023808  -0.30694538  -0.9183523
806  1456906761663  0.08023808  -0.30694538  -0.9183523
807  1456906761669  0.08029443  -0.30711985  -0.9183939
808  1456906761693  0.08029443  -0.30711985  -0.9183939
809  1456906761698  0.08029443  -0.30711985  -0.9183939
810  1456906761705  0.08029443  -0.30711985  -0.9183939
811  1456906761710  0.08038303  -0.30734384  -0.9184595
812  1456906761734  0.08038303  -0.30734384  -0.9184595
813  1456906761739  0.08038303  -0.30734384  -0.9184595
814  1456906761745  0.08038303  -0.30734384  -0.9184595
815  1456906761750  0.08059833  -0.30709887  -0.91852623
816  1456906761773  0.08059833  -0.30709887  -0.91852623
817  1456906761780  0.08059833  -0.30709887  -0.91852623
818  1456906761785  0.08059833  -0.30709887  -0.91852623
819  1456906761789  0.08070998  -0.30724996  -0.9183851
820  1456906761812  0.08070998  -0.30724996  -0.9183851
821  1456906761818  0.08070998  -0.30724996  -0.9183851
822  1456906761824  0.08070998  -0.30724996  -0.9183851
823  1456906761830  0.08045614  -0.30713487  -0.9184856
824  1456906761853  0.08045614  -0.30713487  -0.9184856
825  1456906761859  0.08045614  -0.30713487  -0.9184856
826  1456906761865  0.08045614  -0.30713487  -0.9184856
827  1456906761871  0.080411844  -0.307248  -0.91857404
828  1456906761894  0.080411844  -0.307248  -0.91857404
829  1456906761902  0.080411844  -0.307248  -0.91857404
830  1456906761908  0.080411844  -0.307248  -0.91857404
831  1456906761913  0.08035329  -0.30777574  -0.91843253
832  1456906761937  0.08035329  -0.30777574  -0.91843253
833  1456906761942  0.08035329  -0.30777574  -0.91843253
834  1456906761947  0.08035329  -0.30777574  -0.91843253
835  1456906761955  0.080696315  -0.30768216  -0.9184088
836  1456906761979  0.080696315  -0.30768216  -0.9184088
837  1456906761985  0.080696315  -0.30768216  -0.9184088
838  1456906761990  0.080696315  -0.30768216  -0.9184088
839  1456906761995  0.08061484  -0.3085593  -0.9180861
840  1456906762020  0.08061484  -0.3085593  -0.9180861
841  1456906762025  0.08061484  -0.3085593  -0.9180861
842  1456906762031  0.08061484  -0.3085593  -0.9180861
843  1456906762036  0.080019474  -0.30880582  -0.91802555
844  1456906762060  0.080019474  -0.30880582  -0.91802555
845  1456906762066  0.080019474  -0.30880582  -0.91802555
846  1456906762072  0.080019474  -0.30880582  -0.91802555
847  1456906762078  0.08030068  -0.30925888  -0.91787213
848  1456906762102  0.08030068  -0.30925888  -0.91787213
849  1456906762107  0.08030068  -0.30925888  -0.91787213
850  1456906762113  0.08030068  -0.30925888  -0.91787213
851  1456906762118  0.080404535  -0.30947328  -0.9178124
852  1456906762126  0.080404535  -0.30947328  -0.9178124
853  1456906762130  0.080404535  -0.30947328  -0.9178124
854  1456906762135  0.080404535  -0.30947328  -0.9178124
855  1456906762141  0.08006872  -0.31050038  -0.9175256
856  1456906762166  0.08006872  -0.31050038  -0.9175256
857  1456906762172  0.08006872  -0.31050038  -0.9175256
858  1456906762178  0.08006872  -0.31050038  -0.9175256
859  1456906762183  0.08027695  -0.31057864  -0.9174203
860  1456906762207  0.08027695  -0.31057864  -0.9174203
861  1456906762212  0.08027695  -0.31057864  -0.9174203
862  1456906762219  0.08027695  -0.31057864  -0.9174203
863  1456906762224  0.0805998  -0.3100403  -0.91764134
864  1456906762248  0.0805998  -0.3100403  -0.91764134
865  1456906762254  0.0805998  -0.3100403  -0.91764134
866  1456906762259  0.0805998  -0.3100403  -0.91764134
867  1456906762265  0.081256375  -0.31022143  -0.9175506
868  1456906762289  0.081256375  -0.31022143  -0.9175506
869  1456906762294  0.081256375  -0.31022143  -0.9175506
870  1456906762300  0.081256375  -0.31022143  -0.9175506
871  1456906762306  0.081568494  -0.31033534  -0.91741294
872  1456906762337  0.081568494  -0.31033534  -0.91741294
873  1456906762343  0.081568494  -0.31033534  -0.91741294
874  1456906762348  0.081568494  -0.31033534  -0.91741294
875  1456906762355  0.081996515  -0.3104906  -0.9173122
876  1456906762378  0.081996515  -0.3104906  -0.9173122
877  1456906762384  0.081996515  -0.3104906  -0.9173122
878  1456906762390  0.081996515  -0.3104906  -0.9173122
879  1456906762396  0.08191701  -0.31229675  -0.9168709
880  1456906762419  0.08191701  -0.31229675  -0.9168709
881  1456906762425  0.08191701  -0.31229675  -0.9168709
882  1456906762431  0.08191701  -0.31229675  -0.9168709
883  1456906762436  0.08100293  -0.3141427  -0.9166631
884  1456906762459  0.08100293  -0.3141427  -0.9166631
885  1456906762465  0.08100293  -0.3141427  -0.9166631
886  1456906762470  0.08100293  -0.3141427  -0.9166631
887  1456906762476  0.0800485  -0.31674385  -0.91638
888  1456906762501  0.0800485  -0.31674385  -0.91638
889  1456906762506  0.0800485  -0.31674385  -0.91638
890  1456906762512  0.0800485  -0.31674385  -0.91638
891  1456906762517  0.08028351  -0.31859505  -0.91595906
892  1456906762541  0.08028351  -0.31859505  -0.91595906
893  1456906762547  0.08028351  -0.31859505  -0.91595906
894  1456906762553  0.08028351  -0.31859505  -0.91595906
895  1456906762558  0.081103496  -0.31776017  -0.91617507
896  1456906762581  0.081103496  -0.31776017  -0.91617507
897  1456906762588  0.081103496  -0.31776017  -0.91617507
898  1456906762593  0.081103496  -0.31776017  -0.91617507
899  1456906762598  0.08190671  -0.3155473  -0.9166209
900  1456906762621  0.08190671  -0.3155473  -0.9166209
901  1456906762626  0.08190671  -0.3155473  -0.9166209
902  1456906762632  0.08190671  -0.3155473  -0.9166209
903  1456906762638  0.082552865  -0.314125  -0.9167226
904  1456906762661  0.082552865  -0.314125  -0.9167226
905  1456906762667  0.082552865  -0.314125  -0.9167226
906  1456906762673  0.082552865  -0.314125  -0.9167226
907  1456906762678  0.08185616  -0.3136695  -0.9168262
908  1456906762701  0.08185616  -0.3136695  -0.9168262
909  1456906762707  0.08185616  -0.3136695  -0.9168262
910  1456906762713  0.08185616  -0.3136695  -0.9168262
911  1456906762719  0.08026081  -0.31497478  -0.91688925
912  1456906762743  0.08026081  -0.31497478  -0.91688925
913  1456906762748  0.08026081  -0.31497478  -0.91688925
914  1456906762753  0.08026081  -0.31497478  -0.91688925
915  1456906762759  0.079311706  -0.31591147  -0.9170117
916  1456906762784  0.079311706  -0.31591147  -0.9170117
917  1456906762789  0.079311706  -0.31591147  -0.9170117
918  1456906762795  0.079311706  -0.31591147  -0.9170117
919  1456906762800  0.08011882  -0.3149706  -0.91731375
920  1456906762806  0.08011882  -0.3149706  -0.91731375
921  1456906762810  0.08011882  -0.3149706  -0.91731375
922  1456906762816  0.08011882  -0.3149706  -0.91731375
923  1456906762820  0.08126192  -0.3145724  -0.917067
924  1456906762848  0.08126192  -0.3145724  -0.917067
925  1456906762854  0.08126192  -0.3145724  -0.917067
926  1456906762859  0.08126192  -0.3145724  -0.917067
927  1456906762864  0.080804534  -0.31345534  -0.91740054
928  1456906762888  0.080804534  -0.31345534  -0.91740054
929  1456906762893  0.080804534  -0.31345534  -0.91740054
930  1456906762902  0.080804534  -0.31345534  -0.91740054
931  1456906762907  0.07959924  -0.3141353  -0.9175491
932  1456906762936  0.07959924  -0.3141353  -0.9175491
933  1456906762941  0.07959924  -0.3141353  -0.9175491
934  1456906762947  0.07959924  -0.3141353  -0.9175491
935  1456906762954  0.079453416  -0.3151211  -0.9174289
936  1456906762977  0.079453416  -0.3151211  -0.9174289
937  1456906762983  0.079453416  -0.3151211  -0.9174289
938  1456906762989  0.079453416  -0.3151211  -0.9174289
939  1456906762994  0.080532014  -0.31415653  -0.91755074
940  1456906763017  0.080532014  -0.31415653  -0.91755074
941  1456906763023  0.080532014  -0.31415653  -0.91755074
942  1456906763029  0.080532014  -0.31415653  -0.91755074
943  1456906763034  0.08105526  -0.31289715  -0.91772157
944  1456906763057  0.08105526  -0.31289715  -0.91772157
945  1456906763063  0.08105526  -0.31289715  -0.91772157
946  1456906763068  0.08105526  -0.31289715  -0.91772157
947  1456906763073  0.07999277  -0.31335676  -0.9176602
948  1456906763098  0.07999277  -0.31335676  -0.9176602
949  1456906763102  0.07999277  -0.31335676  -0.9176602
950  1456906763109  0.07999277  -0.31335676  -0.9176602
951  1456906763114  0.0793397  -0.31428736  -0.91763526
952  1456906763144  0.0793397  -0.31428736  -0.91763526
953  1456906763149  0.0793397  -0.31428736  -0.91763526
954  1456906763154  0.0793397  -0.31428736  -0.91763526
955  1456906763160  0.0804652  -0.31408197  -0.91767234
956  1456906763184  0.0804652  -0.31408197  -0.91767234
957  1456906763189  0.0804652  -0.31408197  -0.91767234
958  1456906763195  0.0804652  -0.31408197  -0.91767234
959  1456906763201  0.08119783  -0.3131218  -0.91789955
960  1456906763206  0.08119783  -0.3131218  -0.91789955
961  1456906763211  0.08119783  -0.3131218  -0.91789955
962  1456906763216  0.08119783  -0.3131218  -0.91789955
963  1456906763221  0.080895625  -0.31300896  -0.9179314
964  1456906763247  0.080895625  -0.31300896  -0.9179314
965  1456906763254  0.080895625  -0.31300896  -0.9179314
966  1456906763259  0.080895625  -0.31300896  -0.9179314
967  1456906763264  0.07986394  -0.31312764  -0.9180135
968  1456906763287  0.07986394  -0.31312764  -0.9180135
969  1456906763292  0.07986394  -0.31312764  -0.9180135
970  1456906763298  0.07986394  -0.31312764  -0.9180135
971  1456906763304  0.0800945  -0.31336993  -0.91796106
972  1456906763328  0.0800945  -0.31336993  -0.91796106
973  1456906763333  0.0800945  -0.31336993  -0.91796106
974  1456906763339  0.0800945  -0.31336993  -0.91796106
975  1456906763345  0.0806202  -0.31389034  -0.91773754
976  1456906763368  0.0806202  -0.31389034  -0.91773754
977  1456906763374  0.0806202  -0.31389034  -0.91773754
978  1456906763380  0.0806202  -0.31389034  -0.91773754
979  1456906763385  0.0802481  -0.31295884  -0.9180841
980  1456906763408  0.0802481  -0.31295884  -0.9180841
981  1456906763413  0.0802481  -0.31295884  -0.9180841
982  1456906763418  0.0802481  -0.31295884  -0.9180841
983  1456906763424  0.07965421  -0.31281465  -0.9181655
984  1456906763448  0.07965421  -0.31281465  -0.9181655
985  1456906763453  0.07965421  -0.31281465  -0.9181655
986  1456906763460  0.07965421  -0.31281465  -0.9181655
987  1456906763466  0.07900869  -0.31233096  -0.91845757
988  1456906763489  0.07900869  -0.31233096  -0.91845757
989  1456906763495  0.07900869  -0.31233096  -0.91845757
990  1456906763501  0.07900869  -0.31233096  -0.91845757
991  1456906763506  0.0794473  -0.3106544  -0.91895837
992  1456906763530  0.0794473  -0.3106544  -0.91895837
993  1456906763535  0.0794473  -0.3106544  -0.91895837
994  1456906763540  0.0794473  -0.3106544  -0.91895837
995  1456906763545  0.07979099  -0.309794  -0.9191981
996  1456906763569  0.07979099  -0.309794  -0.9191981
997  1456906763575  0.07979099  -0.309794  -0.9191981
998  1456906763580  0.07979099  -0.309794  -0.9191981
999  1456906763586  0.079928584  -0.3101881  -0.9190505
1000  1456906763610  0.079928584  -0.3101881  -0.9190505
1001  1456906763615  0.079928584  -0.3101881  -0.9190505
1002  1456906763622  0.079928584  -0.3101881  -0.9190505
1003  1456906763627  0.079280175  -0.31015998  -0.9192031
1004  1456906763653  0.079280175  -0.31015998  -0.9192031
1005  1456906763659  0.079280175  -0.31015998  -0.9192031
1006  1456906763664  0.079280175  -0.31015998  -0.9192031
1007  1456906763670  0.07931402  -0.30983287  -0.91929036
1008  1456906763694  0.07931402  -0.30983287  -0.91929036
1009  1456906763699  0.07931402  -0.30983287  -0.91929036
1010  1456906763705  0.07931402  -0.30983287  -0.91929036
1011  1456906763711  0.0791867  -0.30902034  -0.9195432
1012  1456906763741  0.0791867  -0.30902034  -0.9195432
1013  1456906763746  0.0791867  -0.30902034  -0.9195432
1014  1456906763751  0.0791867  -0.30902034  -0.9195432
1015  1456906763757  0.0793838  -0.30871361  -0.91964275
1016  1456906763781  0.0793838  -0.30871361  -0.91964275
1017  1456906763787  0.0793838  -0.30871361  -0.91964275
1018  1456906763793  0.0793838  -0.30871361  -0.91964275
1019  1456906763798  0.07916672  -0.3075884  -0.92000955
1020  1456906763822  0.07916672  -0.3075884  -0.92000955
1021  1456906763828  0.07916672  -0.3075884  -0.92000955
1022  1456906763834  0.07916672  -0.3075884  -0.92000955
1023  1456906763839  0.07775687  -0.3077243  -0.92011994
1024  1456906763863  0.07775687  -0.3077243  -0.92011994
1025  1456906763870  0.07775687  -0.3077243  -0.92011994
1026  1456906763875  0.07775687  -0.3077243  -0.92011994
1027  1456906763881  0.07674986  -0.30930173  -0.9197394
1028  1456906763887  0.07674986  -0.30930173  -0.9197394
1029  1456906763892  0.07674986  -0.30930173  -0.9197394
1030  1456906763897  0.07674986  -0.30930173  -0.9197394
1031  1456906763902  0.075055905  -0.31023866  -0.919841
1032  1456906763929  0.075055905  -0.31023866  -0.919841
1033  1456906763934  0.075055905  -0.31023866  -0.919841
1034  1456906763940  0.075055905  -0.31023866  -0.919841
1035  1456906763945  0.07666099  -0.3100646  -0.9195916
1036  1456906763969  0.07666099  -0.3100646  -0.9195916
1037  1456906763975  0.07666099  -0.3100646  -0.9195916
1038  1456906763980  0.07666099  -0.3100646  -0.9195916
1039  1456906763985  0.07928094  -0.30868822  -0.9195072
1040  1456906764009  0.07928094  -0.30868822  -0.9195072
1041  1456906764014  0.07928094  -0.30868822  -0.9195072
1042  1456906764021  0.07928094  -0.30868822  -0.9195072
1043  1456906764026  0.08067886  -0.30666524  -0.91980594
1044  1456906764056  0.08067886  -0.30666524  -0.91980594
1045  1456906764062  0.08067886  -0.30666524  -0.91980594
1046  1456906764067  0.08067886  -0.30666524  -0.91980594
1047  1456906764073  0.08012191  -0.30795437  -0.9193111
1048  1456906764097  0.08012191  -0.30795437  -0.9193111
1049  1456906764102  0.08012191  -0.30795437  -0.9193111
1050  1456906764109  0.08012191  -0.30795437  -0.9193111
1051  1456906764114  0.07767951  -0.30994308  -0.91925365
1052  1456906764138  0.07767951  -0.30994308  -0.91925365
1053  1456906764144  0.07767951  -0.30994308  -0.91925365
1054  1456906764149  0.07767951  -0.30994308  -0.91925365
1055  1456906764154  0.07602523  -0.31235164  -0.91896766
1056  1456906764179  0.07602523  -0.31235164  -0.91896766
1057  1456906764185  0.07602523  -0.31235164  -0.91896766
1058  1456906764190  0.07602523  -0.31235164  -0.91896766
1059  1456906764196  0.07494514  -0.31546146  -0.9183261
1060  1456906764219  0.07494514  -0.31546146  -0.9183261
1061  1456906764224  0.07494514  -0.31546146  -0.9183261
1062  1456906764232  0.07494514  -0.31546146  -0.9183261
1063  1456906764237  0.074011825  -0.3171407  -0.91780645
1064  1456906764246  0.074011825  -0.3171407  -0.91780645
1065  1456906764251  0.074011825  -0.3171407  -0.91780645
1066  1456906764256  0.074011825  -0.3171407  -0.91780645
1067  1456906764261  0.071962334  -0.31923562  -0.9173077
1068  1456906764286  0.071962334  -0.31923562  -0.9173077
1069  1456906764291  0.071962334  -0.31923562  -0.9173077
1070  1456906764297  0.071962334  -0.31923562  -0.9173077
1071  1456906764303  0.07050405  -0.32154793  -0.91661245
1072  1456906764331  0.07050405  -0.32154793  -0.91661245
1073  1456906764337  0.07050405  -0.32154793  -0.91661245
1074  1456906764342  0.07050405  -0.32154793  -0.91661245
1075  1456906764347  0.069988094  -0.32275945  -0.91634053
1076  1456906764376  0.069988094  -0.32275945  -0.91634053
1077  1456906764383  0.069988094  -0.32275945  -0.91634053
1078  1456906764388  0.069988094  -0.32275945  -0.91634053
1079  1456906764394  0.07006357  -0.32452136  -0.9158545
1080  1456906764422  0.07006357  -0.32452136  -0.9158545
1081  1456906764428  0.07006357  -0.32452136  -0.9158545
1082  1456906764434  0.07006357  -0.32452136  -0.9158545
1083  1456906764439  0.070679285  -0.326109  -0.9153281
1084  1456906764486  0.070679285  -0.326109  -0.9153281
1085  1456906764492  0.070679285  -0.326109  -0.9153281
1086  1456906764497  0.070679285  -0.326109  -0.9153281
1087  1456906764502  0.070790365  -0.32599682  -0.9154319
1088  1456906764507  0.070790365  -0.32599682  -0.9154319
1089  1456906764512  0.070790365  -0.32599682  -0.9154319
1090  1456906764517  0.070790365  -0.32599682  -0.9154319
1091  1456906764522  0.072291724  -0.3233143  -0.9160878
1092  1456906764546  0.072291724  -0.3233143  -0.9160878
1093  1456906764552  0.072291724  -0.3233143  -0.9160878
1094  1456906764557  0.072291724  -0.3233143  -0.9160878
1095  1456906764562  0.076806575  -0.31642514  -0.9178342
1096  1456906764585  0.076806575  -0.31642514  -0.9178342
1097  1456906764591  0.076806575  -0.31642514  -0.9178342
1098  1456906764596  0.076806575  -0.31642514  -0.9178342
1099  1456906764603  0.08610418  -0.302342  -0.921256
1100  1456906764627  0.08610418  -0.302342  -0.921256
1101  1456906764632  0.08610418  -0.302342  -0.921256
1102  1456906764640  0.08610418  -0.302342  -0.921256
1103  1456906764645  0.09359215  -0.29384905  -0.92257804
1104  1456906764670  0.09359215  -0.29384905  -0.92257804
1105  1456906764677  0.09359215  -0.29384905  -0.92257804
1106  1456906764682  0.09359215  -0.29384905  -0.92257804
1107  1456906764688  0.09794335  -0.292027  -0.92215365
1108  1456906764694  0.09794335  -0.292027  -0.92215365
1109  1456906764699  0.09794335  -0.292027  -0.92215365
1110  1456906764705  0.09794335  -0.292027  -0.92215365
1111  1456906764711  0.096116506  -0.29048294  -0.9225542
1112  1456906764736  0.096116506  -0.29048294  -0.9225542
1113  1456906764742  0.096116506  -0.29048294  -0.9225542
1114  1456906764747  0.096116506  -0.29048294  -0.9225542
1115  1456906764753  0.092732824  -0.28984922  -0.9231718
1116  1456906764778  0.092732824  -0.28984922  -0.9231718
1117  1456906764817  0.092732824  -0.28984922  -0.9231718
1118  1456906764828  0.092732824  -0.28984922  -0.9231718
1119  1456906764841  0.09144207  -0.29133463  -0.9229358
1120  1456906764855  0.09144207  -0.29133463  -0.9229358
1121  1456906764867  0.09144207  -0.29133463  -0.9229358
1122  1456906764881  0.09144207  -0.29133463  -0.9229358
1123  1456906764893  0.0908393  -0.2927187  -0.92280394
1124  1456906764907  0.0908393  -0.2927187  -0.92280394
1125  1456906764921  0.0908393  -0.2927187  -0.92280394
1126  1456906764928  0.0908393  -0.2927187  -0.92280394
1127  1456906764934  0.090894006  -0.293405  -0.9228886
1128  1456906764939  0.090894006  -0.293405  -0.9228886
1129  1456906764944  0.090894006  -0.293405  -0.9228886
1130  1456906764950  0.090894006  -0.293405  -0.9228886
1131  1456906764955  0.090492494  -0.29420686  -0.9228218
1132  1456906764960  0.090492494  -0.29420686  -0.9228218
1133  1456906764965  0.090492494  -0.29420686  -0.9228218
1134  1456906764970  0.090492494  -0.29420686  -0.9228218
1135  1456906764975  0.09000172  -0.2939238  -0.92298824
1136  1456906764980  0.09000172  -0.2939238  -0.92298824
1137  1456906764985  0.09000172  -0.2939238  -0.92298824
1138  1456906764990  0.09000172  -0.2939238  -0.92298824
1139  1456906764995  0.08937321  -0.29407716  -0.92298967
1140  1456906765019  0.08937321  -0.29407716  -0.92298967
1141  1456906765025  0.08937321  -0.29407716  -0.92298967
1142  1456906765031  0.08937321  -0.29407716  -0.92298967
1143  1456906765036  0.08886467  -0.2932456  -0.92331165
1144  1456906765059  0.08886467  -0.2932456  -0.92331165
1145  1456906765065  0.08886467  -0.2932456  -0.92331165
1146  1456906765069  0.08886467  -0.2932456  -0.92331165
1147  1456906765076  0.08827409  -0.29171813  -0.92389196
1148  1456906765100  0.08827409  -0.29171813  -0.92389196
1149  1456906765105  0.08827409  -0.29171813  -0.92389196
1150  1456906765111  0.08827409  -0.29171813  -0.92389196
1151  1456906765116  0.08728254  -0.29046917  -0.92435175
1152  1456906765144  0.08728254  -0.29046917  -0.92435175
1153  1456906765149  0.08728254  -0.29046917  -0.92435175
1154  1456906765154  0.08728254  -0.29046917  -0.92435175
1155  1456906765159  0.08648096  -0.28979075  -0.92465025
1156  1456906765182  0.08648096  -0.28979075  -0.92465025
1157  1456906765188  0.08648096  -0.28979075  -0.92465025
1158  1456906765193  0.08648096  -0.28979075  -0.92465025
1159  1456906765199  0.08617855  -0.29026306  -0.92459995
1160  1456906765223  0.08617855  -0.29026306  -0.92459995
1161  1456906765227  0.08617855  -0.29026306  -0.92459995
1162  1456906765234  0.08617855  -0.29026306  -0.92459995
1163  1456906765239  0.086549744  -0.2915386  -0.92422
1164  1456906765266  0.086549744  -0.2915386  -0.92422
1165  1456906765271  0.086549744  -0.2915386  -0.92422
1166  1456906765276  0.086549744  -0.2915386  -0.92422
1167  1456906765282  0.08684854  -0.29190898  -0.9241759
1168  1456906765308  0.08684854  -0.29190898  -0.9241759
1169  1456906765312  0.08684854  -0.29190898  -0.9241759
1170  1456906765319  0.08684854  -0.29190898  -0.9241759
1171  1456906765324  0.08682738  -0.29335648  -0.923847
1172  1456906765348  0.08682738  -0.29335648  -0.923847
1173  1456906765354  0.08682738  -0.29335648  -0.923847
1174  1456906765359  0.08682738  -0.29335648  -0.923847
1175  1456906765365  0.08713092  -0.29435557  -0.9235757
1176  1456906765388  0.08713092  -0.29435557  -0.9235757
1177  1456906765394  0.08713092  -0.29435557  -0.9235757
1178  1456906765399  0.08713092  -0.29435557  -0.9235757
1179  1456906765404  0.087547176  -0.29418784  -0.9235322
1180  1456906765427  0.087547176  -0.29418784  -0.9235322
1181  1456906765432  0.087547176  -0.29418784  -0.9235322
1182  1456906765439  0.087547176  -0.29418784  -0.9235322
1183  1456906765445  0.08716644  -0.29401577  -0.92361134
1184  1456906765450  0.08716644  -0.29401577  -0.92361134
1185  1456906765456  0.08716644  -0.29401577  -0.92361134
1186  1456906765462  0.08716644  -0.29401577  -0.92361134
1187  1456906765467  0.0871597  -0.2951405  -0.92323273
1188  1456906765491  0.0871597  -0.2951405  -0.92323273
1189  1456906765498  0.0871597  -0.2951405  -0.92323273
1190  1456906765505  0.0871597  -0.2951405  -0.92323273
1191  1456906765510  0.086981334  -0.2958483  -0.92315656
1192  1456906765535  0.086981334  -0.2958483  -0.92315656
1193  1456906765540  0.086981334  -0.2958483  -0.92315656
1194  1456906765546  0.086981334  -0.2958483  -0.92315656
1195  1456906765552  0.08735863  -0.29756856  -0.92257935
1196  1456906765577  0.08735863  -0.29756856  -0.92257935
1197  1456906765585  0.08735863  -0.29756856  -0.92257935
1198  1456906765591  0.08735863  -0.29756856  -0.92257935
1199  1456906765596  0.08722201  -0.29859978  -0.9222891
1200  1456906765621  0.08722201  -0.29859978  -0.9222891
1201  1456906765648  0.08722201  -0.29859978  -0.9222891
1202  1456906765656  0.08722201  -0.29859978  -0.9222891
1203  1456906765661  0.087138414  -0.29847258  -0.9223028
1204  1456906765666  0.087138414  -0.29847258  -0.9223028
1205  1456906765671  0.087138414  -0.29847258  -0.9223028
1206  1456906765676  0.087138414  -0.29847258  -0.9223028
1207  1456906765681  0.08724268  -0.29859114  -0.92215055
1208  1456906765705  0.08724268  -0.29859114  -0.92215055
1209  1456906765710  0.08724268  -0.29859114  -0.92215055
1210  1456906765716  0.08724268  -0.29859114  -0.92215055
1211  1456906765722  0.08677853  -0.29886013  -0.9221477
1212  1456906765747  0.08677853  -0.29886013  -0.9221477
1213  1456906765751  0.08677853  -0.29886013  -0.9221477
1214  1456906765756  0.08677853  -0.29886013  -0.9221477
1215  1456906765763  0.08668174  -0.2986644  -0.92230755
1216  1456906765786  0.08668174  -0.2986644  -0.92230755
1217  1456906765792  0.08668174  -0.2986644  -0.92230755
1218  1456906765797  0.08668174  -0.2986644  -0.92230755
1219  1456906765802  0.08697113  -0.29979408  -0.921935
1220  1456906765827  0.08697113  -0.29979408  -0.921935
1221  1456906765832  0.08697113  -0.29979408  -0.921935
1222  1456906765838  0.08697113  -0.29979408  -0.921935
1223  1456906765842  0.08709005  -0.29906195  -0.9221203
1224  1456906765867  0.08709005  -0.29906195  -0.9221203
1225  1456906765873  0.08709005  -0.29906195  -0.9221203
1226  1456906765878  0.08709005  -0.29906195  -0.9221203
1227  1456906765885  0.08715197  -0.299039  -0.9220999
1228  1456906765909  0.08715197  -0.299039  -0.9220999
1229  1456906765916  0.08715197  -0.299039  -0.9220999
1230  1456906765922  0.08715197  -0.299039  -0.9220999
1231  1456906765927  0.08661553  -0.29876357  -0.9221342
1232  1456906765933  0.08661553  -0.29876357  -0.9221342
1233  1456906765938  0.08661553  -0.29876357  -0.9221342
1234  1456906765943  0.08661553  -0.29876357  -0.9221342
1235  1456906765949  0.08656081  -0.29709822  -0.9227212
1236  1456906765973  0.08656081  -0.29709822  -0.9227212
1237  1456906765979  0.08656081  -0.29709822  -0.9227212
1238  1456906765984  0.08656081  -0.29709822  -0.9227212
1239  1456906765990  0.08695619  -0.29627568  -0.9229581
1240  1456906766014  0.08695619  -0.29627568  -0.9229581
1241  1456906766019  0.08695619  -0.29627568  -0.9229581
1242  1456906766026  0.08695619  -0.29627568  -0.9229581
1243  1456906766031  0.08656157  -0.29627556  -0.9230446
1244  1456906766055  0.08656157  -0.29627556  -0.9230446
1245  1456906766061  0.08656157  -0.29627556  -0.9230446
1246  1456906766066  0.08656157  -0.29627556  -0.9230446
1247  1456906766072  0.086103514  -0.29569834  -0.9233045
1248  1456906766096  0.086103514  -0.29569834  -0.9233045
1249  1456906766101  0.086103514  -0.29569834  -0.9233045
1250  1456906766107  0.086103514  -0.29569834  -0.9233045
1251  1456906766113  0.08603261  -0.29598367  -0.9231948
1252  1456906766137  0.08603261  -0.29598367  -0.9231948
1253  1456906766142  0.08603261  -0.29598367  -0.9231948
1254  1456906766148  0.08603261  -0.29598367  -0.9231948
1255  1456906766154  0.086157516  -0.2966444  -0.92296785
1256  1456906766177  0.086157516  -0.2966444  -0.92296785
1257  1456906766184  0.086157516  -0.2966444  -0.92296785
1258  1456906766189  0.086157516  -0.2966444  -0.92296785
1259  1456906766193  0.086455844  -0.29694957  -0.92281944
1260  1456906766217  0.086455844  -0.29694957  -0.92281944
1261  1456906766222  0.086455844  -0.29694957  -0.92281944
1262  1456906766228  0.086455844  -0.29694957  -0.92281944
1263  1456906766235  0.0864352  -0.2973836  -0.9226554
1264  1456906766259  0.0864352  -0.2973836  -0.9226554
1265  1456906766267  0.0864352  -0.2973836  -0.9226554
1266  1456906766273  0.0864352  -0.2973836  -0.9226554
1267  1456906766279  0.08642054  -0.2979197  -0.92248946
1268  1456906766303  0.08642054  -0.2979197  -0.92248946
1269  1456906766308  0.08642054  -0.2979197  -0.92248946
1270  1456906766314  0.08642054  -0.2979197  -0.92248946
1271  1456906766320  0.08607124  -0.29805863  -0.922519
1272  1456906766346  0.08607124  -0.29805863  -0.922519
1273  1456906766351  0.08607124  -0.29805863  -0.922519
1274  1456906766358  0.08607124  -0.29805863  -0.922519
1275  1456906766364  0.08623938  -0.2981925  -0.92241913
1276  1456906766389  0.08623938  -0.2981925  -0.92241913
1277  1456906766396  0.08623938  -0.2981925  -0.92241913
1278  1456906766401  0.08623938  -0.2981925  -0.92241913
1279  1456906766406  0.08634472  -0.29756403  -0.92266184
1280  1456906766412  0.08634472  -0.29756403  -0.92266184
1281  1456906766418  0.08634472  -0.29756403  -0.92266184
1282  1456906766424  0.08634472  -0.29756403  -0.92266184
1283  1456906766429  0.086744815  -0.29738504  -0.92273897
1284  1456906766473  0.086744815  -0.29738504  -0.92273897
1285  1456906766480  0.086744815  -0.29738504  -0.92273897
1286  1456906766485  0.086744815  -0.29738504  -0.92273897
1287  1456906766490  0.086747475  -0.29611897  -0.9231518
1288  1456906766495  0.086747475  -0.29611897  -0.9231518
1289  1456906766500  0.086747475  -0.29611897  -0.9231518
1290  1456906766506  0.086747475  -0.29611897  -0.9231518
1291  1456906766511  0.08686423  -0.29423153  -0.92372733
1292  1456906766535  0.08686423  -0.29423153  -0.92372733
1293  1456906766540  0.08686423  -0.29423153  -0.92372733
1294  1456906766545  0.08686423  -0.29423153  -0.92372733
1295  1456906766551  0.08691159  -0.29419208  -0.92364293
1296  1456906766575  0.08691159  -0.29419208  -0.92364293
1297  1456906766581  0.08691159  -0.29419208  -0.92364293
1298  1456906766587  0.08691159  -0.29419208  -0.92364293
1299  1456906766592  0.08650684  -0.2935211  -0.92394346
1300  1456906766617  0.08650684  -0.2935211  -0.92394346
1301  1456906766622  0.08650684  -0.2935211  -0.92394346
1302  1456906766628  0.08650684  -0.2935211  -0.92394346
1303  1456906766633  0.08621879  -0.29249412  -0.92418486
1304  1456906766658  0.08621879  -0.29249412  -0.92418486
1305  1456906766664  0.08621879  -0.29249412  -0.92418486
1306  1456906766670  0.08621879  -0.29249412  -0.92418486
1307  1456906766675  0.085553735  -0.28920949  -0.925181
1308  1456906766698  0.085553735  -0.28920949  -0.925181
1309  1456906766703  0.085553735  -0.28920949  -0.925181
1310  1456906766711  0.085553735  -0.28920949  -0.925181
1311  1456906766716  0.08525104  -0.28541362  -0.92619306
1312  1456906766740  0.08525104  -0.28541362  -0.92619306
1313  1456906766745  0.08525104  -0.28541362  -0.92619306
1314  1456906766750  0.08525104  -0.28541362  -0.92619306
1315  1456906766756  0.08431008  -0.28203148  -0.92707413
1316  1456906766780  0.08431008  -0.28203148  -0.92707413
1317  1456906766786  0.08431008  -0.28203148  -0.92707413
1318  1456906766790  0.08431008  -0.28203148  -0.92707413
1319  1456906766796  0.0830568  -0.2757805  -0.92870027
1320  1456906766820  0.0830568  -0.2757805  -0.92870027
1321  1456906766824  0.0830568  -0.2757805  -0.92870027
1322  1456906766831  0.0830568  -0.2757805  -0.92870027
1323  1456906766836  0.081172526  -0.2693658  -0.9306368
1324  1456906766862  0.081172526  -0.2693658  -0.9306368
1325  1456906766868  0.081172526  -0.2693658  -0.9306368
1326  1456906766873  0.081172526  -0.2693658  -0.9306368
1327  1456906766879  0.08040431  -0.2679417  -0.93090874
1328  1456906766906  0.08040431  -0.2679417  -0.93090874
1329  1456906766911  0.08040431  -0.2679417  -0.93090874
1330  1456906766917  0.08040431  -0.2679417  -0.93090874
1331  1456906766922  0.079582565  -0.26581454  -0.93164676
1332  1456906766931  0.079582565  -0.26581454  -0.93164676
1333  1456906766936  0.079582565  -0.26581454  -0.93164676
1334  1456906766942  0.079582565  -0.26581454  -0.93164676
1335  1456906766947  0.07935869  -0.26540112  -0.9318041
1336  1456906766972  0.07935869  -0.26540112  -0.9318041
1337  1456906766977  0.07935869  -0.26540112  -0.9318041
1338  1456906766982  0.07935869  -0.26540112  -0.9318041
1339  1456906766987  0.07927081  -0.2672928  -0.93133205
1340  1456906767012  0.07927081  -0.2672928  -0.93133205
1341  1456906767016  0.07927081  -0.2672928  -0.93133205
1342  1456906767023  0.07927081  -0.2672928  -0.93133205
1343  1456906767029  0.079458944  -0.26981068  -0.9307944
1344  1456906767056  0.079458944  -0.26981068  -0.9307944
1345  1456906767063  0.079458944  -0.26981068  -0.9307944
1346  1456906767068  0.079458944  -0.26981068  -0.9307944
1347  1456906767075  0.08003295  -0.27692288  -0.9287333
1348  1456906767106  0.08003295  -0.27692288  -0.9287333
1349  1456906767113  0.08003295  -0.27692288  -0.9287333
1350  1456906767120  0.08003295  -0.27692288  -0.9287333
1351  1456906767125  0.08060151  -0.28310275  -0.92703515
1352  1456906767150  0.08060151  -0.28310275  -0.92703515
1353  1456906767155  0.08060151  -0.28310275  -0.92703515
1354  1456906767162  0.08060151  -0.28310275  -0.92703515
1355  1456906767168  0.08157099  -0.2877828  -0.9255534
1356  1456906767174  0.08157099  -0.2877828  -0.9255534
1357  1456906767179  0.08157099  -0.2877828  -0.9255534
1358  1456906767185  0.08157099  -0.2877828  -0.9255534
1359  1456906767190  0.08186004  -0.29439873  -0.92329055
1360  1456906767215  0.08186004  -0.29439873  -0.92329055
1361  1456906767220  0.08186004  -0.29439873  -0.92329055
1362  1456906767227  0.08186004  -0.29439873  -0.92329055
1363  1456906767233  0.08105788  -0.2963186  -0.9226528
1364  1456906767258  0.08105788  -0.2963186  -0.9226528
1365  1456906767286  0.08105788  -0.2963186  -0.9226528
1366  1456906767292  0.08105788  -0.2963186  -0.9226528
1367  1456906767297  0.08163311  -0.29486257  -0.9232486
1368  1456906767302  0.08163311  -0.29486257  -0.9232486
1369  1456906767307  0.08163311  -0.29486257  -0.9232486
1370  1456906767312  0.08163311  -0.29486257  -0.9232486
1371  1456906767317  0.0822164  -0.29491097  -0.923134
1372  1456906767341  0.0822164  -0.29491097  -0.923134
1373  1456906767346  0.0822164  -0.29491097  -0.923134
1374  1456906767351  0.0822164  -0.29491097  -0.923134
1375  1456906767357  0.08247243  -0.29515207  -0.92297226
1376  1456906767391  0.08247243  -0.29515207  -0.92297226
1377  1456906767398  0.08247243  -0.29515207  -0.92297226
1378  1456906767404  0.08247243  -0.29515207  -0.92297226
1379  1456906767409  0.081407554  -0.29292136  -0.9238016
1380  1456906767415  0.081407554  -0.29292136  -0.9238016
1381  1456906767420  0.081407554  -0.29292136  -0.9238016
1382  1456906767425  0.081407554  -0.29292136  -0.9238016
1383  1456906767430  0.08025181  -0.2916342  -0.9241827
1384  1456906767435  0.08025181  -0.2916342  -0.9241827
1385  1456906767459  0.08025181  -0.2916342  -0.9241827
1386  1456906767464  0.08025181  -0.2916342  -0.9241827
1387  1456906767470  0.07963188  -0.29051417  -0.9244563
1388  1456906767475  0.07963188  -0.29051417  -0.9244563
1389  1456906767498  0.07963188  -0.29051417  -0.9244563
1390  1456906767504  0.07963188  -0.29051417  -0.9244563
1391  1456906767509  0.07955662  -0.28684473  -0.92562455
1392  1456906767515  0.07955662  -0.28684473  -0.92562455
1393  1456906767538  0.07955662  -0.28684473  -0.92562455
1394  1456906767543  0.07955662  -0.28684473  -0.92562455
1395  1456906767550  0.07974799  -0.2829439  -0.9268357
1396  1456906767555  0.07974799  -0.2829439  -0.9268357
1397  1456906767584  0.07974799  -0.2829439  -0.9268357
1398  1456906767589  0.07974799  -0.2829439  -0.9268357
1399  1456906767593  0.07935164  -0.28296077  -0.92660576
1400  1456906767599  0.07935164  -0.28296077  -0.92660576
1401  1456906767624  0.07935164  -0.28296077  -0.92660576
1402  1456906767630  0.07935164  -0.28296077  -0.92660576
1403  1456906767635  0.07856189  -0.2779461  -0.9282915
1404  1456906767641  0.07856189  -0.2779461  -0.9282915
1405  1456906767665  0.07856189  -0.2779461  -0.9282915
1406  1456906767671  0.07856189  -0.2779461  -0.9282915
1407  1456906767677  0.07969546  -0.2737674  -0.9291442
1408  1456906767682  0.07969546  -0.2737674  -0.9291442
1409  1456906767706  0.07969546  -0.2737674  -0.9291442
1410  1456906767712  0.07969546  -0.2737674  -0.9291442
1411  1456906767716  0.07919271  -0.27266073  -0.92960936
1412  1456906767722  0.07919271  -0.27266073  -0.92960936
1413  1456906767746  0.07919271  -0.27266073  -0.92960936
1414  1456906767751  0.07919271  -0.27266073  -0.92960936
1415  1456906767757  0.07802965  -0.2728514  -0.9299182
1416  1456906767762  0.07802965  -0.2728514  -0.9299182
1417  1456906767787  0.07802965  -0.2728514  -0.9299182
1418  1456906767794  0.07802965  -0.2728514  -0.9299182
1419  1456906767801  0.07794568  -0.27260202  -0.9299236
1420  1456906767808  0.07794568  -0.27260202  -0.9299236
1421  1456906767835  0.07794568  -0.27260202  -0.9299236
1422  1456906767841  0.07794568  -0.27260202  -0.9299236
1423  1456906767847  0.077298515  -0.27253854  -0.9298627
1424  1456906767852  0.077298515  -0.27253854  -0.9298627
1425  1456906767875  0.077298515  -0.27253854  -0.9298627
1426  1456906767881  0.077298515  -0.27253854  -0.9298627
1427  1456906767889  0.07712336  -0.2724194  -0.92992
1428  1456906767894  0.07712336  -0.2724194  -0.92992
1429  1456906767900  0.07712336  -0.2724194  -0.92992
1430  1456906767906  0.07712336  -0.2724194  -0.92992
1431  1456906767911  0.077765465  -0.27652073  -0.92858666
1432  1456906767918  0.077765465  -0.27652073  -0.92858666
1433  1456906767943  0.077765465  -0.27652073  -0.92858666
1434  1456906767948  0.077765465  -0.27652073  -0.92858666
1435  1456906767957  0.07892063  -0.2816884  -0.92713886
1436  1456906767962  0.07892063  -0.2816884  -0.92713886
1437  1456906767989  0.07892063  -0.2816884  -0.92713886
1438  1456906767994  0.07892063  -0.2816884  -0.92713886
1439  1456906767999  0.07983481  -0.2862177  -0.9256421
1440  1456906768006  0.07983481  -0.2862177  -0.9256421
1441  1456906768031  0.07983481  -0.2862177  -0.9256421
1442  1456906768038  0.07983481  -0.2862177  -0.9256421
1443  1456906768044  0.08072888  -0.29001623  -0.9242123
1444  1456906768049  0.08072888  -0.29001623  -0.9242123
1445  1456906768075  0.08072888  -0.29001623  -0.9242123
1446  1456906768080  0.08072888  -0.29001623  -0.9242123
1447  1456906768108  0.080711536  -0.29448092  -0.9227447
1448  1456906768113  0.080711536  -0.29448092  -0.9227447
1449  1456906768118  0.080711536  -0.29448092  -0.9227447
1450  1456906768123  0.080711536  -0.29448092  -0.9227447
1451  1456906768128  0.08070661  -0.29678774  -0.92221147
1452  1456906768133  0.08070661  -0.29678774  -0.92221147
1453  1456906768138  0.08070661  -0.29678774  -0.92221147
1454  1456906768144  0.08070661  -0.29678774  -0.92221147
1455  1456906768149  0.08016397  -0.2994811  -0.9215551
1456  1456906768154  0.08016397  -0.2994811  -0.9215551
1457  1456906768180  0.08016397  -0.2994811  -0.9215551
1458  1456906768185  0.08016397  -0.2994811  -0.9215551
1459  1456906768190  0.080373056  -0.3025353  -0.9206367
1460  1456906768195  0.080373056  -0.3025353  -0.9206367
1461  1456906768218  0.080373056  -0.3025353  -0.9206367
1462  1456906768224  0.080373056  -0.3025353  -0.9206367
1463  1456906768229  0.080497526  -0.30366617  -0.92005175
1464  1456906768234  0.080497526  -0.30366617  -0.92005175
1465  1456906768258  0.080497526  -0.30366617  -0.92005175
1466  1456906768263  0.080497526  -0.30366617  -0.92005175
1467  1456906768269  0.07980529  -0.30182815  -0.92047733
1468  1456906768274  0.07980529  -0.30182815  -0.92047733
1469  1456906768302  0.07980529  -0.30182815  -0.92047733
1470  1456906768308  0.07980529  -0.30182815  -0.92047733
1471  1456906768313  0.0782428  -0.30100834  -0.92064637
1472  1456906768318  0.0782428  -0.30100834  -0.92064637
1473  1456906768342  0.0782428  -0.30100834  -0.92064637
1474  1456906768347  0.0782428  -0.30100834  -0.92064637
1475  1456906768354  0.07702269  -0.2989806  -0.92138845
1476  1456906768359  0.07702269  -0.2989806  -0.92138845
1477  1456906768383  0.07702269  -0.2989806  -0.92138845
1478  1456906768388  0.07702269  -0.2989806  -0.92138845
1479  1456906768393  0.07741133  -0.29456252  -0.9227683
1480  1456906768399  0.07741133  -0.29456252  -0.9227683
1481  1456906768421  0.07741133  -0.29456252  -0.9227683
1482  1456906768428  0.07741133  -0.29456252  -0.9227683
1483  1456906768433  0.07845986  -0.29057705  -0.9238464
1484  1456906768438  0.07845986  -0.29057705  -0.9238464
1485  1456906768461  0.07845986  -0.29057705  -0.9238464
1486  1456906768466  0.07845986  -0.29057705  -0.9238464
1487  1456906768472  0.07814083  -0.2844224  -0.92580634
1488  1456906768477  0.07814083  -0.2844224  -0.92580634
1489  1456906768501  0.07814083  -0.2844224  -0.92580634
1490  1456906768507  0.07814083  -0.2844224  -0.92580634
1491  1456906768511  0.07837571  -0.2790264  -0.927162
1492  1456906768517  0.07837571  -0.2790264  -0.927162
1493  1456906768540  0.07837571  -0.2790264  -0.927162
1494  1456906768545  0.07837571  -0.2790264  -0.927162
1495  1456906768552  0.07678929  -0.27689534  -0.9277192
1496  1456906768557  0.07678929  -0.27689534  -0.9277192
1497  1456906768584  0.07678929  -0.27689534  -0.9277192
1498  1456906768589  0.07678929  -0.27689534  -0.9277192
1499  1456906768594  0.07560431  -0.2769428  -0.928173
1500  1456906768599  0.07560431  -0.2769428  -0.928173
1501  1456906768623  0.07560431  -0.2769428  -0.928173
1502  1456906768629  0.07560431  -0.2769428  -0.928173
1503  1456906768635  0.075132355  -0.27953887  -0.9276077
1504  1456906768640  0.075132355  -0.27953887  -0.9276077
1505  1456906768664  0.075132355  -0.27953887  -0.9276077
1506  1456906768670  0.075132355  -0.27953887  -0.9276077
1507  1456906768677  0.07610877  -0.28076464  -0.927059
1508  1456906768682  0.07610877  -0.28076464  -0.927059
1509  1456906768707  0.07610877  -0.28076464  -0.927059
1510  1456906768714  0.07610877  -0.28076464  -0.927059
1511  1456906768719  0.07695129  -0.28097826  -0.9267251
1512  1456906768726  0.07695129  -0.28097826  -0.9267251
1513  1456906768751  0.07695129  -0.28097826  -0.9267251
1514  1456906768758  0.07695129  -0.28097826  -0.9267251
1515  1456906768765  0.076221034  -0.27960765  -0.9271384
1516  1456906768770  0.076221034  -0.27960765  -0.9271384
1517  1456906768795  0.076221034  -0.27960765  -0.9271384
1518  1456906768801  0.076221034  -0.27960765  -0.9271384
1519  1456906768806  0.07613438  -0.27982533  -0.927291
1520  1456906768813  0.07613438  -0.27982533  -0.927291
1521  1456906768818  0.07613438  -0.27982533  -0.927291
1522  1456906768824  0.07613438  -0.27982533  -0.927291
1523  1456906768830  0.0767506  -0.27989298  -0.92735654
1524  1456906768835  0.0767506  -0.27989298  -0.92735654
1525  1456906768859  0.0767506  -0.27989298  -0.92735654
1526  1456906768865  0.0767506  -0.27989298  -0.92735654
1527  1456906768872  0.07721652  -0.27846324  -0.9276201
1528  1456906768877  0.07721652  -0.27846324  -0.9276201
1529  1456906768923  0.07721652  -0.27846324  -0.9276201
1530  1456906768931  0.07721652  -0.27846324  -0.9276201
1531  1456906768941  0.07889086  -0.2768718  -0.92770773
1532  1456906768947  0.07889086  -0.2768718  -0.92770773
1533  1456906768956  0.07889086  -0.2768718  -0.92770773
1534  1456906768960  0.07889086  -0.2768718  -0.92770773
1535  1456906768966  0.07837009  -0.27672744  -0.9275225
1536  1456906768971  0.07837009  -0.27672744  -0.9275225
1537  1456906768995  0.07837009  -0.27672744  -0.9275225
1538  1456906769000  0.07837009  -0.27672744  -0.9275225
1539  1456906769006  0.07670311  -0.27705276  -0.92769235
1540  1456906769012  0.07670311  -0.27705276  -0.92769235
1541  1456906769035  0.07670311  -0.27705276  -0.92769235
1542  1456906769042  0.07670311  -0.27705276  -0.92769235
1543  1456906769047  0.07712162  -0.27740055  -0.928019
1544  1456906769052  0.07712162  -0.27740055  -0.928019
1545  1456906769058  0.07712162  -0.27740055  -0.928019
1546  1456906769063  0.07712162  -0.27740055  -0.928019
1547  1456906769069  0.076581426  -0.27896392  -0.9277558
1548  1456906769073  0.076581426  -0.27896392  -0.9277558
1549  1456906769098  0.076581426  -0.27896392  -0.9277558
1550  1456906769105  0.076581426  -0.27896392  -0.9277558
1551  1456906769112  0.07608184  -0.27827692  -0.92806226
1552  1456906769118  0.07608184  -0.27827692  -0.92806226
1553  1456906769148  0.07608184  -0.27827692  -0.92806226
1554  1456906769153  0.07608184  -0.27827692  -0.92806226
1555  1456906769159  0.07457816  -0.28225017  -0.92681175
1556  1456906769165  0.07457816  -0.28225017  -0.92681175
1557  1456906769190  0.07457816  -0.28225017  -0.92681175
1558  1456906769196  0.07457816  -0.28225017  -0.92681175
1559  1456906769201  0.07513506  -0.2833442  -0.9264603
1560  1456906769207  0.07513506  -0.2833442  -0.9264603
1561  1456906769233  0.07513506  -0.2833442  -0.9264603
1562  1456906769239  0.07513506  -0.2833442  -0.9264603
1563  1456906769244  0.07589655  -0.28215134  -0.9270218
1564  1456906769250  0.07589655  -0.28215134  -0.9270218
