1  1456111660755  0.7375866887271134  -0.41162153002087887  0.5352883284803194
2  1456111660759  -0.02532357532098639  0.8474357311996468  0.5302937662115781
3  1456111661117  0.0123)  0.8717843687516416  0.4897332491442179
4  1456111661156  0.07747449356719249  0.898797541593751  0.4314634089698193
5  1456111661188  0.1564033847686157  0.9134109078054409  0.37579043473323703
6  1456111661377  0.20741838635582655  0.9133570350991116  0.35036641777260347
7  1456111661445  0.2148270946298121  0.9104811225912135  0.3533742618614677
8  1456111661448  0.206944756550266  0.9069019802160334  0.36701861791151824
9  1456111661456  0.19185042817263165  0.9039473562236688  0.3821943858907788
10  1456111661516  0.16893619896208312  0.8988613631011604  0.4043622672757057
11  1456111661584  0.13233509207500815  0.8840499767409005  0.44826673129528727
12  1456111661695  0.07341143102848147  0.8509470009179654  0.5200961125277033
13  1456111661800  0.006212644189077299  0.8066013555545958  0.5910631998916367
14  1456111661908  -0.05050966079092055  0.7658773853629484  0.6409996928184426
15  1456111662013  -0.0742889517699763  0.7463566808476371  0.6613871235478304
16  1456111662120  -0.06529343004346844  0.7456337449824744  0.6631494062457031
17  1456111662228  -0.0504742314632336  0.7538379024773159  0.6551188227048199
18  1456111662334  -0.07056677022018298  0.772610881417079  0.6309459198662288
19  1456111662444  -0.12179318260898109  0.8205858028768179  0.5583953499593337
20  1456111662551  0.10958086199229633  0.9037054644994755  0.4138942520204312
21  1456111662660  0.9910708726402304  -0.006281748214233218  0.13318818797321264
22  1456111662770  0.9548145431811044  -0.17373812926730192  -0.24113123629912891
23  1456111662889  0.901141124031259  -0.016607291989335415  -0.43320763654046957
24  1456111662994  0.8395340487341691  0.02346640643637965  -0.5428000585565336
25  1456111663099  0.7718023494729884  -0.018367503067127755  -0.6355971746455209
26  1456111663205  0.708338034082022  -0.09360033971739318  -0.6996400545575026
27  1456111663319  0.6430610430540469  -0.15998414133557737  -0.7489175985562024
28  1456111663596  -0.3699807032901603  -0.17809163771123337  -0.9118100925118853
29  1456111663701  -0.20464154892484387  -0.40505181957611747  -0.8910975521933331
30  1456111663808  0.19313704376423235  -0.37406401077254564  -0.907069015070034
31  1456111663923  0.4144131900869361  -0.2625878246448572  -0.8713835791288087
32  1456111664029  0.5138801446811669  -0.19092795640547156  -0.836345451106979
33  1456111664134  0.5620113883341773  -0.10923002153369321  -0.8198853587849051
34  1456111664239  0.5814039702423868  -0.026040407581356673  -0.8131982052264686
35  1456111664345  0.5968230730953721  0.04269198688649212  -0.8012363018730682
36  1456111664457  0.6321346741103628  0.10946555369510169  -0.7670873772078304
37  1456111664726  0.6768406530060211  0.18330629435316248  -0.7129414653956871
38  1456111664729  0.6960348474353992  0.22790173083211585  -0.6808790607436439
39  1456111664825  0.683268278304773  0.20631063374690317  -0.7004144428324004
40  1456111664932  0.6676829116796519  0.13070489561209708  -0.7328818204827847
41  1456111665052  0.6954758303340327  0.11644097160079525  -0.7090520870628136
42  1456111665162  0.7352221146398783  0.17341744886354338  -0.6552670029584746
43  1456111665272  0.7562566571677003  0.26387703506861815  -0.5987025770833689
44  1456111665382  0.7617957455512183  0.3679366392879384  -0.5331883877605179
45  1456111665489  0.7596613096580445  0.4623387555662042  -0.45733748331418056
46  1456111665596  0.7556668311306609  0.5251012391769532  -0.39145409412372345
47  1456111665707  0.7489990989382882  0.5774341099084941  -0.3249156978250909
48  1456111665812  0.7307010907085427  0.6434688328859854  -0.22808724950161974
49  1456111665918  0.7063019565472359  0.6987939356838417  -0.1132456637514423
50  1456111666024  0.7227560650530336  0.6887022640441387  -0.05755789513994358
51  1456111666129  0.7864547241922839  0.6127868356999739  -0.07733849940765758
52  1456111666240  0.8575550972848784  0.4950664223495629  -0.13967274273788277
53  1456111666345  0.892336933595935  0.40263173778151273  -0.20401585609500827
54  1456111666459  0.9019985586960324  0.32405602461803973  -0.28528281194505567
55  1456111666565  0.8920985192984432  0.19997927842747742  -0.40517716478826316
56  1456111666672  0.8138388200050102  -0.05471568373370128  -0.5785089173383673
57  1456111666780  0.6678528100358319  -0.19367101568059208  -0.7186544105565081
58  1456111666885  0.6217997799217301  -0.15423752247207417  -0.7678384078211753
59  1456111666991  0.6378289529790862  -0.06247540982746519  -0.767639922038424
60  1456111667106  0.6454479384332892  0.024235654035388743  -0.7634196695290392
61  1456111667211  0.6230366530739255  0.0655554858253482  -0.7794407012996987
62  1456111667325  0.6054510907112096  0.06448990516111852  -0.793265421978731
63  1456111667430  0.6486593651012154  0.12156499131509801  -0.7513075129008913
64  1456111667542  0.7282252253494139  0.26353810496694874  -0.6326418294123242
65  1456111667649  0.7806224230128418  0.3810460931173685  -0.49541145802452924
66  1456111667757  0.814935432959631  0.4553925334498301  -0.3584660162074069
67  1456111667869  0.8404371001267705  0.5065298727199146  -0.1925953337075157
68  1456111667981  0.7346619157810004  0.6684166802374669  0.11615084888686233
69  1456111668089  -0.12843734932285145  0.7809279030923619  0.6112736297012873
70  1456111668194  -0.5122187704237859  0.41642708307400866  0.7511460341913505
71  1456111668299  -0.5063117650302864  0.31061668161008793  0.8044660366928582
72  1456111668409  -0.3965890835754067  0.35201836374642426  0.8478208778626453
73  1456111668517  -0.29221878933030965  0.41566707036997275  0.8612950087355387
74  1456111668630  -0.24370352129007244  0.45167665666929135  0.8582521756417236
75  1456111668741  -0.23849209209988942  0.4532611135203588  0.8588805763398142
76  1456111668851  -0.23285037070543524  0.4373562708012946  0.8686197135696538
77  1456111668962  -0.21330376948727903  0.4228834956823979  0.8807219004979885
78  1456111669088  -0.18740076344069223  0.42641572245590975  0.884901435520348
79  1456111669199  -0.17415184919408233  0.44314281097318187  0.8793722851835852
80  1456111669310  -0.16736526308258703  0.45585903859580323  0.8741746869769536
81  1456111669422  -0.15097394886122117  0.4538112687336362  0.8782153090492812
82  1456111669537  -0.1346385349813204  0.44238403242128044  0.8866616353819552
83  1456111669657  -0.14979913015367785  0.4307467072193081  0.8899536800760437
84  1456111669773  -0.16805914846028003  0.42989831182436333  0.8870983677175204
85  1456111669888  -0.17602282764826782  0.4332599166541007  0.8839127444855492
86  1456111670002  -0.1715488982633815  0.43762961226742547  0.8826388509231293
87  1456111670119  -0.17194423762310151  0.4393318690922694  0.8817157491920113
88  1456111670225  -0.1486208371966775  0.4481485050749914  0.8815184700469878
89  1456111670333  -0.14359119177944635  0.44585278456972244  0.883513933943636
90  1456111670438  -0.1476611079427954  0.43960489091941923  0.8859704651240605
91  1456111670545  -0.17424382090575463  0.4359467855386141  0.8829436380837343
92  1456111670651  -0.23560660171717984  0.4433823828958303  0.8648130571170469
93  1456111670762  -0.3275375384109491  0.4774719667094407  0.815315663832143
94  1456111670869  -0.3777173644879319  0.5888259643969525  0.714572267843181
95  1456111670976  0.5588462870539028  0.678308131819116  0.4770628451173895
96  1456111671109  0.7167279051346078  -0.6846615845644894  -0.13243725350043078
97  1456111671224  0.6635324638964923  -0.595390981433082  -0.4530278673891477
98  1456111671329  0.6124967835019759  -0.5125176295701421  -0.6018084155043706
99  1456111671436  0.5779738892276782  -0.4556367247706523  -0.6770091260843056
100  1456111671546  0.5937655906427208  -0.3708087221804454  -0.7141031544931922
101  1456111671658  0.6261684677449413  -0.21060513606230996  -0.7507053527612548
102  1456111671777  0.5735586105466361  -0.10365400531373048  -0.8125800684353452
103  1456111671883  0.5074887859105046  -0.10143621492095367  -0.855666889707297
104  1456111671996  0.4932305638802177  -0.15302929045498104  -0.8563326727917584
105  1456111672101  0.521531843166466  -0.17269891962465062  -0.8355714327265784
106  1456111672208  0.5640875494601225  -0.1302487036445248  -0.8153775265983967
107  1456111672319  0.5955579486746139  -0.041830183907691554  -0.8022225186651148
108  1456111672425  0.6000604265462641  0.04587806178037823  -0.7986380219617786
109  1456111672531  0.5820888093906849  0.09404200404355012  -0.8076686909474633
110  1456111672637  0.5558757534387766  0.09666272129367193  -0.8256261066377046
111  1456111672742  0.5369254122651963  0.06956622191383244  -0.8407565872162861
112  1456111672853  0.5331394732612775  0.03966859590041616  -0.8450968634296299
113  1456111672957  0.5379146120382714  0.03443999982926127  -0.8422955274335946
114  1456111673065  0.5431543129940444  0.05754931854494427  -0.837658327969641
115  1456111673172  0.5463996801466404  0.09388372213662088  -0.8322458979236576
116  1456111673280  0.5465243213428241  0.12086258301940056  -0.8286756946453457
117  1456111673391  0.5415309725592294  0.1259181357405339  -0.8311972254420681
118  1456111673496  0.53393051335674  0.11571805358979681  -0.8375724099570312
119  1456111673607  0.5297976710677474  0.1020874615027123  -0.8419575835796884
120  1456111673716  0.533346460869689  0.09722518909651545  -0.8402909071677014
121  1456111673827  0.537888509197769  0.10292294604534113  -0.836709515090361
122  1456111673944  0.537791170259748  0.11211416137913588  -0.835590253011937
123  1456111674053  0.5416824747488587  0.12297601748928266  -0.8315389361756953
124  1456111674163  0.5651503505217903  0.1548033320430413  -0.8103338922967964
125  1456111674272  0.6084124115909848  0.23741601574027338  -0.7572766776921567
126  1456111674384  0.649687966633337  0.35821715332656967  -0.6705117437850019
127  1456111674503  0.6844989228109206  0.4773056988646134  -0.551035849209299
128  1456111674612  0.7312600788422579  0.5357440753196405  -0.4221812280656785
129  1456111674718  0.7937081396989321  0.5618253320761202  -0.23319452716878786
130  1456111674822  0.7881367193347399  0.6052659901687807  0.11177468399765544
131  1456111674928  0.35825495785171313  0.7043653341736928  0.6127991624586784
132  1456111675038  -0.2078887144538335  0.5376470260622872  0.8171401428293272
133  1456111675141  -0.376390093845842  0.38743401472888905  0.8415612493733153
134  1456111675249  -0.3382150714590608  0.36498784869631606  0.8674067114401893
135  1456111675358  -0.21720804386375647  0.39308428821233843  0.8934794209656793
136  1456111675468  -0.1063821213447973  0.4060685242827651  0.907629441084886
137  1456111675579  -0.06363970597709923  0.40571140261038785  0.9117830267492018
138  1456111675687  -0.08017201766263327  0.40625645458278736  0.9102352452742934
139  1456111675811  -0.11952595625914952  0.4070602822022824  0.9055470723138761
140  1456111675901  -0.14725982110808644  0.40693395483281236  0.9015094172419751
141  1456111676012  -0.1497982814276213  0.40899122027332435  0.9001592373216276
142  1456111676126  -0.13709958002367983  0.4137131521943429  0.9000250931840021
143  1456111676242  -0.12356974365755491  0.4192572145847464  0.8994186672900497
144  1456111676350  -0.11326604187245692  0.42413975303643436  0.8984855275684644
145  1456111676460  -0.10810901233202941  0.42678082703992537  0.8978700270440996
146  1456111676573  -0.10902015662453124  0.4242837346563162  0.8989426607646003
147  1456111676674  -0.11074438130052044  0.41787310826281754  0.9017304228460432
148  1456111676783  -0.11476104121058484  0.4110256908512433  0.9043714984213125
149  1456111676891  -0.13340897294003895  0.41016292902272156  0.9022020230588979
150  1456111677001  -0.17396200850859245  0.42427183825658865  0.8886678978363314
151  1456111677112  -0.2058616925588126  0.47190638284718744  0.8572778571713116
152  1456111677223  -0.10003434934090549  0.5852166670067893  0.804682865500336
153  1456111677332  0.3862696610943557  0.5885617246599972  0.7102047342740496
154  1456111677442  0.830442269822516  0.13411996706371077  0.5407194361135463
155  1456111677551  0.9264346721059127  -0.2061008355618048  0.31502579956616117
156  1456111677658  0.9117751755215338  -0.4096210943461909  0.029607164914153827
157  1456111677768  0.7676300001979568  -0.5468274767572541  -0.3342512433274658
158  1456111677873  0.5768788904512121  -0.5454890892936808  -0.6079904598687662
159  1456111677980  0.4660028469458002  -0.4981108538362488  -0.7312502470384592
160  1456111678093  0.5112069122085527  -0.3981612043821014  -0.7616660347686972
161  1456111678203  0.6073364692416989  -0.1808911550772247  -0.7735766299228568
162  1456111678310  0.5913669516396141  -0.026956526041811868  -0.8059519061892049
163  1456111678413  0.527271564590384  -0.005848628270784806  -0.8496766965781202
164  1456111678521  0.48074120797816455  -0.056501013781512954  -0.8750402981366507
165  1456111678629  0.48519909322588717  -0.09578811094402195  -0.8691412290138887
166  1456111678738  0.5254930138431728  -0.08233576515102503  -0.8468045310698207
167  1456111678856  0.5681237742809593  -0.021149697660420408  -0.8226712986339955
168  1456111678965  0.5795318827547042  0.03565540718963067  -0.8141692006817074
169  1456111679082  0.56087478586009  0.053207994118637636  -0.8261890698931609
170  1456111679190  0.5335460496638529  0.037306214228372214  -0.8449478429289998
171  1456111679300  0.5140571037879447  0.004415423826408249  -0.8577445982280807
172  1456111679412  0.5111449198209517  -0.00)  -0.8594557859658947
173  1456111679520  0.5214788566529975  0.007394455803375166  -0.8532321613343155
174  1456111679630  0.5365117653414213  0.03227289691836943  -0.8432755104077447
175  1456111679738  0.5466458854872354  0.04568828154209226  -0.8361165316489236
176  1456111679847  0.5491835950767925  0.04500674726223153  -0.8344889315129147
177  1456111679962  0.5480713170794278  0.03613774691559901  -0.8356505794489442
178  1456111680081  0.5462359746852439  0.030422595526774288  -0.837078686641282
179  1456111680192  0.5414741818240536  0.032680658184825795  -0.8400819497271925
180  1456111680302  0.5414317474669108  0.04608372198788557  -0.8394807630465735
181  1456111680412  0.5596514908780215  0.07583349481398027  -0.8252511648004983
182  1456111680524  0.5919092465783287  0.11512680593478186  -0.7977400893590971
183  1456111680634  0.6235150734007373  0.14369259778688703  -0.7684929252003778
184  1456111680744  0.6481611949068409  0.15245972654601658  -0.7460851733952083
185  1456111680854  0.6592912343325885  0.1407044481475781  -0.738604998260211
186  1456111680963  0.6548992778375968  0.11681384453330579  -0.7466334123489524
187  1456111681082  0.6406357771609077  0.0889325388309341  -0.7626773942071194
188  1456111681191  0.6332985556952195  0.06836842416969002  -0.7708817646152362
189  1456111681307  0.639366185101105  0.06922406975919437  -0.765779931102907
190  1456111681416  0.6491299693772881  0.07649738799396477  -0.7568212702629289
191  1456111681527  0.6482622976283441  0.06472475669133204  -0.7586611266992058
192  1456111681653  0.6396526605305155  0.039540592658326545  -0.7676464088387149
193  1456111681771  0.6531773148841822  0.06818169148862285  -0.7541290725442487
194  1456111681877  0.6811364683840502  0.15261269389718635  -0.7160743560054446
195  1456111681983  0.7082554693643779  0.2616402419624826  -0.6556817504786325
196  1456111682088  0.7325154024533092  0.36143900622283365  -0.5768734869566501
197  1456111682198  0.7638389948462265  0.4439630343780463  -0.4684514840913234
198  1456111682303  0.803094808520374  0.49852479464638044  -0.326361373839557
199  1456111682408  0.8263839370048984  0.5496649894407142  -0.12230283706258582
200  1456111682515  0.7527206600652789  0.6353563409433587  0.172435248469597
201  1456111682620  0.4141362199899743  0.7475117709731051  0.5193432321505003
202  1456111682729  -0.11318000393493932  0.6463352025286273  0.7546132386710731
203  1456111682835  -0.36960452364306207  0.4366089541299294  0.820222610055076
204  1456111682940  -0.40750610570522383  0.3389656622255668  0.8479628371017043
205  1456111683046  -0.34930363361741  0.3402227231589503  0.8730609841659529
206  1456111683154  -0.24759654862098124  0.38213641256016384  0.8903189004901204
207  1456111683260  -0.15454133862868957  0.4132798446244408  0.8973944261350084
208  1456111683367  -0.10972133355405234  0.42322827861705026  0.89935483497052
209  1456111683472  -0.11305069535397294  0.4204636964925035  0.9002387631916342
210  1456111683579  -0.13713563345242363  0.4102824956504989  0.9015886437332679
211  1456111683685  -0.1582642836043533  0.3984852766841014  0.9034168278975017
212  1456111683797  -0.167938948552246  0.3911238022964021  0.9048859945468344
213  1456111683905  -0.16266827646903437  0.3916590009256993  0.9056170535022812
214  1456111684016  -0.14821589935613844  0.3966232446129174  0.9059371548704185
215  1456111684128  -0.13424123502585772  0.40196365335067874  0.9057618755435293
216  1456111684259  -0.12847408774428715  0.4038346134595088  0.9057660265418495
217  1456111684347  -0.12930775091354008  0.40184486221973614  0.9065319738922568
218  1456111684455  -0.13256380335887386  0.39951248139886886  0.9070923813984013
219  1456111684563  -0.13706123540942272  0.39789275227020404  0.9071359522089573
220  1456111684673  -0.14294477120423466  0.3951629395836278  0.9074211217530035
221  1456111684786  -0.15171990344436992  0.3959824439043027  0.9056373750051137
222  1456111684902  -0.16255518799809465  0.41710609084930717  0.8942026581023654
223  1456111685019  -0.15812918676765975  0.4721756922242477  0.8672054181993136
224  1456111685128  -0.10401546242988857  0.5484541167029722  0.8296859609475042
225  1456111685237  0.06931886939188203  0.6188670612285581  0.7824311607057304
226  1456111685347  0.47459336161770693  0.5452049875592273  0.6910229230436506
227  1456111685464  0.9027979941488553  -0.058839254889313075  0.4260208616610157
228  1456111685571  0.8551092529809132  -0.5184025071108449  -0.0068565403436302574
229  1456111685676  0.7130098491751395  -0.5891348764996418  -0.38018028811641
230  1456111685782  0.608377518871245  -0.5314477259441178  -0.5894405049811655
231  1456111685887  0.5750470224575457  -0.45563630525308246  -0.6794972252927591
232  1456111686002  0.5989591657842661  -0.35227001818004405  -0.7191340292318731
233  1456111686111  0.6276776033806151  -0.18939495220228064  -0.755083027499019
234  1456111686221  0.5819085197048643  -0.08987622988749133  -0.8082726880823605
235  1456111686329  0.5149412477462629  -0.0816236176435669  -0.853330590512476
236  1456111686438  0.49265264404870024  -0.10781617021861489  -0.8635213065975798
237  1456111686552  0.5292480346226469  -0.10422287850417433  -0.8420416328352918
238  1456111686661  0.5760806530314113  -0.06439998957846149  -0.8148519622245374
239  1456111686770  0.6033608474015217  -0.00)  -0.7974235922919419
240  1456111686878  0.6010797590462928  0.026248781547817623  -0.7987578648993168
241  1456111686990  0.5776435023913393  0.020442280748826258  -0.8160331445298237
242  1456111687100  0.55386961518888  -0.00)  -0.8325616857976215
243  1456111687210  0.5467052938408337  -0.026279034863008865  -0.8369126195885421
244  1456111687319  0.5571677024787238  -0.015557*  -0.830254235534083
245  1456111687428  0.5716632232041867  0.01063122*  -0.8204194853523674
246  1456111687538  0.579009045701234  0.029935299956109107  -0.8147713805522807
247  1456111687653  0.5750613337683852  0.028352146555459257  -0.8176188690832138
248  1456111687762  0.5660243903476747  0.016212329602126596  -0.8242290620849602
249  1456111687871  0.5598797500190678  0.0075436230528627135  -0.8285395316627642
250  1456111687981  0.5600907650688356  0.00)  -0.8283894877708216
251  1456111688092  0.5622736226158995  0.01166*  -0.8268689060411294
252  1456111688202  0.5622584574432707  0.01143*  -0.8268824432048323
253  1456111688426  0.5636820320989315  0.005963305047160361  -0.8259703448423892
254  1456111688535  0.5675467292120313  0.007448119022132937  -0.8233075004409596
255  1456111688644  0.5777447995756599  0.017711501567310606  -0.8160252759160982
256  1456111688754  0.6067652863024087  0.05950328164867358  -0.7926507692832696
257  1456111688863  0.6550890682363164  0.14938063433990512  -0.7406373880235639
258  1456111688971  0.7002442114890997  0.25520165227057134  -0.666730944905467
259  1456111689086  0.7403450133447524  0.35067358453604314  -0.5735131355080547
260  1456111689195  0.7821331870187915  0.4213400424704927  -0.4590645156414599
261  1456111689306  0.8200789441395457  0.4944228604822314  -0.28812596292608816
262  1456111689423  0.7943692636155646  0.6073820790368991  -0.00)
263  1456111689528  0.5542748594406746  0.7542422888680596  0.3519915171085195
264  1456111689633  0.050493162246748824  0.7417037199216672  0.6688243393073972
265  1456111689742  -0.28254720798457633  0.5248828093011824  0.8029103856665287
266  1456111689851  -0.3698808573286865  0.3761671075561841  0.8495212726208958
267  1456111689962  -0.3332531159757224  0.3369792091438484  0.8805608496755113
268  1456111690078  -0.24008053456943657  0.36147680453719744  0.9009416801297672
269  1456111690188  -0.15001810512639935  0.3910358824032878  0.9080669247532569
270  1456111690296  -0.09678642769724988  0.40744356689811845  0.9080870364999747
271  1456111690405  -0.09445841303905667  0.4119286202488688  0.9063069966983264
272  1456111690516  -0.11912791754308216  0.4087957235908455  0.9048174775917346
273  1456111690626  -0.1403063459858327  0.40350142245071563  0.9041574772303509
274  1456111690736  -0.14707146595988796  0.40138428445904495  0.9040247098235774
275  1456111690845  -0.14323978662223347  0.4030572932891374  0.9038955345236488
276  1456111690953  -0.13687398404930207  0.40520733379218843  0.9039206098425758
277  1456111691080  -0.13406254068595302  0.4056796470818478  0.9041301195945195
278  1456111691194  -0.13652620611472344  0.4045073461665254  0.9042867171979339
279  1456111691304  -0.13826280027112503  0.401789925061542  0.9052337819231226
280  1456111691413  -0.13774443280258808  0.39811888050595723  0.9069331850653803
281  1456111691522  -0.13870325288868735  0.39579095173128565  0.9078055793581044
282  1456111691644  -0.14200752835444064  0.3938453594718885  0.9081407982191543
283  1456111691772  -0.1411692902738011  0.390413947659499  0.9097516935109518
284  1456111691878  -0.13647192547008302  0.3885321288402901  0.9112728168385438
285  1456111691983  -0.13442519721149004  0.38932976511776385  0.9112366425282747
286  1456111692089  -0.1518640435674854  0.39128792600932893  0.9076514057990188
287  1456111692199  -0.2138649529638066  0.395708610045026  0.8931273944742237
288  1456111692304  -0.29499313691726314  0.4189440589232305  0.8587578231858313
289  1456111692409  -0.30877865287894224  0.5209273266413303  0.7957954924443129
290  1456111692514  0.004183077724622564  0.7325185763056039  0.680734201903082
291  1456111692620  0.8113334062740485  0.3061914146112166  0.4979808548314768
292  1456111692730  0.9428595957383017  -0.10782360703395355  0.31526148344669913
293  1456111692836  0.9736786282272014  -0.10290649361586279  0.2033720442427729
294  1456111692941  0.9875282527776506  0.03497786307305972  0.15350732025510183
295  1456111693049  0.9637587347087582  0.2204641690904401  0.150215488722651
296  1456111693158  0.9019487423748487  0.39563884016891215  0.17308509144534412
297  1456111693269  0.8201593496525845  0.5348566264721724  0.2031429983554851
298  1456111693447  0.7457202026779797  0.6246797440306544  0.23168205579276702
299  1456111693492  0.7277469498116247  0.6394882613572797  0.2478692561238951
300  1456111693605  0.7813242360243713  0.5764980073592829  0.2391284470341759
301  1456111693714  0.8387070604340394  0.4988828164257466  0.21837215678100108
302  1456111693828  0.8762108617348758  0.4388435518545588  0.1991754144818998
303  1456111693937  0.896554952937052  0.402728119809896  0.1843888552490789
304  1456111694049  0.9124765091819498  0.37447977177638236  0.16477730534936796
305  1456111694158  0.9323197053736436  0.3357852570320361  0.13426911660282315
306  1456111694267  0.9585935503371985  0.26891910038627564  0.09370639584394524
307  1456111694382  0.9808996150912179  0.18648971718556862  0.055294819368178594
308  1456111694495  0.9919219508728894  0.12411119047309693  0.026215578186864263
309  1456111694616  0.9973406708728856  -0.001594862976329381  -0.07286323942181028
310  1456111694719  0.8960511688334805  -0.28232139426592084  -0.34261775570813313
311  1456111694824  0.6716853758609878  -0.4400659890408977  -0.595970368538076
312  1456111694934  0.5003861468021338  -0.4589059101982166  -0.7341791809028386
313  1456111695037  0.4795906167122965  -0.39375705314294385  -0.7841863448507642
314  1456111695146  0.5161435809872827  -0.2690398816654746  -0.8131502600120855
315  1456111695254  0.5120849362598143  -0.12378445871986443  -0.8499684877059561
316  1456111695363  0.4592703781308938  -0.04696473913511778  -0.8870541350612919
317  1456111695473  0.43160215855938766  -0.03027762484470009  -0.9015557902549087
318  1456111695582  0.4600184077742231  -0.023377012607854297  -0.8876015907680448
319  1456111695690  0.5071975727811822  -0.0036779087308442815  -0.8618219619336385
320  1456111695798  0.5375898231378251  0.027271259321435926  -0.8427653571148443
321  1456111695907  0.5416591924093375  0.05863590576294442  -0.838550623702341
322  1456111696022  0.5212477132501148  0.06908631793925574  -0.8506044344877819
323  1456111696130  0.49374009610443803  0.05601681044194068  -0.8678034581719003
324  1456111696239  0.47606474630871887  0.03055082009132537  -0.8788794023038022
325  1456111696347  0.47590271110087734  0.02072455155793261  -0.8792537111758669
326  1456111696464  0.48739413213509764  0.037160239828640584  -0.8723910131702635
327  1456111696587  0.4978984172690666  0.06182442559672263  -0.8650288479679533
328  1456111696702  0.5003213407008751  0.06929448251271614  -0.863062468257044
329  1456111696810  0.49545302426494686  0.0588439756388448  -0.8666393130838834
330  1456111696919  0.4877189369185402  0.04258083906780641  -0.8719616528671992
331  1456111697030  0.48621440706556296  0.03583744691762808  -0.8731043551334343
332  1456111697142  0.49908654672137853  0.04965612592466456  -0.8651282529095297
333  1456111697251  0.527797339378945  0.09475175837869404  -0.8440687560297122
334  1456111697361  0.5713612439317277  0.18829461381484136  -0.7988062886599696
335  1456111697478  0.6182442515340494  0.3186518794498976  -0.7184949765070039
336  1456111697588  0.6602249456889666  0.4200989662238621  -0.6225912775467286
337  1456111697698  0.7126542793549895  0.4854039202996805  -0.5064651200045196
338  1456111697807  0.7833333184833648  0.52345047804838  -0.33524395198418233
339  1456111697917  0.8024717034828015  0.5966516054275708  -0.0067808166899183675
340  1456111698024  0.3709393993795025  0.7175964384273017  0.5894567750543565
341  1456111698129  -0.19261317009269874  0.4576158692342993  0.8680367465024261
342  1456111698239  -0.36436009391986346  0.27564337413862816  0.8895293338567782
343  1456111698343  -0.36483468544210496  0.26164558290733453  0.8935531454942733
344  1456111698473  -0.2918403016190503  0.34460822736970176  0.8922300125214662
345  1456111698564  -0.19561246450711423  0.4338246608235048  0.8795066848382902
346  1456111698673  -0.13267808348648202  0.47256710541148905  0.8712501779952362
347  1456111698783  -0.10959012907719057  0.46862854577281343  0.876571286405806
348  1456111698891  -0.09984549474418358  0.45145079040123637  0.8866922138716511
349  1456111699001  -0.09936816418553107  0.43899534304323407  0.892977628885486
350  1456111699119  -0.113384907530655  0.4337739822558113  0.8938589984090033
351  1456111699229  -0.1345000242754839  0.4331797064253946  0.8912154706987483
352  1456111699342  -0.1512789078123049  0.43615172772108934  0.887066170622445
353  1456111699450  -0.1549427917053947  0.437390192797416  0.8858230432373659
354  1456111699558  -0.14976836474492394  0.43479264484359614  0.8879892045618423
355  1456111699667  -0.14710348450407196  0.4342323050771313  0.8887085818004987
356  1456111699775  -0.15110157393534962  0.4413416105153285  0.8845258224565384
357  1456111699892  -0.1563526463913707  0.4495904134761366  0.8794443065349089
358  1456111700001  -0.15117540706786414  0.45018115961213123  0.8800471092242432
359  1456111700110  -0.14549215422110962  0.4459710212486634  0.8831432067026626
360  1456111700218  -0.14413982640238387  0.4456936553626569  0.8835048555978826
361  1456111700329  -0.14282775442833184  0.4478594730385588  0.8826223348850348
362  1456111700442  -0.13796872929394866  0.4464154838892007  0.8841255100164407
363  1456111700550  -0.1317006273635748  0.4434520160325066  0.8865693993466728
364  1456111700658  -0.12475131035588305  0.44437841281848645  0.8871104664042448
365  1456111700766  -0.1266889414015573  0.4466779271276762  0.8856797900641595
366  1456111700875  -0.15991990216213914  0.4445157701329592  0.8813803313646957
367  1456111700993  -0.2061294688023967  0.46989184498082537  0.8583194314162945
368  1456111701101  -0.14255233804451706  0.5844848477044673  0.79878422923424
369  1456111701211  0.41388406886425066  0.6098917169099876  0.675819543408887
370  1456111701322  0.8472722350500845  0.13180068973349535  0.51454666777596
371  1456111701430  0.9207236300069965  -0.019892383190048157  0.3897078925432709
372  1456111701539  0.9517163107376234  0.02517266663310025  0.3059450805428128
373  1456111701645  0.9448445209233824  0.19858322202619405  0.26044879915794183
374  1456111701755  0.9432617178862905  0.22044437993071764  0.24831759018248079
375  1456111701861  0.6078647986940808  0.7489000379079689  0.2639110985561981
376  1456111701967  0.5367149346997238  0.7925159731986566  0.2895780954574896
377  1456111702080  0.5865781353889048  0.7499887694579408  0.30568429601762226
378  1456111702187  0.6610675972333446  0.6840985434622073  0.3082188408150621
379  1456111702292  0.709174005090599  0.6348215979115173  0.30671448233548304
380  1456111702399  0.7269116205846782  0.6152606072422688  0.30504722036070575
381  1456111702508  0.7284281373128607  0.6142398976597203  0.30348290225689567
382  1456111702622  0.7251184473421759  0.6165471409360819  0.30671306799788667
383  1456111702730  0.7219443914295844  0.6167267986638565  0.31375839340227074
384  1456111702838  0.7229439116805967  0.6130534786087389  0.3186182142173699
385  1456111702947  0.727387489308505  0.6063178853568487  0.32138153578983797
386  1456111703053  0.7314933925695453  0.5991586913273268  0.32546307757919024
387  1456111703162  0.7328404805328184  0.5957664355217787  0.3286443643535826
388  1456111703270  0.7321297645211402  0.5969229584378641  0.32812947414376836
389  1456111703379  0.7294667673851603  0.6005314319626673  0.3274754959269419
390  1456111703488  0.727832876954043  0.6007000372703848  0.3307851751051558
391  1456111703596  0.7213620147487294  0.6054340342650277  0.3362832624907064
392  1456111703708  0.7135567300221641  0.6129234841563391  0.3393546405048511
393  1456111703817  0.7106271792251633  0.6168265385814875  0.338428853213415
394  1456111703925  0.7151486701982428  0.6126576619945068  0.336471432734168
395  1456111704033  0.7193863254942698  0.6080721032816567  0.3357554100207132
396  1456111704143  0.7196769885341432  0.6078940420765198  0.3354546477073388
397  1456111704356  0.7142000079783948  0.6140422548407916  0.335962030842925
398  1456111704464  0.7136510409842174  0.6141082567704217  0.33700627317907106
399  1456111704573  0.7152410990531948  0.6120256126789279  0.3374238330252286
400  1456111704681  0.7182353540811448  0.6086378290308703  0.3371912666214065
401  1456111704791  0.7210059708007925  0.6047169252554141  0.33833087624398317
402  1456111704903  0.7224057288482211  0.6019359233229948  0.34029851497357555
403  1456111705011  0.721943292505248  0.6018937073917001  0.3413530655063699
404  1456111705121  0.7181909891175238  0.605640649407639  0.3426383750164277
405  1456111705230  0.7114641623460773  0.6123817563032075  0.34468428930915884
406  1456111705338  0.7083167358094542  0.6158066084623073  0.34506459253269384
407  1456111705452  0.7150288230747783  0.6090662697617848  0.34317945012326945
408  1456111705561  0.7260867721320601  0.5950035135972049  0.34462850771152276
409  1456111705669  0.727156771035574  0.5869964602631432  0.3559188645241811
410  1456111705779  0.7114187560035319  0.5913613579796886  0.37970401660389186
411  1456111705889  0.6813840202362735  0.6048612573424403  0.41213907240863623
412  1456111706003  0.6340445786716238  0.6281746545094959  0.45098117108965496
413  1456111706112  0.5584674972129084  0.6641529462248315  0.4970059279326646
414  1456111706218  0.41905575559973585  0.7131385878581966  0.5619835981558481
415  1456111706322  0.19010423799723597  0.735044079501991  0.6508229894182698
416  1456111706430  -0.09747926319878886  0.6529448780177232  0.7511063798104729
417  1456111706542  -0.30308532338684024  0.4789114156903862  0.8238829948820747
418  1456111706662  -0.3511566890936617  0.36495190665202326  0.862263905352906
419  1456111706771  -0.3037768559215053  0.35621782146491565  0.88364501513459
420  1456111706880  -0.22224346793568373  0.3925177492585794  0.892489584769379
421  1456111706989  -0.16073924404589945  0.42204952800426554  0.8922090625138974
422  1456111707104  -0.1304930937582629  0.4348347132466408  0.8910052094424934
423  1456111707214  -0.1731347691998657  0.41734842704517927  0.8921012077366584
424  1456111707331  -0.18573882391688556  0.4059862048531926  0.8948052025743554
425  1456111707440  -0.18660470594408451  0.40271980115944217  0.8961001759228342
426  1456111707549  -0.18817551813110178  0.40827953891710234  0.8932512880692034
427  1456111707662  -0.19059829779376436  0.419084066005488  0.8877166580064202
428  1456111707771  -0.18925667229562748  0.42365315118059765  0.8858328916941467
429  1456111707879  -0.1853126184700642  0.4202770284324622  0.8882716187787736
430  1456111707988  -0.18243313836681452  0.41739940961340505  0.8902224168501967
431  1456111708104  -0.18001347856425198  0.4183796064992187  0.8902548665693093
432  1456111708212  -0.1764265895077468  0.41926562355384345  0.8905559878813474
433  1456111708323  -0.17126288546261748  0.42082020126505704  0.8908306774311612
434  1456111708431  -0.16328815592019552  0.4247160949897708  0.890479246937975
435  1456111708540  -0.15491062901240227  0.42646112117920776  0.8911417893093869
436  1456111708649  -0.15012797493379715  0.42375853023596033  0.8932470404099053
437  1456111708762  -0.15106835808174424  0.4197382472394793  0.894985012911242
438  1456111708870  -0.15611236992816657  0.4163151290184821  0.8957179925411225
439  1456111708997  -0.15688645803722956  0.4117754867430632  0.8976790077690229
440  1456111709104  -0.15015642480809888  0.41023167077349765  0.8995349242313395
441  1456111709217  -0.14401520651308175  0.4157158464043986  0.8980199959823807
442  1456111709327  -0.14954636489174433  0.42295473354868296  0.8937254810201551
443  1456111709442  -0.15825456994035392  0.42434495477104317  0.891564246100689
444  1456111709561  -0.1593673530273918  0.42016228980435955  0.8933452329548377
445  1456111709667  -0.15504301669109566  0.4201785313066333  0.8940982170837302
446  1456111709773  -0.14972858132010458  0.4252396633189477  0.8926099397042506
447  1456111709881  -0.1440761176775318  0.4279931696099526  0.8922241405278086
448  1456111709986  -0.13834022116192912  0.4243669807150656  0.8948600865708904
449  1456111710091  -0.13611209892466114  0.4187738251449922  0.897831784069087
450  1456111710196  -0.1404634767755688  0.4145603563387361  0.8991161102440639
451  1456111710311  -0.1482812245257108  0.41065992384477656  0.8996505087280013
452  1456111710419  -0.15429120756198955  0.4075220602520231  0.9000666883785478
453  1456111710524  -0.15896253320545384  0.40712063276328525  0.8994352037011879
454  1456111710629  -0.16821752320198158  0.4100539251030977  0.8964143019929693
455  1456111710734  -0.1854820990831687  0.4168415689642293  0.8898536153820107
456  1456111710839  -0.2028210802710504  0.4309529114175614  0.8792855764603758
457  1456111710949  -0.1979243256445038  0.4629327034839088  0.8640134301702957
458  1456111711052  -0.14371384380410746  0.5150005423170114  0.8450566358503213
459  1456111711162  0.006757608420404182  0.5818315274188715  0.8132812770689668
460  1456111711270  0.3348836493126299  0.5821156929053224  0.7409415176662808
461  1456111711379  0.7570670740582841  0.30965529934421254  0.5752938450392175
462  1456111711497  0.949187955556205  -0.20083217369886963  0.2422987049360863
463  1456111711606  0.8613837572460454  -0.483278460533473  -0.15639675086586635
464  1456111711719  0.7036882984168749  -0.5280665372776088  -0.4753614522242895
465  1456111711826  0.6147626428442692  -0.46237213905294183  -0.6389670554636098
466  1456111711932  0.594547942183707  -0.37038368205405126  -0.713672664747268
467  1456111712039  0.6103526812283775  -0.243632677849642  -0.7537325280205738
468  1456111712147  0.5998399901179496  -0.11376638156010088  -0.7919906566221258
469  1456111712255  0.5473223451387597  -0.058963067657574086  -0.83484226251039
470  1456111712363  0.5031541778017576  -0.05811368900106717  -0.8622404931365564
471  1456111712472  0.5011531972500674  -0.06236509087234654  -0.8631083762280953
472  1456111712584  0.5305982904152255  -0.04342338425421688  -0.8465104059968223
473  1456111712692  0.5599157477109191  -0.0060934826278968846  -0.8285271449555509
474  1456111712800  0.5723845307237809  0.03048918957975033  -0.8194183088289617
475  1456111712908  0.5659204660591168  0.04666597383607596  -0.82313808494815
476  1456111713018  0.5478808982124619  0.03839501237825704  -0.8356747822479633
477  1456111713121  0.531707282706499  0.02291037358176884  -0.8466182602749504
478  1456111713230  0.5278355751698598  0.018214338036612432  -0.8491512526834497
479  1456111713338  0.5361257360891099  0.031264622976689305  -0.8435589581157235
480  1456111713446  0.5458825730527685  0.04938419210164757  -0.8364050569054973
481  1456111713555  0.5496195918937161  0.05736670278286571  -0.8334430756899884
482  1456111713672  0.5456237715588212  0.04998033434626237  -0.8365385015571225
483  1456111713780  0.5388552261564818  0.037967460251569385  -0.8415423442667844
484  1456111713888  0.5356396153469483  0.029448152675332295  -0.8439330578488597
485  1456111713996  0.5388009774808609  0.0293596230501727  -0.841921327583222
486  1456111714110  0.5437737701502101  0.033130991211095306  -0.838577620889545
487  1456111714223  0.5450594623466607  0.0358465102113128  -0.8376307150297375
488  1456111714331  0.5444633375082493  0.03758359102238962  -0.8379422086944164
489  1456111714441  0.5480852359974975  0.04392912465179144  -0.835268107601761
490  1456111714550  0.562895697599961  0.0644641711644034  -0.8240102027117606
491  1456111714660  0.5935038393655248  0.11065192207226193  -0.7971883911695912
492  1456111714772  0.6379624938266133  0.18890147483817277  -0.7465387367356904
493  1456111714882  0.6834309109284966  0.2812870942788501  -0.6736466004558235
494  1456111714993  0.7266513936127126  0.3786681107663199  -0.5732261531796894
495  1456111715102  0.7675800405230113  0.45783127173437244  -0.4485659738543539
496  1456111715211  0.806001847962234  0.5209676350354107  -0.28098710834349383
497  1456111715322  0.8135943503310941  0.5806378050444181  -0.0303965105072308
498  1456111715431  0.6740448758814104  0.6614408811483612  0.328876071092953
499  1456111715539  0.2398473905695333  0.6791943450819122  0.6936629838237529
500  1456111715645  -0.1521072372282788  0.5191289389943563  0.8410520588245571
501  1456111715750  -0.2952498264824168  0.40562486397200104  0.8650410540813311
502  1456111715859  -0.2883963151739657  0.39299210700618215  0.8731464486789022
503  1456111715962  -0.21350276960419023  0.4183381614462851  0.8828418361725241
504  1456111716078  -0.11460179957814631  0.43203279780197246  0.8945468802842349
505  1456111716187  -0.05914352400026246  0.42603746083883287  0.9027702308100416
506  1456111716296  -0.05327296307910956  0.4191923680885168  0.9063330981233619
507  1456111716412  -0.07547893551428864  0.41529825175678425  0.9065485528413255
508  1456111716520  -0.09160618575483959  0.41247786881326487  0.9063500292768953
509  1456111716628  -0.0962266504990712  0.41331798616483084  0.9054880913223577
510  1456111716737  -0.09542181266508543  0.41795532966914095  0.9034423099321103
511  1456111716848  -0.09102949867074805  0.42192243751330505  0.9020505090298432
512  1456111716962  -0.08430244899254546  0.42205435127868185  0.9026423553822251
513  1456111717078  -0.07747527738810511  0.4208597013017652  0.9038112077233222
514  1456111717193  -0.06988174056496987  0.4207923864533347  0.9044613330918381
515  1456111717312  -0.06058760704525312  0.4205048091924759  0.9052650737822763
516  1456111717422  -0.054208292097570165  0.42039765120217076  0.9057192135179761
517  1456111717532  -0.052867093732942294  0.4211681290246361  0.9054404420884978
518  1456111717640  -0.05612202392675414  0.4196369399282247  0.9059553682929931
519  1456111717749  -0.06158665913697092  0.4152634807136053  0.9076140599387088
520  1456111717857  -0.06727890319400309  0.41240826822234666  0.9085114089371906
521  1456111718183  -0.06072195725208829  0.4297656485513768  0.900896439868113
522  1456111718292  -0.05602544591586067  0.4303609601810754  0.9009165629274207
523  1456111718504  -0.07102159267587993  0.41130518314111253  0.9087265746944659
524  1456111718613  -0.08292234941447241  0.4035938249958617  0.9111728578134954
525  1456111718930  -0.04593590112427215  0.4293511309056326  0.9019686643749747
526  1456111719040  -0.02481452366441772  0.4374650477730784  0.8988929352358035
527  1456111719162  -0.01865742303538198  0.4371042205885045  0.8992173107385
528  1456111719270  -0.038370308648316254  0.4299384544675817  0.9020424570746357
529  1456111719379  -0.06572608698911964  0.4273612356774139  0.9016886429278692
530  1456111719498  -0.07119548861417258  0.4462977950649982  0.8920479572766027
531  1456111719618  -0.01403*  0.4918010112127993  0.8705943895844204
532  1456111719728  0.14512650119513992  0.5367056306417357  0.8311951408231302
533  1456111719836  0.4483329861642087  0.4901734518938472  0.7474807339974723
534  1456111719941  0.7831893488712716  0.22135453326006505  0.5810478457029511
535  1456111720047  0.9349717557549937  -0.154085833915941  0.3195080448291421
536  1456111720155  0.9066346513283285  -0.4218953119858604  0.004237219325039732
537  1456111720279  0.7457078166080926  -0.5673116568105305  -0.34939567196687094
538  1456111720384  0.6382442622707212  -0.5308692428929551  -0.557514222845523
539  1456111720489  0.5699066852404249  -0.4689022216819078  -0.6747866897160044
540  1456111720594  0.5809288497233005  -0.359157765136462  -0.7304295799688977
541  1456111720709  0.6119203161821822  -0.2001107932314108  -0.7651857273889711
542  1456111720822  0.5913468928321457  -0.058071959095030046  -0.8043236312514459
543  1456111720934  0.5395115966440365  -0.01573450008115529  -0.8418311341765357
544  1456111721043  0.5153020063088292  -0.020527376604730252  -0.8567627849788542
545  1456111721152  0.5304692156487221  -0.01896090540975215  -0.8474921194454801
546  1456111721261  0.561943238194047  0.0049485406372733465  -0.8271609904582391
547  1456111721372  0.5854571369263617  0.0368637752010148  -0.8098648088928306
548  1456111721480  0.5897206878038084  0.050857017023762774  -0.8060043917862263
549  1456111721588  0.5776337036970975  0.03752974542870002  -0.8154329038964745
550  1456111721696  0.5601685271386803  0.00)  -0.8283353327699516
551  1456111721806  0.5515450799985899  -0.010430732547412447  -0.8340798635389604
552  1456111721922  0.5596233718013188  4.743842830823297E-4  -0.8287469181051343
553  1456111722030  0.5743117169249743  0.029334801395802357  -0.818110948682647
554  1456111722139  0.5877628125104888  0.05875989205478915  -0.8068966149607331
555  1456111722258  0.6034862298497661  0.08490790455749653  -0.7928398460104429
556  1456111722375  0.6298568941015148  0.11139804113376872  -0.7686811911837417
557  1456111722483  0.6686271446243186  0.1440586849484029  -0.7295099964674705
558  1456111722603  0.7204173131240736  0.1955365157423401  -0.6654054154575704
559  1456111722712  0.7690332904023762  0.241349019511631  -0.5918939347388843
560  1456111722820  0.8146191914499639  0.2956101844291368  -0.4990092329395086
561  1456111722930  0.8543946543840271  0.35253608937557246  -0.38174347774357464
562  1456111723042  0.8810036073069618  0.4027873107113882  -0.24818335826716265
563  1456111723151  0.8965937045873389  0.4221004130442161  -0.13398132806673146
564  1456111723259  0.9107827427210857  0.4082420273873799  -0.06175140377359867
565  1456111723368  0.9343103295320887  0.35511756187324917  -0.030914565871462685
566  1456111723476  0.9566500697245672  0.2903991968108066  -0.02211302582754371
567  1456111723592  0.969262173815963  0.2452550662844999  -0.0195124637822488
568  1456111723700  0.9737355752058292  0.2270341900911319  -0.017160974922546757
569  1456111723808  0.9748767132968155  0.22206770848929036  -0.017358098105514586
570  1456111723916  0.9747933084924512  0.2219030903649184  -0.0231738655398388
571  1456111724027  0.974248123032762  0.22285465480119093  -0.034299607423687206
572  1456111724142  0.9736832291255695  0.22298499022126617  -0.04710226214791291
573  1456111724250  0.9725686096116775  0.2265876726205729  -0.05261488008775217
574  1456111724359  0.9717043865969259  0.23043989625298789  -0.051846088564314385
575  1456111724467  0.9719177663778922  0.22944372598363216  -0.05226307671926378
576  1456111724576  0.9731451053461413  0.222977637141204  -0.05717963751497024
577  1456111724686  0.9745236591752544  0.21510016525764364  -0.06352555807679039
578  1456111724794  0.9745965175050948  0.21457053075842136  -0.06419591838452376
579  1456111724900  0.9731004555081668  0.2224885581063054  -0.05978572678705163
580  1456111725004  0.9717223243444479  0.22884038934549622  -0.05820529708993405
581  1456111725114  0.9714754763691147  0.22924779521879213  -0.06067052335771095
582  1456111725441  0.9620962313110404  0.2714976674387959  -0.025687973022211708
583  1456111725654  0.9642986461373724  0.2613011583950815  -0.04300880834110643
584  1456111725762  0.966520155862348  0.2507759402972374  -0.0543160434768204
585  1456111725870  0.9694519292767794  0.23620542185701332  -0.06610603796415404
586  1456111725979  0.9707590908973458  0.2299058019923974  -0.06906601179601424
587  1456111726092  0.9703389486214853  0.233469531090984  -0.06272413407222288
588  1456111726201  0.9693025527188652  0.24019040703821126  -0.05254616689240521
589  1456111726309  0.9680690041533175  0.24748510149518133  -0.03991822208377371
590  1456111726418  0.9639922609803371  0.2655376041228683  -0.0144464541154540)
591  1456111726539  0.9468718330254511  0.31742507608407244  0.05172136291644236
592  1456111726652  0.9107023696698953  0.3842082866675751  0.15167470659538296
593  1456111726760  0.8450804693080372  0.45922604401504596  0.27377067981592873
594  1456111726869  0.7109950916461614  0.5599341064924594  0.42539376414401175
595  1456111726978  0.4315031515935013  0.6650278701098921  0.6095432427217586
596  1456111727088  0.052515246886216005  0.6378064257934959  0.7684043164128553
597  1456111727200  -0.1775569638639336  0.5139501237450155  0.8392429500808554
598  1456111727310  -0.22812570990199177  0.45660794851698494  0.8599231289880933
599  1456111727427  -0.18335592501262887  0.4650656701324598  0.8660799841977767
600  1456111727532  -0.11209279653525783  0.4850879638424308  0.8672513038619094
601  1456111727640  -0.07729864068656056  0.4897980375333866  0.8684024099957544
602  1456111727752  -0.0838314006086307  0.4849858734253072  0.8704947299365529
603  1456111727860  -0.1076790099103917  0.4764214517059626  0.8725982843707385
604  1456111727969  -0.12696008214393117  0.4667003317414915  0.8752553882918086
605  1456111728079  -0.1373227202052263  0.4588717099745283  0.8778264532027613
606  1456111728188  -0.1393133737466279  0.4557429701916238  0.8791417317087813
607  1456111728302  -0.12999611534943334  0.45505363442483127  0.8809240148808062
608  1456111728410  -0.11714979734195907  0.4515683351442936  0.8845122941603982
609  1456111728518  -0.10951892597335089  0.4471973772959492  0.8877049403458415
610  1456111728626  -0.10630906621911151  0.4474193452811477  0.8879832627588158
611  1456111728737  -0.11057809552589504  0.44896941367029797  0.8866786293628408
612  1456111728846  -0.11208282363729793  0.44908219211951383  0.8864325405491478
613  1456111728956  -0.11034567264035289  0.446715875030935  0.8878450331580368
614  1456111729085  -0.1062948351719264  0.4430284307946071  0.8901837814448008
615  1456111729193  -0.10711808728390793  0.44134831449114387  0.8909193802796835
616  1456111729303  -0.11001581677602346  0.44345616598782467  0.8895185372117709
617  1456111729412  -0.1134198496049521  0.4483206770513277  0.8866479482097702
618  1456111729521  -0.11767061283746472  0.45253736673936373  0.8839476918444404
619  1456111729630  -0.12044043879994604  0.45400612399755147  0.8828207828945693
620  1456111729739  -0.11353407401149695  0.4528827270908691  0.8843117583347357
621  1456111729847  -0.10508927441010485  0.44933373129426357  0.8871614605952232
622  1456111730063  -0.10230690487000516  0.45289809252769686  0.885673013145805
623  1456111730172  -0.11486613607339535  0.45768671084853363  0.8816624150213208
624  1456111730281  -0.1321636072171941  0.46156245793741046  0.8772074144300284
625  1456111730390  -0.17554596170450765  0.4544724924071053  0.8732916927846475
626  1456111730500  -0.19699671980582423  0.45871605087636436  0.8664709238589019
627  1456111730613  -0.16819455790679072  0.4962124139866422  0.8517533451076993
628  1456111730723  -0.00)  0.5775634206816846  0.8163024576617701
629  1456111730832  0.429386232888187  0.5606446490090597  0.7080289367924841
630  1456111730951  0.8948436500977728  0.027309631584945926  0.4455435108340353
631  1456111731058  0.9268832992754561  -0.33802488014853704  0.16317636513152323
632  1456111731167  0.8475612774562773  -0.5171756129196119  -0.11903474315846907
633  1456111731272  0.7359611840563716  -0.5676984317572078  -0.36888972105455764
634  1456111731392  0.5846208104056663  -0.5628456975913165  -0.5843143236535893
635  1456111731498  0.539790046898053  -0.4775172136705714  -0.6932560971234345
636  1456111731603  0.55491591972558  -0.3638662512100641  -0.7481107359661237
637  1456111731709  0.5744567462592389  -0.22392117581606352  -0.7873110906484468
638  1456111731812  0.5519536178670439  -0.12328226647249863  -0.8247112720198846
639  1456111731920  0.510667840823178  -0.09209160294934016  -0.8548318492182516
640  1456111732028  0.4993017171224725  -0.07080599185416325  -0.8635301445155412
641  1456111732137  0.5260661338131847  -0.025371014263585012  -0.8500651313058141
642  1456111732252  0.5627836407460052  0.03935401694385887  -0.8256669024482992
643  1456111732360  0.5769537910246605  0.08274884622473966  -0.812574273893329
644  1456111732475  0.5669611773268066  0.09143420223178023  -0.8186542696538552
645  1456111732584  0.5455991264234559  0.07240165636414786  -0.8349129222768319
646  1456111732693  0.5279047075996717  0.04562515499978387  -0.848077214882915
647  1456111732802  0.525623000520202  0.04022364113025745  -0.8497661557261065
648  1456111732910  0.5374294197669292  0.05919520622430369  -0.8412285872940322
649  1456111733019  0.551092926249849  0.08185508558895793  -0.830419378950416
650  1456111733127  0.5560735963685595  0.09092042464409711  -0.8261450500682548
651  1456111733236  0.548952609412801  0.0863329067411065  -0.8313829720529258
652  1456111733352  0.5357869012038954  0.0785363813699993  -0.8406928388831965
653  1456111733460  0.5324719279345196  0.07757139816262892  -0.8428857133509506
654  1456111733568  0.5396739223123737  0.07889837046529763  -0.8381688961829217
655  1456111733676  0.5452648824757791  0.07534576840961349  -0.834870786338298
656  1456111733889  0.537689585244582  0.05538886903190732  -0.8413215616157137
657  1456111734002  0.5374220276106954  0.051014012465743386  -0.8417690585812916
658  1456111734111  0.5408236171692558  0.056518677189440814  -0.8392350463881897
659  1456111734232  0.5497990618049826  0.07695176134774595  -0.831744800690327
660  1456111734340  0.5685700667195492  0.11366317673089238  -0.8147445955455526
661  1456111734451  0.6013944619824905  0.17985686910408472  -0.7784447481895995
662  1456111734563  0.6401505516802573  0.27821080672291654  -0.7161047515736101
663  1456111734672  0.6748125094683726  0.3797408730025402  -0.6327913954286233
664  1456111734781  0.7097326504532617  0.46959713507076906  -0.5251267601794538
665  1456111734889  0.7511542003173872  0.5304567906740374  -0.3929159685733339
666  1456111734999  0.7954139869155856  0.5614636190644786  -0.22819995925347136
667  1456111735114  0.7806714235903911  0.6234675550950453  0.04289965563108922
668  1456111735222  0.4091620691343002  0.7555659059923279  0.5115725563437992
669  1456111735330  -0.2031635991638474  0.49290954555962774  0.8460288016550663
670  1456111735439  -0.38754295412918616  0.24397501239458563  0.8889806360614756
671  1456111735546  -0.36995881556078913  0.21067150006115476  0.9048469423221128
672  1456111735659  -0.26009387599246736  0.28767184802367574  0.9217354094060113
673  1456111735769  -0.1273952386311592  0.35011345465043053  0.9280037732027253
674  1456111735879  -0.04786159822429603  0.3668640387728921  0.9290425372232143
675  1456111735990  -0.037206824533424054  0.3731340849979672  0.9270311144347083
676  1456111736101  -0.05883745314733346  0.38251762503630093  0.9220728669398603
677  1456111736211  -0.08403454078450778  0.3905780939885277  0.9167262588608303
678  1456111736319  -0.09778107915332868  0.39134767896651645  0.9150332508895076
679  1456111736438  -0.10138800546945603  0.3850401029678432  0.9173137687718729
680  1456111736546  -0.10383205439221044  0.3789961968250086  0.9195546409369832
681  1456111736654  -0.10532760587182644  0.3767991292894797  0.9202872261836763
682  1456111736772  -0.10496770686350132  0.37692737232117857  0.9202757914084536
683  1456111736880  -0.10255036201979806  0.3765945979826837  0.9206844749273451
684  1456111736991  -0.09487323917564794  0.3761009995860718  0.9217088304881838
685  1456111737099  -0.08263512372474224  0.37551413218654517  0.9231254755410863
686  1456111737208  -0.07077324357643988  0.3745918543755238  0.9244847916826373
687  1456111737320  -0.06521056474261755  0.3738329098304991  0.9252007890465954
688  1456111737532  -0.076602308408944  0.37727490855494494  0.9229277893084511
689  1456111737640  -0.07936369935045207  0.3809737781628497  0.9211734189981229
690  1456111737748  -0.09501687734135089  0.38151687475741447  0.9194654671424516
691  1456111737857  -0.09170122469031128  0.38371517027402113  0.9188870839887073
692  1456111737972  -0.08546313130320193  0.3831644787702011  0.919717914448281
693  1456111738081  -0.08387424618718597  0.38187432274804234  0.9204004987199816
694  1456111738189  -0.09024525526583105  0.38307464572741967  0.9192984180289052
695  1456111738297  -0.08410438207619997  0.3908181696847377  0.9166174766374713
696  1456111738407  -0.025749845286158646  0.4057074569997141  0.9136401637413769
697  1456111738522  0.09862792727570024  0.411405082292152  0.9061006710389137
698  1456111738630  0.1953040461434128  0.4015137014867607  0.8947865850679975
699  1456111738739  0.2239882405596525  0.40066749672886615  0.8884226920534317
700  1456111738847  0.19310911303497136  0.4139922707988779  0.8895613005401728
701  1456111738956  0.14325646034842343  0.426198002718295  0.8932149373077038
702  1456111739183  0.04883836271291031  0.4237615313780445  0.9044561591177978
703  1456111739317  0.040936302334976915  0.42447638344479444  0.9045131153757566
704  1456111739427  0.02653991685732393  0.44009530266624886  0.8975588069477496
705  1456111739537  0.031485510622655255  0.48727474768845624  0.8726809168156517
706  1456111739655  0.19210369272019  0.5708888776831804  0.7982368697458302
707  1456111739763  0.6569983612706549  0.4113304481148501  0.6317914949759831
708  1456111739883  0.9079640548897654  -0.3293648943041525  0.25907534017903444
709  1456111739997  0.7772058155458232  -0.6032388053584101  -0.1790364903249504
710  1456111740102  0.6432301391094137  -0.5905550015522882  -0.48733948972238395
711  1456111740208  0.5375444813456145  -0.5278647940806263  -0.6575748550242606
712  1456111740354  0.40652173925372637  -0.496450896791027  -0.7669919059281254
713  1456111740530  0.37616868024790495  -0.3979340084041287  -0.8367470638841481
714  1456111740636  0.4720660140839712  -0.11039952576598111  -0.8746231285099912
715  1456111740741  0.42919768300053995  -0.07005511012078726  -0.9004896687030561
716  1456111741010  0.5115070426509893  0.12898377135415762  -0.8495432450816107
717  1456111741128  0.5626417195252422  0.06659809176388265  -0.8240139543782359
718  1456111741594  -0.6859122185324225  0.7194334236270858  -0.10927012998570973
719  1456111741698  -0.8442093855722703  0.5170365717901007  -0.14136386894549702
720  1456111741803  -0.8970822042408173  0.09165045944832517  -0.432254215825413
721  1456111741908  -0.032606988161916206  -0.3321789743415351  -0.9426525947241915
722  1456111742123  0.6095433451727086  0.3244245941317478  -0.7233295112025346
723  1456111742228  0.627187692120355  0.27855435711191046  -0.7273534765638914
724  1456111742334  0.5688522701234868  0.1531909919446996  -0.8080467946984955
725  1456111742439  0.4891216059540069  0.0534389332929288  -0.8705770197167269
726  1456111742547  0.4580525609234627  0.03679761296195849  -0.8881631584777949
727  1456111742878  0.47396124837042386  0.06848001422532511  -0.8778788271189604
728  1456111742881  0.5185325959696714  0.13336140577229288  -0.84459380478352
729  1456111742944  0.5747398043660956  0.23912218550746034  -0.782620426084002
730  1456111743052  0.6159141600138271  0.3338251535529179  -0.7135898929561528
731  1456111743162  0.653133567685888  0.4277054501080677  -0.624887649015113
732  1456111743273  0.6955066955883158  0.5070936145833371  -0.509044708463831
733  1456111743381  0.7437765870198376  0.5687514986904851  -0.3511667384530881
734  1456111743490  0.7616998604255372  0.6390134435615522  -0.10712233577081776
735  1456111743598  0.6272718802305377  0.7323534105971197  0.2649310746240374
736  1456111743710  0.2643981650729339  0.7127858733023329  0.6496383213246579
737  1456111743820  -0.041453146638943394  0.5628130905894135  0.8255441499635552
738  1456111743926  -0.17374613793073657  0.46531986273245707  0.8679226049736357
739  1456111744031  -0.18999031415693146  0.4337570492130105  0.8807715721524794
740  1456111744137  -0.12917616436277868  0.4315037594958504  0.8928146477967811
741  1456111744246  -0.039002008406569644  0.4325506012474838  0.9007656953360978
742  1456111744362  0.0110246*  0.436283304923065  0.8997417983056337
743  1456111744470  -0.00)  0.44530895694543915  0.8953391814261806
744  1456111744579  -0.062431892975908454  0.4486541107598825  0.8915221384300054
745  1456111744688  -0.11022739572402784  0.44313952050074246  0.8896501168231126
746  1456111744798  -0.12953927732792536  0.4369257484021025  0.890121047461605
747  1456111744908  -0.12467411961742769  0.43605998972228033  0.8912396106113647
748  1456111745022  -0.10988829681932799  0.44154028883514496  0.8904867642778029
749  1456111745130  -0.09655663190441288  0.4490108760857394  0.8882939314550491
750  1456111745239  -0.08922314167678991  0.45424936842028085  0.8863953681123959
751  1456111745348  -0.08734654150322285  0.45700802847947664  0.8851634152374359
752  1456111745462  -0.08835921435186833  0.4582029756591197  0.8844448310893256
753  1456111745570  -0.09007319741500908  0.45766509856289517  0.884550469508369
754  1456111745678  -0.09035726858438409  0.45616139750036666  0.8852979091273667
755  1456111745786  -0.08725589993577998  0.45401735228556994  0.8867100194548634
756  1456111745898  -0.08215262485191488  0.45079217535604155  0.8888404785424093
757  1456111746010  -0.08290080225154028  0.4483964185156095  0.8899820866104555
758  1456111746119  -0.09394911444932319  0.4503547417320384  0.8878931050095318
759  1456111746229  -0.10157411641399605  0.457946545514071  0.8831577627247249
760  1456111746337  -0.0901537585780332  0.46539386070608924  0.8805003810734924
761  1456111746447  -0.044027799606322304  0.4674661910978788  0.8829139138022022
762  1456111746559  0.0053320694037637395  0.45875308644729884  0.8885478106769256
763  1456111746667  0.02295205181495774  0.4474337821250405  0.8940224489471014
764  1456111746777  0.005447189030473254  0.4389384723686858  0.8985005743455616
765  1456111746886  -0.024687731474596575  0.43211237876291086  0.9014818027605536
766  1456111746994  -0.03969684066221646  0.42770393702941956  0.9030467963309938
767  1456111747112  -0.038995563235715736  0.42385256715381914  0.904891357287184
768  1456111747220  -0.03731205158404194  0.4171413092649434  0.9080753936094332
769  1456111747330  -0.04281970076866415  0.40777340539486584  0.9120785662368576
770  1456111747438  -0.053680616460056285  0.4018811789527197  0.9141170433612871
771  1456111747547  -0.07028474253493755  0.4033155873109422  0.9123577451251279
772  1456111747657  -0.09719314539362855  0.40598969231992665  0.9086946116259078
773  1456111747765  -0.1283415077552874  0.39971990056275164  0.907608107299712
774  1456111747873  -0.15762005095139386  0.38674068683206286  0.9086184891877611
775  1456111747985  -0.15684868530699347  0.4027869694893047  0.9017544716544386
776  1456111748103  -0.12828842436630516  0.48694423329519676  0.8639603009582384
777  1456111748213  0.11946496246568117  0.6513895479877432  0.7492794582658284
778  1456111748322  0.8948401018339851  -0.019234191844322623  0.44597228401962496
779  1456111748457  0.7704341525714433  -0.6375174726933812  0.0016442757583270406
780  1456111748536  0.6470375971273814  -0.6814757103844247  -0.3419549738610801
781  1456111748640  0.5453794122809761  -0.6164067044090862  -0.5679824569781751
782  1456111748749  0.48733957727220956  -0.5306093937904666  -0.6935083325853606
783  1456111748852  0.5286831708875767  -0.3953380083894422  -0.7511337856486325
784  1456111748957  0.5783277248667318  -0.2039751848770377  -0.7898931352543404
785  1456111749066  0.5487217227556584  -0.05831897218788362  -0.833968446802702
786  1456111749192  0.47780289721494285  -0.04743784712637478  -0.8771852936723334
787  1456111749302  0.4650909038880098  -0.07493685174936365  -0.8820855507343404
788  1456111749411  0.502830040091883  -0.07656712579947428  -0.8609874645893663
789  1456111749529  0.5495787387527216  -0.022340506449662678  -0.8351431730383023
790  1456111749634  0.5712612237038037  0.042814873440003565  -0.819650845566156
791  1456111749740  0.5700490569298484  0.09213077661333008  -0.8164288080426236
792  1456111749849  0.5515607206491815  0.10084827528214446  -0.8280159372802984
793  1456111749954  0.529932803422863  0.07704537384405885  -0.8445325609565515
794  1456111750059  0.5162715466352603  0.04413284641047349  -0.8552870687072391
795  1456111750164  0.5147072239325112  0.029867434305277385  -0.8568456130708384
796  1456111750270  0.5223085082157466  0.04046528062648397  -0.8517959668367197
797  1456111750389  0.5338255491979496  0.06526432032221208  -0.8430722661259189
798  1456111750494  0.5425900484952368  0.08518124796114512  -0.8356675124572757
799  1456111750603  0.5627131723800964  0.12218884075990033  -0.8175718688028457
800  1456111750712  0.6041146165349431  0.21456472695722528  -0.7674682504217856
801  1456111750830  0.6475540778451823  0.3502564617352512  -0.6767526216606425
802  1456111750951  0.6837174952487963  0.4612185423397799  -0.5655155486593024
803  1456111751078  0.7353127331405211  0.5243808029079806  -0.4293482673014779
804  1456111751203  0.7920672092940144  0.5827465871885051  -0.18175777639013901
805  1456111751317  0.6269429333705254  0.7314542932644892  0.2681738647759033
806  1456111751427  0.07114089893188336  0.7183609300857716  0.69202345259664
807  1456111751546  -0.2564295610625109  0.4823200553371674  0.8376223962912093
808  1456111751655  -0.3195249111857592  0.34767853565837026  0.8814892969690753
809  1456111751764  -0.27159464080988727  0.32193367959645514  0.9069702867991367
810  1456111751882  -0.18928552721907366  0.36154876899953603  0.9129366867697577
811  1456111751988  -0.13272689559044792  0.40058590774583447  0.9065950094616966
812  1456111752098  -0.10943839672152222  0.42122943713692607  0.9003271358484923
813  1456111752215  -0.11979448655316816  0.4179934088333077  0.9005169197450655
814  1456111752466  -0.1727159183049949  0.3613971095761439  0.9162757541240794
815  1456111752706  -0.1448284562035802  0.39938466004216977  0.9052715625602072
816  1456111752956  -0.1143545071435792  0.40821245261552175  0.9056961804768751
817  1456111753213  -0.13679251621461752  0.3888626669122992  0.9110837762760688
818  1456111753318  -0.14104508125786275  0.3859521570083464  0.9116727358012309
819  1456111753422  -0.1457097189195622  0.3859885470021789  0.9109234596612268
820  1456111753527  -0.14008462393527665  0.38846867911889493  0.9107515072195866
821  1456111753632  -0.1168388090448822  0.3929825150344133  0.9120929345971511
822  1456111753746  -0.0654528063913169  0.3977730558905854  0.9151461475271585
823  1456111753852  -0.0060603368679146286  0.39590770011969934  0.9182703135171408
824  1456111753960  0.03148380444805632  0.3896602387742263  0.9204203298823614
825  1456111754077  0.03337337692801512  0.38749140906490354  0.9212689932322089
826  1456111754187  0.013605*  0.3898460024399988  0.9207795012618192
827  1456111754298  -0.005693904465594812  0.39197272754375945  0.9199592531588223
828  1456111754408  -0.019259673013728218  0.3933569649498132  0.9191841113917079
829  1456111754516  -0.02694260725700559  0.3946000966117369  0.9184579099902166
830  1456111754625  -0.02643422810711371  0.3944795013683029  0.9185244401684365
831  1456111754734  -0.022607491237627286  0.3931515185110648  0.9191957423280535
832  1456111754852  -0.02361327609355257  0.3938459973760553  0.918873075993325
833  1456111754960  -0.028360374676923428  0.3952836043515795  0.9181212186682863
834  1456111755077  -0.03185723919044392  0.39309926984302646  0.9189439753595394
835  1456111755290  -0.00)  0.37952183682883867  0.9251474671196043
836  1456111755399  0.003362027932022116  0.37985228629328116  0.9250410272435072
837  1456111755508  0.0064233587479929355  0.3853645128710488  0.9227420967737086
838  1456111755617  -0.007)  0.3931205136927023  0.9194535706717737
839  1456111755726  -0.03466233543357333  0.40200695834806766  0.9149802479493605
840  1456111755834  -0.06012001159820102  0.40882605272025785  0.9106299050945292
841  1456111755943  -0.07723000894421617  0.411480203307109  0.908140731245549
842  1456111756052  -0.08925243440890007  0.4102408196698768  0.9075992570018165
843  1456111756161  -0.0968300876431396  0.4066556237632639  0.9084355037282563
844  1456111756269  -0.09689298485883668  0.4034818366115509  0.9098429060062454
845  1456111756377  -0.09283062743571335  0.4031507867906745  0.9104130562657673
846  1456111756486  -0.09185955862632866  0.4048422974612249  0.9097607244646753
847  1456111756602  -0.09337258300295304  0.40653615175340274  0.9088508825013797
848  1456111756710  -0.090776811053221  0.4080269705482724  0.9084457091503886
849  1456111756818  -0.08452835964904182  0.4099772190154134  0.9081704522834428
850  1456111756926  -0.07648714271932455  0.4113242486076132  0.908274196150181
851  1456111757035  -0.06865705253197874  0.40967158419260485  0.9096457795673079
852  1456111757152  -0.0647305748967213  0.4051092464768926  0.9119739012096346
853  1456111757260  -0.06542429003587813  0.4027176467980018  0.9129830874933198
854  1456111757368  -0.06470983018321164  0.40415834374950776  0.9123972251626125
855  1456111757477  -0.06225676321978568  0.40745880197652173  0.9110989901257049
856  1456111757587  -0.06726461531084915  0.4121964275395973  0.9086085963973165
857  1456111757707  -0.08524975206611884  0.426811506889222  0.9003135365936288
858  1456111758081  0.5048172440261567  -0.5683837729977936  -0.6496918015260533
859  1456111758213  0.6228434758828125  -0.538671422657983  -0.5673615275765602
860  1456111758319  0.6675437486004281  -0.5696337028747228  -0.47948179106362154
861  1456111758456  0.5519171443539466  -0.6285289357288315  -0.5480317898877078
862  1456111758566  0.4461130293594948  -0.5700588659546639  -0.6899391669342876
863  1456111758670  0.4277062317786853  -0.47365155899797196  -0.7698841341745444
864  1456111758775  0.49380999672924775  -0.3272933537479509  -0.8056244459686563
865  1456111758879  0.5287491497775711  -0.13804611617667395  -0.8374769295609381
866  1456111758989  0.48368693284462516  -0.034922435401493646  -0.8745440913655687
867  1456111759104  0.43546621560858956  -0.03049733431571912  -0.899688326359138
868  1456111759212  0.4408738691757188  -0.037165442353284575  -0.8967992962679776
869  1456111759321  0.4817288819257244  -0.01221453)  -0.8762351729757447
870  1456111759430  0.5187123388701842  0.03752939073739969  -0.8541247298949051
871  1456111759552  0.5323181365994714  0.09357606933754692  -0.8413566027700234
872  1456111759663  0.5199408821651339  0.11825472828434856  -0.845977134623283
873  1456111759768  0.49928545724761264  0.10255742690248493  -0.8603464393924121
874  1456111759873  0.48400162912649625  0.0670448379822416  -0.8724949330834806
875  1456111759979  0.48091586354255256  0.04476606665980295  -0.8756231613123276
876  1456111760090  0.4877734793741417  0.05331677433613233  -0.8713405402653008
877  1456111760199  0.4949373853449014  0.07824804217715764  -0.8653983150392874
878  1456111760304  0.4960737390818808  0.09332117782594815  -0.8632508241622292
879  1456111760409  0.4897300854840958  0.0965315729096266  -0.8665137691382713
880  1456111760516  0.4820935301490471  0.08306624195027552  -0.8721730425835243
881  1456111760625  0.4779810458105989  0.0693179920060205  -0.8756307160767665
882  1456111760737  0.47915650347292993  0.06582099273151579  -0.8752580335792364
883  1456111760845  0.4817059490090083  0.07109086890951927  -0.8734446040057177
884  1456111761267  0.4441768424685577  0.02221859694833167  -0.8956635993470075
885  1456111761375  0.44588236356791433  0.0123242771107212)  -0.8950067196632187
886  1456111761484  0.46516440683477694  0.02521347604075197  -0.8848651715825911
887  1456111761602  0.5137549338247082  0.09356967961262098  -0.8528191929562485
888  1456111761710  0.5680126978160334  0.1979513944881332  -0.7988597089495061
889  1456111761819  0.6116494941050625  0.31655346054687067  -0.7250371063952699
890  1456111761927  0.6438812416117727  0.4215600291715211  -0.6385170677731447
891  1456111762038  0.6817076997019029  0.5092857730230236  -0.5252642977151609
892  1456111762151  0.735792407276108  0.5881782840609935  -0.3356424114061163
893  1456111762260  0.7589089390748853  0.6511688320595379  -0.006032754155832265
894  1456111762368  0.5881170237521456  0.6756931355734694  0.4444740901697415
895  1456111762475  0.24272010004637679  0.6368139467285994  0.7318162400192385
896  1456111762580  -0.08023333305030178  0.5708012324955689  0.817158820129599
897  1456111762692  -0.2792403549876745  0.47119380551540857  0.8366607851005359
898  1456111762800  -0.3097752235825446  0.3991297186477629  0.8629802040514427
899  1456111762908  -0.23831035714682258  0.3787132208895505  0.8943067316838871
900  1456111763017  -0.15487445605643657  0.3779339017405299  0.912786903268346
901  1456111763127  -0.12083729354599981  0.38057905900488187  0.9168194246874073
902  1456111763237  -0.13683301707292372  0.3851861386514619  0.9126381088885083
903  1456111763346  -0.159363636069763  0.38944466956062396  0.9071582113161156
904  1456111763454  -0.16457123484569536  0.3952355149153277  0.9037174000924324
905  1456111763562  -0.15871434390754047  0.4034263701440821  0.9011420123126026
906  1456111763672  -0.15117826422103597  0.41054341925647364  0.8992215038128641
907  1456111763782  -0.14280654176142704  0.40974316071518313  0.9009532525612016
908  1456111763891  -0.13529373608847273  0.40264855623016427  0.905300911731354
909  1456111763999  -0.13057462499110883  0.40034647013253544  0.9070132179435397
910  1456111764109  -0.12438700247643197  0.4051872450649645  0.905732370757061
911  1456111764218  -0.11204137835629524  0.40686170960296053  0.9065926544602121
912  1456111764332  -0.09822706387829605  0.4014416106245582  0.9106020160214836
913  1456111764440  -0.0962428853569719  0.3978789474194597  0.9123758008976957
914  1456111764548  -0.1054922742518638  0.40099843852173933  0.9099843714842422
915  1456111764656  -0.11483920536576164  0.4060888202520694  0.9065891129190575
916  1456111764767  -0.11703765597895632  0.40721546926156194  0.9058022818510985
917  1456111764880  -0.11431433351584985  0.40568424009121706  0.9068365681728494
918  1456111764988  -0.10983824225488092  0.40691110982644574  0.9068401085911919
919  1456111765102  -0.10416988385726356  0.4091714811816338  0.9064918176983472
920  1456111765211  -0.10472971522412955  0.4085386480522777  0.90671264615459
921  1456111765321  -0.11842969469752163  0.40981260009841325  0.9044490703366392
922  1456111765437  -0.13390672405100545  0.42531766635045365  0.8950831686144447
923  1456111765546  -0.10419721051024311  0.4642488878283757  0.879554354179561
924  1456111765655  0.040546116127305964  0.5262776480519686  0.8493455263985217
925  1456111765763  0.35258358507307275  0.5270705770154809  0.7732278905799963
926  1456111765872  0.7202284804795767  0.3110221230589616  0.6201098182233693
927  1456111765984  0.9135718450168469  -0.01121*  0.4065225678692883
928  1456111766093  0.9568017946089213  -0.23131399216767434  0.17613683395312307
929  1456111766199  0.9114019359838359  -0.4015366098675077  -0.09008255059697845
930  1456111766304  0.7227167784509554  -0.5509303755023012  -0.41732023775504423
931  1456111766413  0.4548215184616957  -0.5626839557795517  -0.6903072881589987
932  1456111766533  0.3042057414401551  -0.5018296238344853  -0.8097072904295821
933  1456111766638  0.407526712060298  -0.3712790560119378  -0.8343103987854897
934  1456111766743  0.5218656217559481  -0.14249762932382448  -0.8410414353976714
935  1456111766847  0.514552695498609  0.005766112172481408  -0.8574393633293842
936  1456111766952  0.4706962202175138  0.031411421193467015  -0.8817360084778265
937  1456111767081  0.4456975544904227  -0.018660287504923632  -0.8949890968012542
938  1456111767190  0.459920250604684  -0.07139492173726336  -0.8850853819424929
939  1456111767298  0.4955395900149018  -0.07363470230950964  -0.8654585147360345
940  1456111767407  0.5252946022817744  -0.0318298527888517  -0.8503249136611171
941  1456111767515  0.5380140186000837  0.02889640144005834  -0.842440439847203
942  1456111767633  0.5488594921276775  0.09432353698788208  -0.8305759115613418
943  1456111767741  0.5723589609155182  0.16687379325844626  -0.8028439135418339
944  1456111767852  0.6081099384314683  0.2414793755921668  -0.7562341070402652
945  1456111768120  0.7282850993403205  0.6490408736839297  -0.21987896014502262
946  1456111768243  0.8829246501913524  0.4379062767658217  -0.16935791806675482
947  1456111768347  0.8987300673678043  0.3847569595456397  -0.21034829000769406
948  1456111768456  0.9009221060402446  0.321394210745118  -0.29162499979710077
949  1456111768564  0.8889836919071143  0.2725600129666468  -0.3679933427159767
950  1456111768672  0.8747005999717778  0.23896539354695867  -0.4216566773144379
951  1456111768782  0.8670898584575486  0.20686646884566406  -0.45316826442885016
952  1456111768894  0.8626440563516127  0.16370014970189373  -0.47858908597422634
953  1456111769012  0.852161514253968  0.12646735701607792  -0.5077663937505115
954  1456111769122  0.8308737412336438  0.11068661929897394  -0.545341451190243
955  1456111769242  0.7779354285447262  0.07879142734816114  -0.6233846277772006
956  1456111769352  0.7014870626345981  0.016320019393245566  -0.7124952982671928
957  1456111769472  0.6093169635487481  -0.08010234598797505  -0.7888703665623646
958  1456111769578  0.5446546730154687  -0.14950351810420504  -0.825227233570029
959  1456111769683  0.504521226086748  -0.16618472756421565  -0.8472549608568185
960  1456111769788  0.474159136912613  -0.1310631362411936  -0.87062941100737
961  1456111769893  0.43937311035471716  -0.08428730367268966  -0.8943416110825391
962  1456111769999  0.4136788186469449  -0.058872578101205386  -0.908517389875179
963  1456111770104  0.4181728694768285  -0.0428022738898069  -0.9073584859330448
964  1456111770212  0.45015282388249345  -0.011*  -0.8928717744168011
965  1456111770317  0.4916612647383807  0.038646539143753475  -0.8699285305260394
966  1456111770422  0.530290549474643  0.10723213066884328  -0.8410072492171385
967  1456111770529  0.5586022356258256  0.1831868239927047  -0.8089537191369829
968  1456111770635  0.580046411545343  0.2538500091620717  -0.7740195820943754
969  1456111770743  0.6109997832238498  0.3304450498849114  -0.7193645191932294
970  1456111770850  0.6604235953789797  0.4182845878843293  -0.6236013665913838
971  1456111770958  0.7210576215689972  0.507475993776717  -0.4717457220706045
972  1456111771075  0.7756896570619389  0.5844083931389763  -0.23826962515045835
973  1456111771180  0.8006363057076697  0.5990465235496742  0.01116*
974  1456111771284  0.7514473068491867  0.597059037030351  0.2807978081681206
975  1456111771392  0.5865226554679297  0.5948255312689847  0.5497033412669405
976  1456111771509  0.26504260138281666  0.5815277872447007  0.7691409815271122
977  1456111771620  -0.05149563438775928  0.5158205429848151  0.855147552049047
978  1456111771723  -0.236428558701558  0.44310908779630065  0.8647287517361413
979  1456111771827  -0.29545182899447653  0.4173104246755157  0.859395283137701
980  1456111771932  -0.26776759646527637  0.43413934587878256  0.8601299574063432
981  1456111772040  -0.20263146081883576  0.4566646796189273  0.8662550988502069
982  1456111772153  -0.15161822780651946  0.46098074687533064  0.8743618743785753
983  1456111772261  -0.13522194510443342  0.4542863923106406  0.8805333454850839
984  1456111772369  -0.13295034211444445  0.4489417016775077  0.883615024893615
985  1456111772485  -0.1281770614773592  0.4489104675694051  0.8843359484411693
986  1456111772594  -0.11960361949342513  0.45021713270020225  0.8848726170581998
987  1456111772702  -0.11077489766968895  0.4503107548838008  0.8859735600713101
988  1456111772810  -0.10541608410933634  0.4499097858131469  0.8868306505934562
989  1456111773023  -0.10801998208295416  0.4510615021256985  0.88593181567445
990  1456111773132  -0.10858134797967622  0.4524644278380112  0.8851474626734408
991  1456111773241  -0.10571274298093414  0.454802896276453  0.8842958079989742
992  1456111773351  -0.10241668266230874  0.45723212426226834  0.8834306114580528
993  1456111773459  -0.10213947760449571  0.45851785257224087  0.8827960844952258
994  1456111773567  -0.1043653431662932  0.4578301902058026  0.8828926496403682
995  1456111773675  -0.10723264430418666  0.45556052551170634  0.883722701717474
996  1456111773784  -0.11077260110894827  0.45314486548159305  0.8845276259788832
997  1456111773902  -0.11484757574685744  0.452817397114166  0.8841755446356281
998  1456111774010  -0.11446202657338489  0.45764750129689347  0.8817353542800319
999  1456111774119  -0.10502875357251185  0.47265494698590516  0.8749663973720061
1000  1456111774227  -0.09261862361992712  0.5019216368174497  0.8599398223948356
1001  1456111774336  -0.08171616717927677  0.5503604115008214  0.8309186786216287
1002  1456111774452  -0.01500722*  0.6350043568574426  0.7723627852091397
1003  1456111774561  0.23516506952936211  0.6979260921345887  0.6764588211410505
1004  1456111774670  0.761245661510948  0.4058147316978591  0.5057860372251923
1005  1456111774779  0.9376607003261253  -0.2513220856313545  0.2400617141839696
1006  1456111774886  0.8064086264925834  -0.585774962952069  -0.08107296020513388
1007  1456111774995  0.6639193537444186  -0.6423296514876691  -0.38291475727434054
1008  1456111775099  0.597444625712078  -0.5580671308497631  -0.5758654327823677
1009  1456111775211  0.5644425566876659  -0.4549866029022205  -0.6887610553592649
1010  1456111775329  0.5692897970976962  -0.3291521435635121  -0.7533710860336931
1011  1456111775434  0.5767262178252679  -0.17849479944080832  -0.7971991454147189
1012  1456111775544  0.5337526200656768  -0.10723146442687437  -0.8388143761935822
1013  1456111775649  0.49126576374436226  -0.08270963396262854  -0.8670738500268449
1014  1456111775753  0.4759673961203088  -0.07863087539200042  -0.8759407653194584
1015  1456111775861  0.4896642877277273  -0.06475314872994975  -0.8695032552534556
1016  1456111775970  0.5158998580462093  -0.02837681805239356  -0.8561787735161341
1017  1456111776082  0.5385051307776259  0.02275986825628351  -0.8423147955098753
1018  1456111776192  0.5446870232417638  0.058111470617060235  -0.8366236295521929
1019  1456111776300  0.5345802860883744  0.05959872874583727  -0.8430135795981748
1020  1456111776408  0.5179181912198203  0.03499985347146506  -0.8547138443707638
1021  1456111776517  0.5132786788466674  0.017670671411265992  -0.8580400579330352
1022  1456111776632  0.5445238355365518  0.054117296899598655  -0.8369976744619647
1023  1456111776741  0.5980232136343133  0.15192668967487388  -0.7869475968098838
1024  1456111776850  0.6471054549998563  0.2775193135980638  -0.7100968691433103
1025  1456111776961  0.6879506260492221  0.38835897159967825  -0.61310786285161
1026  1456111777079  0.7362085844464801  0.4767392831510895  -0.4803296556568739
1027  1456111777189  0.7934082224025776  0.529885295408195  -0.29954129078260117
1028  1456111777294  0.8194583361647254  0.5697601294135968  -0.062140381201320594
1029  1456111777398  0.7390356357222263  0.6329677303723409  0.23060396983338372
1030  1456111777506  0.4378411068601924  0.710631479125239  0.5507250884822188
1031  1456111777612  -0.010751133)  0.6423284110222722  0.7663541608984623
1032  1456111777719  -0.28762531717201156  0.5020113023524884  0.8156325037395469
1033  1456111777824  -0.39402299558152265  0.4599110318635615  0.7957560613402812
1034  1456111777928  -0.42302167862291107  0.4949643335871119  0.7589881052500882
1035  1456111778036  -0.4063901626717552  0.5473355274108584  0.731622031870927
1036  1456111778145  -0.36280486797728173  0.5790717443586277  0.7301016879209783
1037  1456111778262  -0.3148299908396517  0.578255597143319  0.7526636610645809
1038  1456111778370  -0.2841286567598331  0.5614174352931627  0.7772267069739804
1039  1456111778478  -0.2684847673258197  0.5472740018188578  0.7927213640851711
1040  1456111778586  -0.2756124468374104  0.5412650467863847  0.7943991200932103
1041  1456111778695  -0.29824079386924396  0.5388250098530001  0.7878578485667642
1042  1456111778813  -0.3117647957145735  0.5351338094124527  0.7851334254624369
1043  1456111778922  -0.3032229476209114  0.5291470087210086  0.7925019058031513
1044  1456111779030  -0.3120785060304172  0.5084849016321371  0.8025273623052556
1045  1456111779140  -0.3662917378910713  0.470454628091419  0.8028092725109026
1046  1456111779249  -0.443833516343739  0.42974821496684523  0.7863384867804495
1047  1456111779363  -0.5194733108819989  0.4026202743307632  0.7536871823211513
1048  1456111779471  -0.5621975062567799  0.42117619115033733  0.7117195100418598
1049  1456111779581  -0.5946239565798166  0.4654910918520472  0.655545820199257
1050  1456111779689  -0.580699496898772  0.5618116490343703  0.5891992712192291
1051  1456111779798  -0.4737721820313345  0.7003159635546797  0.5339451493994782
1052  1456111779912  -0.317440432786273  0.8043610474848051  0.5022298416983424
1053  1456111780018  -0.1611943054398406  0.8561353637893383  0.490967036986941
1054  1456111780126  -0.059592721682202865  0.8701234407295712  0.4892177437052798
1055  1456111780234  0.006625296260549529  0.8707446162259387  0.49169076457632077
1056  1456111780345  0.05126236745953694  0.8652181765485709  0.49876807819740687
1057  1456111780450  0.07719589738268962  0.8572803417906596  0.5090297717705607
