1  1456111660755  0.048625987  -0.2926348  -0.83871704
2  1456111660759  0.2757362  -0.1009128  -0.015864914
3  1456111661117  0.2512214  -0.096260086  -0.031553462
4  1456111661156  0.21688847  -0.08836238  -0.05967091
5  1456111661188  0.18506713  -0.078461304  -0.095103584
6  1456111661377  0.17110744  -0.069593675  -0.11850632
7  1456111661445  0.17304197  -0.065224394  -0.12172057
8  1456111661448  0.18066007  -0.06338741  -0.11794469
9  1456111661456  0.18925065  -0.061685983  -0.11050115
10  1456111661516  0.20184337  -0.059220713  -0.099139206
11  1456111661584  0.22650577  -0.05722911  -0.08167097
12  1456111661695  0.26747003  -0.058947325  -0.054646887
13  1456111661800  0.31001547  -0.06425967  -0.02428463
14  1456111661908  0.34213862  -0.06950701  0.001572766
15  1456111662013  0.3558664  -0.069169074  0.013445478
16  1456111662120  0.35647786  -0.064577505  0.010328475
17  1456111662228  0.35080582  -0.061185606  0.0040375576
18  1456111662334  0.33686095  -0.06345332  0.014807285
19  1456111662444  0.29638842  -0.06693595  0.04313938
20  1456111662551  0.2090881  -0.048125748  -0.06655396
21  1456111662660  0.19434245  0.10111342  -0.6821817
22  1456111662770  0.38545412  0.4495681  -0.6620379
23  1456111662889  0.4569405  0.6382516  -0.5472742
24  1456111662994  0.47064653  0.6917047  -0.5164868
25  1456111663099  0.48438576  0.69414014  -0.5239792
26  1456111663205  0.49900123  0.6723308  -0.54570866
27  1456111663319  -0.5004011  -0.64806235  0.5741
28  1456111663596  -0.40811026  -0.37490964  0.6499937
29  1456111663701  -0.23428363  -0.4762633  0.804759
30  1456111663808  -0.21626127  -0.55861473  0.8001644
31  1456111663923  0.27034256  0.6043727  -0.74713373
32  1456111664029  0.31523475  0.6306529  -0.7043373
33  1456111664134  0.3247078  0.6599027  -0.6702088
34  1456111664239  0.30927837  0.6872769  -0.64603955
35  1456111664345  0.28730196  0.7058812  -0.62937397
36  1456111664457  0.2732751  0.7183532  -0.60875934
37  1456111664726  0.26976871  0.72926617  -0.5792855
38  1456111664729  0.26699027  0.7354434  -0.5610395
39  1456111664825  0.26032084  0.7303409  -0.573653
40  1456111664932  0.2623848  0.71143633  -0.6048155
41  1456111665052  0.27046022  0.70012224  -0.6071497
42  1456111665162  0.2800511  0.7078364  -0.5786732
43  1456111665272  0.28573292  0.7288203  -0.5351805
44  1456111665382  0.28682938  0.75355667  -0.48348793
45  1456111665489  0.28241187  0.7688854  -0.43482658
46  1456111665596  0.27480838  0.7689779  -0.40240493
47  1456111665707  0.26476267  0.7582064  -0.37574416
48  1456111665812  0.26220533  0.74909127  -0.33092892
49  1456111665918  0.2757764  0.74932724  -0.27303922
50  1456111666024  0.30534935  0.75513643  -0.24982125
51  1456111666129  0.34727654  0.7593073  -0.27019545
52  1456111666240  0.396389  0.75862056  -0.30877587
53  1456111666345  0.42778105  0.75517315  -0.34012866
54  1456111666459  0.43894187  0.7466158  -0.38118502
55  1456111666565  0.44839054  0.725901  -0.44604516
56  1456111666672  0.4956014  0.67355204  -0.53078914
57  1456111666780  -0.5296694  -0.63493824  0.56239295
58  1456111666885  -0.5136429  -0.64905167  0.5597229
59  1456111666991  -0.47201636  -0.68461967  0.5553722
60  1456111667106  0.4232999  0.71470076  -0.5556072
61  1456111667211  0.38071486  0.7273674  -0.56769574
62  1456111667325  0.35348785  0.72524124  -0.58549243
63  1456111667430  0.34175178  0.73800606  -0.56782323
64  1456111667542  0.3515723  0.7725147  -0.4945987
65  1456111667649  0.37490788  0.8017974  -0.41100004
66  1456111667757  0.39917678  0.8185398  -0.33609766
67  1456111667869  0.41930333  0.818059  -0.26630768
68  1456111667981  0.38101438  0.7938819  -0.14359564
69  1456111668089  0.18232471  0.66382056  0.27621323
70  1456111668194  0.15587127  0.5288949  0.5171949
71  1456111668299  0.17250726  0.5281748  0.5611888
72  1456111668409  0.20883983  0.5649894  0.52950615
73  1456111668517  0.24566282  0.5868281  0.481473
74  1456111668630  0.26140574  0.5939367  0.4536835
75  1456111668741  0.2624718  0.5958637  0.45219243
76  1456111668851  0.2672072  0.5967515  0.45817265
77  1456111668962  0.27908567  0.5972975  0.4589874
78  1456111669088  0.2902035  0.59955287  0.45008227
79  1456111669199  0.29248554  0.602071  0.43918198
80  1456111669310  0.29240113  0.60398525  0.43193987
81  1456111669422  0.30085984  0.6038785  0.42729113
82  1456111669537  0.31230247  0.6015983  0.4257642
83  1456111669657  0.30556187  0.60330194  0.43733123
84  1456111669773  0.29630566  0.6037387  0.44413263
85  1456111669888  0.2916616  0.6039429  0.44531286
86  1456111670002  0.29393953  0.6030235  0.44134426
87  1456111670119  0.29317513  0.6034377  0.4408882
88  1456111670225  0.30950108  0.5946135  0.42442295
89  1456111670333  0.31421638  0.5918893  0.4223052
90  1456111670438  0.31413978  0.5907911  0.4260443
91  1456111670545  0.30169553  0.5909293  0.4370428
92  1456111670651  0.2673213  0.59347594  0.4548056
93  1456111670762  0.20415248  0.6032005  0.4685998
94  1456111670869  0.1294662  0.6362489  0.43454057
95  1456111670976  0.39784992  0.6160948  -0.05061018
96  1456111671109  0.7910429  0.37312934  -0.4653836
97  1456111671224  -0.7726054  -0.4485683  0.44808075
98  1456111671329  -0.73180926  -0.48327482  0.4698021
99  1456111671436  -0.68301183  -0.508947  0.51118803
100  1456111671546  -0.6124585  -0.5554708  0.5570448
101  1456111671658  -0.503711  -0.62822396  0.59294
102  1456111671777  0.39878085  0.6686871  -0.62673825
103  1456111671883  0.33219367  0.66858655  -0.6636004
104  1456111671996  0.30924976  0.6473029  -0.69345456
105  1456111672101  0.31087068  0.63686866  -0.699792
106  1456111672208  0.31226027  0.64916545  -0.6838259
107  1456111672319  0.30142772  0.67727417  -0.6557869
108  1456111672425  0.2756399  0.70346075  -0.6333116
109  1456111672531  0.24696143  0.7168401  -0.6260903
110  1456111672637  0.22164251  0.71627164  -0.63446295
111  1456111672742  0.20406535  0.7058578  -0.6508258
112  1456111672853  0.19425625  0.69318306  -0.6651543
113  1456111672957  0.19006607  0.6888897  -0.66832244
114  1456111673065  0.18726286  0.69491285  -0.66042256
115  1456111673172  0.18238562  0.70507497  -0.6479148
116  1456111673280  0.17539151  0.7117138  -0.6393798
117  1456111673391  0.16940123  0.7126176  -0.6390181
118  1456111673496  0.16673593  0.7103668  -0.64369255
119  1456111673607  0.16664328  0.7068708  -0.64898866
120  1456111673716  0.16668025  0.7042745  -0.6508495
121  1456111673827  0.16523068  0.7044251  -0.649028
122  1456111673944  0.16290231  0.7066863  -0.64606947
123  1456111674053  0.16024703  0.7081722  -0.6425207
124  1456111674163  0.15987563  0.7110214  -0.6301096
125  1456111674272  0.16743864  0.7238048  -0.5943537
126  1456111674384  0.1904972  0.75020576  -0.53348124
127  1456111674503  0.2305576  0.7829479  -0.4562788
128  1456111674612  0.28257895  0.79995793  -0.390227
129  1456111674718  0.34699425  0.7957267  -0.31413743
130  1456111674822  0.4038846  0.75400686  -0.18505199
131  1456111674928  0.37243363  0.6491704  0.09544899
132  1456111675038  0.30088675  0.5275124  0.37502488
133  1456111675141  0.2725467  0.49425992  0.4816651
134  1456111675249  0.2873798  0.50900173  0.48468435
135  1456111675358  0.3341126  0.5252036  0.43798018
136  1456111675468  0.3798937  0.52901214  0.39070004
137  1456111675579  0.39692894  0.5307181  0.37361977
138  1456111675687  0.38712355  0.53551984  0.3834151
139  1456111675811  0.3673214  0.5397831  0.40192643
140  1456111675901  0.3537218  0.5415171  0.4140216
141  1456111676012  0.3523395  0.54119045  0.41395804
142  1456111676126  0.35838902  0.53919894  0.4058334
143  1456111676242  0.3645702  0.5369856  0.39681226
144  1456111676350  0.36823735  0.5365312  0.39029652
145  1456111676460  0.3689032  0.5381259  0.3879691
146  1456111676573  0.36813548  0.53971636  0.3903004
147  1456111676674  0.3686865  0.53997636  0.39387017
148  1456111676783  0.36907828  0.5389538  0.3978296
149  1456111676891  0.36170048  0.53779525  0.40508187
150  1456111677001  0.33923545  0.5391094  0.4156722
151  1456111677112  0.30674386  0.5496585  0.412256
152  1456111677223  0.30760264  0.5773  0.33581582
153  1456111677332  0.44419032  0.5753551  0.09172826
154  1456111677442  0.6360056  0.50466925  -0.16863252
155  1456111677551  0.722439  0.48052484  -0.28483737
156  1456111677658  0.7522431  0.478739  -0.37274772
157  1456111677768  0.74295217  0.4703827  -0.47056967
158  1456111677873  -0.6910124  -0.47168997  0.54336584
159  1456111677980  -0.62672883  -0.48629677  0.59688056
160  1456111678093  -0.54096  -0.545092  0.6375287
161  1456111678203  0.41159275  0.6367469  -0.6488736
162  1456111678310  0.30685863  0.68489474  -0.6475462
163  1456111678413  0.24765903  0.6911699  -0.6645219
164  1456111678521  0.222968  0.67440563  -0.6917628
165  1456111678629  0.22516878  0.6589776  -0.7051192
166  1456111678738  0.2386714  0.6603007  -0.6958476
167  1456111678856  0.24604234  0.67734486  -0.6708487
168  1456111678965  0.23852986  0.69392335  -0.65213174
169  1456111679082  0.22185576  0.69975275  -0.651288
170  1456111679190  0.20036617  0.69403535  -0.6642291
171  1456111679300  0.18521477  0.68217504  -0.68079937
172  1456111679412  0.17942426  0.67658484  -0.6869411
173  1456111679520  0.18095388  0.6803184  -0.6808513
174  1456111679630  0.18393068  0.68654495  -0.67084503
175  1456111679738  0.18456677  0.68893033  -0.6656508
176  1456111679847  0.18240143  0.6872942  -0.6665031
177  1456111679962  0.17841819  0.6831043  -0.6708935
178  1456111680081  0.17429815  0.6801741  -0.67409855
179  1456111680192  0.17186871  0.68145126  -0.67388487
180  1456111680302  0.17083342  0.68584734  -0.66915923
181  1456111680412  0.17075303  0.6909513  -0.6579716
182  1456111680524  0.17381476  0.6950935  -0.6420475
183  1456111680634  0.18143694  0.696318  -0.62867665
184  1456111680744  0.19194609  0.69436544  -0.62203443
185  1456111680854  0.20426434  0.69207734  -0.62283534
186  1456111680963  0.21698196  0.6918849  -0.6281018
187  1456111681082  0.22786097  0.6920553  -0.6353055
188  1456111681191  0.23659179  0.69055426  -0.64018756
189  1456111681307  0.24366516  0.69161767  -0.63719326
190  1456111681416  0.25061303  0.6937763  -0.63162047
191  1456111681527  0.25538385  0.6915851  -0.63436323
192  1456111681653  0.25505912  0.6848544  -0.6443404
193  1456111681771  0.24698967  0.68811345  -0.63632166
194  1456111681877  0.23814228  0.70333636  -0.6057903
195  1456111681983  0.23896517  0.7253058  -0.5586372
196  1456111682088  0.25262597  0.7464005  -0.5054311
197  1456111682198  0.27977273  0.76085943  -0.4469292
198  1456111682303  0.31875458  0.7617996  -0.38617757
199  1456111682408  0.36114886  0.74631566  -0.307797
200  1456111682515  0.3850744  0.7076484  -0.18449804
201  1456111682620  0.35419393  0.63879794  0.028120983
202  1456111682729  0.29895422  0.53533566  0.29573432
203  1456111682835  0.28612256  0.46309936  0.44702283
204  1456111682940  0.29905364  0.4454931  0.49100313
205  1456111683046  0.32374516  0.45638937  0.47442356
206  1456111683154  0.35561004  0.4730312  0.42716894
207  1456111683260  0.38357246  0.48385715  0.38240325
208  1456111683367  0.3962255  0.48983517  0.36247927
209  1456111683472  0.39408788  0.4927358  0.36669183
210  1456111683579  0.3873899  0.49165657  0.38050994
211  1456111683685  0.3841017  0.48684025  0.39143744
212  1456111683797  0.38521054  0.48083308  0.39503282
213  1456111683905  0.38988817  0.47643545  0.39007398
214  1456111684016  0.39550695  0.47509694  0.38113338
215  1456111684128  0.399299  0.47621202  0.37360206
216  1456111684259  0.40027207  0.47786722  0.37130174
217  1456111684347  0.40022564  0.47830755  0.3726889
218  1456111684455  0.39988548  0.47760996  0.3746136
219  1456111684563  0.39907035  0.47648138  0.37655875
220  1456111684673  0.39806366  0.4751656  0.3794257
221  1456111684786  0.39443296  0.47467348  0.3826636
222  1456111684902  0.38215205  0.47840387  0.3813224
223  1456111685019  0.36226487  0.4899222  0.3642476
224  1456111685128  0.3512371  0.50708574  0.3200085
225  1456111685237  0.37615767  0.5231779  0.22152176
226  1456111685347  0.47675863  0.5126097  0.009935804
227  1456111685464  0.6547444  0.43055812  -0.317379
228  1456111685571  0.7305853  0.41358322  -0.47481197
229  1456111685676  0.7165837  0.44835064  -0.53016526
230  1456111685782  -0.670306  -0.48278716  0.5625066
231  1456111685887  -0.61445886  -0.51900816  0.5918264
232  1456111686002  -0.5411855  -0.56892896  0.6190745
233  1456111686111  0.43713224  0.6340084  -0.63530535
234  1456111686221  0.346925  0.6684688  -0.65159893
235  1456111686329  0.2911564  0.6713876  -0.67530715
236  1456111686438  0.26951486  0.6606088  -0.69373614
237  1456111686552  0.27029178  0.6573489  -0.6921371
238  1456111686661  0.28002834  0.66726017  -0.673635
239  1456111686770  0.28411523  0.68458205  -0.65076923
240  1456111686878  0.27927488  0.6969159  -0.63943815
241  1456111686990  0.26939708  0.6969494  -0.64591336
242  1456111687100  0.26004463  0.68837875  -0.6607154
243  1456111687210  0.25574386  0.68189996  -0.6691297
244  1456111687319  0.25563067  0.6840352  -0.6651556
245  1456111687428  0.25625268  0.6912096  -0.6549954
246  1456111687538  0.2549239  0.69651484  -0.6481097
247  1456111687653  0.25178412  0.6959298  -0.64994514
248  1456111687762  0.24896598  0.6925755  -0.65567505
249  1456111687871  0.24842955  0.69045126  -0.65917444
250  1456111687981  0.24986902  0.69105625  -0.65833616
251  1456111688092  0.2520581  0.69241846  -0.6562254
252  1456111688202  0.25365797  0.6927296  -0.65569663
253  1456111688426  0.25219148  0.690044  -0.65834475
254  1456111688535  0.2504639  0.6893835  -0.6584404
255  1456111688644  0.24882458  0.6906135  -0.6551569
256  1456111688754  0.24784587  0.69877756  -0.63939095
257  1456111688863  0.25009397  0.71702826  -0.60229784
258  1456111688971  0.25939548  0.7383511  -0.5523705
259  1456111689086  0.27633202  0.75518745  -0.49830094
260  1456111689195  0.30088833  0.7604049  -0.44586566
261  1456111689306  0.33040982  0.7519191  -0.37896955
262  1456111689423  0.3523606  0.71840936  -0.2686093
263  1456111689528  0.3408243  0.65129435  -0.08196138
264  1456111689633  0.30543527  0.55003256  0.18936057
265  1456111689742  0.30458775  0.46189  0.3805061
266  1456111689851  0.3226044  0.42955372  0.45589784
267  1456111689962  0.3487773  0.43311256  0.45811003
268  1456111690078  0.38013828  0.4469138  0.41803887
269  1456111690188  0.4062618  0.4567308  0.37340784
270  1456111690296  0.41869023  0.46463865  0.34781703
271  1456111690405  0.41462404  0.47197282  0.34946042
272  1456111690516  0.4036883  0.47604412  0.36419487
273  1456111690626  0.39662066  0.47576275  0.37542155
274  1456111690736  0.39570525  0.4733161  0.3777899
275  1456111690845  0.39774385  0.4716724  0.37452793
276  1456111690953  0.39972115  0.47178915  0.3709708
277  1456111691080  0.40017188  0.4728593  0.3701657
278  1456111691194  0.39906508  0.47363263  0.37214702
279  1456111691304  0.3994185  0.47301453  0.37359053
280  1456111691413  0.4012269  0.47189564  0.37410897
281  1456111691522  0.40156695  0.4716892  0.3752979
282  1456111691644  0.40032896  0.4723934  0.37790745
283  1456111691772  0.40102673  0.4734009  0.37943456
284  1456111691878  0.4031744  0.47394308  0.37839705
285  1456111691983  0.4038417  0.4738929  0.37715647
286  1456111692089  0.396575  0.4729216  0.38351572
287  1456111692199  0.36901018  0.4715348  0.407403
288  1456111692304  0.32178444  0.4757125  0.43241504
289  1456111692409  0.2717487  0.5010047  0.40704912
290  1456111692514  0.30049857  0.5351384  0.20842582
291  1456111692620  0.52812624  0.4304377  -0.2607431
292  1456111692730  0.609056  0.3966371  -0.42774126
293  1456111692836  0.59502625  0.44338065  -0.44429383
294  1456111692941  0.54993993  0.49526286  -0.42435497
295  1456111693049  0.4923338  0.53470796  -0.38389498
296  1456111693158  0.43477395  0.5525194  -0.33638105
297  1456111693269  0.38488635  0.55174327  -0.29057562
298  1456111693447  0.3517298  0.54275036  -0.25287598
299  1456111693492  0.34800467  0.5352844  -0.2432049
300  1456111693605  0.37132555  0.5315999  -0.27178726
301  1456111693714  0.3962973  0.53001875  -0.3057892
302  1456111693828  0.41451487  0.5301875  -0.3297812
303  1456111693937  0.4248388  0.5316038  -0.34372652
304  1456111694049  0.42984557  0.53279346  -0.35776097
305  1456111694158  0.43439585  0.53318477  -0.37869197
306  1456111694267  0.44732395  0.5343967  -0.40674528
307  1456111694382  0.4741606  0.5427333  -0.42652884
308  1456111694495  0.50380445  0.5577028  -0.42909846
309  1456111694616  0.5326294  0.56426316  -0.46594355
310  1456111694719  0.5555286  0.5422662  -0.57667035
311  1456111694824  0.5397506  0.5227235  -0.6547536
312  1456111694934  -0.49513435  -0.52003574  0.695913
313  1456111695037  0.42485207  0.5505032  -0.7185953
314  1456111695146  0.32854035  0.59859735  -0.72565913
315  1456111695254  0.21835604  0.6418648  -0.7170864
316  1456111695363  0.13398512  0.6611844  -0.7110066
317  1456111695473  0.08971745  0.6607172  -0.71210223
318  1456111695582  0.08130543  0.6529462  -0.71068835
319  1456111695690  0.09386937  0.65035456  -0.70215917
320  1456111695798  0.1076483  0.65647256  -0.68904006
321  1456111695907  0.109880775  0.6664686  -0.6772062
322  1456111696022  0.09894068  0.67219704  -0.67503154
323  1456111696130  0.07997423  0.6691099  -0.68234575
324  1456111696239  0.06562412  0.6605936  -0.69312197
325  1456111696347  0.06065089  0.65538096  -0.69710773
326  1456111696464  0.06368503  0.6582488  -0.6909154
327  1456111696587  0.06913783  0.6649666  -0.6814013
328  1456111696702  0.070456676  0.66708064  -0.6785194
329  1456111696810  0.068427026  0.664545  -0.68256557
330  1456111696919  0.06643003  0.6610607  -0.688692
331  1456111697030  0.06619341  0.6592638  -0.69115824
332  1456111697142  0.067182384  0.65981084  -0.6860455
333  1456111697251  0.069102906  0.6642774  -0.66921514
334  1456111697361  0.076459095  0.6762299  -0.63246083
335  1456111697478  0.09850295  0.6960462  -0.575301
336  1456111697588  0.13468832  0.7130782  -0.5213536
337  1456111697698  0.1845557  0.72060204  -0.47247988
338  1456111697807  0.252228  0.70860046  -0.4179184
339  1456111697917  0.3270592  0.6558661  -0.30774415
340  1456111698024  0.37562487  0.5150515  0.010379566
341  1456111698129  0.41342628  0.3599614  0.31665558
342  1456111698239  0.42344147  0.31215674  0.4276396
343  1456111698343  0.42153317  0.32128477  0.43759227
344  1456111698473  0.42086095  0.34085444  0.388036
345  1456111698564  0.4262029  0.34750274  0.31849456
346  1456111698673  0.43296492  0.34724647  0.2761482
347  1456111698783  0.4400773  0.35193744  0.2683611
348  1456111698891  0.4460221  0.36249325  0.27447933
349  1456111699001  0.4463945  0.37460607  0.28501627
350  1456111699119  0.43977922  0.38475248  0.29951164
351  1456111699229  0.42982665  0.39186957  0.3141006
352  1456111699342  0.42116266  0.3956869  0.32333598
353  1456111699450  0.41896534  0.3966841  0.3252275
354  1456111699558  0.42228547  0.39544126  0.32292208
355  1456111699667  0.42420304  0.39367363  0.32083586
356  1456111699775  0.4205378  0.3931042  0.32012054
357  1456111699892  0.41521302  0.394353  0.32062897
358  1456111700001  0.41697308  0.39414185  0.3178724
359  1456111700110  0.42005223  0.39520633  0.31712872
360  1456111700218  0.41953576  0.39781073  0.31802973
361  1456111700329  0.41811508  0.40049648  0.31819814
362  1456111700442  0.4198684  0.40167  0.31702176
363  1456111700550  0.42334837  0.4011657  0.31472236
364  1456111700658  0.42588758  0.40017664  0.31053272
365  1456111700766  0.42514157  0.39838743  0.30970255
366  1456111700875  0.41484258  0.39629903  0.32503498
367  1456111700993  0.38780877  0.39746395  0.3386125
368  1456111701101  0.3567791  0.42291602  0.28366572
369  1456111701211  0.44100055  0.42642173  -0.02393014
370  1456111701322  0.5869203  0.39534694  -0.29937297
371  1456111701430  0.6283307  0.4375739  -0.33933273
372  1456111701539  0.6130204  0.4936328  -0.33409524
373  1456111701645  0.5537064  0.553101  -0.30678594
374  1456111701755  0.5335656  0.542354  -0.32416907
375  1456111701861  0.33022636  0.6644066  -0.12845434
376  1456111701967  0.30880547  0.6710395  -0.09154883
377  1456111702080  0.337817  0.66502327  -0.10433249
378  1456111702187  0.3739923  0.65143704  -0.13446376
379  1456111702292  0.39680222  0.637423  -0.15854716
380  1456111702399  0.4038979  0.62754  -0.17098583
381  1456111702508  0.40292737  0.62338454  -0.17472723
382  1456111702622  0.40261057  0.62365854  -0.17213707
383  1456111702730  0.40453905  0.6250559  -0.16728644
384  1456111702838  0.4075402  0.62515914  -0.16548188
385  1456111702947  0.41128442  0.6240769  -0.16639169
386  1456111703053  0.41542542  0.6226257  -0.1668603
387  1456111703162  0.417428  0.62103355  -0.16694503
388  1456111703270  0.4163336  0.6194924  -0.16794302
389  1456111703379  0.41428497  0.61909765  -0.16763721
390  1456111703488  0.41485146  0.61868244  -0.1659767
391  1456111703596  0.4138045  0.61897874  -0.16139643
392  1456111703708  0.4106802  0.6187817  -0.15773402
393  1456111703817  0.408421  0.61841905  -0.15741354
394  1456111703925  0.4100258  0.61817807  -0.15984374
395  1456111704033  0.41231823  0.6187905  -0.16111375
396  1456111704143  0.4125052  0.6194553  -0.16091122
397  1456111704356  0.40969393  0.6201338  -0.15852371
398  1456111704464  0.40996563  0.6204368  -0.15771508
399  1456111704573  0.41113368  0.6205434  -0.15797563
400  1456111704681  0.41276455  0.6204525  -0.15908019
401  1456111704791  0.4150187  0.6205903  -0.1593769
402  1456111704903  0.4170014  0.6212212  -0.15856187
403  1456111705011  0.41754553  0.62241334  -0.15719064
404  1456111705121  0.41626278  0.62374604  -0.1546123
405  1456111705230  0.413418  0.62426883  -0.15130983
406  1456111705338  0.4115374  0.6233088  -0.1507768
407  1456111705452  0.4140276  0.62113684  -0.15507427
408  1456111705561  0.42068624  0.6182744  -0.15975395
409  1456111705669  0.42652684  0.61586565  -0.15676937
410  1456111705779  0.42892694  0.6142164  -0.1426219
411  1456111705889  0.42798337  0.61286086  -0.11999828
412  1456111706003  0.42168552  0.6099482  -0.089966565
413  1456111706112  0.40670156  0.6020395  -0.050173275
414  1456111706218  0.37838  0.5842934  0.016101718
415  1456111706322  0.34235957  0.5491548  0.12356326
416  1456111706430  0.31975028  0.48803204  0.26699686
417  1456111706542  0.33449116  0.41505542  0.38556448
418  1456111706662  0.36798432  0.37595096  0.42674533
419  1456111706771  0.39281526  0.37654555  0.40937424
420  1456111706880  0.40959072  0.39190722  0.36875
421  1456111706989  0.41763747  0.4063411  0.3384585
422  1456111707104  0.4227915  0.41038296  0.32222658
423  1456111707214  0.402402  0.43119556  0.35971987
424  1456111707331  0.39982468  0.4328412  0.37033382
425  1456111707440  0.40184212  0.43009928  0.37035528
426  1456111707549  0.40059033  0.4280586  0.3679506
427  1456111707662  0.39659253  0.42753634  0.36492786
428  1456111707771  0.3960718  0.42687148  0.3623542
429  1456111707879  0.39955175  0.4252025  0.36085993
430  1456111707988  0.40232223  0.4237581  0.35977373
431  1456111708104  0.40313756  0.42346874  0.35817638
432  1456111708212  0.4041631  0.4237515  0.35639778
433  1456111708323  0.40528694  0.42467654  0.35402313
434  1456111708431  0.40629962  0.42657793  0.3500894
435  1456111708540  0.40815538  0.42839754  0.34666792
436  1456111708649  0.41039106  0.4293886  0.34597674
437  1456111708762  0.4109556  0.43007386  0.3482045
438  1456111708870  0.4096995  0.4307828  0.3521204
439  1456111708997  0.41058317  0.4311948  0.35430738
440  1456111709104  0.41300505  0.43261147  0.35257766
441  1456111709217  0.4124176  0.4353013  0.349362
442  1456111709327  0.4066196  0.43820897  0.35097456
443  1456111709442  0.40199545  0.43974507  0.35528463
444  1456111709561  0.40283966  0.4397135  0.3572661
445  1456111709667  0.40481305  0.43919846  0.35501707
446  1456111709773  0.40565294  0.43860173  0.35046518
447  1456111709881  0.40764707  0.43726888  0.34616077
448  1456111709986  0.4117554  0.4356749  0.34390983
449  1456111710091  0.41455564  0.43524644  0.34461093
450  1456111710196  0.41362697  0.43638143  0.3487586
451  1456111710311  0.41073334  0.43845627  0.3549199
452  1456111710419  0.40792406  0.44116575  0.36032894
453  1456111710524  0.4050951  0.44326684  0.3637824
454  1456111710629  0.40001968  0.44414437  0.36736533
455  1456111710734  0.39111766  0.44369736  0.3722985
456  1456111710839  0.37980965  0.4433378  0.3745239
457  1456111710949  0.3702759  0.44677052  0.3625319
458  1456111711052  0.370596  0.45520929  0.32428125
459  1456111711162  0.39077157  0.4681203  0.23744857
460  1456111711270  0.4528983  0.4726063  0.061849065
461  1456111711379  0.5554538  0.44961637  -0.19142477
462  1456111711497  0.64445513  0.42259532  -0.43022513
463  1456111711606  0.6586064  0.44097733  -0.5548665
464  1456111711719  0.62236303  0.47753546  -0.6137569
465  1456111711826  0.5652107  0.51797193  -0.6416564
466  1456111711932  0.49686056  0.56035435  -0.6620585
467  1456111712039  0.4075825  0.6091641  -0.67505026
468  1456111712147  0.30722553  0.6490549  -0.68007034
469  1456111712255  0.23035906  0.6632083  -0.6902291
470  1456111712363  0.18453309  0.6610738  -0.7035655
471  1456111712472  0.16756222  0.6553081  -0.70929927
472  1456111712584  0.1709555  0.6562697  -0.7017734
473  1456111712692  0.18215157  0.66586167  -0.68546885
474  1456111712800  0.18805565  0.67761004  -0.6703659
475  1456111712908  0.18340129  0.6835757  -0.6656057
476  1456111713018  0.17141223  0.6815534  -0.6718782
477  1456111713121  0.15953133  0.6764544  -0.6805105
478  1456111713230  0.15315695  0.6736707  -0.68369275
479  1456111713338  0.15304488  0.6758999  -0.67892927
480  1456111713446  0.15617636  0.6805092  -0.6715034
481  1456111713555  0.1587115  0.68309766  -0.6679276
482  1456111713672  0.15917768  0.6818952  -0.6705761
483  1456111713780  0.15875435  0.6795031  -0.6751395
484  1456111713888  0.159273  0.6775928  -0.6781652
485  1456111713996  0.15975535  0.67684186  -0.6780844
486  1456111714110  0.1605491  0.67703485  -0.6765046
487  1456111714223  0.16139275  0.6779212  -0.6752993
488  1456111714331  0.16200961  0.6789234  -0.67450804
489  1456111714441  0.16247861  0.6802683  -0.6720388
490  1456111714550  0.16310869  0.6831613  -0.6642014
491  1456111714660  0.16496193  0.6892454  -0.6461127
492  1456111714772  0.17075783  0.69898283  -0.61350715
493  1456111714882  0.18397482  0.7097031  -0.5705346
494  1456111714993  0.2079966  0.7203273  -0.5171106
495  1456111715102  0.24460545  0.72657293  -0.45962217
496  1456111715211  0.29312447  0.72308433  -0.391911
497  1456111715322  0.3487246  0.6980628  -0.29676968
498  1456111715431  0.3873867  0.6366169  -0.1386041
499  1456111715539  0.38348904  0.5364405  0.11549458
500  1456111715645  0.36931098  0.44734415  0.32255998
501  1456111715750  0.36139897  0.41447726  0.40814012
502  1456111715859  0.3662212  0.4180175  0.41156527
503  1456111715962  0.3875438  0.42695343  0.37502095
504  1456111716078  0.41983002  0.43222946  0.32821694
505  1456111716187  0.4401681  0.4349063  0.30534127
506  1456111716296  0.44308674  0.43798858  0.30672127
507  1456111716412  0.43563  0.44033697  0.32027704
508  1456111716520  0.43015137  0.44161507  0.32974365
509  1456111716628  0.42777362  0.44254228  0.3321908
510  1456111716737  0.4261988  0.4434701  0.3307218
511  1456111716848  0.42656657  0.44344953  0.32723042
512  1456111716962  0.4296077  0.44199613  0.32312545
513  1456111717078  0.43317232  0.4403037  0.31926775
514  1456111717193  0.43608657  0.43978757  0.3153289
515  1456111717312  0.43922204  0.4401882  0.31117776
516  1456111717422  0.4412355  0.44066054  0.308403
517  1456111717532  0.44143248  0.44068295  0.30749518
518  1456111717640  0.44109893  0.4400326  0.30921394
519  1456111717749  0.44086975  0.43947917  0.3130529
520  1456111717857  0.43951127  0.44014254  0.31721556
521  1456111718183  0.43327713  0.44689333  0.3120707
522  1456111718292  0.43492633  0.4463793  0.30928728
523  1456111718504  0.43802354  0.44131678  0.32012933
524  1456111718613  0.43672755  0.44012758  0.32782945
525  1456111718930  0.43981025  0.44373348  0.3031359
526  1456111719040  0.44404125  0.4437987  0.28999108
527  1456111719162  0.44656217  0.44273245  0.286409
528  1456111719270  0.44316372  0.44126984  0.29771912
529  1456111719379  0.43471068  0.44139156  0.3120032
530  1456111719498  0.4241763  0.44702858  0.31132874
531  1456111719618  0.42189792  0.46092883  0.27586523
532  1456111719728  0.44251028  0.47822595  0.189293
533  1456111719836  0.50413424  0.48379737  0.02760301
534  1456111719941  0.596866  0.4646386  -0.18186174
535  1456111720047  0.67075396  0.4446927  -0.35655582
536  1456111720155  0.6989483  0.44426087  -0.47161308
537  1456111720279  0.68657106  0.45123732  -0.5588166
538  1456111720384  0.63712627  0.48398682  -0.59958714
539  1456111720489  -0.57916427  -0.5148872  0.6316802
540  1456111720594  0.49959257  0.56593484  -0.6557333
541  1456111720709  0.39591214  0.6263909  -0.6658145
542  1456111720822  0.29059714  0.6692804  -0.6667753
543  1456111720934  0.22328445  0.67949516  -0.6767653
544  1456111721043  0.1919183  0.674556  -0.68806326
545  1456111721152  0.18824232  0.670647  -0.68850946
546  1456111721261  0.199507  0.6750697  -0.67655206
547  1456111721372  0.21183522  0.68443274  -0.66082823
548  1456111721480  0.21665448  0.68992865  -0.653936
549  1456111721588  0.21344353  0.6873204  -0.6600583
550  1456111721696  0.20641501  0.6789899  -0.67316884
551  1456111721806  0.2002868  0.67228293  -0.6819828
552  1456111721922  0.19740431  0.6733601  -0.67881835
553  1456111722030  0.1975763  0.6799592  -0.66805404
554  1456111722139  0.19948404  0.68725806  -0.6563735
555  1456111722258  0.20219494  0.6926032  -0.6454946
556  1456111722375  0.20613176  0.6944496  -0.6338854
557  1456111722483  0.21186979  0.69301707  -0.61893606
558  1456111722603  0.21980917  0.68891805  -0.5949081
559  1456111722712  0.23562837  0.68281263  -0.56903845
560  1456111722820  0.2567022  0.67593104  -0.53506905
561  1456111722930  0.2835739  0.6650372  -0.49327254
562  1456111723042  0.31124333  0.645796  -0.449148
563  1456111723151  0.33516628  0.6174328  -0.42025393
564  1456111723259  0.3519954  0.58503616  -0.41470256
565  1456111723368  0.36786118  0.55369675  -0.43257296
566  1456111723476  0.38306528  0.53064483  -0.45613748
567  1456111723592  0.39750558  0.5225951  -0.46836072
568  1456111723700  0.41066438  0.52769226  -0.46673083
569  1456111723808  0.4199137  0.53650993  -0.46112755
570  1456111723916  0.42097026  0.5410956  -0.46025264
571  1456111724027  0.4144279  0.54008806  -0.4656417
572  1456111724142  0.40602466  0.53746057  -0.47291803
573  1456111724250  0.40306637  0.5390723  -0.47354373
574  1456111724359  0.4044483  0.5423728  -0.47032076
575  1456111724467  0.404468  0.54209775  -0.47083306
576  1456111724576  0.40104482  0.5373825  -0.4771522
577  1456111724686  0.39702955  0.53216714  -0.48457965
578  1456111724794  0.39613914  0.53123564  -0.4855806
579  1456111724900  0.39635926  0.53307587  -0.48130557
580  1456111725004  0.39505  0.53395396  -0.47907758
581  1456111725114  0.39363632  0.53393495  -0.48002768
582  1456111725441  0.3992385  0.5432139  -0.4526144
583  1456111725654  0.39218706  0.53899205  -0.46426147
584  1456111725762  0.39010447  0.5374369  -0.47162542
585  1456111725870  0.38978013  0.53623617  -0.47955057
586  1456111725979  0.39097738  0.5360703  -0.48185453
587  1456111726092  0.3931212  0.53678036  -0.4782478
588  1456111726201  0.3964022  0.5383384  -0.47198525
589  1456111726309  0.40225068  0.5420386  -0.46308944
590  1456111726418  0.41114935  0.5483958  -0.44518244
591  1456111726539  0.42293105  0.5561547  -0.40300968
592  1456111726652  0.43473536  0.5580036  -0.3448203
593  1456111726760  0.4417633  0.55149555  -0.27428478
594  1456111726869  0.43555468  0.5353715  -0.17414099
595  1456111726978  0.40911403  0.50777274  -0.010572304
596  1456111727088  0.37859023  0.46718085  0.1943354
597  1456111727200  0.36470988  0.43946794  0.33168
598  1456111727310  0.35910115  0.44713503  0.37781262
599  1456111727427  0.36405858  0.46992972  0.36732617
600  1456111727532  0.3780789  0.48764658  0.33839673
601  1456111727640  0.38627  0.49536285  0.32541737
602  1456111727752  0.38414702  0.49790025  0.33156922
603  1456111727860  0.37712488  0.49872458  0.3457833
604  1456111727969  0.37227055  0.49869943  0.35786098
605  1456111728079  0.37038004  0.49846724  0.36521608
606  1456111728188  0.37023643  0.49884963  0.36749628
607  1456111728302  0.37373593  0.49992678  0.36440995
608  1456111728410  0.37965426  0.50058246  0.36066395
609  1456111728518  0.38389665  0.50075686  0.35920003
610  1456111728626  0.38502336  0.50096184  0.35783702
611  1456111728737  0.38139415  0.503763  0.36062974
612  1456111728846  0.38016495  0.5048726  0.36184737
613  1456111728956  0.38118005  0.5055374  0.3624139
614  1456111729085  0.3836364  0.50593877  0.3623657
615  1456111729193  0.3834163  0.50658697  0.3637551
616  1456111729303  0.38113162  0.50756544  0.36470622
617  1456111729412  0.37775934  0.5087645  0.3648802
618  1456111729521  0.37445754  0.50948983  0.36539412
619  1456111729630  0.37280434  0.5096787  0.36607903
620  1456111729739  0.377164  0.5074226  0.36236164
621  1456111729847  0.38251066  0.5056844  0.35919178
622  1456111730063  0.38293988  0.5050907  0.35624152
623  1456111730172  0.37549084  0.50700635  0.36078146
624  1456111730281  0.36727685  0.5069501  0.36650577
625  1456111730390  0.34625432  0.51448023  0.3909881
626  1456111730500  0.33374572  0.5173524  0.39906862
627  1456111730613  0.33104256  0.5272654  0.37723282
628  1456111730723  0.3584925  0.54857  0.28757852
629  1456111730832  0.46479818  0.5514827  0.060334973
630  1456111730951  0.6461939  0.47435006  -0.26225674
631  1456111731058  0.7147719  0.44664755  -0.39763492
632  1456111731167  0.72809327  0.4442467  -0.47798327
633  1456111731272  0.70436895  0.45688426  -0.5363894
634  1456111731392  -0.65554196  -0.46694365  0.59303254
635  1456111731498  -0.5769448  -0.509707  0.63709754
636  1456111731603  0.47649598  0.5638233  -0.6744514
637  1456111731709  0.35444584  0.61496043  -0.69737273
638  1456111731812  0.24545568  0.64048964  -0.70809084
639  1456111731920  0.1760623  0.6440807  -0.71766835
640  1456111732028  0.13963173  0.64433956  -0.71826595
641  1456111732137  0.12974782  0.6503438  -0.7041669
642  1456111732252  0.13461395  0.6631911  -0.67985445
643  1456111732360  0.13824385  0.6742575  -0.6629587
644  1456111732475  0.1327121  0.6782314  -0.6608104
645  1456111732584  0.12002988  0.6739839  -0.67036706
646  1456111732693  0.110671334  0.6671359  -0.68186456
647  1456111732802  0.10934237  0.66553044  -0.68405586
648  1456111732910  0.11344542  0.66962415  -0.6764115
649  1456111733019  0.11660834  0.6736588  -0.6674391
650  1456111733127  0.11519538  0.6741433  -0.6642814
651  1456111733236  0.11101307  0.67337096  -0.66671556
652  1456111733352  0.10770282  0.67405313  -0.67017305
653  1456111733460  0.10649982  0.6743641  -0.67072505
654  1456111733568  0.10821263  0.67303723  -0.66995585
655  1456111733676  0.11336915  0.6721837  -0.67042863
656  1456111733889  0.12378983  0.6725491  -0.6760042
657  1456111734002  0.123754494  0.67115164  -0.6776266
658  1456111734111  0.12051357  0.6705476  -0.67617834
659  1456111734232  0.117320746  0.67284  -0.6691487
660  1456111734340  0.1160992  0.6770353  -0.65550697
661  1456111734451  0.121087044  0.68563586  -0.62881595
662  1456111734563  0.13726029  0.70198333  -0.584854
663  1456111734672  0.16591133  0.72284883  -0.5316042
664  1456111734781  0.20605537  0.74298435  -0.47195616
665  1456111734889  0.25509512  0.75280666  -0.41194427
666  1456111734999  0.30830565  0.74260205  -0.35244265
667  1456111735114  0.35126337  0.6992599  -0.25471607
668  1456111735222  0.34954584  0.597445  0.005893607
669  1456111735330  0.36496383  0.43256304  0.34691012
670  1456111735439  0.3897781  0.3593013  0.4754845
671  1456111735546  0.40070245  0.36684138  0.48384067
672  1456111735659  0.42161867  0.39259827  0.42237636
673  1456111735769  0.4570452  0.3968592  0.34066546
674  1456111735879  0.48193547  0.38962594  0.29035527
675  1456111735990  0.48427835  0.3866679  0.2809047
676  1456111736101  0.47346294  0.38915494  0.29081613
677  1456111736211  0.46099913  0.39316788  0.30362934
678  1456111736319  0.45472637  0.39649695  0.3123301
679  1456111736438  0.45483238  0.39814833  0.31718677
680  1456111736546  0.45554438  0.39901733  0.32090685
681  1456111736654  0.4555345  0.39943781  0.32262793
682  1456111736772  0.45546666  0.3997833  0.3226243
683  1456111736880  0.4561634  0.40035874  0.32189694
684  1456111736991  0.45856953  0.40131214  0.31884715
685  1456111737099  0.46261007  0.40209433  0.31342444
686  1456111737208  0.46692282  0.4020257  0.3077128
687  1456111737320  0.4693921  0.40111738  0.3045564
688  1456111737532  0.4647857  0.4004425  0.30876657
689  1456111737640  0.46245188  0.40094352  0.3092756
690  1456111737748  0.45170906  0.4127925  0.32434627
691  1456111737857  0.451345  0.41467094  0.32315645
692  1456111737972  0.45441428  0.41306195  0.31925762
693  1456111738081  0.45695066  0.40947396  0.3166369
694  1456111738189  0.4552297  0.407514  0.3181644
695  1456111738297  0.4538752  0.40978506  0.31398758
696  1456111738407  0.464964  0.41727117  0.28452545
697  1456111738522  0.4942602  0.42706263  0.22361648
698  1456111738630  0.516955  0.4361492  0.17888725
699  1456111738739  0.5206583  0.44519162  0.16905971
700  1456111738847  0.50727427  0.4538883  0.18888274
701  1456111738956  0.48970804  0.46004975  0.21699552
702  1456111739183  0.4647265  0.4609857  0.26860473
703  1456111739317  0.46202105  0.46125495  0.27257723
704  1456111739427  0.45135942  0.46398652  0.27609244
705  1456111739537  0.43317872  0.47277918  0.26214275
706  1456111739655  0.43558785  0.48806033  0.15753981
707  1456111739763  0.52839774  0.45771334  -0.123006605
708  1456111739883  0.6739851  0.37093693  -0.45872268
709  1456111739997  0.69982994  0.4016204  -0.558442
710  1456111740102  0.6670146  0.45110655  -0.5919198
711  1456111740208  -0.61593217  -0.48359787  0.620129
712  1456111740354  -0.5473804  -0.49198738  0.6697762
713  1456111740530  -0.3964891  -0.54725826  0.7360458
714  1456111740636  0.12934984  0.6329827  -0.73380405
715  1456111740741  0.049306285  0.6339228  -0.72979206
716  1456111741010  0.04758613  0.6699308  -0.6582125
717  1456111741128  0.12551019  0.66848445  -0.67152673
718  1456111741594  0.20728812  -0.6282596  0.3119534
719  1456111741698  0.2714774  -0.5944302  0.4096117
720  1456111741803  0.27326983  -0.563031  0.6160344
721  1456111741908  -0.2599977  0.5537802  -0.7736218
722  1456111742123  0.07227027  0.6826545  -0.57668424
723  1456111742228  0.092765  0.6788992  -0.5933949
724  1456111742334  0.0745366  0.6668938  -0.64641225
725  1456111742439  0.050802078  0.6572529  -0.68607557
726  1456111742547  0.036114454  0.65621734  -0.6930346
727  1456111742878  0.033883255  0.6596134  -0.6816245
728  1456111742881  0.04185944  0.66527265  -0.65693766
729  1456111742944  0.061588194  0.6777736  -0.61371475
730  1456111743052  0.08716094  0.6917092  -0.57051766
731  1456111743162  0.12050906  0.7066033  -0.5211764
732  1456111743273  0.16379447  0.7151043  -0.4686412
733  1456111743381  0.21695769  0.7085023  -0.4105528
734  1456111743490  0.27639157  0.6789452  -0.32264686
735  1456111743598  0.33028686  0.61840475  -0.1572701
736  1456111743710  0.36944738  0.5308973  0.08435465
737  1456111743820  0.38462695  0.46546417  0.26581118
738  1456111743926  0.3790867  0.44757608  0.3516153
739  1456111744031  0.37758777  0.45645073  0.3748986
740  1456111744137  0.39427978  0.47401842  0.35887542
741  1456111744246  0.41966844  0.4918667  0.32802913
742  1456111744362  0.42813283  0.50945497  0.31394365
743  1456111744470  0.41078353  0.52584267  0.32954878
744  1456111744579  0.38439572  0.53478867  0.3576491
745  1456111744688  0.36516017  0.53625846  0.3809046
746  1456111744798  0.35960224  0.53404206  0.39015812
747  1456111744908  0.36346558  0.5314447  0.38712114
748  1456111745022  0.36946005  0.5297109  0.37779507
749  1456111745130  0.37393644  0.528283  0.3683288
750  1456111745239  0.3762549  0.5270301  0.36236387
751  1456111745348  0.3766708  0.52629966  0.36002097
752  1456111745462  0.37589133  0.5263814  0.36000586
753  1456111745570  0.3750968  0.52683103  0.3612061
754  1456111745678  0.3753596  0.52687967  0.36197305
755  1456111745786  0.37760052  0.5261389  0.3611221
756  1456111745898  0.38134792  0.5246321  0.35941297
757  1456111746010  0.38250932  0.5231026  0.35984498
758  1456111746119  0.3775546  0.5229786  0.36369652
759  1456111746229  0.37171462  0.52420664  0.36449274
760  1456111746337  0.37151197  0.5295445  0.359558
761  1456111746447  0.3876628  0.53258884  0.34056494
762  1456111746559  0.40849024  0.532833  0.32211673
763  1456111746667  0.4191439  0.53058606  0.31717739
764  1456111746777  0.41711888  0.5267702  0.32640862
765  1456111746886  0.41021112  0.522058  0.3401039
766  1456111746994  0.40806815  0.51746094  0.34587342
767  1456111747112  0.41161513  0.5131323  0.3444513
768  1456111747220  0.41640976  0.5085961  0.34355822
769  1456111747330  0.41882277  0.5047741  0.3474202
770  1456111747438  0.41749528  0.5023477  0.35320973
771  1456111747547  0.411227  0.50124055  0.35949212
772  1456111747657  0.40077722  0.49936587  0.3693004
773  1456111747765  0.39240408  0.4941422  0.3823076
774  1456111747873  0.38525206  0.49030772  0.39775684
775  1456111747985  0.38613483  0.4824211  0.38666058
776  1456111748103  0.3653591  0.4993244  0.35077146
777  1456111748213  0.3728693  0.53145045  0.1878129
778  1456111748322  0.6160225  0.382995  -0.36074
779  1456111748457  0.7144628  0.33558944  -0.55524915
780  1456111748536  0.6999524  0.3897952  -0.5922875
781  1456111748640  -0.64897734  -0.4375702  0.6221188
782  1456111748749  -0.5792798  -0.4814632  0.6555453
783  1456111748852  0.47976  0.54984576  -0.68373924
784  1456111748957  0.34968454  0.6223716  -0.6926098
785  1456111749066  0.22920042  0.662866  -0.6903815
786  1456111749192  0.15136546  0.6616976  -0.7076775
787  1456111749302  0.113056354  0.6433145  -0.7243526
788  1456111749411  0.108111165  0.63085103  -0.725669
789  1456111749529  0.11882152  0.6398001  -0.70501894
790  1456111749634  0.12541921  0.6574365  -0.68034005
791  1456111749740  0.12164771  0.67231166  -0.6626737
792  1456111749849  0.10840078  0.6758305  -0.66168356
793  1456111749954  0.09248459  0.6689146  -0.6729962
794  1456111750059  0.08183902  0.6584355  -0.6864663
795  1456111750164  0.07946074  0.65327877  -0.69191927
796  1456111750270  0.08299147  0.6556254  -0.68766254
797  1456111750389  0.087114766  0.6613271  -0.67806995
798  1456111750494  0.086548194  0.6640577  -0.67075986
799  1456111750603  0.08370224  0.6657479  -0.6571906
800  1456111750712  0.08771896  0.6737768  -0.62050223
801  1456111750830  0.11260561  0.6941936  -0.5587412
802  1456111750951  0.1567592  0.71826994  -0.49479014
803  1456111751078  0.21465002  0.7271279  -0.4378755
804  1456111751203  0.28434783  0.6954828  -0.3574535
805  1456111751317  0.32747567  0.6003318  -0.16441579
806  1456111751427  0.3420367  0.46570665  0.15437102
807  1456111751546  0.37164608  0.37808698  0.34744665
808  1456111751655  0.39692345  0.36045754  0.4106245
809  1456111751764  0.42071337  0.36990875  0.40253377
810  1456111751882  0.43592733  0.38472158  0.35943422
811  1456111751988  0.44020015  0.394791  0.32547024
812  1456111752098  0.43703812  0.40528733  0.31366056
813  1456111752215  0.42973822  0.4160787  0.32608026
814  1456111752466  0.42473683  0.41987085  0.37269297
815  1456111752706  0.42048478  0.4282904  0.35142598
816  1456111752956  0.43319383  0.4197971  0.3289937
817  1456111753213  0.43208668  0.41727552  0.34477496
818  1456111753318  0.43172678  0.41650733  0.3473268
819  1456111753422  0.4287958  0.41884413  0.35091293
820  1456111753527  0.4301563  0.41894022  0.34746397
821  1456111753632  0.43701932  0.41991466  0.3354443
822  1456111753746  0.4520877  0.42348412  0.31101474
823  1456111753852  0.4700232  0.4282397  0.28482333
824  1456111753960  0.48150638  0.4331858  0.27077937
825  1456111754077  0.480546  0.4390004  0.2744628
826  1456111754187  0.4710486  0.44576752  0.2884271
827  1456111754298  0.46129483  0.45265502  0.3020277
828  1456111754408  0.45450848  0.45685172  0.3110363
829  1456111754516  0.4509498  0.45810756  0.31518924
830  1456111754625  0.45143652  0.4574956  0.31458753
831  1456111754734  0.45374295  0.45616326  0.31231648
832  1456111754852  0.45371026  0.45499668  0.31180763
833  1456111754960  0.45210078  0.45400044  0.31299055
834  1456111755077  0.45194924  0.45315766  0.314948
835  1456111755290  0.46333593  0.4548815  0.309126
836  1456111755399  0.4658914  0.45746335  0.30499026
837  1456111755508  0.46449742  0.45912567  0.30258867
838  1456111755617  0.45792463  0.45795983  0.3061777
839  1456111755726  0.44757664  0.4546875  0.31412044
840  1456111755834  0.43815452  0.45125958  0.32188132
841  1456111755943  0.43211338  0.4493209  0.32792976
842  1456111756052  0.42825702  0.44900665  0.33387947
843  1456111756161  0.42642525  0.4492363  0.33887118
844  1456111756269  0.42746222  0.44900844  0.33990458
845  1456111756377  0.4294934  0.44813126  0.33757967
846  1456111756486  0.42996588  0.44682068  0.33572042
847  1456111756602  0.4295449  0.44544375  0.33499718
848  1456111756710  0.43054876  0.4443676  0.33258727
849  1456111756818  0.432441  0.44389856  0.3286429
850  1456111756926  0.43501303  0.44368032  0.32419366
851  1456111757035  0.43840873  0.44345567  0.32087693
852  1456111757152  0.44116732  0.4435569  0.32065052
853  1456111757260  0.4411591  0.44467032  0.32252103
854  1456111757368  0.44044936  0.44580975  0.3223743
855  1456111757477  0.44025123  0.44589886  0.32007724
856  1456111757587  0.43753007  0.44474503  0.32010815
857  1456111757707  0.4264545  0.44488955  0.3236214
858  1456111758081  -0.65296376  -0.45796567  0.5981891
859  1456111758213  0.63831615  0.4802062  -0.60157144
860  1456111758319  0.64741063  0.46005842  -0.6047118
861  1456111758456  0.62620723  0.4308666  -0.6497145
862  1456111758566  -0.5529239  -0.4613356  0.69231826
863  1456111758670  -0.4693332  -0.51169795  0.7187156
864  1456111758775  0.35951445  0.57746285  -0.73102397
865  1456111758879  0.22074272  0.6333684  -0.72131526
866  1456111758989  0.10829006  0.6515567  -0.7111501
867  1456111759104  0.041464034  0.64316666  -0.71660966
868  1456111759212  0.017729636  0.63001525  -0.7199086
869  1456111759321  0.02443694  0.62710863  -0.71099234
870  1456111759430  0.040473625  0.6363839  -0.69252956
871  1456111759552  0.047860593  0.6514101  -0.67150676
872  1456111759663  0.036678422  0.6577034  -0.6629686
873  1456111759768  0.019610435  0.6528123  -0.6695795
874  1456111759873  0.0049690264  0.64129126  -0.68297356
875  1456111759979  -0.0012744515  0.6328584  -0.6910972
876  1456111760090  7.816314E-4  0.6336456  -0.6879978
877  1456111760199  0.005236233  0.64016616  -0.6788583
878  1456111760304  0.008121117  0.64545166  -0.67325586
879  1456111760409  0.004103451  0.6468326  -0.67209923
880  1456111760516  0.001490058  0.6448305  -0.6771002
881  1456111760625  4.2286396E-4  0.64202535  -0.68215895
882  1456111760737  0.0020680022  0.64139104  -0.68343633
883  1456111760845  0.0046515036  0.6432138  -0.68149316
884  1456111761267  -0.0072186813  0.63717175  -0.69916993
885  1456111761375  -0.007891258  0.6331989  -0.7026917
886  1456111761484  -0.005520224  0.63108045  -0.69811374
887  1456111761602  0.0010066176  0.633965  -0.6732118
888  1456111761710  0.012290971  0.63933265  -0.6331455
889  1456111761819  0.032320984  0.6481216  -0.5836768
890  1456111761927  0.06453099  0.66118956  -0.5339061
891  1456111762038  0.11412138  0.67448616  -0.48200977
892  1456111762151  0.19034034  0.6758025  -0.41192403
893  1456111762260  0.29365405  0.6440025  -0.29695603
894  1456111762368  0.3892669  0.5646496  -0.103076294
895  1456111762475  0.41416758  0.47887647  0.10029085
896  1456111762580  0.38107502  0.43026048  0.26340312
897  1456111762692  0.3502869  0.41060963  0.37643352
898  1456111762800  0.3559794  0.41507763  0.4167899
899  1456111762908  0.3876796  0.42769837  0.40043467
900  1456111763017  0.41857207  0.43658254  0.36855188
901  1456111763127  0.42906937  0.44087452  0.3544149
902  1456111763237  0.4205902  0.44265687  0.3612628
903  1456111763346  0.4101739  0.44295287  0.37018242
904  1456111763454  0.40665704  0.44246727  0.3701517
905  1456111763562  0.40722054  0.4414161  0.36394814
906  1456111763672  0.40898332  0.43974015  0.35701674
907  1456111763782  0.41388324  0.43698674  0.35189354
908  1456111763891  0.42057356  0.43364665  0.3489894
909  1456111763999  0.42398092  0.43179113  0.34650677
910  1456111764109  0.42462128  0.43228275  0.34220335
911  1456111764218  0.4281708  0.43346477  0.33650988
912  1456111764332  0.4346151  0.4341347  0.33224824
913  1456111764440  0.43592632  0.43522435  0.33320978
914  1456111764548  0.43070683  0.43705997  0.3376276
915  1456111764656  0.4247979  0.438883  0.3413244
916  1456111764767  0.42322364  0.43972394  0.34245294
917  1456111764880  0.42466167  0.43983805  0.34178993
918  1456111764988  0.42584133  0.44010755  0.3394166
919  1456111765102  0.42724854  0.44013402  0.33596572
920  1456111765211  0.42786613  0.43879154  0.33565047
921  1456111765321  0.42317182  0.437071  0.3406161
922  1456111765437  0.4118214  0.43848956  0.3431389
923  1456111765546  0.40626252  0.44743025  0.32066542
924  1456111765655  0.42408884  0.46438828  0.23876731
925  1456111765763  0.4811959  0.47337225  0.07010854
926  1456111765872  0.56681603  0.45540994  -0.15234345
927  1456111765984  0.6306466  0.4376983  -0.32847333
928  1456111766093  0.65154946  0.44375145  -0.43719596
929  1456111766199  0.64611006  0.4543685  -0.5322688
930  1456111766304  0.6192135  0.45702443  -0.6261308
931  1456111766413  -0.56016195  -0.4650939  0.683784
932  1456111766533  -0.48167118  -0.4859418  0.7203525
933  1456111766638  0.35069233  0.5605972  -0.75010294
934  1456111766743  0.19022319  0.62536365  -0.73148066
935  1456111766847  0.087839834  0.6487798  -0.6995721
936  1456111766952  0.04045374  0.6520983  -0.69473577
937  1456111767081  0.024462232  0.6373642  -0.71325433
938  1456111767190  0.043683097  0.622312  -0.7306088
939  1456111767298  0.06427579  0.6180026  -0.7298534
940  1456111767407  0.07221117  0.62568694  -0.7146331
941  1456111767515  0.06253789  0.6367012  -0.69400346
942  1456111767633  0.04324064  0.642061  -0.67154187
943  1456111767741  0.030194826  0.6420204  -0.6447103
944  1456111767852  0.04029892  0.6449766  -0.6145212
945  1456111768120  0.22204365  0.68331295  -0.35521287
946  1456111768243  0.32499075  0.6366846  -0.4188411
947  1456111768347  0.31391805  0.6148939  -0.45724937
948  1456111768456  0.28149804  0.5928709  -0.5099625
949  1456111768564  0.24355555  0.576746  -0.5517252
950  1456111768672  0.20987128  0.5626043  -0.5800615
951  1456111768782  0.18679486  0.54782766  -0.60139376
952  1456111768894  0.1774302  0.538872  -0.6218267
953  1456111769012  0.18866006  0.5522167  -0.63338274
954  1456111769122  0.2146629  0.58769804  -0.6313292
955  1456111769242  0.24380776  0.6344948  -0.63337356
956  1456111769352  0.26171935  0.6579136  -0.6506481
957  1456111769472  0.2704217  0.65162504  -0.68331784
958  1456111769578  0.26695058  0.63588506  -0.7095697
959  1456111769683  0.23911004  0.6303183  -0.72520256
960  1456111769788  0.18385641  0.63837075  -0.7291971
961  1456111769893  0.11672826  0.64693826  -0.72699255
962  1456111769999  0.06204535  0.64627033  -0.72497356
963  1456111770104  0.034377046  0.6413671  -0.72126234
964  1456111770212  0.033044774  0.6416437  -0.71054584
965  1456111770317  0.04471041  0.6489349  -0.6918654
966  1456111770422  0.055019055  0.6599265  -0.66585046
967  1456111770529  0.062121917  0.67240435  -0.63604045
968  1456111770635  0.07251562  0.6855041  -0.60647875
969  1456111770743  0.09688392  0.7012771  -0.5704305
970  1456111770850  0.14305411  0.71984506  -0.5199935
971  1456111770958  0.21046121  0.7385655  -0.4494086
972  1456111771075  0.29683626  0.75238067  -0.34595382
973  1456111771180  0.37740642  0.74690574  -0.24091727
974  1456111771284  0.43320596  0.72601587  -0.11748645
975  1456111771392  0.44915655  0.68964285  0.02907965
976  1456111771509  0.40816212  0.6380433  0.20649405
977  1456111771620  0.33871543  0.594285  0.35687754
978  1456111771723  0.28404847  0.56993467  0.4447043
979  1456111771827  0.2601385  0.56562614  0.47294053
980  1456111771932  0.26827607  0.5712073  0.45930195
981  1456111772040  0.29518077  0.57480145  0.42957652
982  1456111772153  0.3198485  0.5733368  0.408909
983  1456111772261  0.33063284  0.570589  0.40439925
984  1456111772369  0.3337649  0.56909513  0.40512976
985  1456111772485  0.33613855  0.56880593  0.4031819
986  1456111772594  0.34016606  0.56814086  0.3989718
987  1456111772702  0.34496203  0.56676644  0.39477313
988  1456111772810  0.34845635  0.56510484  0.39194804
989  1456111773023  0.347819  0.5638492  0.3917795
990  1456111773132  0.34660342  0.5649114  0.39196154
991  1456111773241  0.3461313  0.5668925  0.39088574
992  1456111773351  0.34593025  0.5687034  0.38950765
993  1456111773459  0.34531936  0.56942785  0.38922438
994  1456111773567  0.3447241  0.5690484  0.39019254
995  1456111773675  0.34431452  0.5684768  0.39200416
996  1456111773784  0.3431963  0.5686052  0.39451724
997  1456111773902  0.34087056  0.56952673  0.39673486
998  1456111774010  0.33899093  0.57111865  0.39529914
999  1456111774119  0.33794457  0.57415044  0.3866083
1000  1456111774227  0.3329733  0.5798451  0.37170953
1001  1456111774336  0.31881917  0.5906241  0.35096171
1002  1456111774452  0.30893007  0.6116695  0.29505938
1003  1456111774561  0.35564217  0.62778425  0.15670225
1004  1456111774670  0.5290097  0.5659739  -0.13130647
1005  1456111774779  0.68733233  0.43994403  -0.39145282
1006  1456111774886  0.7268989  0.39594108  -0.51430094
1007  1456111774995  0.6980209  0.4169101  -0.5778682
1008  1456111775099  0.63253134  0.47006524  -0.6155791
1009  1456111775211  -0.55172384  -0.5219469  0.65045685
1010  1456111775329  0.44804686  0.57792664  -0.6810507
1011  1456111775434  0.32661608  0.6297525  -0.6946721
1012  1456111775544  0.23776054  0.6487402  -0.705043
1013  1456111775649  0.17729098  0.65231216  -0.71408874
1014  1456111775753  0.14580204  0.64884645  -0.7197619
1015  1456111775861  0.13631603  0.6480416  -0.7167946
1016  1456111775970  0.1403162  0.6558489  -0.7032068
1017  1456111776082  0.14750196  0.6702163  -0.6832739
1018  1456111776192  0.1492346  0.68127215  -0.6698308
1019  1456111776300  0.14444298  0.6830172  -0.67032593
1020  1456111776408  0.13794923  0.67701954  -0.6807864
1021  1456111776517  0.13496616  0.67122126  -0.6877127
1022  1456111776632  0.1374322  0.67538345  -0.6738351
1023  1456111776741  0.14782573  0.6927109  -0.63417995
1024  1456111776850  0.16969222  0.71868587  -0.57658035
1025  1456111776961  0.2040461  0.74472594  -0.51399
1026  1456111777079  0.25367978  0.7646357  -0.44415867
1027  1456111777189  0.3165492  0.76822037  -0.36722466
1028  1456111777294  0.37466  0.75308615  -0.27340415
1029  1456111777398  0.40267515  0.7189596  -0.14618091
1030  1456111777506  0.3774862  0.66020423  0.04678081
1031  1456111777612  0.32216683  0.57727003  0.27394223
1032  1456111777719  0.2771087  0.51961917  0.41497606
1033  1456111777824  0.23489076  0.5116077  0.4635416
1034  1456111777928  0.19836448  0.52771395  0.46170267
1035  1456111778036  0.18387574  0.54409146  0.4387732
1036  1456111778145  0.1948571  0.5524323  0.41532496
1037  1456111778262  0.21996267  0.55518687  0.4030988
1038  1456111778370  0.23981719  0.55742145  0.4022176
1039  1456111778478  0.25082138  0.5591656  0.40429154
1040  1456111778586  0.24882883  0.5591347  0.40920863
1041  1456111778695  0.23945622  0.556221  0.41623095
1042  1456111778813  0.23634005  0.55120903  0.42021003
1043  1456111778922  0.24681325  0.54416806  0.4177436
1044  1456111779030  0.25651026  0.529779  0.424217
1045  1456111779140  0.25536945  0.5006022  0.4467204
1046  1456111779249  0.25093737  0.454631  0.4713346
1047  1456111779363  0.25271484  0.39162493  0.48458752
1048  1456111779471  0.268759  0.31198502  0.4660263
1049  1456111779581  0.28326333  0.21525957  0.43245384
1050  1456111779689  0.29044664  0.10865369  0.36706257
1051  1456111779798  0.2869524  0.009254024  0.25980824
1052  1456111779912  0.2762434  -0.07173405  0.14665964
1053  1456111780018  0.2638215  -0.130851  0.04827553
1054  1456111780126  0.25449142  -0.16623256  -0.01313093
1055  1456111780234  0.24894908  -0.18313839  -0.05149776
1056  1456111780345  0.24821767  -0.18690652  -0.07601894
1057  1456111780450  0.25161383  -0.18391618  -0.08972367
