1  1456903335061  0.5335778  2.635702  7.906971
2  1456903335079  0.9348788  2.654408  7.456729
3  1456903335114  0.3630295  1.8157954  6.5278997
4  1456903335114  -0.041741073  1.4575238  5.623001
5  1456903335141  0.32012677  1.5789642  6.3772726
6  1456903335141  0.49497312  1.5460451  6.470016
7  1456903335180  0.8053243  1.5099536  5.91998
8  1456903335181  0.15377477  1.6563181  3.7399073
9  1456903335221  -0.9454578  0.92828834  1.2994814
10  1456903335221  -1.6589551  0.25366843  3.1153007
11  1456903335260  -1.0879606  0.6183171  3.3489304
12  1456903335261  -0.8757351  1.1749078  2.7102132
13  1456903335300  -0.055535868  0.800998  1.9996166
14  1456903335300  0.008196816  1.1518545  1.8147378
15  1456903335341  0.01384148  0.7565472  1.9004574
16  1456903335341  -0.34092683  0.84034634  1.4389086
17  1456903335381  -0.34131068  1.0148854  1.012742
18  1456903335381  0.011728063  0.90477777  0.32105732
19  1456903335420  0.08597262  0.96513486  0.6143236
20  1456903335420  0.008422345  0.54109454  0.9364419
21  1456903335465  -0.20143369  0.2952094  0.8384881
22  1456903335466  -0.15543294  0.25706935  0.84944916
23  1456903335523  0.021718964  0.26368427  0.814065
24  1456903335524  0.1315957  0.40107918  0.21120071
25  1456903335524  0.14644828  0.4126861  0.6059532
26  1456903335560  0.0456122  0.11930776  1.045268
27  1456903335562  -0.105474174  -0.11887503  0.7597399
28  1456903335601  0.021431461  0.26578975  -0.25140953
29  1456903335602  0.3123386  0.4783914  -0.4783783
30  1456903335640  0.33712906  0.4499452  -0.062072754
31  1456903335640  0.23230837  0.26488996  0.325531
32  1456903335680  0.10133846  0.098340034  0.6075754
33  1456903335680  -0.016534463  0.086351156  0.39167404
34  1456903335721  -0.20234701  0.07340646  0.016360283
35  1456903335722  -0.19935057  0.050982475  -0.05207348
36  1456903335760  -0.108307704  -0.02091384  0.45304298
37  1456903335760  -0.009130895  -0.07053733  1.0498638
38  1456903335800  -0.2064577  -0.06994796  0.9384136
39  1456903335800  -0.058679834  -0.034940958  0.45455647
40  1456903335841  0.13465415  0.05689931  0.0923481
41  1456903335842  0.09102178  0.11585283  -0.018161774
42  1456903335880  -0.043057725  -0.022864342  0.013821602
43  1456903335881  -0.040906727  -0.03350687  0.2063694
44  1456903335920  0.15280472  0.025868416  0.33656788
45  1456903335920  0.06426167  -0.0133497715  0.3093748
46  1456903335961  -0.019736633  -0.07450366  0.056494713
47  1456903335962  0.018868327  -0.0088739395  -0.08921528
48  1456903336000  -0.13385321  -0.066165686  -0.045817375
49  1456903336000  -0.26699305  -0.16728806  -0.03692627
50  1456903336041  -0.19719811  -0.1376307  -0.06770992
51  1456903336041  0.1026433  -0.078617334  -0.060938835
52  1456903336082  0.17210588  -0.016885996  -0.018214226
53  1456903336082  0.17644311  -0.006578207  0.25295544
54  1456903336120  -0.024357617  -0.044706345  0.17810059
55  1456903336121  -0.08225575  -0.14797473  -0.18447495
56  1456903336160  -0.02016063  -0.09008169  -0.17895603
57  1456903336161  0.08097539  -0.05090666  0.14707375
58  1456903336203  0.064258724  -0.069518566  0.13452053
59  1456903336203  0.062142417  -0.07549548  0.013329506
60  1456903336240  0.08394033  -0.07656503  0.03139019
61  1456903336241  -0.010644957  -0.12277794  0.20925236
62  1456903336281  0.1110873  -0.09326196  0.18617249
63  1456903336281  0.2594324  -0.060233116  0.1589365
64  1456903336322  0.12790486  -0.3041644  0.11503029
65  1456903336323  -0.16285244  -0.22418809  0.4569111
66  1456903336360  -0.38143837  -0.31166315  -0.12101078
67  1456903336361  -0.42302147  -0.34083056  -0.41919804
68  1456903336401  -0.48414886  -0.5308447  -0.004501343
69  1456903336401  -0.3473879  -0.32692552  0.3838091
70  1456903336442  0.010568082  -0.20157743  -0.2686844
71  1456903336442  -0.06590605  -0.18357444  -0.15993404
72  1456903336481  -0.4514857  -0.38284993  -0.09653568
73  1456903336481  -0.3632415  -0.2777667  0.71900654
74  1456903336520  -0.6652181  -0.22844195  0.73976135
75  1456903336521  -0.32934853  -0.37798023  0.51495075
76  1456903336562  -0.1692816  -0.16779971  -0.12695503
77  1456903336562  -0.06616217  0.042910337  -0.019449234
78  1456903336601  -0.18883288  0.03000021  0.21952152
79  1456903336601  -0.21304518  -0.104441404  0.34624958
80  1456903336640  -0.21975285  -0.063830376  0.07028961
81  1456903336641  0.22240481  0.28516293  -0.30520725
82  1456903336682  0.1462948  0.31482577  0.17350769
83  1456903336682  -0.36824393  -0.33076954  -0.272645
84  1456903336721  -0.46286118  0.034143686  -0.39406013
85  1456903336721  0.10057247  0.16648054  -0.8330164
86  1456903336761  -0.2025351  0.042093515  -0.6182728
87  1456903336761  -0.24261546  -0.14096284  -0.4767189
88  1456903336802  -0.22697306  -0.06868744  -0.95050335
89  1456903336802  0.38613436  -0.048890114  -0.24134064
90  1456903336841  0.8129537  -0.16682363  1.1920204
91  1456903336841  0.8006114  0.0136220455  1.1870213
92  1456903336882  0.40810692  -0.082550526  -0.08448887
93  1456903336882  0.03330508  -0.052747726  -0.59534264
94  1456903336928  -0.31263572  0.19170785  -0.45392704
95  1456903336928  -0.54425544  0.51945686  -0.8028593
96  1456903336961  -0.6018785  0.6743703  -0.23128319
97  1456903336961  -0.53091675  0.18459606  0.5761862
98  1456903337002  -0.36146688  -0.2454269  1.1693115
99  1456903337003  0.17243433  -0.0032513142  1.147191
100  1456903337042  0.33403775  -0.14298701  0.7480402
101  1456903337043  0.09808451  -0.36355948  -0.050769806
102  1456903337081  0.18955079  -0.44140673  -0.058621407
103  1456903337081  3.452328  1.2619157  2.4575605
104  1456903337122  1.8853341  0.5086827  0.29404926
105  1456903337122  0.7508516  -0.0744164  0.43702698
106  1456903337162  0.5744917  -0.4526806  -0.61511326
107  1456903337163  -0.08845112  -0.678915  -1.4068956
108  1456903337209  0.019513935  -0.54422545  -0.802928
109  1456903337209  0.35370848  -0.14072824  -0.64937305
110  1456903337241  0.68680525  0.20302606  -0.9141178
111  1456903337241  0.38971788  0.26029563  -1.1760907
112  1456903337283  0.092172325  0.16962242  -1.0304699
113  1456903337283  0.27904022  0.24531579  -0.4059658
114  1456903337321  0.7316525  0.32852316  0.19918251
115  1456903337321  0.5076525  0.35169506  -0.15257168
116  1456903337361  0.18538478  0.20878649  -0.24936295
117  1456903337362  -0.007690996  0.18359828  0.15912437
118  1456903337404  -0.17930442  0.04026103  0.48366833
119  1456903337404  -0.2281722  -0.10382581  0.21335888
120  1456903337441  -0.15579501  -0.048192978  0.2825241
121  1456903337441  0.017083555  0.06221056  -0.060325623
122  1456903337481  -0.010482192  0.08184695  0.11593437
123  1456903337482  0.0013399124  0.11675787  0.45341587
124  1456903337522  -0.0031036437  0.08353424  0.31541824
125  1456903337523  -0.06312716  -0.015320063  0.111494064
126  1456903337561  -0.013718814  -0.03318119  -0.04833603
127  1456903337562  -0.03173995  -0.06864905  0.18274975
128  1456903337601  0.19553131  0.08043146  0.08474827
129  1456903337602  0.18675214  0.13056731  0.015938759
130  1456903337643  0.1917795  0.111046314  0.025118828
131  1456903337643  0.09718421  0.05900097  -0.059274673
132  1456903337682  -0.17541757  -0.09557915  0.0156059265
133  1456903337682  -0.1578758  -0.11187863  0.19289207
134  1456903337722  -0.10114738  -0.046821356  0.0055294037
135  1456903337722  -0.19661693  -0.029210567  -0.14585781
136  1456903337762  -0.13816917  0.06421137  -0.21530819
137  1456903337763  -0.02954188  0.0922668  -0.042943
138  1456903337802  -0.043825924  0.029170513  0.0022916794
139  1456903337803  -0.14502764  -0.029770851  -0.034568787
140  1456903337842  -0.21240658  -0.09790158  -0.22719765
141  1456903337842  -0.28813106  -0.07949233  0.0023813248
142  1456903337883  -0.16450757  -0.10171008  0.18314552
143  1456903337883  -0.076949015  0.018354654  0.0420084
144  1456903337921  -0.09726627  0.027293205  0.08090305
145  1456903337922  0.033128113  0.132303  -0.22239208
146  1456903337961  -0.10378116  -0.05977416  -0.21739101
147  1456903337962  -0.42954898  -0.45674086  0.530509
148  1456903338003  -0.3952132  -0.30117273  0.4041958
149  1456903338004  -0.23286933  -0.16762614  0.40471745
150  1456903338042  -0.31732148  -0.28876948  0.42026997
151  1456903338042  -0.52692485  -0.25558305  -0.020391464
152  1456903338082  -0.4268272  -0.14598823  -0.24460411
153  1456903338082  -0.13849936  -0.036579132  -0.25246525
154  1456903338125  -0.10956596  0.08559179  -0.20351696
155  1456903338125  -0.23220581  0.06410384  -0.1917839
156  1456903338161  -0.30379564  0.046919584  0.0062417984
157  1456903338162  -0.22601086  0.040072918  0.12628555
158  1456903338203  -0.25081497  0.020982265  0.012381554
159  1456903338203  -0.23004304  -0.041450024  0.043465614
160  1456903338243  -0.15532398  0.10491061  0.21365643
161  1456903338243  -0.19366112  0.11381245  0.31726837
162  1456903338282  -0.12473503  0.10027647  0.30062485
163  1456903338282  -0.08855893  0.10102272  -0.16685867
164  1456903338322  0.047429055  0.2245171  -0.5251045
165  1456903338322  0.010364428  0.1632793  -0.1838541
166  1456903338363  -0.040232003  0.17280865  0.14697456
167  1456903338363  0.021970317  0.1856947  -0.36978722
168  1456903338402  -0.2280266  -0.022495508  -0.15180683
169  1456903338402  0.046885505  0.36976957  -0.37580585
170  1456903338445  0.16286473  0.4060552  -0.38994122
171  1456903338445  -0.1507816  0.32666373  -0.3272438
172  1456903338483  -0.20681122  0.26598525  -0.014398575
173  1456903338484  -0.09347451  0.27386332  0.25638866
174  1456903338522  -0.071198374  0.07193971  -0.09246731
175  1456903338522  -0.012363762  0.25652122  -0.26422215
176  1456903338562  -0.1598073  0.17699957  -0.13006115
177  1456903338563  0.08027071  0.21747875  0.046708107
178  1456903338605  -0.10229367  0.20004034  -0.14758301
179  1456903338606  -0.1631721  0.12185717  0.06541538
180  1456903338642  0.13973106  0.24111295  0.022242546
181  1456903338644  0.043876246  0.17175126  -0.1243515
182  1456903338684  0.080429465  0.04683709  -0.2347393
183  1456903338684  0.17581603  0.22746468  -0.1983366
184  1456903338723  -0.1305063  -0.030153036  0.49378872
185  1456903338724  0.20145199  0.052589178  0.4702673
186  1456903338762  0.10588944  0.05810404  0.06985569
187  1456903338762  0.0371214  0.07599616  -0.15476227
188  1456903338802  0.0032423288  0.06624174  -0.16083336
189  1456903338802  0.011537209  0.11564183  -0.028391838
190  1456903338843  0.04055044  0.14717317  -0.019088745
191  1456903338843  0.1399249  0.108753204  -0.15939522
192  1456903338882  0.14317065  0.0914135  -0.09820461
193  1456903338882  0.031888425  0.071498156  0.060295105
194  1456903338922  0.2269395  0.15484929  0.18570805
195  1456903338922  0.24518639  0.23632932  0.04862404
196  1456903338963  0.14309561  0.109267  -0.018726349
197  1456903338964  0.12663127  0.1004951  -0.07718754
198  1456903339004  0.103194244  0.03226638  0.07490063
199  1456903339004  0.067017436  -0.018365383  0.004922867
200  1456903339042  0.1529713  0.026566744  -0.12054634
201  1456903339043  0.034244657  0.019600391  -0.29380322
202  1456903339083  -0.0015015304  -0.012526512  -0.25580406
203  1456903339084  -0.040137447  -0.004809618  -0.14834118
204  1456903339122  -0.04474283  -0.047424316  0.0043992996
205  1456903339123  0.106256604  0.041354418  0.06860256
206  1456903339162  0.050380528  -0.008031368  0.044504166
207  1456903339163  -0.08609921  -0.0675621  -0.07845974
208  1456903339203  -0.051631898  -0.030638933  0.1039238
209  1456903339204  -0.0012182966  0.04137802  0.12800789
210  1456903339242  0.07432088  -0.005855322  -0.035627365
211  1456903339242  0.17462787  0.17357707  -0.13118458
212  1456903339282  -0.03461047  -0.0075440407  0.052161217
213  1456903339283  -0.06993549  -0.017563581  0.12236309
214  1456903339324  0.031868447  0.022978783  0.09719849
215  1456903339324  0.026526822  0.01637125  -0.020259857
216  1456903339362  0.017409796  0.049210787  -0.020388603
217  1456903339363  0.069538355  -0.022508621  0.035520554
218  1456903339404  0.049655832  0.0055994987  -0.011127472
219  1456903339404  -0.11691836  -0.107008934  -0.0811224
220  1456903339443  -0.0017970167  -0.05536723  0.10799122
221  1456903339444  0.056561783  -0.0024254322  -0.021320343
222  1456903339482  -0.048214346  -0.12716007  -0.23035717
223  1456903339483  -0.015380748  -0.0691936  -0.12543869
224  1456903339531  0.0033955798  -0.045036077  0.09180927
225  1456903339531  -0.055123083  -0.06423497  0.04599762
226  1456903339564  -0.09055163  -0.12891912  -0.03401947
227  1456903339564  0.07364781  0.002485752  0.021097183
228  1456903339603  0.025342181  -0.03008461  0.21938229
229  1456903339603  -0.16034847  -0.10680294  0.025061607
230  1456903339643  -0.1335397  -0.053027153  -0.042087555
231  1456903339645  -0.1115666  -0.099439144  0.23577881
232  1456903339685  -0.10902908  -0.15198398  0.33502293
233  1456903339685  -0.18862699  -0.06136799  -0.11004257
234  1456903339723  -0.14606169  -0.046612024  -0.45457745
235  1456903339723  -0.025871232  0.03131175  -0.09021187
236  1456903339762  -0.0038910806  -0.017069817  0.058869362
237  1456903339763  -0.13063407  -0.054148912  0.33310413
238  1456903339805  -0.1132611  -0.093984604  0.19851875
239  1456903339806  -0.028672427  -0.047954798  0.10324955
240  1456903339856  -0.10337731  -0.008682728  0.03690052
241  1456903339857  0.049175978  0.018042803  0.11724758
242  1456903339908  -0.04193288  -0.013928413  0.11629677
243  1456903339908  -0.0937639  -0.08148885  0.08096504
244  1456903339909  0.087995  -0.02377987  -0.12537098
245  1456903339943  0.1028981  -0.021401882  -0.09559536
246  1456903339944  0.053822212  -0.0041782856  -0.06233406
247  1456903339983  -0.0075843334  -0.04254651  -0.12936306
248  1456903339984  -0.021909371  -0.03829193  -0.11642647
249  1456903340024  0.06000848  -0.032307863  -0.029366493
250  1456903340024  0.04323373  0.037721157  0.111475945
251  1456903340063  -0.017113969  -0.028539658  0.09386349
252  1456903340063  0.042776532  0.010945559  0.019833565
253  1456903340102  0.10314232  0.04217267  -0.10928154
254  1456903340103  0.099292435  0.046574593  -0.007852554
255  1456903340144  0.01179105  0.007440567  0.13299274
256  1456903340145  0.07741018  0.00885129  0.07659817
257  1456903340184  -0.02945079  -0.045903206  0.017223358
258  1456903340185  0.0015064478  -0.00252676  -0.016819954
259  1456903340223  -0.018037245  -0.043214798  0.04519558
260  1456903340223  -0.044245675  -0.04966736  0.03205681
261  1456903340264  -0.031201974  0.03718114  -0.016399384
262  1456903340265  0.07103817  0.018379688  -0.25178528
263  1456903340303  0.040231757  -6.9642067E-4  -0.33003616
264  1456903340303  -0.013351396  0.012301922  -0.103102684
265  1456903340343  0.0052219927  -0.008321285  0.43297482
266  1456903340343  0.019783258  -0.022572517  0.12032986
267  1456903340386  0.011340588  -0.048327684  -0.06193161
268  1456903340386  -0.05228214  -0.004708767  -0.060048103
269  1456903340427  -0.11385214  -0.06241727  -0.049734116
270  1456903340428  -0.10893129  -0.101425886  0.013419151
271  1456903340468  -0.03554949  -0.06973553  0.37192535
272  1456903340469  -0.13757883  -0.077845335  0.24423218
273  1456903340504  -0.17338093  -0.091608524  -0.07970619
274  1456903340505  -0.1021733  -0.058745146  -0.23549843
275  1456903340543  -0.05532469  -0.033477545  -0.07404232
276  1456903340543  -0.10366176  0.008656263  0.15099525
277  1456903340585  -0.088985994  -0.043924093  0.008763313
278  1456903340585  0.012568206  0.05312395  -0.14079285
279  1456903340624  -0.11797552  -0.02760601  0.0025730133
280  1456903340624  -0.026451051  -0.037774086  0.06695938
281  1456903340663  -0.032425076  -0.0038297176  0.07319164
282  1456903340664  0.020377398  0.03964901  -0.031092644
283  1456903340703  0.0011014044  0.024910212  -0.023674011
284  1456903340703  -0.055033058  0.031038284  -0.06871128
285  1456903340744  -0.07754192  0.0063865185  0.07822037
286  1456903340745  0.05949916  0.048843622  0.06824398
287  1456903340783  0.098799646  0.06119752  0.0053949356
288  1456903340784  0.019966677  0.0033631325  -0.14813423
289  1456903340825  -0.027280405  -0.050843  -0.122546196
290  1456903340825  0.08749628  0.07275438  0.10734081
291  1456903340866  0.21665268  0.08918142  0.05351162
292  1456903340867  0.14542744  0.13628745  -0.23196125
293  1456903340905  0.08132471  0.017074585  -0.12903786
294  1456903340905  0.08181136  0.05846262  -0.049336433
295  1456903340944  0.10810673  0.09140229  -0.0142354965
296  1456903340945  -0.0039786696  0.054250002  -0.13994312
297  1456903340986  0.06752698  0.07252765  0.020576477
298  1456903340986  0.041381247  0.03726268  0.06592369
299  1456903341027  -0.04032901  -0.0095591545  -0.011776924
300  1456903341027  0.021882996  0.030182838  0.11006832
301  1456903341066  0.06063555  0.02716446  0.16801453
302  1456903341068  0.06750068  0.093400955  -0.15907478
303  1456903341106  -0.0017380416  0.03234625  -0.12808323
304  1456903341106  -0.044659883  -0.037686586  0.11528587
305  1456903341143  -0.031574756  -0.033917904  0.12099552
306  1456903341145  0.03191661  -0.013287783  -0.08503437
307  1456903341183  -0.029454157  -0.0011851788  -0.33941364
308  1456903341184  -0.08037828  -0.05493617  0.056530952
309  1456903341225  -0.055102184  -0.004192114  0.19955826
310  1456903341226  -0.06036587  -0.085654736  0.42093754
311  1456903341263  -0.030626684  -0.06200576  0.15905666
312  1456903341264  -0.034028366  -0.049340963  -0.20161343
313  1456903341304  -0.022006392  0.015927076  -0.32366848
314  1456903341304  0.029754221  0.068203926  -0.026263237
315  1456903341345  -0.0033881366  -0.04204583  0.23924732
316  1456903341346  -0.06984754  -0.08955622  0.060177803
317  1456903341384  0.09874582  -0.00518322  -0.25828266
318  1456903341385  0.03931126  0.0104186535  -0.26046658
319  1456903341424  0.02676101  -0.033718824  0.10819054
320  1456903341424  -0.027629852  -0.010953903  0.1577053
321  1456903341465  -0.07011728  0.028927565  0.014801979
322  1456903341465  0.0015378892  -0.029989481  0.13829899
323  1456903341503  -0.005080238  0.02903366  0.12231445
324  1456903341504  0.07730949  0.04983282  -0.038597107
325  1456903341544  -0.055398792  -0.015484333  -0.12739277
326  1456903341544  -0.004608512  -0.037638426  0.08789539
327  1456903341585  -0.025695473  0.011375904  0.053248405
328  1456903341586  0.060910545  -0.060869694  -0.077054024
329  1456903341624  -0.033526555  -0.018151283  -0.13183784
330  1456903341624  0.010766953  -0.040038824  -0.03030777
331  1456903341664  0.020464167  -0.031725407  0.041675568
332  1456903341664  0.03134644  -0.047945976  0.19265175
333  1456903341705  -0.17649245  -0.1358068  0.15183926
334  1456903341706  6.106347E-4  -0.014487028  -0.22103786
335  1456903341744  0.047954753  0.08177209  -0.28512573
336  1456903341744  -0.019329384  0.06928539  0.07306862
337  1456903341787  -0.09927815  -0.015215158  0.17781067
338  1456903341788  -0.044099912  0.0013897419  -0.11147213
339  1456903341825  -0.13450032  0.0012507439  -0.08955097
340  1456903341825  0.09873743  0.12610292  -0.026726723
341  1456903341864  -0.05981624  0.08763528  0.07506561
342  1456903341865  -0.09046589  0.11119342  0.09988117
343  1456903341904  -0.016775861  0.05913329  0.08558369
344  1456903341904  0.025842577  0.046755552  0.15028763
345  1456903341945  0.036187008  0.10456848  -0.004802704
346  1456903341945  -0.023456007  0.14367151  -0.17455006
347  1456903341986  -0.21288596  0.05388713  -0.13554764
348  1456903341987  -0.15927565  -0.0010614395  -0.033647537
349  1456903342024  -0.070085496  0.042140245  -0.066913605
350  1456903342025  0.023114324  0.13489151  -0.045139313
351  1456903342067  -0.037376195  0.086925745  -0.11819744
352  1456903342069  -0.09612724  0.0071253777  -0.19903278
353  1456903342105  -0.10806233  0.023651123  -0.15973663
354  1456903342106  -0.14681607  -0.01965475  0.22254944
355  1456903342144  -0.27435005  0.1353004  0.2089138
356  1456903342147  0.49002022  0.14762759  -0.1653614
357  1456903342186  -1.4788921  -0.15587592  -0.7176876
358  1456903342187  -0.5164955  -0.34068274  0.32157803
359  1456903342228  -0.30323738  0.010138273  0.18599129
360  1456903342229  -0.07467371  0.028517485  0.3182268
