1  1456903335113  0.9013966615829274  -0.2981306989939513  0.31400979078864344
2  1456903335114  0.877998103603173  -0.36010508658311413  0.31534694447584855
3  1456903335140  0.8620155361780668  -0.3963873877455848  0.31592135820742584
4  1456903335141  0.862364241111357  -0.39879093389089576  0.31191930664476253
5  1456903335180  0.8622285732987709  -0.40241265582625607  0.3076132789155719
6  1456903335180  0.8587789740076293  -0.4089136550149526  0.30868804309359277
7  1456903335221  0.8489206487285346  -0.4212032648962041  0.3192515416921413
8  1456903335221  0.8354360185346366  -0.43794335834093534  0.33204263522049615
9  1456903335260  0.8247519571509621  -0.45354665136324357  0.33775673910051474
10  1456903335260  0.8171777493394519  -0.4632889282805462  0.3429050558388189
11  1456903335300  0.8119296814680732  -0.46725955706379385  0.3499123780851594
12  1456903335300  0.8094011103589573  -0.46700330831646314  0.3560586368811487
13  1456903335341  0.8081873596501357  -0.4654610820440604  0.3608034860238516
14  1456903335341  0.8071759964691596  -0.46381235700530793  0.3651643921237264
15  1456903335380  0.8058369245255377  -0.46194099422887774  0.37045560402874633
16  1456903335381  0.8049220519254456  -0.458981550405063  0.3760803677369986
17  1456903335420  0.8044893304829506  -0.45620833911215103  0.38035623225849235
18  1456903335420  0.8043882729566358  -0.4550060032968229  0.38200661504163547
19  1456903335465  0.8041354809570365  -0.4558210288533049  0.381566952822574
20  1456903335465  0.8039202218655337  -0.4574469154086209  0.38007183987265947
21  1456903335523  0.8045687746727825  -0.45811001485987046  0.3778945461106007
22  1456903335524  0.8055705688947921  -0.45805905189189655  0.3758164153988428
23  1456903335524  0.8064709931309411  -0.45768442739262977  0.37433877495888535
24  1456903335560  0.8072141040701775  -0.45787207236467453  0.3725030900371662
25  1456903335562  0.8069946063351363  -0.45855720641053144  0.37213573902296293
26  1456903335601  0.8061326894697447  -0.45799154768038136  0.3746916390327657
27  1456903335602  0.8060085656753184  -0.45518512217168855  0.37836055454178963
28  1456903335640  0.8069189146405469  -0.4523857240171881  0.37977499830428885
29  1456903335640  0.8081448322595999  -0.4515168105180641  0.37819899090182485
30  1456903335680  0.8089739411041723  -0.4523993278724616  0.3753611439777309
31  1456903335680  0.8093338450876715  -0.45417807617307565  0.3724258362086217
32  1456903335721  0.809453139242927  -0.4556994046654435  0.370302123038015
33  1456903335721  0.8092678483361899  -0.4569327201283096  0.3691856317945139
34  1456903335760  0.8093914022049162  -0.4582478049076961  0.36727991180664077
35  1456903335760  0.8105936495088111  -0.4596839156778763  0.3628066118047282
36  1456903335800  0.8122490948933607  -0.46107583156726767  0.35729606484289
37  1456903335800  0.8132880427103726  -0.46212163494434894  0.35356206342034247
38  1456903335841  0.8136946670932375  -0.4623465266829214  0.35233037484903207
39  1456903335841  0.8137929897159015  -0.46213250150200835  0.35238401447226053
40  1456903335880  0.8136279154438557  -0.4622045544183027  0.3526706125330672
41  1456903335881  0.813531287214297  -0.46277937599445473  0.3521392965193124
42  1456903335920  0.8140867258027065  -0.46318075038172446  0.35032326103003264
43  1456903335920  0.8150651215932934  -0.46320266868546517  0.34801171979210244
44  1456903335961  0.8157318441472334  -0.4633040913966333  0.34631035434056834
45  1456903335961  0.8157049266598246  -0.46346755744060886  0.34615502107705254
46  1456903336000  0.8152784010354885  -0.46357574783747335  0.34701388057976246
47  1456903336000  0.814885586512553  -0.4640434378494818  0.3473113330024087
48  1456903336040  0.8150601811553924  -0.4646365417395511  0.34610660644199553
49  1456903336041  0.8156845117043421  -0.4648367297576901  0.34436259229462696
50  1456903336081  0.8166294321431788  -0.46457761241124995  0.34246753671098595
51  1456903336082  0.8176576722582602  -0.4644430784129563  0.3401890157362075
52  1456903336120  0.8184996273187117  -0.46495444135851827  0.33745477556437997
53  1456903336121  0.8187306598389181  -0.46598151124014753  0.3354718426979213
54  1456903336160  0.8185552360849373  -0.46678609355638057  0.33478064834927324
55  1456903336160  0.8186071215909445  -0.46735388408193956  0.33386031709059605
56  1456903336202  0.8191472904050676  -0.4679465667993195  0.33169826346349307
57  1456903336203  0.8197117648846755  -0.4687421574742699  0.32917075923577377
58  1456903336240  0.8201255188882279  -0.46977970533776864  0.3266514638234228
59  1456903336240  0.8205742717914108  -0.4709779803408392  0.32378637075064987
60  1456903336280  0.820891749275324  -0.47256321209085805  0.3206567110469418
61  1456903336281  0.8211716749069105  -0.47420353863597864  0.31750285537412637
62  1456903336322  0.8216779772257468  -0.4759776903801649  0.3135132373173839
63  1456903336322  0.8221097942061384  -0.4787858939758449  0.3080577075971327
64  1456903336360  0.8220673352181285  -0.482388921415903  0.30249997486378133
65  1456903336360  0.8213259566532436  -0.4858042957239219  0.2990282185775044
66  1456903336400  0.8205566629544254  -0.4890474364866959  0.2958367662641006
67  1456903336401  0.8204114082503224  -0.49178596658890683  0.29167047150790815
68  1456903336442  0.8202586352503625  -0.49345479565205275  0.2892717547626651
69  1456903336442  0.8197283724589113  -0.4945650034962519  0.28887863004567294
70  1456903336480  0.8189886052274673  -0.4966891978957271  0.28732822028308114
71  1456903336481  0.8183572165951167  -0.4996691969031224  0.28394044023853393
72  1456903336520  0.8184026906574049  -0.5020551181229738  0.27956694304767105
73  1456903336521  0.8183877111737292  -0.5036440086256846  0.2767386285291118
74  1456903336561  0.8185216097589307  -0.5035704990405929  0.27647631993648725
75  1456903336562  0.8184927072063943  -0.5021663834316588  0.2791032429621403
76  1456903336600  0.8185620815110042  -0.5002829767248875  0.28226416351633477
77  1456903336601  0.8186376960905903  -0.49895083215139646  0.2843947697137885
78  1456903336640  0.8186557332117916  -0.49793738439790874  0.28611392161546334
79  1456903336641  0.8188482914491271  -0.49628942982629903  0.2884168820846966
80  1456903336682  0.81927427439929  -0.49353901412771434  0.2919056009669574
81  1456903336682  0.8186404746183698  -0.49267282454551276  0.2951292498944751
82  1456903336721  0.8167449591373654  -0.4938939820349697  0.2983226965851662
83  1456903336721  0.8155563362026095  -0.4936858328298073  0.3018975540777644
84  1456903336760  0.815092897419083  -0.4922585639750803  0.30545877944466504
85  1456903336761  0.8151605890501212  -0.49124563107053665  0.30690545454530405
86  1456903336802  0.8166838154639255  -0.4894065441074798  0.30579202807654493
87  1456903336802  0.8196291881723514  -0.48614756281191873  0.30309824368552185
88  1456903336841  0.8245994925826423  -0.481578535959343  0.29684636507381823
89  1456903336841  0.8301001111169986  -0.4775456884628913  0.2878956686174159
90  1456903336881  0.8341598733915467  -0.4736823857911468  0.28249302495864326
91  1456903336882  0.835151045071373  -0.4711041930579547  0.2838724925304579
92  1456903336928  0.8349082436773481  -0.46881635366378266  0.28833913629100927
93  1456903336928  0.8351769820358859  -0.466039489393423  0.29203871260458825
94  1456903336961  0.8363493331238665  -0.4629370382452045  0.2936138899028453
95  1456903336961  0.8388163570243394  -0.460106627941816  0.29101372078277343
96  1456903337002  0.8421761963001753  -0.4575725768539146  0.28524830239716925
97  1456903337002  0.8459385513438562  -0.454064606123483  0.2796664852849666
98  1456903337042  0.8494929704804659  -0.4488699491543234  0.2772678448087671
99  1456903337043  0.8519179919782471  -0.4441570484639281  0.27741711361548926
100  1456903337081  0.8534744283288207  -0.4403914145703347  0.2786337567264834
101  1456903337081  0.8556801517975927  -0.4356956637312335  0.27925041000240824
102  1456903337122  0.8582477520104415  -0.429320314770183  0.2812381698275246
103  1456903337122  0.8567178902693122  -0.4272384746777505  0.28896675009532746
104  1456903337162  0.8520274432958863  -0.42927215003988467  0.29962414192794284
105  1456903337162  0.8471767502650618  -0.43079795459432374  0.3109738211183988
106  1456903337209  0.8437141666216794  -0.4311448821567485  0.3197820197280894
107  1456903337209  0.8434467452287548  -0.428872817146729  0.3235207548435661
108  1456903337241  0.8450703852557966  -0.4244931466099302  0.32505634221107504
109  1456903337241  0.8468569279940565  -0.4199226880431628  0.32634072305577533
110  1456903337282  0.8480598320698198  -0.4167395170860409  0.3272960987032629
111  1456903337283  0.848822651515853  -0.41506525760355384  0.3274460346063641
112  1456903337321  0.8493789604932029  -0.41416305176060675  0.32714572086762317
113  1456903337321  0.849485377247583  -0.41421688294134423  0.32680115359937645
114  1456903337361  0.8487870617613922  -0.41595126435493857  0.32641251045287234
115  1456903337361  0.8483024056207191  -0.41883518690815424  0.3239755032766185
116  1456903337404  0.8484337816035539  -0.4218827073209122  0.3196484916547693
117  1456903337404  0.8484291892156595  -0.4245763371950062  0.3160741031848886
118  1456903337441  0.8478773667913018  -0.42648831465757264  0.31497895431162704
119  1456903337441  0.8470892938266452  -0.42796191679382023  0.31510047873663893
120  1456903337481  0.8463316618934513  -0.42949535300861796  0.31504987686715147
121  1456903337482  0.8459191490961206  -0.4314671666097889  0.3134594579627876
122  1456903337522  0.8458407783586461  -0.43336635608496954  0.311041723107802
123  1456903337522  0.8455846521396921  -0.43482020677961786  0.30970627278050955
124  1456903337561  0.844838842043951  -0.43602146084650006  0.3100525998080985
125  1456903337561  0.844002316624163  -0.4367733597881172  0.31127023578159907
126  1456903337601  0.843430727421647  -0.4373141494936761  0.3120591512880022
127  1456903337601  0.8431247692706989  -0.4378330726430011  0.3121583510896593
128  1456903337642  0.8432370225250994  -0.43827011879386607  0.31124045119847743
129  1456903337643  0.8432045564136157  -0.43881159051149154  0.3105647711797701
130  1456903337681  0.8425815752401267  -0.43983912858596275  0.3108019481686535
131  1456903337682  0.8419560303309468  -0.4409064168334918  0.31098490473314655
132  1456903337722  0.8417196776575651  -0.441304205970372  0.31106037744504533
133  1456903337722  0.8416228743759788  -0.4411861160184287  0.31148948681104116
134  1456903337762  0.8415250128033547  -0.4412504948942431  0.31166271894918385
135  1456903337763  0.8417275318174473  -0.44141275479401076  0.3108851762314644
136  1456903337802  0.8417697147129868  -0.4419531006153363  0.3100018672600342
137  1456903337802  0.8414440695173253  -0.44263602126189494  0.30991161602654316
138  1456903337842  0.8409456973604339  -0.44317562872260674  0.3104925819032953
139  1456903337842  0.8407276539369104  -0.4436273576359492  0.31043806852937195
140  1456903337882  0.841175207977781  -0.44421816660497276  0.30837386499199937
141  1456903337883  0.8419991774290256  -0.4447024411440632  0.3054131216134408
142  1456903337921  0.842623301191783  -0.4450919487342323  0.30311577695845093
143  1456903337921  0.8428579054921315  -0.4457151081476196  0.3015436089082151
144  1456903337961  0.8430216872459377  -0.4465544628357061  0.29983929466722214
145  1456903337961  0.8435001330040839  -0.4482643980582633  0.29591640236389427
146  1456903338003  0.844456818108581  -0.4506575993194739  0.28948305210799496
147  1456903338004  0.8453900637726903  -0.4523781382513628  0.28402394557313215
148  1456903338042  0.8459356434708072  -0.4537229230874407  0.2802292564468143
149  1456903338042  0.8455062741167509  -0.4551730329525101  0.27917131901886627
150  1456903338081  0.8438672535806964  -0.4564816927513402  0.28197966575441313
151  1456903338082  0.8420815161498503  -0.4572454490705893  0.2860512498625596
152  1456903338124  0.8413007123538598  -0.4571871980069391  0.28843186506727037
153  1456903338125  0.8412993589938902  -0.4568952376712468  0.28889808441733766
154  1456903338161  0.841287796997058  -0.4568471081505505  0.28900789689587825
155  1456903338162  0.8408305295910568  -0.45706583164571835  0.2899910622753463
156  1456903338202  0.8397060460464694  -0.4574148325144025  0.2926866161424737
157  1456903338203  0.8381736152539574  -0.4579348018012901  0.29624434505063135
158  1456903338243  0.8373480143266683  -0.4583429665681402  0.29794295468263243
159  1456903338243  0.8373324976509284  -0.4581939274930493  0.2982157306299875
160  1456903338281  0.8370509179870314  -0.45773384047287907  0.2997089803028006
161  1456903338282  0.8361618883513455  -0.4568597854291406  0.30350026512536754
162  1456903338322  0.8347612156795403  -0.4557369892829526  0.3089943811218241
163  1456903338322  0.8332122992103379  -0.45458987160732534  0.31481000787890423
164  1456903338363  0.8318744165761203  -0.4541650607875942  0.3189341727226598
165  1456903338363  0.8305056715869972  -0.4541120446427836  0.32255630796655943
166  1456903338402  0.8285801762778302  -0.4538622877487768  0.3278169640444162
167  1456903338402  0.8265138309527607  -0.45345695907546674  0.33354416691599287
168  1456903338444  0.8252977170157658  -0.451493253635964  0.3391717838523949
169  1456903338445  0.8243421521657268  -0.44975371268878916  0.34377551674253937
170  1456903338483  0.8233852312453496  -0.44937611337591404  0.3465514660604283
171  1456903338484  0.8227742591073479  -0.44943915774638654  0.3479180499962382
172  1456903338522  0.8222826932808562  -0.4496007754237539  0.3488700812695811
173  1456903338522  0.8216660397945432  -0.44938023841015906  0.35060285386631485
174  1456903338562  0.821511343279699  -0.44840630140356286  0.35220856821733904
175  1456903338562  0.8218888237145698  -0.4472367146130667  0.35281452653222445
176  1456903338605  0.8225710369614418  -0.44624516096437716  0.3524799934575711
177  1456903338605  0.8229190308047545  -0.44596488359954517  0.3520220792723663
178  1456903338642  0.8232640299938154  -0.4457343713897899  0.3515070810616123
179  1456903338644  0.8236829743446732  -0.4449752401658096  0.35148737446267475
180  1456903338683  0.8237143990303188  -0.44412919341729684  0.3524824039066772
181  1456903338684  0.8236728535270235  -0.4432526827881543  0.3536806993795052
182  1456903338723  0.8243089929342222  -0.44246172424080066  0.3531887620715821
183  1456903338724  0.8256612884815513  -0.44236212682361625  0.3501417341221371
184  1456903338762  0.8265103857946698  -0.44160552536350123  0.3490919320334571
185  1456903338762  0.8261544397959941  -0.44073471077741644  0.3510296384122036
186  1456903338802  0.8253057349269737  -0.43987831078424944  0.35408694941159524
187  1456903338802  0.8244662287570392  -0.4394107338713562  0.3566141896067414
188  1456903338843  0.8242646588968805  -0.43900405715391827  0.3575796827889066
189  1456903338843  0.824336228562224  -0.4384405273933796  0.3581056765958337
190  1456903338882  0.8246476678181565  -0.43775369405345727  0.3582289276060111
191  1456903338882  0.8251275062079646  -0.4369161179649732  0.358146460800544
192  1456903338922  0.825478640606363  -0.43599636821822685  0.35845808743946606
193  1456903338922  0.8258325734602634  -0.4350318503576134  0.3588144348737199
194  1456903338963  0.825949817454009  -0.43431282839329133  0.35941519751009743
195  1456903338963  0.8259446840577889  -0.4339887019823166  0.35981820876267445
196  1456903339003  0.8260824016652544  -0.4337390021492436  0.35980319937893945
197  1456903339004  0.82636555354091  -0.433509513496964  0.35942935980712676
198  1456903339042  0.8264246365349921  -0.4332603429972146  0.35959396120431286
199  1456903339043  0.8261903209755479  -0.4330195486155191  0.36042151396896127
200  1456903339083  0.8257806368596743  -0.4330283440652849  0.3613485251742432
201  1456903339084  0.8255169576862835  -0.4332069618617092  0.3617367278443382
202  1456903339122  0.8256204948455923  -0.43351633802470385  0.3611293577729846
203  1456903339123  0.8259818937610461  -0.4336287770884617  0.3601666388920606
204  1456903339162  0.8262678484272215  -0.4334738067170625  0.35969703578871126
205  1456903339162  0.8262911258586358  -0.43343955929365935  0.3596846896909911
206  1456903339203  0.8262014557842665  -0.43362904420054843  0.3596622674748202
207  1456903339204  0.8263756779858653  -0.4337131195202035  0.35916031896246636
208  1456903339242  0.826684704766266  -0.4334934698837923  0.3587140962968931
209  1456903339242  0.8269151930637735  -0.43308353361379887  0.3586779775643274
210  1456903339282  0.827124210083614  -0.4328554744458879  0.3584712708341371
211  1456903339283  0.8273015153833763  -0.4331089062636054  0.35775528805520374
212  1456903339323  0.827603435499288  -0.4332466877185317  0.35688909768832033
213  1456903339324  0.8279178663329798  -0.433197068723578  0.35621950711533223
214  1456903339362  0.8280825492497534  -0.43321480055793504  0.35581485593834117
215  1456903339362  0.8281376195339512  -0.4331788381867989  0.35573043725628395
216  1456903339404  0.8281725932098034  -0.4331702177669039  0.3556595463701786
217  1456903339404  0.8282262780776257  -0.4332666373727685  0.35541700517440233
218  1456903339443  0.8282098295591238  -0.43346290577738356  0.3552159062033997
219  1456903339444  0.8282315753761247  -0.4335430896210318  0.3550673152995003
220  1456903339482  0.8280850400610733  -0.43366278901594524  0.3552628733580683
221  1456903339483  0.8277618905946862  -0.43411422378928327  0.35546464239328124
222  1456903339531  0.8278243316836944  -0.43443043295302447  0.35493248147217304
223  1456903339531  0.8282391983049955  -0.43468412123798306  0.35365164579108566
224  1456903339564  0.8286979655652487  -0.4352131533158983  0.3519221708162581
225  1456903339564  0.8289839983233058  -0.43585654226237036  0.35044910203010105
226  1456903339602  0.8291887443320238  -0.43624230063259933  0.3494834042887085
227  1456903339603  0.8293354315260415  -0.436904746648811  0.34830588651001637
228  1456903339642  0.8295381053439961  -0.4376256636848188  0.34691540770676355
229  1456903339644  0.8300846178150607  -0.43822109141947063  0.34485048553332476
230  1456903339684  0.8307515403994721  -0.4387997522864664  0.34250054020896314
231  1456903339685  0.830984710987714  -0.43918728297845533  0.3414366354383489
232  1456903339722  0.8307080873668511  -0.4392628237743459  0.3420120535949067
233  1456903339723  0.8305828053285627  -0.43917039254102935  0.34243476094480396
234  1456903339762  0.8309561573520376  -0.4391094233109323  0.34160619609950515
235  1456903339763  0.831446603536043  -0.43918688722318433  0.3403107036914701
236  1456903339805  0.8317444060130521  -0.43951686146942187  0.33915506761190084
237  1456903339805  0.8317428058332097  -0.4398109659677903  0.33877757676327924
238  1456903339853  0.8317762212565585  -0.4397950927823022  0.33871609773894207
239  1456903339856  0.8318993323977066  -0.43970655318663643  0.3385286739059339
240  1456903339907  0.8322478907087145  -0.43939827015223726  0.33807190769608475
241  1456903339908  0.8322340579188943  -0.4391497329586978  0.338428672865704
242  1456903339908  0.8318349623168171  -0.43880263002919606  0.3398570917754071
243  1456903339943  0.8314064747240564  -0.4381805789879288  0.3417031453194328
244  1456903339943  0.8311278072155721  -0.4379017145328359  0.34273709572758904
245  1456903339982  0.8310089408521071  -0.437814210251829  0.343136867823123
246  1456903339983  0.8308626118581182  -0.4379144542332792  0.3433630923069124
247  1456903340024  0.8308261911852197  -0.4380761948715524  0.3432448829117076
248  1456903340024  0.8309955525131874  -0.4381861819575508  0.3426940794801201
249  1456903340063  0.8310910070631152  -0.4383206385931333  0.34229048768977677
250  1456903340063  0.8309463857354658  -0.4384932355334463  0.342420565485277
251  1456903340102  0.8307703279714227  -0.438339906388719  0.34304338063012985
252  1456903340103  0.830730860626467  -0.4379826147685071  0.3435948987929969
253  1456903340144  0.8309312958730195  -0.43785838440853114  0.34326842110812805
254  1456903340145  0.8311060492222113  -0.4380739691270332  0.34256951857839013
255  1456903340184  0.8311320050451299  -0.4383183423978015  0.3421938716298252
256  1456903340184  0.8309807885757161  -0.4386215614239568  0.34217251760870937
257  1456903340223  0.8309589364572862  -0.4388345336125155  0.3419525236743901
258  1456903340223  0.8311918333522161  -0.4390269512242073  0.34113842986817744
259  1456903340264  0.831412316001805  -0.439055953028384  0.34056348836447814
260  1456903340264  0.8313740966337444  -0.43889239015364373  0.3408673669618212
261  1456903340303  0.8310486545029057  -0.4388887098073156  0.3416647315550412
262  1456903340303  0.8308384594644225  -0.43921075776148927  0.3417622231888702
263  1456903340342  0.8310971082426208  -0.4396932459377952  0.34051064660486396
264  1456903340343  0.8317778887926952  -0.44012477521530613  0.33828348250866824
265  1456903340385  0.8321017789697946  -0.4403795533117894  0.3371534855141718
266  1456903340386  0.832176861756345  -0.440643870223723  0.3366224939462761
267  1456903340426  0.8322943355749515  -0.44105035012427557  0.3357985653195348
268  1456903340427  0.8326083007943623  -0.4416232507789491  0.334263772447259
269  1456903340468  0.8331114294457098  -0.4422897802816905  0.3321220426418563
270  1456903340468  0.8337133367190539  -0.4428718338805284  0.3298280811932379
271  1456903340504  0.8337686967552758  -0.4432723895546673  0.3291494958311887
272  1456903340505  0.8333641147548771  -0.4433930141453504  0.3300104412567535
273  1456903340543  0.8331978714782826  -0.44321382275136867  0.3306703075754083
274  1456903340543  0.8334234683517585  -0.4430082746147566  0.3303770478183754
275  1456903340584  0.8336764715462146  -0.44288618463160484  0.3299020952428453
276  1456903340585  0.833432791260611  -0.442929056273897  0.33045966303478025
277  1456903340624  0.8330064190194255  -0.4429344817207721  0.3315257307328032
278  1456903340624  0.8328265295593011  -0.4430579744925549  0.3318126835444666
279  1456903340663  0.832915401263107  -0.4429704034368825  0.3317064623893611
280  1456903340663  0.8329802030759677  -0.44271590135554734  0.33188334100212824
281  1456903340703  0.8327979427254251  -0.4422911725030787  0.33290554817421913
282  1456903340703  0.8324804730615458  -0.4419073357284644  0.3342067866986458
283  1456903340744  0.8321534615859214  -0.44165787999516315  0.3353490079149495
284  1456903340744  0.8320395760074581  -0.44135170443461563  0.3360339196970905
285  1456903340783  0.8319082666976407  -0.4408836298121553  0.33697218576145804
286  1456903340784  0.8315283316530513  -0.4403037401759616  0.3386639232016808
287  1456903340824  0.8310124231399829  -0.4397497254108096  0.34064420859280276
288  1456903340825  0.830771371546235  -0.439144308882026  0.3420106070010309
289  1456903340865  0.8307969508149622  -0.43836214728242645  0.342950501231325
290  1456903340867  0.830510045404381  -0.4376802443870842  0.34451282484467427
291  1456903340904  0.829793432812437  -0.4374149532194649  0.3465703853426856
292  1456903340905  0.8294905797244159  -0.4372547411958436  0.34749633844147354
293  1456903340943  0.8295271344377042  -0.4369578152236109  0.3477824469414159
294  1456903340945  0.8297822236741297  -0.43666836397203657  0.3475373982365113
295  1456903340985  0.8300923098989479  -0.43666658444272155  0.3467983683829523
296  1456903340986  0.8304406238577329  -0.4365305436639  0.3461350744185232
297  1456903341026  0.8306085975016755  -0.4364523993235345  0.34583046648802807
298  1456903341027  0.8305847487924609  -0.43660071935963174  0.34570047180705643
299  1456903341065  0.8307596934361037  -0.4365846210871776  0.345300177610504
300  1456903341067  0.8309201651012339  -0.4363106779180637  0.3452602824436495
301  1456903341105  0.8308206486392082  -0.43605523244211786  0.3458219661001536
302  1456903341106  0.8309333083345782  -0.4361899775477085  0.34538116916841766
303  1456903341143  0.8313427803012376  -0.4365271510007572  0.34396683745976375
304  1456903341145  0.8316671892920664  -0.43667411109696236  0.34299473405518466
305  1456903341183  0.8318754452533339  -0.436560687371046  0.3426339511267713
306  1456903341184  0.8322860780115029  -0.4364455248647259  0.34178238064010813
307  1456903341224  0.8332972638317142  -0.4364591518161803  0.3392919395961771
308  1456903341225  0.8345102773949984  -0.4362198565388545  0.33660787776653933
309  1456903341263  0.8357073095746381  -0.4353793697184323  0.3347208405544144
310  1456903341264  0.8357043771493609  -0.43456605449035474  0.3357834698744311
311  1456903341303  0.8347272033602211  -0.43430733229035484  0.3385375820538439
312  1456903341304  0.8341538541494558  -0.4342697274015661  0.33999589860308177
313  1456903341345  0.8344905611191127  -0.434290017723832  0.3391425091663933
314  1456903341345  0.8349708040055255  -0.4342879706306913  0.3379611556803006
315  1456903341383  0.8348609463783863  -0.43417924999898005  0.3383719881083458
316  1456903341384  0.8345858273867752  -0.4337547804820377  0.33959285248823434
317  1456903341423  0.8344741881572695  -0.4336759151803866  0.33996771096440526
318  1456903341424  0.8347721878700218  -0.43373901003657633  0.3391546325066894
319  1456903341464  0.8350231917957736  -0.43389682395996143  0.3383338886528229
320  1456903341465  0.8351238970088426  -0.43407093779434125  0.3378617400486572
321  1456903341503  0.835222754253135  -0.4342815651657684  0.337346157315765
322  1456903341503  0.8352170873727705  -0.43436553322141386  0.3372522207611306
323  1456903341544  0.8350467838467068  -0.43419373015555873  0.3378943920342259
324  1456903341544  0.8347496657661058  -0.4342593272447992  0.338543741836812
325  1456903341585  0.8349155151533623  -0.43435873292588667  0.3380067891677925
326  1456903341585  0.8349673669912736  -0.4345684683876385  0.3376088354179956
327  1456903341623  0.8346624641614753  -0.4349924486581678  0.3378167619450707
328  1456903341624  0.834287628111869  -0.43558239681802147  0.3379823835202682
329  1456903341663  0.8340136039052624  -0.4361631763890683  0.33790972917327977
330  1456903341664  0.8339099291641263  -0.4365791338636378  0.33762831417702444
331  1456903341705  0.8338071387096688  -0.4371200712155097  0.3371820361277491
332  1456903341706  0.8331420631764397  -0.43802842401849174  0.33764687130248383
333  1456903341744  0.8321066824858891  -0.438588142098376  0.33946848390577067
334  1456903341744  0.8315185459141428  -0.43899501494301424  0.3403825921757786
335  1456903341786  0.8313366168074126  -0.43970854036059404  0.33990561351685855
336  1456903341787  0.831013072513656  -0.44050418875142583  0.3396665795589797
337  1456903341825  0.8302449097986409  -0.4410836258891431  0.3407910936379377
338  1456903341825  0.8294236529640475  -0.4416147531241604  0.3421006466211285
339  1456903341864  0.8291176052739679  -0.44167544619965415  0.3427633916437145
340  1456903341864  0.8287104613371419  -0.4420031865536229  0.3433251379163629
341  1456903341903  0.8282745184291747  -0.44216616276592285  0.3441661888962173
342  1456903341904  0.8278792695398884  -0.44217418122579755  0.3451056491558653
343  1456903341945  0.8274400833538138  -0.44200829294504396  0.3463691496452057
344  1456903341945  0.826871796623152  -0.4417505307523584  0.348051012433487
345  1456903341985  0.8260929458571518  -0.4416781207290674  0.3499869403593685
346  1456903341987  0.8249888746161416  -0.44208991217793253  0.3520650762551458
347  1456903342024  0.8241552943313613  -0.442364212019114  0.3536692483735493
348  1456903342025  0.8236076175231517  -0.44243578322252436  0.3548535623614848
349  1456903342067  0.8234209930301448  -0.44219512841193986  0.35558583833836543
350  1456903342068  0.8232061132628905  -0.4422448491972404  0.356021356914459
351  1456903342104  0.8230015189011186  -0.442733468314275  0.35588700543059293
352  1456903342106  0.8231382486809724  -0.4433734729467634  0.35477238560420954
353  1456903342144  0.8235584118516535  -0.4438986592599959  0.35313665858648324
354  1456903342146  0.823750163689764  -0.4441552340394584  0.3523659445640863
355  1456903342185  0.8238378734829945  -0.44434540398723255  0.3519209542012476
356  1456903342187  0.8222167594866896  -0.4471196148253922  0.3521982667588297
357  1456903342228  0.8225118663583251  -0.4481890135210272  0.35014399890832415
358  1456903342229  0.8236812911626474  -0.44728399804772995  0.3485485891824931
