1  1456903335113  0.061606776  -0.1515316  -0.80328697
2  1456903335114  0.05128859  -0.15772095  -0.8230565
3  1456903335140  0.04521671  -0.16085309  -0.83435553
4  1456903335141  0.04344616  -0.1594513  -0.8351694
5  1456903335180  0.043673825  -0.15657446  -0.83624095
6  1456903335180  0.04798475  -0.15434286  -0.8379465
7  1456903335221  0.06022246  -0.15290448  -0.840818
8  1456903335221  0.07177475  -0.15339446  -0.84487873
9  1456903335260  0.073177546  -0.1558429  -0.8493635
10  1456903335260  0.0734769  -0.15867007  -0.85220045
11  1456903335300  0.07503785  -0.16195485  -0.8532286
12  1456903335300  0.07720231  -0.1644279  -0.8529604
13  1456903335341  0.08071431  -0.16529834  -0.8521829
14  1456903335341  0.08275687  -0.16678315  -0.8515031
15  1456903335380  0.08389328  -0.16936043  -0.8508422
16  1456903335381  0.084991  -0.1721788  -0.8498631
17  1456903335420  0.08522577  -0.17467839  -0.8490234
18  1456903335420  0.0833356  -0.17679295  -0.848857
19  1456903335465  0.080973774  -0.17787945  -0.8493255
20  1456903335465  0.079624385  -0.17772403  -0.8499314
21  1456903335523  0.0787373  -0.17690009  -0.85020906
22  1456903335524  0.078639835  -0.1756927  -0.8502031
23  1456903335524  0.0795786  -0.17425734  -0.85000557
24  1456903335560  0.07973243  -0.1730493  -0.85004634
25  1456903335562  0.07895972  -0.17326325  -0.8503199
26  1456903335601  0.07914273  -0.17471948  -0.8501366
27  1456903335602  0.08064512  -0.17612302  -0.84916955
28  1456903335640  0.08173264  -0.1763919  -0.8482409
29  1456903335640  0.08164645  -0.17549089  -0.8479931
30  1456903335680  0.08090265  -0.17418069  -0.8483245
31  1456903335680  0.08034151  -0.1726954  -0.8489018
32  1456903335721  0.08044017  -0.17132658  -0.8493404
33  1456903335721  0.08059565  -0.17054278  -0.8496886
34  1456903335760  0.080127954  -0.16963989  -0.85011965
35  1456903335760  0.07914605  -0.1674748  -0.8506338
36  1456903335800  0.07850868  -0.16448614  -0.8511018
37  1456903335800  0.07905289  -0.16189852  -0.8513586
38  1456903335841  0.079903364  -0.16065812  -0.85134524
39  1456903335841  0.08013508  -0.16055813  -0.8512606
40  1456903335880  0.079585515  -0.16104946  -0.8513333
41  1456903335881  0.07876606  -0.16119692  -0.8515783
42  1456903335920  0.07816745  -0.16044033  -0.85175127
43  1456903335920  0.07795804  -0.15916282  -0.8517769
44  1456903335961  0.078024  -0.15809476  -0.8518006
45  1456903335961  0.07811436  -0.15794715  -0.8518403
46  1456903336000  0.077718556  -0.15869471  -0.85190827
47  1456903336000  0.07735469  -0.1590809  -0.8520786
48  1456903336040  0.0773857  -0.15832958  -0.8522498
49  1456903336041  0.07747047  -0.15722507  -0.8523008
50  1456903336081  0.07697895  -0.1563668  -0.85226935
51  1456903336082  0.076254874  -0.1554113  -0.852295
52  1456903336120  0.07558712  -0.15414381  -0.85250443
53  1456903336121  0.07528816  -0.15311271  -0.852832
54  1456903336160  0.07523982  -0.15271762  -0.8530721
55  1456903336160  0.07486938  -0.15237275  -0.85327107
56  1456903336202  0.07433555  -0.15137461  -0.85349137
57  1456903336203  0.07377838  -0.15016931  -0.8537727
58  1456903336240  0.07330651  -0.14891896  -0.8541171
59  1456903336240  0.07273955  -0.1475158  -0.8545162
60  1456903336280  0.072177425  -0.1459499  -0.8550275
61  1456903336281  0.07178801  -0.14427182  -0.85553974
62  1456903336322  0.07184291  -0.14183977  -0.8560534
63  1456903336322  0.07208733  -0.1384219  -0.8568526
64  1456903336360  0.07251739  -0.13484353  -0.85786694
65  1456903336360  0.07372351  -0.13207805  -0.858759
66  1456903336400  0.07459912  -0.12967786  -0.85962707
67  1456903336401  0.0746167  -0.12719196  -0.8604216
68  1456903336442  0.07448788  -0.1258423  -0.8609175
69  1456903336442  0.074982285  -0.12533164  -0.86119694
70  1456903336480  0.076104045  -0.12378435  -0.861715
71  1456903336481  0.07742976  -0.121041626  -0.86246115
72  1456903336520  0.077668875  -0.118330196  -0.863131
73  1456903336521  0.07870967  -0.116083264  -0.86349684
74  1456903336561  0.08044348  -0.11495413  -0.86331576
75  1456903336562  0.082298234  -0.11545418  -0.86273414
76  1456903336600  0.08298264  -0.116924524  -0.8621226
77  1456903336601  0.08345389  -0.117910355  -0.8616907
78  1456903336640  0.08479301  -0.11816506  -0.86126584
79  1456903336641  0.08693688  -0.11830318  -0.8605735
80  1456903336682  0.08891397  -0.11922616  -0.8595719
81  1456903336682  0.09060903  -0.120175004  -0.85914284
82  1456903336721  0.09270279  -0.120909944  -0.8592748
83  1456903336721  0.09401365  -0.12230031  -0.8590718
84  1456903336760  0.09454125  -0.12411155  -0.8585984
85  1456903336761  0.093964234  -0.12529224  -0.8583668
86  1456903336802  0.092627235  -0.12536213  -0.8579764
87  1456903336802  0.0901809  -0.1251069  -0.8572871
88  1456903336841  0.085107066  -0.124233484  -0.856473
89  1456903336841  0.07891799  -0.12243053  -0.8558883
90  1456903336881  0.07435048  -0.121843725  -0.8551685
91  1456903336882  0.07064596  -0.12482728  -0.85472876
92  1456903336928  0.06625024  -0.13006896  -0.85441154
93  1456903336928  0.06189954  -0.13484094  -0.85392517
94  1456903336961  0.058913976  -0.13756359  -0.8532278
95  1456903336961  0.05685765  -0.13725507  -0.8525377
96  1456903337002  0.055027563  -0.13492587  -0.85191447
97  1456903337002  0.053405926  -0.13260388  -0.85098773
98  1456903337042  0.05282993  -0.13159177  -0.8494963
99  1456903337043  0.053636614  -0.13126805  -0.84805757
100  1456903337081  0.0560136  -0.13061652  -0.8467929
101  1456903337081  0.058310866  -0.12965211  -0.84525007
102  1456903337122  0.059679978  -0.13008878  -0.84326655
103  1456903337122  0.06141471  -0.1337173  -0.84252447
104  1456903337162  0.06209206  -0.13972315  -0.8430781
105  1456903337162  0.06314147  -0.14593232  -0.8434525
106  1456903337209  0.0632426  -0.15120253  -0.84354776
107  1456903337209  0.06139155  -0.1546331  -0.84301096
108  1456903337241  0.059632685  -0.156723  -0.8418376
109  1456903337241  0.058892205  -0.15805534  -0.8405314
110  1456903337282  0.05828657  -0.15908071  -0.8396264
111  1456903337283  0.05631697  -0.16042367  -0.8392622
112  1456903337321  0.05307111  -0.16226193  -0.83920497
113  1456903337321  0.04974004  -0.16409904  -0.839425
114  1456903337361  0.04814157  -0.16479087  -0.84003454
115  1456903337361  0.04763289  -0.16353613  -0.84092134
116  1456903337404  0.047432534  -0.16094783  -0.8418382
117  1456903337404  0.047192603  -0.1588547  -0.8426512
118  1456903337441  0.04717538  -0.15814877  -0.8432192
119  1456903337441  0.047245532  -0.15813726  -0.84365207
120  1456903337481  0.04738752  -0.1579771  -0.8440984
121  1456903337482  0.047196403  -0.15707844  -0.8446929
122  1456903337522  0.047011685  -0.15568128  -0.8452651
123  1456903337522  0.047236726  -0.15470266  -0.84568244
124  1456903337561  0.047856722  -0.15450612  -0.84600264
125  1456903337561  0.04840309  -0.15489054  -0.84619373
126  1456903337601  0.04883276  -0.15509316  -0.8463288
127  1456903337601  0.049354408  -0.15482679  -0.8464518
128  1456903337642  0.04976312  -0.15401882  -0.84655696
129  1456903337643  0.049907476  -0.15351251  -0.84670836
130  1456903337681  0.050168972  -0.15347314  -0.84699625
131  1456903337682  0.050496317  -0.15336129  -0.84729177
132  1456903337722  0.050861955  -0.15317869  -0.84738725
133  1456903337722  0.051526308  -0.1530428  -0.8473123
134  1456903337762  0.05246342  -0.1525858  -0.84727377
135  1456903337763  0.053403523  -0.15155289  -0.8472629
136  1456903337802  0.054145962  -0.15056625  -0.8473752
137  1456903337802  0.05468993  -0.15017268  -0.84754175
138  1456903337842  0.05519761  -0.15020794  -0.847668
139  1456903337842  0.055904556  -0.14974424  -0.8477549
140  1456903337882  0.05665224  -0.1480451  -0.84787947
141  1456903337883  0.057537213  -0.14572734  -0.8479627
142  1456903337921  0.058547843  -0.14373544  -0.84800833
143  1456903337921  0.05939281  -0.14227524  -0.84813327
144  1456903337961  0.060372774  -0.14065254  -0.8483115
145  1456903337961  0.061550938  -0.13756818  -0.8487306
146  1456903338003  0.06289838  -0.13287324  -0.84933656
147  1456903338004  0.06458133  -0.12857771  -0.8497166
148  1456903338042  0.066447236  -0.12517923  -0.8499684
149  1456903338042  0.068472624  -0.12333031  -0.8502341
150  1456903338081  0.07055719  -0.12376967  -0.8504484
151  1456903338082  0.0724421  -0.1250912  -0.8505145
152  1456903338124  0.07431731  -0.12540644  -0.85033554
153  1456903338125  0.07637783  -0.12446065  -0.8500671
154  1456903338161  0.07818234  -0.12345204  -0.84988886
155  1456903338162  0.07908639  -0.123505965  -0.84986955
156  1456903338202  0.079077706  -0.12513506  -0.849973
157  1456903338203  0.0792771  -0.12716037  -0.8501074
158  1456903338243  0.08022615  -0.12762123  -0.85013837
159  1456903338243  0.0814202  -0.12707633  -0.849981
160  1456903338281  0.08220982  -0.12750599  -0.84976965
161  1456903338282  0.08283392  -0.12941965  -0.84945184
162  1456903338322  0.083638355  -0.13225693  -0.8490425
163  1456903338322  0.08448088  -0.13527107  -0.8486212
164  1456903338363  0.085289955  -0.13728705  -0.8484151
165  1456903338363  0.086225115  -0.13892716  -0.8483049
166  1456903338402  0.08782908  -0.1411669  -0.84806675
167  1456903338402  0.089565255  -0.14361647  -0.8477656
168  1456903338444  0.09076207  -0.14632708  -0.84705895
169  1456903338445  0.09169668  -0.14857525  -0.84644467
170  1456903338483  0.09238773  -0.14985844  -0.846258
171  1456903338484  0.092917085  -0.15037882  -0.84621865
172  1456903338522  0.09330878  -0.15072826  -0.8462233
173  1456903338522  0.09410472  -0.15131426  -0.84607
174  1456903338562  0.0949159  -0.1518119  -0.8456915
175  1456903338562  0.095571965  -0.15178901  -0.84527177
176  1456903338605  0.095980525  -0.15133733  -0.84493214
177  1456903338605  0.09599862  -0.151045  -0.84484714
178  1456903338642  0.095745325  -0.15087986  -0.8448077
179  1456903338644  0.09538947  -0.15107784  -0.84462327
180  1456903338683  0.094858274  -0.15200269  -0.84443265
181  1456903338684  0.09368049  -0.15343964  -0.8443046
182  1456903338723  0.09234668  -0.15393537  -0.84421736
183  1456903338724  0.09154948  -0.15254626  -0.8442747
184  1456903338762  0.09105504  -0.15219975  -0.8441041
185  1456903338762  0.0906755  -0.15361425  -0.84388703
186  1456903338802  0.089994624  -0.1558967  -0.8437062
187  1456903338802  0.08928183  -0.15787387  -0.84364337
188  1456903338843  0.088839196  -0.15873224  -0.8435696
189  1456903338843  0.08869973  -0.15914047  -0.8434172
190  1456903338882  0.08858638  -0.15928683  -0.84322554
191  1456903338882  0.08829723  -0.1594134  -0.8430075
192  1456903338922  0.0879308  -0.15982896  -0.842773
193  1456903338922  0.08761774  -0.16024074  -0.84251946
194  1456903338963  0.087597236  -0.16062567  -0.8423082
195  1456903338963  0.08769103  -0.1608184  -0.84220225
196  1456903339003  0.08779658  -0.16074699  -0.84211713
197  1456903339004  0.087957025  -0.160422  -0.84203225
198  1456903339042  0.088060156  -0.16046223  -0.8419475
199  1456903339043  0.08813787  -0.16092497  -0.84186786
200  1456903339083  0.08839348  -0.16134039  -0.84184366
201  1456903339084  0.0886508  -0.16142291  -0.84186965
202  1456903339122  0.08882012  -0.1609461  -0.8419437
203  1456903339123  0.08882469  -0.16035134  -0.8419766
204  1456903339162  0.08872752  -0.16012216  -0.8419408
205  1456903339162  0.08854585  -0.16022426  -0.84194976
206  1456903339203  0.08832673  -0.16034162  -0.84202904
207  1456903339204  0.08812013  -0.16015744  -0.84207565
208  1456903339242  0.088104166  -0.15989417  -0.8420121
209  1456903339242  0.08807101  -0.15989405  -0.84189385
210  1456903339282  0.087928325  -0.15985435  -0.84184104
211  1456903339283  0.08782817  -0.15947384  -0.84192675
212  1456903339323  0.08790834  -0.15889299  -0.8419593
213  1456903339324  0.08804922  -0.15839714  -0.84192985
214  1456903339362  0.088074416  -0.15813345  -0.8419325
215  1456903339362  0.08795628  -0.15815312  -0.84193414
216  1456903339404  0.08794893  -0.15811408  -0.84193236
217  1456903339404  0.08819869  -0.15781397  -0.84193486
218  1456903339443  0.08847685  -0.15752175  -0.84196395
219  1456903339444  0.088445894  -0.15744892  -0.841991
220  1456903339482  0.08848576  -0.1575444  -0.84202236
221  1456903339483  0.08871729  -0.15752676  -0.84213203
222  1456903339531  0.0890171  -0.15701813  -0.84219426
223  1456903339531  0.089389235  -0.15600675  -0.84223014
224  1456903339564  0.089882456  -0.1546466  -0.8423347
225  1456903339564  0.09015089  -0.15357986  -0.84249693
226  1456903339602  0.09022125  -0.15294468  -0.84260386
227  1456903339603  0.090552054  -0.15202257  -0.8427649
228  1456903339642  0.091389  -0.15066531  -0.8428884
229  1456903339644  0.0921396  -0.14894757  -0.8429833
230  1456903339684  0.092354596  -0.14737925  -0.84313136
231  1456903339685  0.09225434  -0.14678907  -0.84325725
232  1456903339722  0.092423975  -0.14703923  -0.84326106
233  1456903339723  0.09262618  -0.14717591  -0.8432115
234  1456903339762  0.092429966  -0.14678675  -0.8432149
235  1456903339763  0.09200437  -0.14625064  -0.8432844
236  1456903339805  0.09142182  -0.14589566  -0.8434456
237  1456903339805  0.09093907  -0.14595649  -0.84358495
238  1456903339853  0.090730384  -0.1460447  -0.8436027
239  1456903339856  0.09062271  -0.14599487  -0.84358805
240  1456903339907  0.09039558  -0.14585209  -0.84352106
241  1456903339908  0.090309925  -0.14612162  -0.84345657
242  1456903339908  0.09021072  -0.14705485  -0.8433643
243  1456903339943  0.08997195  -0.14832816  -0.8432054
244  1456903339943  0.08966701  -0.14914498  -0.8431552
245  1456903339982  0.0894946  -0.14949372  -0.8431476
246  1456903339983  0.08948586  -0.14963743  -0.8431782
247  1456903340024  0.089587204  -0.14950389  -0.8432154
248  1456903340024  0.08961251  -0.14915147  -0.8432453
249  1456903340063  0.089485034  -0.14898133  -0.84329873
250  1456903340063  0.08934027  -0.14914817  -0.84336525
251  1456903340102  0.08930494  -0.14955065  -0.8433235
252  1456903340103  0.08947301  -0.14978704  -0.8431998
253  1456903340144  0.08953143  -0.14955202  -0.84315675
254  1456903340145  0.089447334  -0.1491749  -0.8432296
255  1456903340184  0.08927166  -0.14905089  -0.84332067
256  1456903340184  0.089237794  -0.14905813  -0.8434141
257  1456903340223  0.08937583  -0.14884028  -0.84346265
258  1456903340223  0.08963345  -0.14818698  -0.8434923
259  1456903340264  0.08992826  -0.14765754  -0.84346956
260  1456903340264  0.0900994  -0.14774016  -0.8434028
261  1456903340303  0.09022743  -0.14815083  -0.843388
262  1456903340303  0.09029079  -0.14817247  -0.8434767
263  1456903340342  0.0900661  -0.14754254  -0.8436437
264  1456903340343  0.08981171  -0.14633438  -0.8437987
265  1456903340385  0.08995407  -0.14555821  -0.843859
266  1456903340386  0.09017515  -0.14510086  -0.84391373
267  1456903340426  0.09032222  -0.14450952  -0.8440184
268  1456903340427  0.09053739  -0.14344358  -0.844165
269  1456903340468  0.090912014  -0.14191195  -0.84432214
270  1456903340468  0.09128615  -0.14028841  -0.8444541
271  1456903340504  0.09179185  -0.13957134  -0.8445179
272  1456903340505  0.092162356  -0.13987416  -0.84451324
273  1456903340543  0.0924993  -0.14007315  -0.84442335
274  1456903340543  0.092818074  -0.13970098  -0.8443275
275  1456903340584  0.093088515  -0.13924727  -0.8442616
276  1456903340585  0.09328768  -0.13946792  -0.8442523
277  1456903340624  0.093351826  -0.14008042  -0.8442468
278  1456903340624  0.0934519  -0.14019606  -0.8442723
279  1456903340663  0.09352449  -0.14008695  -0.84423834
280  1456903340663  0.09364242  -0.14012253  -0.8441499
281  1456903340703  0.09365405  -0.14073786  -0.8440228
282  1456903340703  0.093723014  -0.14148968  -0.84390146
283  1456903340744  0.09381321  -0.14213246  -0.84381753
284  1456903340744  0.09380459  -0.14255509  -0.84372777
285  1456903340783  0.09348724  -0.14331838  -0.8436243
286  1456903340784  0.093001254  -0.14464444  -0.84350616
287  1456903340824  0.09272018  -0.14602432  -0.8433729
288  1456903340825  0.09264592  -0.14690417  -0.8432016
289  1456903340865  0.092470385  -0.14758408  -0.8429889
290  1456903340867  0.09229684  -0.14864495  -0.8428057
291  1456903340904  0.092147425  -0.14999604  -0.84274334
292  1456903340905  0.09190872  -0.15070769  -0.8427219
293  1456903340943  0.09184426  -0.15092188  -0.8426408
294  1456903340945  0.091964036  -0.15069914  -0.8425419
295  1456903340985  0.09221226  -0.15009597  -0.8425142
296  1456903340986  0.09224638  -0.14966846  -0.8424701
297  1456903341026  0.092112914  -0.14956227  -0.8424615
298  1456903341027  0.09205639  -0.14951688  -0.8425117
299  1456903341065  0.091966785  -0.14932561  -0.8425167
300  1456903341067  0.092045434  -0.14925331  -0.84242684
301  1456903341105  0.092376485  -0.14939722  -0.8423148
302  1456903341106  0.0926777  -0.14894482  -0.8423217
303  1456903341143  0.09263798  -0.14810213  -0.8424261
304  1456903341145  0.09253261  -0.14757022  -0.8424813
305  1456903341183  0.0927036  -0.14724535  -0.84242886
306  1456903341184  0.09305531  -0.1465101  -0.8423559
307  1456903341224  0.09296877  -0.14503619  -0.8423695
308  1456903341225  0.093084626  -0.14332062  -0.8422857
309  1456903341263  0.09326659  -0.14205077  -0.84201604
310  1456903341264  0.0931989  -0.14273986  -0.84178203
311  1456903341303  0.09341664  -0.14429492  -0.84168106
312  1456903341304  0.09371507  -0.14500776  -0.8416367
313  1456903341345  0.093791515  -0.14443788  -0.8416342
314  1456903341345  0.0934507  -0.14392066  -0.8416715
315  1456903341383  0.0932993  -0.14426431  -0.841656
316  1456903341384  0.0934049  -0.1449475  -0.8415182
317  1456903341423  0.09352237  -0.14510575  -0.84148175
318  1456903341424  0.09343891  -0.14465794  -0.84150976
319  1456903341464  0.09338337  -0.14418885  -0.8415628
320  1456903341465  0.09326182  -0.14397386  -0.841628
321  1456903341503  0.09300616  -0.143814  -0.84171885
322  1456903341503  0.09314559  -0.14367187  -0.8417284
323  1456903341544  0.09344435  -0.14388326  -0.8416442
324  1456903341544  0.0937269  -0.14410982  -0.8416323
325  1456903341585  0.093589425  -0.14386451  -0.8416771
326  1456903341585  0.0934709  -0.14369336  -0.8417526
327  1456903341623  0.09354955  -0.14377457  -0.8418698
328  1456903341624  0.0936604  -0.14381096  -0.8420326
329  1456903341663  0.09358144  -0.14381656  -0.8422138
330  1456903341664  0.09365617  -0.14360037  -0.84232897
331  1456903341705  0.09386364  -0.14320332  -0.8424664
332  1456903341706  0.09426923  -0.14324626  -0.84269065
333  1456903341744  0.09463274  -0.14414474  -0.84281594
334  1456903341744  0.09496815  -0.14450386  -0.8428989
335  1456903341786  0.095143676  -0.14410892  -0.8430907
336  1456903341787  0.095431626  -0.14379263  -0.8432941
337  1456903341825  0.09583818  -0.14423922  -0.84341973
338  1456903341825  0.09642985  -0.14468777  -0.84350973
339  1456903341864  0.09705636  -0.1447168  -0.84345585
340  1456903341864  0.097524464  -0.14478114  -0.843499
341  1456903341903  0.09792488  -0.14505666  -0.8435009
342  1456903341904  0.09847778  -0.14529994  -0.8434389
343  1456903341945  0.09920861  -0.14563394  -0.8433041
344  1456903341945  0.1003539  -0.14597481  -0.84309214
345  1456903341985  0.10166104  -0.14637625  -0.84291404
346  1456903341987  0.10263931  -0.1470682  -0.8429176
347  1456903342024  0.103376284  -0.1476138  -0.8429089
348  1456903342025  0.104101814  -0.14790678  -0.84284085
349  1456903342067  0.1047072  -0.14799115  -0.84269446
350  1456903342068  0.10545839  -0.14780787  -0.84261554
351  1456903342104  0.10654158  -0.14707854  -0.84262425
352  1456903342106  0.10793998  -0.14555797  -0.84263617
353  1456903342144  0.10943074  -0.14365983  -0.8425997
354  1456903342146  0.11141414  -0.14199391  -0.84241587
355  1456903342185  0.114915565  -0.13961086  -0.84200186
356  1456903342187  0.11785704  -0.13806352  -0.84241885
357  1456903342228  0.11762642  -0.13695806  -0.8427684
358  1456903342229  0.11734565  -0.1361242  -0.842539
