1  1456903386240  -0.681719  2.7477503  7.8423276
2  1456903386241  -0.57260627  2.5613215  7.2369413
3  1456903386272  -0.5433578  2.2060695  6.5929747
4  1456903386272  -0.51272464  1.9143547  6.034952
5  1456903386311  -0.3860348  1.8198843  5.336646
6  1456903386311  -0.4206939  1.6400506  4.591813
7  1456903386350  -0.24502802  1.3855449  4.188656
8  1456903386350  -0.2700852  1.1909661  3.8430529
9  1456903386390  -0.25600535  1.0287739  3.4673667
10  1456903386390  -0.10111794  0.96252775  3.299477
11  1456903386431  0.13524592  0.9869425  2.9372082
12  1456903386432  -0.04850641  0.7869737  2.3030314
13  1456903386470  -0.116918325  0.67379975  2.1201334
14  1456903386470  0.049917758  0.6430509  1.9813824
15  1456903386510  -0.011098325  0.5291858  2.054747
16  1456903386510  0.08697668  0.52367234  1.676889
17  1456903386552  0.17524415  0.54887724  1.1967573
18  1456903386553  0.095231086  0.46597743  1.0533786
19  1456903386590  0.100791454  0.38274837  1.0450063
20  1456903386590  0.026068836  0.32723522  1.1021137
21  1456903386630  -0.023943245  0.32467866  1.1104155
22  1456903386630  0.034475386  0.290056  1.1351252
23  1456903386672  0.048266113  0.25243115  1.0345411
24  1456903386672  0.15117857  0.22503328  0.9095392
25  1456903386710  0.11666767  0.31457853  0.73239326
26  1456903386710  0.120084375  0.16245294  0.60959435
27  1456903386750  0.07790899  0.07079005  0.7123985
28  1456903386750  0.10028502  0.12404513  0.509717
29  1456903386791  0.09025651  0.09440231  0.37686348
30  1456903386792  0.13294561  0.024628162  0.34995174
31  1456903386830  0.10672237  0.0027723312  0.26755142
32  1456903386830  0.13052662  0.10377002  0.12874794
33  1456903386870  0.18427218  0.08261919  0.14388466
34  1456903386870  0.09042761  0.061428547  0.22215176
35  1456903386911  0.06845616  -7.388592E-4  0.344306
36  1456903386912  0.0680749  0.051049948  0.3357334
37  1456903386950  0.10220826  0.05240941  0.23967075
38  1456903386950  0.025189206  0.0105371475  0.23294163
39  1456903386990  -0.03335403  0.078436375  0.3540182
40  1456903386991  0.019541353  0.040425777  0.12684059
41  1456903387031  0.03267069  0.06870484  -0.025904655
42  1456903387032  -0.03954938  0.053215265  0.1167469
43  1456903387070  0.009655967  -0.029678583  0.2537527
44  1456903387070  -0.073191315  0.050861597  0.22406769
45  1456903387110  -0.0055383146  0.069478035  0.033587456
46  1456903387110  -0.011448815  0.012970209  0.04531288
47  1456903387152  0.026327357  -0.033577442  0.090340614
48  1456903387152  0.034468517  -0.051767588  0.096390724
49  1456903387190  -0.042240888  -0.016423702  -0.016677856
50  1456903387191  -0.014314219  0.0046117306  -0.05810547
51  1456903387231  0.0819276  0.060174704  -0.1298666
52  1456903387233  0.026329637  0.073550224  0.023180008
53  1456903387272  0.017232329  0.111445665  0.06826687
54  1456903387272  0.037056908  0.033502817  0.035582542
55  1456903387310  0.0031842738  0.045235872  -0.019690514
56  1456903387311  -0.06824194  0.077343464  0.26886463
57  1456903387351  -0.0010838658  0.0071206093  0.19026375
58  1456903387351  -0.04191631  0.088290215  -0.052859306
59  1456903387392  -0.07866554  0.14625931  -0.09497833
60  1456903387392  -0.0018459707  0.017430067  0.078282356
61  1456903387430  -0.046911776  0.07817578  -0.08899975
62  1456903387431  -0.09609014  0.11991811  -0.24817276
63  1456903387470  -0.04123071  0.045437574  -0.09622383
64  1456903387471  -0.04357198  0.06028676  0.029756546
65  1456903387512  -0.03059566  -0.03193307  -0.2274828
66  1456903387512  -0.05554825  0.04667759  -0.28877068
67  1456903387551  0.010340452  0.10234356  0.13443089
68  1456903387551  -0.044563144  -0.028558493  0.2502756
69  1456903387590  -0.053035498  -0.0041549206  -0.13675594
70  1456903387591  -0.032648504  0.07598734  -0.08429432
71  1456903387632  0.030950233  0.025293112  0.13961315
72  1456903387632  -0.038943022  -0.03757  -0.014408112
73  1456903387671  0.0015825629  0.015746832  -0.26507664
74  1456903387671  -0.028742641  -0.018149614  0.058790207
75  1456903387711  -0.06465444  -0.0874424  0.30502033
76  1456903387711  -0.11205852  -0.01836443  0.11290932
77  1456903387752  -0.025435299  -0.012218475  -0.0018110275
78  1456903387762  0.015894294  0.03856325  0.12765789
79  1456903387791  0.001376152  0.05194521  0.02439022
80  1456903387791  -0.11727443  -0.069607496  -0.08578777
81  1456903387831  0.008656442  0.045092344  0.019756317
82  1456903387832  -0.04607874  -0.0391438  0.15568638
83  1456903387873  0.02101782  -0.11926603  0.17459393
84  1456903387873  -0.032798737  -0.01899314  0.17006302
85  1456903387911  -0.020899743  -0.045105934  -0.06457615
86  1456903387911  -0.085607976  -0.055678844  -0.17878628
87  1456903387951  0.02422753  -0.02209878  0.11921406
88  1456903387951  -0.07300559  -0.032817602  0.021100998
89  1456903387992  -0.039847642  0.030797958  -0.4636793
90  1456903387993  -0.007850707  0.06003976  -0.49488354
91  1456903388031  -0.05231607  0.069119215  -0.6091585
92  1456903388031  -0.060013145  0.042814255  -0.6947689
93  1456903388071  0.0601916  -0.079980135  -0.75026846
94  1456903388071  -0.055721432  -0.17325687  -0.64291954
95  1456903388112  -0.06738755  -0.20549107  -0.6885214
96  1456903388112  -0.01755315  -0.31207418  -0.7166343
97  1456903388151  0.044536054  -0.45324922  -0.6061845
98  1456903388151  0.0077607334  -0.53290176  -0.07366848
99  1456903388191  -0.046884865  -0.70155406  0.037127495
100  1456903388191  -0.10037547  -0.6917325  0.21226215
101  1456903388233  0.002317667  -0.79494166  0.4280615
102  1456903388233  0.07103893  -0.8555082  0.5059233
103  1456903388272  0.1479715  -0.9100183  0.5372124
104  1456903388274  0.046983093  -1.0323399  0.5826111
105  1456903388311  0.10692823  -1.045464  0.79585266
106  1456903388311  0.12855712  -0.897822  1.8130512
107  1456903388352  0.15664224  -0.95241016  2.1230364
108  1456903388353  0.29181272  -1.0252421  2.0572577
109  1456903388391  0.2216906  -1.1080291  2.5087404
110  1456903388391  0.38483274  -1.1114297  3.0616007
111  1456903388431  0.45408854  -0.937798  3.4729824
112  1456903388432  0.046676397  -0.74274355  3.5307827
113  1456903388472  -0.12175465  -0.6878622  2.8243208
114  1456903388473  0.0024694502  -0.3087874  1.0766373
115  1456903388511  -0.008551404  -0.034418344  0.37209892
116  1456903388511  -0.12405445  0.078917384  0.3348894
117  1456903388551  -0.17413768  0.37054026  0.10962486
118  1456903388551  -0.2019743  0.70841813  -0.2159357
119  1456903388593  -0.11066909  0.9327816  -1.8190479
120  1456903388593  -0.106066525  1.1864231  -2.7080698
121  1456903388631  0.068303525  1.3802242  -3.2302222
122  1456903388632  -0.0074798316  1.4490608  -3.1593094
123  1456903388671  -0.19850741  1.6618483  -2.4253507
124  1456903388672  -0.15064451  1.6895938  -1.5019045
125  1456903388713  -0.07740092  1.8223038  -1.9399691
126  1456903388714  -0.020100892  1.930969  -2.7285533
127  1456903388752  -0.25511676  1.8391466  -2.2876244
128  1456903388752  -0.042139083  1.9999971  -1.6408343
129  1456903388796  0.026718259  2.0025468  -1.9077072
130  1456903388797  0.11023769  2.099652  -2.7490764
131  1456903388832  -0.01067993  1.9457111  -3.3253074
132  1456903388833  0.25327143  1.9386063  -3.6629138
133  1456903388872  0.43695807  2.1886306  -2.865666
134  1456903388872  0.31784493  1.560359  -2.2429533
135  1456903388911  0.12660658  1.3892398  -1.9863362
136  1456903388911  0.2109111  1.3602095  -2.1346226
137  1456903388957  0.40314335  1.1724739  -1.9513273
138  1456903388958  0.24647081  0.8828435  -1.4566798
139  1456903388993  0.070989035  0.66527224  -0.88221025
140  1456903388993  -0.13004021  0.51039886  0.16057873
141  1456903389032  -0.11272662  0.373168  1.1831255
142  1456903389033  -0.021727048  0.28844595  1.3664827
143  1456903389073  -0.112209946  0.22943449  0.77302074
144  1456903389074  -0.07728636  0.09228754  0.51040745
145  1456903389112  -0.1277368  -0.028989792  0.94203806
146  1456903389113  -0.33475083  -0.32345104  2.1622505
147  1456903389155  -0.37022877  -0.47641706  2.6937351
148  1456903389156  -0.102644265  -0.16804695  1.7563791
149  1456903389194  -0.04928422  -0.09090805  0.5421362
150  1456903389194  -0.20165485  -0.25419998  -0.40415716
151  1456903389232  -0.30215716  -0.4356389  0.51325464
152  1456903389232  -0.2503936  -0.5644579  1.8259058
153  1456903389275  -0.296462  -0.44983244  1.5226474
154  1456903389277  -0.30129233  -0.72160244  1.0945706
155  1456903389313  -0.047065824  -0.61712027  0.66189575
156  1456903389313  -0.31170693  -0.43258572  0.27464437
157  1456903389352  -0.10599893  -0.71469903  0.13944054
158  1456903389352  -0.007052988  -0.8350048  0.84088373
159  1456903389395  0.06906968  -0.61790776  1.273943
160  1456903389395  -0.14038673  -0.7263446  0.6444845
161  1456903389433  -0.18668193  -0.8928907  0.16847324
162  1456903389433  -0.023643404  -0.8466971  0.62352276
163  1456903389472  0.051983505  -0.80727816  1.0158291
164  1456903389472  -0.013548732  -0.8299799  1.3042622
165  1456903389512  -0.09192079  -0.8202443  0.7795105
166  1456903389513  -0.13013393  -0.8287208  0.13054276
167  1456903389559  0.057416767  -0.83203983  0.22307205
168  1456903389560  -0.025897026  -0.727288  0.5132084
169  1456903389592  0.04995522  -0.7321315  0.8583679
170  1456903389592  0.11822227  -0.6804662  0.66048145
171  1456903389632  -0.10692331  -0.83436203  0.47161102
172  1456903389632  0.020127177  -0.688437  0.53434277
173  1456903389675  0.0030310154  -0.68423676  0.7136259
174  1456903389676  -0.031748593  -0.76018333  1.051671
175  1456903389712  0.0123670995  -0.7186415  1.289114
176  1456903389712  -0.023346096  -0.54119325  0.9274864
177  1456903389752  -0.0059280396  -0.4655261  0.4813528
178  1456903389753  -0.011799574  -0.4599142  0.17895317
179  1456903389794  0.013082981  -0.35358906  0.26233292
180  1456903389795  0.07641813  -0.24927711  0.11112213
181  1456903389832  0.06877631  -0.28899312  -0.20596981
182  1456903389833  0.038196117  -0.30965376  -0.27156448
183  1456903389873  0.017138243  -0.22697377  0.057261467
184  1456903389874  0.08222264  -0.18272853  -0.0109529495
185  1456903389915  0.12571514  -0.19893217  -0.36324215
186  1456903389917  0.037726253  -0.2113607  -0.5402403
187  1456903389955  0.01456061  -0.11911702  -0.24919033
188  1456903389957  0.0044853985  -0.09858632  -0.23073483
189  1456903389995  0.05575162  -0.060715437  -0.19042301
190  1456903389995  -0.003693074  -0.052489042  -0.37177563
191  1456903390034  -0.005478561  -0.017073154  -0.38415813
192  1456903390038  0.05755797  0.040658474  -0.24662209
193  1456903390074  0.04102826  -0.004348278  -0.06466007
194  1456903390076  -0.07512319  0.073658705  0.21546364
195  1456903390114  -0.09993261  0.05982852  0.14866638
196  1456903390115  0.019954532  0.20683527  -0.012724876
197  1456903390156  0.011494726  0.14736581  -0.061012268
198  1456903390157  0.01896438  0.13047433  -0.007505417
199  1456903390193  0.023532271  0.10449791  0.25828266
200  1456903390194  -0.0025235415  0.18239427  -0.1036911
201  1456903390234  -0.20051107  0.099511385  -0.121334076
202  1456903390235  0.06303033  0.20376348  -0.014389992
203  1456903390279  -0.0704048  0.1769228  -0.08405876
204  1456903390282  -0.06120953  0.10751581  -0.09720039
205  1456903390313  0.0117096305  0.15494323  -0.053004265
206  1456903390314  -0.08427173  0.21486616  -0.19853878
207  1456903390360  -0.118940204  0.23863006  -0.28642368
208  1456903390363  -0.05533141  0.26217222  -0.08108902
209  1456903390398  0.014845192  0.24888372  0.028294563
210  1456903390399  -0.09868795  0.24123359  -0.13183403
211  1456903390433  -0.09528354  0.19125295  0.060196877
212  1456903390434  0.0069004297  0.3208077  0.0757246
213  1456903390473  -0.04550436  0.32535815  -0.011574745
214  1456903390473  -0.06250173  0.32298923  -0.08368015
215  1456903390514  -0.04332286  0.3100834  0.16817856
216  1456903390515  0.036426812  0.30493236  0.02853775
217  1456903390553  -0.0060019493  0.3412373  0.027838707
218  1456903390554  0.04415819  0.43424582  -0.06975651
219  1456903390595  0.011730224  0.4446907  -0.2459364
220  1456903390596  -0.06055057  0.4023764  -0.5984297
221  1456903390634  0.05970791  0.47849703  -0.7174339
222  1456903390635  0.04727274  0.47374296  -0.30308056
223  1456903390674  0.13089153  0.38973737  -0.29647446
224  1456903390674  0.10056412  0.4606576  -0.5038538
225  1456903390715  0.07111466  0.57189083  -0.94906855
226  1456903390716  0.11140838  0.5685713  -1.0847235
227  1456903390757  0.14551798  0.5548098  -1.0796804
228  1456903390758  0.098644465  0.52087665  -1.1117735
229  1456903390794  0.0068983138  0.45370555  -0.9100952
230  1456903390795  0.09670931  0.436347  -0.959146
231  1456903390833  0.097812265  0.38193846  -0.89339876
232  1456903390834  0.053554535  0.39114976  -0.8514638
233  1456903390875  -0.035837412  0.27230787  -0.6499591
234  1456903390876  -0.0020867288  0.23645782  -0.46214056
235  1456903390913  -0.03850934  0.16109753  -0.43101025
236  1456903390914  -0.064825356  0.14498758  -0.27155066
237  1456903390955  -0.1596176  0.05722618  0.124072075
238  1456903390958  -0.16735843  -0.038997173  0.8399811
239  1456903390995  -0.109681726  0.06617737  0.7128873
240  1456903391003  -0.02114144  0.0940361  0.24727345
241  1456903391039  0.015449226  -0.048964024  -0.25581598
242  1456903391041  9.756088E-4  -0.07854414  0.0024824142
243  1456903391078  -0.05299145  -0.12886882  0.34915352
244  1456903391084  -0.028299302  -0.12891078  0.5232525
245  1456903391115  0.075805366  -0.1332581  0.10245991
246  1456903391116  0.025129199  -0.27292204  -0.16205025
247  1456903391154  0.013997167  -0.37276173  0.08256149
248  1456903391155  -0.06712949  -0.43891525  0.5526676
249  1456903391194  0.025774747  -0.46613145  0.6568546
250  1456903391195  0.023197263  -0.45399475  0.44895363
251  1456903391235  -0.04592067  -0.47539377  0.29200935
252  1456903391236  -0.037019044  -0.3955326  0.18308163
253  1456903391274  -0.13674664  -0.39907503  0.5397053
254  1456903391276  0.032072306  -0.4733708  1.0050373
255  1456903391313  -0.14351743  -0.49498677  1.3031683
256  1456903391314  -0.017117053  -0.44117856  1.3969498
257  1456903391356  -0.008940995  -0.46385884  0.9534302
258  1456903391357  -0.13517904  -0.43040156  1.1532927
259  1456903391398  -0.04408896  -0.2903962  1.182333
260  1456903391404  -0.04183483  -0.30660725  1.0813379
261  1456903391434  -0.12168783  -0.24362493  0.9990616
262  1456903391435  0.034851313  -0.21495295  0.65997505
263  1456903391475  0.04644966  -0.14820719  0.37418938
264  1456903391475  0.063352495  -0.14416027  0.002779007
265  1456903391515  0.08718419  -0.1965425  -0.11816692
266  1456903391516  -0.068059385  -0.17042398  0.03586483
267  1456903391556  0.03355694  -0.2094059  0.18095875
268  1456903391557  -0.051680446  -0.17769146  0.005563736
269  1456903391605  0.018131018  -0.056492805  -0.13936234
270  1456903391606  0.115437835  -0.10040355  -0.1900692
271  1456903391633  0.019857585  -0.0709703  -0.33267117
272  1456903391634  0.024336189  0.0050799847  -0.17873669
273  1456903391674  0.07361731  0.036893606  -0.031576157
274  1456903391675  0.027469516  0.12370491  -0.04781151
275  1456903391717  0.067818195  0.11348915  -0.1658535
276  1456903391719  0.097667664  0.14308119  -0.2634716
277  1456903391756  -4.451275E-4  0.2192738  -0.3664112
278  1456903391758  0.034075886  0.15856051  -0.0647316
279  1456903391795  0.026358724  0.2892294  -0.18323612
280  1456903391796  0.0043298006  0.34218836  -0.29204464
281  1456903391835  0.04699245  0.27564788  -0.3511858
282  1456903391836  0.061686218  0.32565522  -0.35269928
283  1456903391874  0.05982718  0.33618522  -0.24632072
284  1456903391874  0.032296628  0.2939477  -0.2604742
285  1456903391915  0.057079136  0.3981495  -0.19564056
286  1456903391916  0.034132957  0.41435885  -0.4023285
287  1456903391958  0.11044657  0.3470657  -0.46767998
288  1456903391960  0.028294116  0.44595575  -0.77860546
289  1456903391996  -0.0068570077  0.3948958  -0.8321862
290  1456903391997  0.17267558  0.45668077  -0.57443047
291  1456903392035  0.18772975  0.54460907  -0.704453
292  1456903392036  0.13663507  0.569875  -1.1145244
293  1456903392075  0.073411584  0.6831155  -1.662435
294  1456903392075  0.12424952  0.6104944  -1.6642642
295  1456903392117  0.18508714  0.558064  -1.4547424
296  1456903392118  0.13210191  0.49579334  -1.3329706
297  1456903392155  0.10596302  0.39880896  -1.0553031
298  1456903392157  0.063044995  0.3653922  -1.1221552
299  1456903392197  0.020109206  0.3913417  -1.2060251
300  1456903392197  0.0073243678  0.18198013  -1.1134348
301  1456903392234  -0.051587164  0.077590466  -0.40952635
302  1456903392235  -0.005487591  -0.0077404976  0.24553871
303  1456903392275  -0.058808357  -0.088848114  0.2834735
304  1456903392283  -0.10895184  -0.04979658  0.097827435
305  1456903392316  -0.17778358  -0.17841339  -0.02615881
306  1456903392316  -0.12552872  -0.15410757  0.37509155
307  1456903392355  -0.17115498  -0.29384112  0.9236827
308  1456903392355  -0.052764744  -0.264457  0.7365041
309  1456903392394  -0.237109  -0.30480957  0.5227933
310  1456903392395  -0.27804154  -0.46610403  0.7420163
311  1456903392436  -0.11448619  -0.434577  0.8940668
312  1456903392436  -0.07287061  -0.3523333  0.74648046
313  1456903392476  -0.07420272  -0.5347328  0.72139263
314  1456903392477  -0.13573545  -0.77000046  1.127614
315  1456903392515  -0.07475671  -0.68438125  1.7431688
316  1456903392516  0.09432757  -0.5426805  1.7283058
317  1456903392557  0.16246694  -0.68234277  1.4111052
318  1456903392558  0.03632638  -0.5882511  1.4229832
319  1456903392594  0.099491954  -0.40660334  1.6599264
320  1456903392594  0.022744536  -0.4909203  1.3905039
321  1456903392634  0.02262485  -0.2953031  1.3117876
322  1456903392635  0.054838866  -0.23991537  1.1008816
323  1456903392679  0.014878482  -0.22885251  0.67188644
324  1456903392680  0.06295061  -0.2253604  0.44955254
325  1456903392714  0.11483464  -0.19420528  0.07922554
326  1456903392714  0.09257725  -0.23727345  -0.17865276
327  1456903392754  0.10271257  -0.21785569  -0.2405138
328  1456903392755  0.088131756  -0.26071358  -0.32851124
329  1456903392796  -0.011182249  -0.30144048  -0.41201878
330  1456903392796  0.0696629  -0.21096253  -0.13379002
331  1456903392834  -0.02349469  -0.21356893  -0.17859077
332  1456903392834  -0.0017521679  -0.11248517  -0.19305325
333  1456903392874  -0.0015769601  -0.06029582  -0.25778484
334  1456903392874  7.355213E-4  -0.011170387  -0.39576912
335  1456903392916  0.035138488  0.073982954  -0.054523468
336  1456903392917  -0.024399698  0.1226089  -0.066308975
337  1456903392955  -4.118979E-4  0.11465764  -0.25576305
338  1456903392956  -0.004680276  0.16137123  -0.21510315
339  1456903392996  -0.03653398  0.20556784  -0.29917717
340  1456903392997  -0.05227363  0.23026133  -0.3231287
341  1456903393037  0.0068232715  0.21154475  -0.3403759
342  1456903393041  -0.030490339  0.19900942  -0.5261259
343  1456903393078  0.011344761  0.28038335  -0.6351223
344  1456903393079  0.010210276  0.25880933  -0.5953121
345  1456903393115  0.05659446  0.21569014  -0.58534145
346  1456903393115  -0.011553645  0.22644281  -0.4880209
347  1456903393157  0.0046851635  0.23827505  -0.54480267
348  1456903393158  0.014990568  0.23384047  -0.4623108
349  1456903393196  0.022110641  0.2578616  -0.42038918
350  1456903393198  0.056530863  0.25146842  -0.37619495
351  1456903393235  -0.02453956  0.21123815  -0.28470612
352  1456903393236  0.014545679  0.17072129  -0.18943691
353  1456903393277  0.056186736  0.20536375  -0.2997799
354  1456903393278  -0.039932758  0.19775605  -0.3430643
355  1456903393314  -0.029475152  0.16936135  -0.2139473
356  1456903393315  -0.017908484  0.16966343  -0.08481407
357  1456903393355  -0.05921328  0.20225716  0.07234669
358  1456903393358  -0.072685  0.15401936  0.034945488
359  1456903393396  -0.041713893  0.25713038  0.012058258
360  1456903393396  -0.061245114  0.21417904  0.13152027
361  1456903393434  -0.02710843  0.1496656  0.19163036
362  1456903393434  -0.11920795  0.1562469  0.07334709
363  1456903393474  -0.062036753  0.07813358  0.22546577
364  1456903393474  -0.034285277  0.0379982  0.26540852
365  1456903393515  0.066108435  0.05359149  0.11389065
366  1456903393515  0.025021106  0.048232317  0.020620346
367  1456903393554  -0.057207912  0.02832532  -0.0353117
368  1456903393554  -0.12259492  0.036266804  -0.027470589
369  1456903393595  -0.10818064  0.054188013  -0.080747604
370  1456903393595  -0.047802597  0.059543133  -0.061899185
371  1456903393636  0.02808547  0.03635049  0.036946297
372  1456903393636  0.04897952  0.04133463  0.1259079
373  1456903393674  -0.0033236444  0.056594133  -0.035363197
374  1456903393674  -0.106420785  0.06386328  -0.077077866
375  1456903393714  -0.059147418  0.027310133  0.040524483
376  1456903393714  -0.040304005  -0.07669568  0.17653275
377  1456903393761  0.002512455  0.004236698  0.07915211
378  1456903393762  0.015189916  0.08353996  0.017368317
379  1456903393796  -0.04235339  0.032090425  -0.08564377
380  1456903393796  -0.10276148  -0.033607483  0.017730713
381  1456903393835  0.036801547  0.02362299  0.011648178
382  1456903393836  -0.04445073  0.014796257  -0.116648674
383  1456903393876  0.08497167  0.009006977  -0.16316223
384  1456903393877  -0.054967165  -0.019906044  -0.017559052
385  1456903393915  -0.055934846  -0.028689384  0.11779308
386  1456903393915  -0.035257846  -0.0064275265  0.09955025
387  1456903393955  -0.044660777  -0.0036296844  -0.20561028
388  1456903393956  0.0696992  0.039828777  0.008880615
389  1456903393996  -0.023461968  -0.0266428  0.0704813
390  1456903393997  -0.027580112  -0.004585266  0.050504684
391  1456903394034  -0.039905608  -0.010591269  0.13379955
392  1456903394035  -0.020831525  0.009860992  0.096717834
393  1456903394074  0.03727594  0.03473234  -0.07456303
394  1456903394074  0.06156051  0.02263999  -0.103738785
395  1456903394116  0.001534909  -0.009790897  -0.16447258
396  1456903394116  0.018619657  -0.038979053  0.022202492
397  1456903394161  -0.03711182  -0.039390802  0.2526989
398  1456903394162  -0.07003194  -0.011749268  0.020569801
399  1456903394199  -0.05010006  -0.023503065  -0.04182148
400  1456903394200  -0.017077863  0.004704714  -0.10874653
401  1456903394237  -0.015370071  0.0020794868  0.0012483597
402  1456903394239  -0.046154797  -0.021831274  0.03344536
403  1456903394276  -0.02645588  -0.008874178  0.045184135
404  1456903394278  -0.010881543  -0.0122962  0.06652355
405  1456903394315  -0.031341255  0.023410082  -0.14267826
406  1456903394316  -0.054064512  -0.09528923  0.087067604
407  1456903394358  0.035378426  0.02628851  0.20549297
408  1456903394359  0.005983174  -0.028055191  0.18709755
409  1456903394400  0.009694397  0.009226799  0.06280422
410  1456903394400  -0.06884724  0.0147686  -0.120168686
411  1456903394461  -0.06411731  3.6287308E-4  0.012516975
412  1456903394462  -0.070634246  0.013255358  0.0069561005
413  1456903394464  0.011846542  0.024858475  -0.023906708
414  1456903394497  0.06022182  -0.016413689  0.03019905
415  1456903394498  0.0585092  0.006775379  0.048727036
416  1456903394535  -0.042152107  -0.030533314  0.058937073
417  1456903394537  -0.027163029  -0.03178954  0.04873371
418  1456903394577  -0.013672829  -0.015681982  0.09342098
419  1456903394578  -0.003686428  -0.0054945946  -0.023659706
420  1456903394616  -0.016246438  -0.002790451  -0.057925224
421  1456903394617  0.013390362  0.006107807  0.0017375946
422  1456903394657  -0.037508667  -0.056991577  -0.041531563
423  1456903394658  0.02873087  0.026279926  -0.117105484
424  1456903394696  -0.062488258  -0.01082468  -0.15710926
425  1456903394697  0.02133274  0.018270016  0.0029726028
426  1456903394735  -0.010967493  -0.015878677  0.12549782
427  1456903394735  -0.04219246  7.927418E-4  0.0030546188
428  1456903394775  0.022360682  0.06535697  0.084630966
429  1456903394776  -0.053138018  -0.02306056  0.14943027
430  1456903394817  -0.056443334  -0.014290094  -0.016346931
431  1456903394817  -0.033560753  0.02592516  -0.18709564
432  1456903394856  -0.012966394  -0.043465614  -0.03909874
433  1456903394856  0.04219979  0.0061314106  -0.065356255
434  1456903394897  0.012122393  -0.052660704  -0.07605934
435  1456903394897  0.0022910237  -0.01722765  -0.025357246
436  1456903394938  -0.021640658  -0.026278734  -0.020667076
437  1456903394940  -0.019476593  -0.023650885  -0.0035161972
438  1456903394984  -0.05200547  0.023964643  0.10026455
439  1456903394984  0.011374176  0.0625093  0.025594711
440  1456903395017  -0.017775357  0.034710646  0.040273666
441  1456903395019  0.05295515  0.018310785  0.03840065
442  1456903395058  0.056278765  -7.586479E-4  0.15091896
443  1456903395060  0.039876997  0.025174856  0.08411217
444  1456903395097  0.05959192  0.009728432  -0.13546753
445  1456903395097  0.014846683  -0.01279211  -0.046503067
446  1456903395136  -0.023269296  -0.0028936863  -0.007376671
447  1456903395137  -0.0037041306  -0.07802153  -0.11868858
448  1456903395177  0.020368934  -0.020659447  -0.07234287
449  1456903395178  -0.07647836  0.026657104  0.014618874
450  1456903395217  -0.0365088  0.006752968  -0.15060616
451  1456903395219  -0.03716755  -0.017624855  -0.14201069
452  1456903395258  -0.020522058  0.02938819  -0.007142067
453  1456903395260  9.2315674E-4  0.041532755  0.22844315
454  1456903395303  0.039616942  0.037379503  0.14741993
455  1456903395307  0.022726595  0.01424861  0.046486855
456  1456903395337  -0.05496347  0.03006196  -0.01634121
457  1456903395338  0.01948589  0.039984465  -0.040564537
458  1456903395377  0.015382528  -0.013574123  0.03675461
459  1456903395378  -0.055108726  0.045962572  -0.15223217
460  1456903395417  -0.021585643  0.03274727  0.011671066
461  1456903395418  -0.047439277  0.02085352  0.0471344
462  1456903395458  0.047805488  -0.0027797222  0.005789757
463  1456903395463  -0.019463718  -0.0025017262  -0.03357601
464  1456903395501  -0.006743431  -0.04750204  0.13570023
465  1456903395501  -0.006069064  0.036975145  0.012236595
466  1456903395539  0.018240392  0.039741993  -0.19584656
467  1456903395540  -0.087013185  -0.007327795  -0.19996357
468  1456903395576  -0.007204056  -0.015214443  0.022582054
469  1456903395576  0.0064450502  0.01431942  0.076348305
470  1456903395616  -0.004973352  -0.043137074  0.062249184
471  1456903395616  0.051548302  0.008581877  -0.068953514
472  1456903395657  0.0248456  0.027116776  -0.15686798
473  1456903395658  -0.037972808  -0.005761862  -0.0011205673
474  1456903395697  -0.012627661  -0.018114567  0.24248219
475  1456903395698  0.036040246  0.044030905  0.041542053
476  1456903395736  0.01735276  0.007306099  -0.10051918
477  1456903395737  -0.029632926  0.05398059  -0.08831215
478  1456903395779  -0.04390788  -0.031144619  -0.001909256
479  1456903395781  -0.05244577  -0.03233981  0.07154465
480  1456903395816  -0.06012988  0.0010612011  -0.006716728
481  1456903395816  -0.026104748  0.003109932  0.0090379715
482  1456903395859  0.04114914  0.017882347  0.100790024
483  1456903395861  -0.072859645  0.0117845535  0.028222084
484  1456903395900  0.022772372  0.027844429  0.059876442
485  1456903395900  -0.018290937  -0.026654959  -0.12495804
486  1456903395936  -0.020771384  0.0018680096  -0.07798576
487  1456903395937  -0.018694222  -0.043569326  -0.022782326
488  1456903395977  0.04781866  -0.021974087  0.113093376
489  1456903395977  -0.015142322  0.0017712116  0.05222416
490  1456903396021  -0.06103331  -0.024263382  -0.088749886
491  1456903396022  -0.026917815  0.021258831  -0.054017067
492  1456903396057  0.040417433  -0.008879423  -0.03137684
493  1456903396058  -0.043351233  0.030794859  0.06657219
494  1456903396102  0.09027076  0.06434655  0.04698658
495  1456903396103  0.0015167594  -0.002421856  0.122014046
496  1456903396137  0.035841584  -0.0021796227  0.088264465
497  1456903396138  0.032257438  0.013121843  -0.16836166
498  1456903396176  -0.00975436  -0.020512342  -0.058869362
499  1456903396176  0.001995027  -0.07664013  0.13017464
500  1456903396218  -0.03914535  -0.08190489  0.17749119
501  1456903396219  0.031567395  -0.0047614574  -0.15701103
502  1456903396263  -0.02761364  0.034500837  -0.22319126
503  1456903396264  -0.06363833  -0.02497363  -0.21380043
504  1456903396296  9.046197E-4  -0.016011953  0.035985947
505  1456903396297  -0.044436216  0.041613817  0.20261574
506  1456903396336  -0.020599604  -0.074596405  0.19528294
507  1456903396337  -0.020694435  0.0018162727  -0.016020775
508  1456903396377  -0.048791945  0.016718388  -0.014418602
509  1456903396377  -0.02667445  -0.032358885  -0.07977486
510  1456903396416  -0.002459228  0.02043724  0.06610966
511  1456903396417  -0.025915861  0.027012587  -8.354187E-4
512  1456903396461  -0.027633846  0.056632996  0.0014028549
513  1456903396464  0.020379901  0.048815012  0.044358253
514  1456903396499  -0.0032058954  -0.025019646  0.018374443
515  1456903396500  0.022972047  0.016268492  0.0057640076
516  1456903396536  0.087473094  -0.039227962  -0.031443596
517  1456903396537  0.104583144  0.018564463  -0.08216953
518  1456903396577  -0.0049951077  0.018862724  -0.1644535
519  1456903396577  -0.05405557  -0.047667265  0.10410118
520  1456903396618  -0.07666212  -0.034281492  0.15402508
521  1456903396619  -0.060376763  -6.864071E-4  0.0028715134
522  1456903396658  -0.009088695  0.02093029  -0.09869099
523  1456903396658  0.011213183  0.04684949  -0.004784584
524  1456903396696  0.04456842  0.057247877  0.112051964
525  1456903396697  0.0056350827  -0.04113269  0.027584076
526  1456903396741  7.620454E-4  -3.8790703E-4  -0.016115189
527  1456903396744  -0.033790648  -0.049909353  0.056604385
528  1456903396784  -0.041185558  -0.029834986  0.13928986
529  1456903396784  0.055588603  -0.03978014  -0.0060806274
530  1456903396816  -0.059864104  0.061163187  -0.15199852
531  1456903396817  0.0064561963  -0.033299208  -0.07646465
532  1456903396858  -0.04590416  0.013126612  -0.008483887
533  1456903396859  -0.045623302  0.013968706  -0.08089924
534  1456903396896  0.03004682  0.0039527416  -0.13960743
535  1456903396897  0.042125642  0.027260065  -0.007133484
536  1456903396937  -8.7302923E-4  0.035307884  0.13364029
537  1456903396938  0.0035238266  0.008074522  0.094418526
538  1456903396978  -0.022685885  -0.0013520718  0.005249977
539  1456903396978  0.033452272  0.054807425  -0.14180088
540  1456903397016  -0.025917292  0.021314621  -0.09098911
541  1456903397016  -0.012551665  -0.054079533  0.04524231
542  1456903397057  -0.08671391  -0.05944538  0.20663548
543  1456903397058  0.05770874  0.004678488  -0.07044697
544  1456903397097  0.030390024  0.0063655376  -0.16683197
545  1456903397098  -0.030828059  0.044514894  0.020079613
546  1456903397137  -0.062221706  -0.020270586  0.14304924
547  1456903397137  0.019417822  -0.033327103  0.10719681
548  1456903397177  -0.012690842  -0.010601282  -0.116846085
549  1456903397178  0.042447805  -0.0030767918  0.024126053
550  1456903397219  -0.05229783  -0.028626442  -0.034311295
551  1456903397220  -0.0298298  -0.014989853  -0.13000011
552  1456903397258  0.011939287  0.04037881  0.048918724
553  1456903397259  -0.0431242  -0.047695637  -0.02923584
554  1456903397303  0.0430699  -0.017068624  0.04479599
555  1456903397304  0.03660816  0.042817593  -0.041565895
556  1456903397338  -0.03385085  0.02560711  -0.18393421
557  1456903397339  0.057880282  -0.013585091  0.019771576
558  1456903397379  0.03916359  -0.048857927  0.10183048
559  1456903397380  -0.010003209  -0.06551981  0.13258839
560  1456903397418  0.08796227  -0.07405138  0.10855484
561  1456903397419  -0.017799139  -0.06664634  0.0071983337
562  1456903397460  0.03785032  -0.075065136  -0.03015232
563  1456903397461  -0.028423369  -0.08910632  0.16463757
564  1456903397497  -0.02773583  -0.07373142  0.14601994
565  1456903397498  -0.07236743  -0.0060243607  -0.26075268
566  1456903397536  -0.030654192  0.016125917  -0.20882034
567  1456903397537  -0.04051745  0.031751633  0.14820862
568  1456903397578  0.09066641  0.15570855  -0.17690182
569  1456903397578  0.04065895  0.112125635  -0.18722343
570  1456903397617  0.032283485  0.08798432  0.15256119
571  1456903397617  0.029055119  0.15675807  0.29460335
572  1456903397658  0.0347687  0.04627204  0.29100037
573  1456903397658  -0.009649038  0.27005172  0.10675621
574  1456903397698  -0.06470847  0.18917704  -0.09354019
575  1456903397698  0.036572754  0.20042634  -0.11435318
576  1456903397739  -0.03172797  0.14590716  -0.10291767
577  1456903397743  0.029623926  0.20242405  -0.032292366
578  1456903397781  -0.098315835  0.1606338  -0.04630184
579  1456903397782  -0.15959203  0.16180873  -0.23560143
580  1456903397818  0.017975807  0.15855646  -0.3758049
581  1456903397820  0.044190347  0.32370234  -0.4502735
582  1456903397860  -0.06150335  0.18359327  -0.18114853
583  1456903397862  0.009290397  0.22341299  -0.05314064
584  1456903397901  -0.15109247  0.2721796  -0.10385132
585  1456903397901  -0.12520933  0.24711657  -0.07191849
586  1456903397939  -0.10406929  0.29135847  -0.2069416
587  1456903397940  -0.11951971  0.29023457  -0.18409252
588  1456903397977  -0.18944949  0.21811533  -0.10319519
589  1456903397977  -0.058455884  0.30619764  -0.21354294
590  1456903398023  -0.153885  0.20662498  -0.13400936
591  1456903398024  -0.011364341  0.26568937  -0.090441704
592  1456903398084  -0.10072875  0.18956041  -0.010290146
593  1456903398085  -0.049715042  0.17491388  -0.0135707855
594  1456903398086  -0.10076785  0.09062433  0.03950119
595  1456903398124  -0.043285847  0.055704117  -0.25749874
596  1456903398125  -0.03680247  -0.094236374  -0.2597618
597  1456903398158  0.096164644  0.018616676  -0.29196453
598  1456903398179  -0.6094462  0.26024532  -0.07745743
599  1456903398223  -0.41921473  0.35057878  -0.76355124
600  1456903398223  0.23035514  -0.012005806  0.14454937
601  1456903398238  -0.034015954  0.14433908  -0.020740509
602  1456903398239  0.22149509  -0.061870575  0.40367126
