1  1456903386272  0.7248678415300454  -0.6049973416952161  0.3294613901944601
2  1456903386272  0.6866358202815293  -0.648534591430884  0.32853330176685613
3  1456903386311  0.6915640390718409  -0.6437966219667266  0.32751350630549814
4  1456903386311  0.6918810457948688  -0.6434003187138551  0.3276227230791484
5  1456903386350  0.6918723831457427  -0.6429144306961221  0.3285934496937575
6  1456903386350  0.6922280135903733  -0.6422775828974889  0.3290894522153138
7  1456903386390  0.692733858050882  -0.641825121812468  0.3289077419042816
8  1456903386390  0.6934722723223459  -0.6413082851498526  0.32835938302982015
9  1456903386431  0.6946285753290198  -0.6403197528920321  0.3278440816207713
10  1456903386431  0.6956531508519896  -0.6389202717137785  0.32840154867585447
11  1456903386470  0.6959238564003094  -0.6379094132086713  0.32979019143848554
12  1456903386470  0.6964472877417576  -0.6369260852389484  0.3305848141993586
13  1456903386510  0.6976352382561615  -0.6357682417065176  0.33030866747787613
14  1456903386510  0.698971639281841  -0.6348477345811834  0.3292521653056042
15  1456903386552  0.7001992879858885  -0.633731808751147  0.32879313865231685
16  1456903386552  0.7010707103130134  -0.6325580671501119  0.3291962409011129
17  1456903386590  0.7018391611617911  -0.6316929469483847  0.32922002870760014
18  1456903386590  0.7027644702399183  -0.6311198575721346  0.3283440483278901
19  1456903386630  0.7036492197860555  -0.6307819066742151  0.327096239409955
20  1456903386630  0.7044875988426376  -0.6304733680245582  0.32588424567378205
21  1456903386671  0.705385823573792  -0.6300607188914897  0.32473731861692556
22  1456903386672  0.7060480593939831  -0.629669109363203  0.3240570375393341
23  1456903386710  0.7067701950351966  -0.6290480329141643  0.32368881027589236
24  1456903386710  0.707433602573984  -0.6285523793133523  0.32320210168863817
25  1456903386750  0.7081947586258179  -0.6283533768624248  0.3219196139162692
26  1456903386750  0.7089337078085904  -0.6283206482845209  0.3203531751908093
27  1456903386791  0.7094522515218693  -0.6281863216335379  0.31946741600335615
28  1456903386791  0.7098079444815171  -0.6280011867532602  0.3190410762648659
29  1456903386830  0.7102380095747769  -0.6278099393826535  0.3184598283455422
30  1456903386830  0.7105055198050407  -0.6276029358718014  0.3182710480559394
31  1456903386870  0.7105524622216937  -0.6273107200126726  0.3187419962972209
32  1456903386870  0.7106704336214906  -0.6271488845349142  0.31879747933094515
33  1456903386911  0.7109942344883269  -0.62718657453249  0.3180003115598442
34  1456903386911  0.7113337098694927  -0.6272640497635491  0.31708698964747484
35  1456903386950  0.711728625509723  -0.6270515452881589  0.3166207507558423
36  1456903386950  0.7121259595982119  -0.6267996657802972  0.3162258828713167
37  1456903386990  0.7124815693239928  -0.626623942472734  0.3157727624135376
38  1456903386990  0.7125369349563186  -0.6264184124992775  0.31605552158697847
39  1456903387031  0.7121929254772823  -0.6261437473873865  0.3173723754076363
40  1456903387032  0.7117622561098473  -0.6259264409445253  0.3187641766388838
41  1456903387070  0.7117309462658561  -0.6259981094808102  0.31869329842813343
42  1456903387070  0.7122258267191062  -0.6260630806009218  0.3174576834877807
43  1456903387110  0.7126847160747412  -0.625902813031332  0.3167430440050194
44  1456903387110  0.7129399836271335  -0.625502422750857  0.31695945204645204
45  1456903387151  0.7129959216457102  -0.6251939257838173  0.31744192576373287
46  1456903387152  0.7130902740524752  -0.6249466529031322  0.31771675383204556
47  1456903387190  0.7130274905578333  -0.6246880687225005  0.31836557381593167
48  1456903387190  0.7128320199772422  -0.6244227908897857  0.31932220490295515
49  1456903387230  0.7128928259563949  -0.6239601982512744  0.32008983537020086
50  1456903387232  0.7130219399482449  -0.6233725867419535  0.32094596183500457
51  1456903387272  0.7128526126852144  -0.6229056073345012  0.3222262492652881
52  1456903387272  0.7124457822168822  -0.622558246210728  0.32379350183850875
53  1456903387310  0.7120143948900468  -0.6223668553862096  0.32510766882212483
54  1456903387310  0.7116829689995345  -0.6223533882781649  0.32585827125504085
55  1456903387350  0.7116625234093537  -0.6223898212156558  0.3258333724396003
56  1456903387351  0.7118839480838215  -0.6221615075377  0.3257856947896247
57  1456903387392  0.7117817927487016  -0.6218922072032076  0.3265222250329085
58  1456903387392  0.7116258388840713  -0.6216286447692987  0.32736294252592835
59  1456903387430  0.7116529628406729  -0.6213642215873574  0.32780568418129974
60  1456903387430  0.7114417820841017  -0.621080340643176  0.3288005129389169
61  1456903387470  0.7113004553873985  -0.6207224938684555  0.32978059147203087
62  1456903387471  0.711483842072878  -0.6205321817725804  0.32974318175949513
63  1456903387511  0.7117475408831417  -0.6204270327915948  0.3293717024618452
64  1456903387512  0.7117961488658633  -0.620358596988491  0.3293956191079044
65  1456903387550  0.7118829437334342  -0.620286214496065  0.3293443210981679
66  1456903387551  0.7123861379335388  -0.6203094895250945  0.32821052311132437
67  1456903387590  0.7128276725121045  -0.620387268710733  0.32710294381987115
68  1456903387591  0.7129034107775851  -0.6203277570616552  0.32705079038626517
69  1456903387632  0.7130985614504297  -0.6202223789456127  0.32682506640091447
70  1456903387632  0.7134435906779579  -0.6201373208029004  0.32623294623919996
71  1456903387670  0.7134662518458694  -0.620137455763321  0.32618310662699246
72  1456903387671  0.7134614544980469  -0.6201256785629035  0.32621600060224765
73  1456903387710  0.71374163036681  -0.6203372070249833  0.3251993508134703
74  1456903387711  0.7141459631052243  -0.6205428978330794  0.3239167223061088
75  1456903387752  0.7143056204862983  -0.6205723560187577  0.3235079843940989
76  1456903387762  0.7143770926675277  -0.6205244367201523  0.3234420756153833
77  1456903387790  0.7145138321138487  -0.6204069670974142  0.32336540798686464
78  1456903387791  0.7144775668927661  -0.6202640176341592  0.32371956122882084
79  1456903387831  0.7144077007256682  -0.6202150093385053  0.3239675903015877
80  1456903387832  0.7146590284278238  -0.6200630610021005  0.32370401041351293
81  1456903387873  0.7149646970293162  -0.6200708599220119  0.3230133299616007
82  1456903387873  0.7150439052148307  -0.6201299523179502  0.3227244051027718
83  1456903387911  0.7149476816544569  -0.6201333521746073  0.3229310443337732
84  1456903387911  0.7148954215543544  -0.6199302692103699  0.3234362605538905
85  1456903387950  0.7149632484894286  -0.6196560592939186  0.32381154860274997
86  1456903387951  0.7153561841220046  -0.6193121867603992  0.3236015598554465
87  1456903387992  0.7155740665028754  -0.619107973344101  0.3235105267117966
88  1456903387992  0.7156809469870038  -0.618979658381634  0.3235196880511131
89  1456903388031  0.716257361037389  -0.6189825316333097  0.322235933615449
90  1456903388031  0.7171974394913447  -0.6191247035064102  0.31986317388783725
91  1456903388071  0.7182299510105965  -0.6193669871390011  0.3170651176519117
92  1456903388071  0.7194933882690533  -0.6198379441706818  0.3132574138168218
93  1456903388112  0.7210165522202057  -0.6206590475629419  0.30808679157530916
94  1456903388112  0.7226647855856427  -0.6218720909635689  0.30171296548263626
95  1456903388150  0.7246918005004555  -0.623385194752961  0.29362001366454926
96  1456903388151  0.7273480562085144  -0.6251587445728235  0.2830924560881076
97  1456903388191  0.7305202231740537  -0.6273824531136718  0.2696877030117264
98  1456903388191  0.7341969252591778  -0.6296488717414361  0.25396293079267807
99  1456903388232  0.7381658656254659  -0.6317017610307101  0.23677845907036987
100  1456903388233  0.7422333598757596  -0.6334398119685734  0.21873187344396072
101  1456903388272  0.7460462559219518  -0.6348733003540046  0.20087533453287243
102  1456903388274  0.7496866425001087  -0.635907454464899  0.18328027326186458
103  1456903388311  0.7533871155476501  -0.6365915497657464  0.16479997166936888
104  1456903388311  0.7567604112207142  -0.6374065122387798  0.1450055104714547
105  1456903388352  0.7595697848982017  -0.6381544989094585  0.1257480500175161
106  1456903388353  0.7306120201643731  -0.673770173191024  0.11063381724285826
107  1456903388391  0.7185810924477195  -0.6880714728402189  0.1009895078204468
108  1456903388391  0.7090006170944256  -0.69875520833519  0.09518019281298873
109  1456903388431  0.7095584951754967  -0.6984618392303696  0.09315465520855093
110  1456903388431  0.7093125251278192  -0.6981762126886677  0.09708606916892926
111  1456903388472  0.708011591464228  -0.6978922442079528  0.10800927265946036
112  1456903388472  0.7061384342211079  -0.6966299607180926  0.12678802197934846
113  1456903388511  0.7035652321212393  -0.6939201424012316  0.15320181551500855
114  1456903388511  0.7001706436883263  -0.689963459882681  0.183606876136871
115  1456903388551  0.6954428398760304  -0.6850912377461746  0.21681617392599328
116  1456903388551  0.688764471883828  -0.6790623605949271  0.25392482122724225
117  1456903388592  0.6801073522692809  -0.6714626168050863  0.29426507474248886
118  1456903388593  0.6699428627597674  -0.6617748715987242  0.33649752191103666
119  1456903388631  0.6590993534505847  -0.6506029769639654  0.377231767652654
120  1456903388631  0.6485399966322642  -0.6387828528347921  0.4139472395393282
121  1456903388671  0.6528278929993445  -0.612757075501952  0.44535886105163724
122  1456903388672  0.658693342699892  -0.5862519174927565  0.47162671781337817
123  1456903388713  0.6649561821247651  -0.5588620829653079  0.4954860909296599
124  1456903388713  0.6687675539447646  -0.5312270494831361  0.5201420688306371
125  1456903388751  0.6689717800671113  -0.5055358231988027  0.544894744678146
126  1456903388752  0.6579697722795874  -0.4956576233774046  0.5669209073543513
127  1456903388795  0.6480990820571115  -0.4854020588450503  0.5868154758649613
128  1456903388796  0.6377450698301708  -0.4753660674766742  0.6060596578225717
129  1456903388832  0.6273759466463833  -0.46610155845845935  0.6238179091539164
130  1456903388833  0.6190327590285509  -0.45806090172890035  0.6379487667308945
131  1456903388871  0.6138477448794646  -0.4516148510747735  0.6474835547916236
132  1456903388872  0.6120689447914103  -0.44746932599857203  0.6520297579621754
133  1456903388911  0.6121035630945908  -0.44596676202072527  0.6530259306572441
134  1456903388911  0.6124895879139771  -0.44611115966850434  0.6525652011579268
135  1456903388957  0.6133814543581408  -0.4468447696064466  0.6512241914594412
136  1456903388958  0.6153547391047312  -0.4484957143970272  0.6482207556731261
137  1456903388992  0.6177245721525964  -0.4514972724188262  0.6438684208179906
138  1456903388993  0.6205991237297166  -0.45582633943156226  0.6380274891122824
139  1456903389032  0.6250612448533079  -0.4616858582961483  0.6294002116909354
140  1456903389032  0.6312264384661948  -0.46851178966727525  0.6181018232695799
141  1456903389073  0.6376515156802949  -0.475513287955484  0.6060426003088546
142  1456903389074  0.6438931749943961  -0.4824001809107348  0.5938784894186808
143  1456903389112  0.6510453239752572  -0.4894386887515205  0.5801635411208252
144  1456903389112  0.6594908487196172  -0.49709904023470397  0.5638833061015518
145  1456903389155  0.6682642404617489  -0.5048904607136384  0.5463593565960423
146  1456903389156  0.6751414296779057  -0.5109715358284417  0.5320640288736467
147  1456903389193  0.6789748749157258  -0.5145055085792951  0.5237147927219974
148  1456903389194  0.6814733937680302  -0.5169800104102944  0.5180016035515953
149  1456903389232  0.6852851561559508  -0.5203157597159633  0.5095642706882355
150  1456903389232  0.6915953013052931  -0.5249136805592229  0.4961467186999542
151  1456903389275  0.69878215052751  -0.5296418515305623  0.4808149560638988
152  1456903389277  0.7041059042628603  -0.5338245085516444  0.4682587629630959
153  1456903389313  0.707824000490545  -0.5372602738027759  0.4586246914406935
154  1456903389313  0.7108834173517211  -0.5397650055496721  0.4508863639677303
155  1456903389351  0.7130081726232778  -0.54276595999396  0.4438743797237823
156  1456903389352  0.7155449080112319  -0.5462742092236639  0.4354078146400431
157  1456903389395  0.7194804848934844  -0.5502091902717288  0.4238132592737287
158  1456903389395  0.7240322074491576  -0.5538294512369364  0.41115729225367836
159  1456903389433  0.7278025161286279  -0.5572182580477851  0.39976407511055934
160  1456903389433  0.7314076299729475  -0.5603707031316596  0.3886226080600137
161  1456903389471  0.7354363977381584  -0.5634070790689965  0.37643827520822004
162  1456903389472  0.7389472425005654  -0.566598925625617  0.3645855909786917
163  1456903389512  0.7414464688362097  -0.5699731509487898  0.35410132382808257
164  1456903389513  0.743296380153601  -0.5729059591449821  0.3453827530881819
165  1456903389557  0.7449546641509706  -0.575221675995444  0.33787952904175667
166  1456903389559  0.7471853080136026  -0.5769351184041955  0.3299393259457628
167  1456903389592  0.7498314866548474  -0.5786339161617156  0.32083567278930847
168  1456903389592  0.752256633911184  -0.580454103376467  0.31174184799270677
169  1456903389631  0.7538979626206856  -0.5824761209663363  0.30390698364085544
170  1456903389632  0.7551522841295679  -0.5844046713566782  0.2970121441375917
171  1456903389675  0.7567329953959883  -0.5857407172221529  0.2902808479755379
172  1456903389675  0.7582824843328586  -0.5869623421808281  0.2836950733581194
173  1456903389712  0.7598014688794563  -0.5881057417209503  0.2771883457178159
174  1456903389712  0.761029667778395  -0.5888126629337131  0.27227470918591123
175  1456903389752  0.7614852010952051  -0.5892131571469277  0.2701261660180805
176  1456903389752  0.7615589645151015  -0.5892725026912684  0.26978853885463216
177  1456903389794  0.76094444757417  -0.5898934604555206  0.27016522931938347
178  1456903389794  0.757269938130861  -0.5943716856650294  0.2706741952841085
179  1456903389832  0.7533711590676662  -0.5987067795044609  0.2719965209683912
180  1456903389832  0.7495174092536971  -0.6027309787819592  0.27374989235918035
181  1456903389872  0.7459123001526657  -0.6066230729700706  0.27499692484917615
182  1456903389873  0.742588284530111  -0.6101866035154506  0.2761067962275128
183  1456903389914  0.738318605529865  -0.6142431001380195  0.27855173225331775
184  1456903389916  0.7336134289029212  -0.6180973722514229  0.28243050883889254
185  1456903389953  0.7287302586604656  -0.6220214715497683  0.2864288795098844
186  1456903389956  0.7240883910570619  -0.6260426018740679  0.28942469100506596
187  1456903389995  0.720179565123563  -0.6295731177488653  0.2915117174825781
188  1456903389995  0.7166613287952206  -0.6328494731992269  0.2930837637661865
189  1456903390034  0.7135463072613488  -0.6355895806108907  0.294749964053584
190  1456903390034  0.7105695209785683  -0.6379720693775068  0.2967871353396898
191  1456903390074  0.708289237886718  -0.63951339583681  0.29891301465268727
192  1456903390076  0.7059806117278136  -0.6413852468150374  0.3003603369149648
193  1456903390113  0.7038454666452036  -0.6433726381398073  0.30111995684139536
194  1456903390114  0.7019019890255365  -0.6450858276989513  0.3019898738232474
195  1456903390154  0.6999802903795671  -0.6466056631068446  0.30319743996980986
196  1456903390156  0.6984868427936526  -0.6474315422012316  0.30487464474412107
197  1456903390193  0.6967166363215727  -0.6481134300296412  0.3074653188994958
198  1456903390194  0.6949345507957325  -0.6484033901295023  0.3108681696872413
199  1456903390233  0.6927561240667437  -0.6487109767929429  0.3150603173333586
200  1456903390235  0.6911741145844603  -0.6487267153087899  0.3184839212369881
201  1456903390278  0.689956279386807  -0.6487724594791753  0.32102124434735346
202  1456903390282  0.6894974601557706  -0.6478939765669542  0.323769469054735
203  1456903390313  0.6886166721731475  -0.6471489206006247  0.3271167569009821
204  1456903390314  0.6878759901197675  -0.6458830365344665  0.33115211601871053
205  1456903390358  0.6873103727049958  -0.6441596221249126  0.33565284634932624
206  1456903390361  0.6869457798769227  -0.6424111259068017  0.3397255362459237
207  1456903390398  0.6874410062536094  -0.6402377253440457  0.34281266794547793
208  1456903390399  0.6878688762965219  -0.6382467372452121  0.34565518445294385
209  1456903390433  0.6884751081415157  -0.635797482520978  0.34894637504637416
210  1456903390433  0.6889809432860527  -0.6332962912508755  0.35247848555746586
211  1456903390472  0.687724604613841  -0.6320468358254532  0.3571437556052359
212  1456903390473  0.6858387004409479  -0.6307241626870832  0.36305966358947117
213  1456903390514  0.684055039837212  -0.6294089650040213  0.36866389909577624
214  1456903390515  0.6826366534426036  -0.6280359817776597  0.37360141625459065
215  1456903390553  0.6810529974299122  -0.6264490127527909  0.3791153649687975
216  1456903390554  0.6791185917974838  -0.6247913511511993  0.385270936975068
217  1456903390595  0.6771620029055292  -0.6228564930470304  0.39179257009146085
218  1456903390595  0.675088246197662  -0.6208391452212658  0.3985154882455775
219  1456903390634  0.6730781211192993  -0.6186685865506756  0.40523452399368853
220  1456903390635  0.6713576466600557  -0.6162959646158939  0.4116529758208287
221  1456903390673  0.669732828627823  -0.6140412460282036  0.41762579896663965
222  1456903390674  0.6678799364613166  -0.6116715237551986  0.42402160181342197
223  1456903390715  0.6654099963977993  -0.6093228916467552  0.43122517619293577
224  1456903390715  0.662731117118772  -0.6070262898977492  0.43852771113174693
225  1456903390756  0.6605887928370238  -0.6051272515258841  0.44434611807293
226  1456903390758  0.6591249301295115  -0.6035915033737584  0.4485884766795287
227  1456903390793  0.6577980783992463  -0.6023362392004885  0.45220871270515595
228  1456903390795  0.656447250872346  -0.6012886367069463  0.4555534985539236
229  1456903390833  0.6550990191844193  -0.6003089672295951  0.45877489366475643
230  1456903390833  0.6539852213436586  -0.5997321794299924  0.46111237731721033
231  1456903390875  0.6534020441576649  -0.5997420944406353  0.4619255415604462
232  1456903390876  0.6532570011804104  -0.6003817109755776  0.46129934785864535
233  1456903390912  0.653472228917626  -0.6013411967059865  0.45974212629921407
234  1456903390913  0.6538413551616902  -0.6026013990094494  0.45756207696705076
235  1456903390954  0.6545292491168886  -0.6042316851753662  0.45441780062208403
236  1456903390956  0.6558264911866507  -0.6062934697067979  0.44977752592987486
237  1456903390995  0.6578327686937895  -0.6085091106801575  0.4438160909317972
238  1456903391000  0.6596448896682556  -0.6103410008104602  0.4385800754553255
239  1456903391037  0.6609167942068295  -0.6117916554472185  0.43462620583020417
240  1456903391040  0.6620479433294157  -0.6131597244914664  0.43096133761666877
241  1456903391078  0.6635784879193052  -0.6148493479957919  0.4261735138548799
242  1456903391084  0.6654017867629385  -0.6166579334469262  0.4206821028554488
243  1456903391115  0.6670566808722751  -0.6184243757121712  0.41543549905085797
244  1456903391115  0.6682713397231499  -0.6203095449593432  0.41064522046572627
245  1456903391154  0.6696247318503303  -0.6226690117957541  0.40482836984411996
246  1456903391154  0.671763228178285  -0.6252420844830393  0.39724868635980215
247  1456903391194  0.6741398535602166  -0.6277806050545562  0.3891362047738838
248  1456903391194  0.676065041977068  -0.6300418602447748  0.38207762360620867
249  1456903391235  0.677259720110404  -0.6319417351103427  0.3767876163133774
250  1456903391235  0.6778806639117798  -0.6334398826891949  0.3731376845437655
251  1456903391274  0.6783411658194369  -0.6350425593550728  0.36955944986326994
252  1456903391276  0.6797305123084874  -0.6373905466858176  0.3629045877638948
253  1456903391313  0.6824814233768368  -0.6398118983780874  0.3533551264864929
254  1456903391314  0.6850471037881043  -0.6422250729062846  0.3438857910641113
255  1456903391355  0.6871341426085773  -0.6438006327921486  0.3367007664593942
256  1456903391356  0.6883654746415906  -0.6446860809322281  0.3324647618016021
257  1456903391398  0.6890786260421358  -0.6455894623911003  0.3292186269577173
258  1456903391398  0.6900269061890194  -0.6464317137638871  0.32555934744421666
259  1456903391434  0.6910504847243075  -0.6470246697026634  0.32219293219122846
260  1456903391435  0.6918762255533415  -0.6472544011412023  0.3199516265627249
261  1456903391475  0.692414355732681  -0.646855167699337  0.31959467872689595
262  1456903391475  0.6924823165137717  -0.6461788115903044  0.32081334092350655
263  1456903391514  0.6922794681185045  -0.6454353202790859  0.32274197414369077
264  1456903391515  0.6918774322234724  -0.6448707223941215  0.3247266384064913
265  1456903391555  0.6912554918444251  -0.6446874197536232  0.3264107278393005
266  1456903391556  0.6907026275881272  -0.644383486082041  0.32817649922244296
267  1456903391605  0.6897793607890401  -0.6438631883014163  0.33112627696944674
268  1456903391606  0.6885479375343908  -0.6428955917566377  0.33553986494962373
269  1456903391633  0.6871215804624295  -0.6417614339709437  0.3405968475760659
270  1456903391634  0.6856581545166698  -0.6407832938156892  0.345354381855671
271  1456903391674  0.684454872453661  -0.6399890472501424  0.34919272967683757
272  1456903391675  0.6835586664987474  -0.6391919481128561  0.35239353661470574
273  1456903391716  0.682528473394175  -0.6382147724764042  0.35614149846241006
274  1456903391718  0.6812532492635768  -0.6370759621958757  0.36059425517685595
275  1456903391754  0.6798648009895487  -0.635701737608457  0.3656051903580302
276  1456903391757  0.678320768440388  -0.6343810564079844  0.37073117245760123
277  1456903391795  0.6770541982103389  -0.633109895372316  0.3751925838052479
278  1456903391795  0.6758056848090286  -0.631680888811067  0.37982354492104964
279  1456903391835  0.674192771598233  -0.6301028923640248  0.3852719334799364
280  1456903391835  0.6724413930337572  -0.6283484677630042  0.39115311650258366
281  1456903391874  0.6706702719905353  -0.6263993614536505  0.39727221653825406
282  1456903391874  0.6686724521857434  -0.6245560092690075  0.40349343724628284
283  1456903391914  0.6667144616212148  -0.6226978592316306  0.4095597653690195
284  1456903391915  0.6647331325740602  -0.6206895229252423  0.41578167001542354
285  1456903391956  0.6624554186161844  -0.6184379138951637  0.4227142745236949
286  1456903391959  0.6600627172020319  -0.6158310888353571  0.4301967974855119
287  1456903391996  0.6574418233974266  -0.6129393023059473  0.4382643775797148
288  1456903391997  0.6550508856804758  -0.6099331084644604  0.44597076245064926
289  1456903392035  0.6533422029765994  -0.6066922912112913  0.45284483483503735
290  1456903392035  0.6516450482062801  -0.6033094063283615  0.4597569779991808
291  1456903392074  0.6495044763431048  -0.600016008864847  0.4670382349659752
292  1456903392075  0.6474272127017748  -0.5971276787911348  0.4735784512408223
293  1456903392115  0.6461606134269866  -0.5948336870450295  0.47817290716415073
294  1456903392117  0.6454749253773606  -0.5933489663352214  0.4809356732135228
295  1456903392154  0.6449405267516743  -0.5926713057826531  0.48248569220894844
296  1456903392156  0.6445483269223216  -0.5924831146300709  0.4832403446867639
297  1456903392197  0.6440697548794949  -0.5926576621478685  0.4836641636302397
298  1456903392197  0.6436385908329925  -0.5933966683116303  0.48333192549341675
299  1456903392234  0.6437291233916937  -0.5949133127587949  0.48134289465107827
300  1456903392235  0.6447648138248336  -0.5973368886647239  0.4769349681052084
301  1456903392275  0.646452105183462  -0.6001796645612956  0.47104570629237363
302  1456903392282  0.6480165381854679  -0.6031532142665696  0.46505994925473004
303  1456903392315  0.6495026523887115  -0.6059283837606175  0.4593441885428815
304  1456903392316  0.6513697502500158  -0.6089280779534763  0.45268536376049084
305  1456903392354  0.6543082072281088  -0.6121846980190249  0.4439714700285311
306  1456903392355  0.6577259956242436  -0.6156683341548885  0.4339919806952133
307  1456903392393  0.6604970376488848  -0.6189846649082598  0.42497252225380633
308  1456903392394  0.6622589209587351  -0.6227281110532874  0.4166807374582344
309  1456903392435  0.6642083506687371  -0.6264189921671184  0.40795404372830646
310  1456903392436  0.6662654295452111  -0.6293375840481616  0.400030705037973
311  1456903392476  0.6678369788760143  -0.6327275519865545  0.3919816613435918
312  1456903392476  0.6700074071319229  -0.6368796776506791  0.3814109776099084
313  1456903392514  0.673084624912434  -0.6411071272952853  0.36869871705118307
314  1456903392515  0.6762532611588279  -0.6447456328926704  0.35634897696033097
315  1456903392556  0.678640370024091  -0.6474638660980743  0.3467531790817837
316  1456903392558  0.680262279304463  -0.6494193049904213  0.3398496752605671
317  1456903392594  0.6818049996759097  -0.6510757277754771  0.3335301290308843
318  1456903392594  0.6834320852487066  -0.652379441753328  0.32759981969465324
319  1456903392634  0.6847349721147626  -0.6533902085370882  0.3228300969191036
320  1456903392635  0.685949010511198  -0.6539735838160141  0.3190493598107844
321  1456903392679  0.6870023606941231  -0.6541435815951158  0.3164236415110926
322  1456903392680  0.6876274183977458  -0.6539362770972474  0.31549308981864765
323  1456903392713  0.6878736198415085  -0.6533491350678997  0.31617209070590135
324  1456903392714  0.6877788015564015  -0.6526281933648486  0.31786279506426496
325  1456903392753  0.687331122482612  -0.6520033981552091  0.3201054418399094
326  1456903392754  0.6866118368068923  -0.6514204172479012  0.3228244636935198
327  1456903392796  0.6856790571274543  -0.6508445396726401  0.3259533744231149
328  1456903392796  0.6847126586666885  -0.6504205487569703  0.3288186369965205
329  1456903392833  0.6840445370944437  -0.6500800470874517  0.33087614574883784
330  1456903392834  0.6832057497947401  -0.6498366288160913  0.3330799910292872
331  1456903392873  0.6821893898726761  -0.6493333331228932  0.3361306860229263
332  1456903392874  0.6810739930800667  -0.6485353800425533  0.3399118445149796
333  1456903392916  0.6800674873806383  -0.6475108557430564  0.3438573857154483
334  1456903392917  0.679230215378575  -0.6464882671279899  0.3474179478882746
335  1456903392954  0.6784143712992545  -0.6454932667250599  0.3508452122710608
336  1456903392955  0.6775092961603839  -0.644475959803362  0.35444590922646846
337  1456903392995  0.6766378431182929  -0.643418347514011  0.3580140574508661
338  1456903392996  0.6755325030398511  -0.6423033848048407  0.36208038182930746
339  1456903393036  0.6741276452454983  -0.6410397286773084  0.3669059748304666
340  1456903393038  0.6726912747058833  -0.639668067523304  0.3719021807064449
341  1456903393078  0.6713886612960884  -0.6383979855722397  0.3764110355215533
342  1456903393079  0.6702668433596548  -0.6371532246069358  0.3804972017191157
343  1456903393114  0.6692860234150277  -0.6359171780902451  0.384272741360415
344  1456903393115  0.6683044695670093  -0.634619076491258  0.3881079236507543
345  1456903393156  0.6670987513929596  -0.6333989491077103  0.392154315016338
346  1456903393157  0.6659197347839654  -0.632257533367429  0.39598147526013694
347  1456903393195  0.6650075932959894  -0.6312289463965524  0.3991427123378912
348  1456903393197  0.6643676780213057  -0.6303660406745943  0.4015647685838615
349  1456903393234  0.664047266097902  -0.6297195026649007  0.40310614289883695
350  1456903393235  0.6638257511315153  -0.6293243496364731  0.4040869326573304
351  1456903393277  0.6634349608712302  -0.6288384657252166  0.4054827227119304
352  1456903393278  0.6627287977022491  -0.6282172724815105  0.40759490884744887
353  1456903393314  0.6621045387447388  -0.6278214633430335  0.4092160816539758
354  1456903393315  0.6620608113239363  -0.6276297797439332  0.40958070656276746
355  1456903393354  0.6623178367818787  -0.6276237435102177  0.40917416660833794
356  1456903393356  0.6625226085463467  -0.627679924281825  0.40875629215319265
357  1456903393396  0.6623900862600625  -0.6276339409408875  0.4090415900554003
358  1456903393396  0.6620749195988456  -0.6275160445745214  0.40973214757110377
359  1456903393434  0.6620337880787215  -0.6275651993405447  0.40972328000060987
360  1456903393434  0.6622577894840966  -0.6277706855823393  0.409045965891524
361  1456903393474  0.6624256737056777  -0.6280646536618184  0.4083221850753782
362  1456903393474  0.6626638751107183  -0.6281251557637186  0.4078423584316351
363  1456903393515  0.6627022047719908  -0.6280820820478241  0.407846398942437
364  1456903393515  0.662443367505066  -0.6279809717223825  0.4084221675603281
365  1456903393554  0.6620833795481138  -0.6280246057673449  0.40893850992323877
366  1456903393554  0.6620164003362969  -0.6282082574630081  0.40876480950113603
367  1456903393595  0.6621334587485759  -0.6285394741448234  0.40806543143735396
368  1456903393595  0.6623791904176102  -0.6287656402088786  0.407317540755483
369  1456903393636  0.6625850342185888  -0.6287922769915855  0.40694145260929027
370  1456903393636  0.6626017311847257  -0.6287460134499652  0.4069857491582276
371  1456903393674  0.6625056841346932  -0.6286371828195794  0.4073100931703033
372  1456903393674  0.6622746799782004  -0.6286077237564474  0.4077310101248304
373  1456903393714  0.6621372135686752  -0.6288503411504678  0.40758015352827925
374  1456903393714  0.6623693440798952  -0.6291577211017247  0.40672768174459417
375  1456903393760  0.6625730012285347  -0.6294188174260251  0.4059913649250513
376  1456903393761  0.6624010527778559  -0.6293931272771109  0.40631162744510263
377  1456903393795  0.6619859376157811  -0.6294080773994672  0.4069645055428417
378  1456903393796  0.6618310553809428  -0.6296194982745418  0.40688934841087754
379  1456903393834  0.6620433579214948  -0.6298851792059745  0.40613206299659144
380  1456903393835  0.6623084903785834  -0.6298118768119407  0.40581331734817994
381  1456903393876  0.6621506512211361  -0.6297040594984331  0.4062379894254864
382  1456903393877  0.6619701839269303  -0.629572847157549  0.40673516885397243
383  1456903393914  0.6617357082730959  -0.6297021389878235  0.4069165210253045
384  1456903393915  0.6615358384266088  -0.6298973549181603  0.40693935272590664
385  1456903393954  0.6614467937258937  -0.6299203564374596  0.40704852560942584
386  1456903393955  0.6614598515801333  -0.629902731103364  0.4070545373537868
387  1456903393996  0.6617604284819771  -0.6298735825473367  0.406610869519235
388  1456903393997  0.6619575044903776  -0.6299198390829175  0.4062182212861205
389  1456903394034  0.6619703806320718  -0.6299017701529572  0.40622527158677446
390  1456903394034  0.6618704713858081  -0.6299386826623978  0.4063308175078584
391  1456903394074  0.6618030845127558  -0.6299450643032078  0.40643065803617606
392  1456903394074  0.6616801689348186  -0.6299440446160189  0.4066323108605059
393  1456903394116  0.6615979344196576  -0.6298959837213416  0.4068405136271016
394  1456903394116  0.6616195549571371  -0.6298587505825488  0.40686303742281815
395  1456903394159  0.661796564717732  -0.6299245790746149  0.406473064264516
396  1456903394161  0.661905942191753  -0.6300524291310581  0.40609662588465145
397  1456903394198  0.6616921968781941  -0.6301360402334844  0.40631516956013414
398  1456903394199  0.6614117983152581  -0.6302439676060354  0.40660421473307684
399  1456903394237  0.6612779469409125  -0.6304103830681038  0.40656393828282456
400  1456903394238  0.6612916136793721  -0.6306364682063732  0.4061908795684448
401  1456903394275  0.6613607383368638  -0.630849262411574  0.40574770080329525
402  1456903394278  0.6614079215591051  -0.6309192946028075  0.4055618298801118
403  1456903394315  0.6613993133291598  -0.6308671782834581  0.4056569267824588
404  1456903394316  0.6612119612918321  -0.6308953102981101  0.4059185333278519
405  1456903394356  0.6613155970931079  -0.6310803923164165  0.4054617480674487
406  1456903394358  0.6615305825513351  -0.6312922492960846  0.4047806542047949
407  1456903394399  0.661594223161603  -0.6314767939956583  0.4043886199228277
408  1456903394400  0.6615185002960544  -0.6314604903986982  0.40453793973883023
409  1456903394460  0.6613405704891546  -0.6314617867098768  0.40482668774374986
410  1456903394461  0.6614867902565296  -0.6314702428798871  0.40457451333871575
411  1456903394463  0.6618230744474385  -0.6315147091581919  0.4039546651116037
412  1456903394496  0.661969981846787  -0.6315001074148514  0.4037367411400625
413  1456903394497  0.6619208590282724  -0.6314848467246472  0.403841137989958
414  1456903394535  0.6618456087208568  -0.6315198772372757  0.40390968719281606
415  1456903394536  0.6617493645152495  -0.6316964263004348  0.4037912895760365
416  1456903394577  0.6618134854044371  -0.631792233548377  0.4035362099994835
417  1456903394578  0.6618506985623012  -0.6318403804840571  0.4033997746610365
418  1456903394616  0.661721849120549  -0.6318527296999232  0.40359180095804525
419  1456903394617  0.661562201690356  -0.631882991751952  0.40380608898152737
420  1456903394655  0.6614501102982926  -0.6319760044733143  0.40384412702393835
421  1456903394657  0.6613923901350169  -0.6319806371600647  0.4039314128893672
422  1456903394696  0.6611854985775545  -0.6318524554398643  0.40447027805685654
423  1456903394697  0.6609400538425412  -0.6318813862470689  0.4048261063425791
424  1456903394734  0.6611418273353555  -0.6319432442798096  0.4043998407249987
425  1456903394735  0.6613299455342174  -0.6320282619667694  0.4039591346681384
426  1456903394774  0.6612488357285642  -0.6320207337489592  0.4041036860013776
427  1456903394776  0.6613052798590253  -0.6320015175769547  0.40404134270075076
428  1456903394816  0.6614119682843822  -0.6320492136676594  0.40379199817055333
429  1456903394817  0.6613660525889955  -0.6319624863746851  0.4040029166320487
430  1456903394855  0.6611140749015454  -0.6318147065418849  0.4046459517005707
431  1456903394856  0.6610634254146461  -0.6318001396897552  0.40475143715902284
432  1456903394896  0.6612176104610059  -0.6317875578305066  0.4045191721264052
433  1456903394897  0.6612103855349005  -0.6318238517655272  0.4044743009697349
434  1456903394937  0.6611045148362216  -0.6317952829271514  0.4046919226060579
435  1456903394939  0.6610067994931623  -0.6317150236991749  0.4049767368633952
436  1456903394984  0.6610251917109355  -0.6316444570668898  0.40505676428581694
437  1456903394984  0.6611510674983401  -0.6316095944305324  0.40490566178548404
438  1456903395016  0.6611721367622962  -0.6314940988864413  0.40505134696410394
439  1456903395017  0.6611331750549345  -0.6314848336434189  0.4051294013413571
440  1456903395057  0.6613953516087778  -0.6314050245519112  0.40482575778868934
441  1456903395059  0.6616700421679607  -0.6313196951133249  0.40450985180348376
442  1456903395097  0.6617636004442318  -0.6310532936832971  0.4047723558973475
443  1456903395097  0.6615484470483395  -0.6307911106343609  0.40553203646407177
444  1456903395135  0.661322199655018  -0.630823761045582  0.4058501319550549
445  1456903395136  0.6612192158018253  -0.6308811515934449  0.4059286956260486
446  1456903395177  0.6610616582972213  -0.6308289460931382  0.4062662989300172
447  1456903395177  0.6610697910652954  -0.6306943671238925  0.4064619827795921
448  1456903395216  0.6611246658836962  -0.6306722658641526  0.4064070207017947
449  1456903395218  0.6610431187002535  -0.6305387547151728  0.40674667965171807
450  1456903395256  0.660917553421676  -0.6303983947294238  0.4071680761654193
451  1456903395258  0.6610354676275385  -0.6303155034824242  0.4071049803260216
452  1456903395297  0.6612319524165295  -0.6303658309427045  0.40670776632835715
453  1456903395306  0.6613867042229051  -0.6304122184605685  0.40638413355514125
454  1456903395336  0.661297648808814  -0.6303758527185421  0.40658541871018805
455  1456903395337  0.6610931275906631  -0.6303550513771685  0.40695011903043765
456  1456903395377  0.6611001004218005  -0.6302887666292682  0.407041449509038
457  1456903395378  0.6610708146607394  -0.630168288669168  0.40727549116481043
458  1456903395416  0.6608025364490677  -0.6300825217885964  0.4078431242872549
459  1456903395417  0.6606569345264397  -0.6300848444344134  0.40807534292030834
460  1456903395456  0.6606335567262218  -0.6301106241024734  0.4080734148658469
461  1456903395461  0.6606445430950529  -0.6301102015612285  0.4080562477161678
462  1456903395500  0.6606100811236288  -0.6301373473315905  0.40807013123321845
463  1456903395501  0.6607162526877284  -0.6301409668663802  0.4078926350429981
464  1456903395538  0.6606540403642285  -0.6300297964246335  0.40816501635794644
465  1456903395539  0.6603377259422691  -0.6299531667473155  0.4087947100664575
466  1456903395575  0.6601256019050625  -0.6299957097338675  0.40907163142098657
467  1456903395576  0.6602602458049152  -0.6300489221241774  0.40877228490053064
468  1456903395616  0.6603610557447208  -0.6301371841144174  0.408473275538789
469  1456903395616  0.6602436182893205  -0.6302467026351508  0.4084941319952158
470  1456903395656  0.6600398153500571  -0.6302641130932491  0.4087965211340574
471  1456903395657  0.6599183917922176  -0.630375024437889  0.4088215459110547
472  1456903395697  0.6600729150188478  -0.6305939806066414  0.4082340016376165
473  1456903395697  0.6603151877891626  -0.6306751672835811  0.40771644410781605
474  1456903395735  0.6601888189035208  -0.6305446525937386  0.408122735291947
475  1456903395736  0.6599680980779961  -0.6304571535818142  0.4086146229801111
476  1456903395779  0.6599305084089835  -0.6305584511221354  0.40851900041326106
477  1456903395781  0.6598833916199212  -0.6308293234100226  0.4081767558221472
478  1456903395816  0.6597641209175507  -0.63100219971958  0.40810234935013057
479  1456903395816  0.6596216402690707  -0.6311672877972754  0.4080773709580421
480  1456903395856  0.6596703495533296  -0.6313130312009321  0.4077730595723481
481  1456903395860  0.6597440947422935  -0.6314493819283111  0.407442536980545
482  1456903395899  0.6596745549640008  -0.6315208161551633  0.40744438852669873
483  1456903395900  0.6595390391762201  -0.6315004453317963  0.4076952910188183
484  1456903395936  0.6592701265304557  -0.6314756172499849  0.40816840956006484
485  1456903395936  0.6590800083263177  -0.631432285089593  0.4085422744207219
486  1456903395976  0.6590650568541476  -0.6314804166819585  0.4084920426054346
487  1456903395977  0.6593027053798357  -0.6316524815321176  0.40784201053083313
488  1456903396020  0.6595783860917024  -0.6318240958787495  0.40712979157705487
489  1456903396022  0.6596135993237717  -0.6318169940915466  0.4070837735709487
490  1456903396056  0.6594907974990214  -0.631676271553383  0.4075008831987752
491  1456903396057  0.6594705958048932  -0.6315981447013315  0.40765462927861584
492  1456903396102  0.6595086889603738  -0.6317539619263663  0.40735146682841217
493  1456903396103  0.6596696307877123  -0.6318372421277041  0.4069615285069679
494  1456903396137  0.6597053783161275  -0.631974058495371  0.4066910590673851
495  1456903396138  0.6595969977801941  -0.6320435354305298  0.4067588513306708
496  1456903396176  0.6592714297266289  -0.6320547102829202  0.4072689596928081
497  1456903396176  0.6590973614405726  -0.6321082717120918  0.40746753036875916
498  1456903396217  0.6591426232246071  -0.6322404485182638  0.4071891629501625
499  1456903396218  0.6591134642748289  -0.6323400308257405  0.40708171346099675
500  1456903396263  0.6588517837882435  -0.6322754109177855  0.4076053849464545
501  1456903396264  0.6587100014830192  -0.632186945538493  0.40797157012477037
502  1456903396296  0.6587739536977262  -0.632310782955519  0.4076762694189404
503  1456903396297  0.6589941310950955  -0.6325864263395227  0.4068920653972583
504  1456903396336  0.6590697446043436  -0.632751984527308  0.4065120103059261
505  1456903396337  0.6589132375674156  -0.6329016012461288  0.406532778282239
506  1456903396377  0.6587066798397432  -0.6330452269155213  0.4066438768013132
507  1456903396377  0.6586551409046639  -0.6330996391876216  0.40664268079800525
508  1456903396416  0.6588397117817983  -0.6329998381267279  0.4064989807494186
509  1456903396417  0.6589099846495166  -0.632869519810642  0.4065880160337172
510  1456903396459  0.6586918870595593  -0.6327611966006137  0.40710963938730416
511  1456903396462  0.6585356162538449  -0.6327806460690972  0.40733217914499775
512  1456903396498  0.6586729814342327  -0.6328260377732517  0.4070394696092343
513  1456903396499  0.6586723300574882  -0.6330252114648216  0.4067306872615184
514  1456903396536  0.6587162791488654  -0.6330388987073543  0.4066381754413655
515  1456903396537  0.6587766365712744  -0.6329516918635916  0.40667616058266853
516  1456903396576  0.6586875437438717  -0.6328524744164525  0.40697476742954564
517  1456903396577  0.6585648162371043  -0.6328909249998294  0.40711355773674596
518  1456903396618  0.658715265380589  -0.6331131973129711  0.4065241470727661
519  1456903396618  0.6588317295286039  -0.6333192728361459  0.4060140954879792
520  1456903396656  0.6586288135971827  -0.6333377149366868  0.4063144236263643
521  1456903396658  0.6583486727546553  -0.6333178328162385  0.40679913777868126
522  1456903396696  0.658382856575316  -0.6334577983990315  0.4065258284956297
523  1456903396697  0.658586440925145  -0.6335807058523564  0.40600417460940896
524  1456903396739  0.6585235780986975  -0.6336167123459422  0.4060499502932835
525  1456903396742  0.6583500015658874  -0.6335136710089169  0.40649195797869453
526  1456903396783  0.6583159622928316  -0.6335426766261096  0.40650188068722803
527  1456903396784  0.6584533004460891  -0.6336261855280112  0.40614913755889326
528  1456903396816  0.6584230798214801  -0.6336063191877594  0.40622911635529135
529  1456903396817  0.6582086770901974  -0.6335904795971805  0.40660108889355717
530  1456903396858  0.6582241308345025  -0.6335910316739164  0.40657519375545714
531  1456903396859  0.6582010154342042  -0.6336566294398414  0.40651038032247433
532  1456903396896  0.6581592133362202  -0.6336204177284472  0.4066345262672275
533  1456903396897  0.658149055083447  -0.6335579164310037  0.40674831671726697
534  1456903396936  0.6582709140484195  -0.6335860342607176  0.40650727205059933
535  1456903396937  0.6583945263958757  -0.6338004049489854  0.4059725443037365
536  1456903396978  0.6584527000197369  -0.6338679954649526  0.40577258732914245
537  1456903396978  0.6583311901016629  -0.6338309941983198  0.4060274616658841
538  1456903397016  0.6581405815026313  -0.6337614992319911  0.40644476479070857
539  1456903397016  0.657975425758258  -0.633919480714999  0.40646578726405735
540  1456903397056  0.6580842300948215  -0.6341611750524727  0.40591226259930435
541  1456903397057  0.6582008038441209  -0.6342441655235458  0.4055934683429059
542  1456903397097  0.6581221582371453  -0.6340278921913298  0.4060589153542926
543  1456903397098  0.6579971497115142  -0.6339325423536586  0.4064102300637451
544  1456903397137  0.6580256473469  -0.6340777299489155  0.40613750829920825
545  1456903397137  0.6580544794477623  -0.634296853822645  0.40574847530932345
546  1456903397177  0.6579916545447109  -0.6343453252477582  0.4057745474077561
547  1456903397177  0.6578190417373628  -0.6343852906326035  0.40599187998924435
548  1456903397218  0.6579153541632472  -0.6343543556094604  0.40588412736052426
549  1456903397219  0.6580024216719877  -0.6343336031685247  0.4057754406629286
550  1456903397257  0.657941674371735  -0.6343295478355522  0.40588023123162476
551  1456903397259  0.6578715577572933  -0.634423689903933  0.4058467522808553
552  1456903397302  0.6578215256806579  -0.6346462817434873  0.40557977199090667
553  1456903397304  0.6579320855044579  -0.6348401242351009  0.4050967741038498
554  1456903397338  0.6580047739463879  -0.6348592938732054  0.40494865347243625
555  1456903397339  0.6578548004800973  -0.6349177702205715  0.4051005980856619
556  1456903397379  0.6579296027773274  -0.6352146109092582  0.4045133232506508
557  1456903397380  0.6582813877377962  -0.6357282645922337  0.40313174153620146
558  1456903397417  0.6585337066692176  -0.6361608820431919  0.4020356709260424
559  1456903397418  0.6585038063339201  -0.636404517599088  0.40169891035532146
560  1456903397459  0.6582120222263494  -0.6367447575229148  0.40163797072967533
561  1456903397460  0.6581762994277827  -0.6369934765041823  0.4013019584014028
562  1456903397497  0.6582302538256499  -0.6369450234741052  0.40129038661233274
563  1456903397497  0.6576689734230605  -0.6366245515537505  0.402716648049978
564  1456903397536  0.6568324746581022  -0.636268505796719  0.40463997457558865
565  1456903397537  0.6566041797417856  -0.6358517514885262  0.40566427217489753
566  1456903397578  0.6567715746570082  -0.6352429883463426  0.4063464715742988
567  1456903397578  0.6564778974855017  -0.6340717630461301  0.4086438157545036
568  1456903397616  0.6562698275363221  -0.6327084239981551  0.41108388267491414
569  1456903397617  0.6563168601435798  -0.6315404862869478  0.4128011389067492
570  1456903397657  0.6561201330693782  -0.6302858272401131  0.4150255027825325
571  1456903397658  0.6552435006133148  -0.6289341832298971  0.4184468302753839
572  1456903397697  0.6539960224925214  -0.6270752305147806  0.42316173851428207
573  1456903397698  0.6529640257850895  -0.6252941315276781  0.4273701437166997
574  1456903397738  0.6527360156995692  -0.6235994987791398  0.4301852364899652
575  1456903397741  0.6530234463715523  -0.6220227377763754  0.43202790201740626
576  1456903397781  0.6533883964556431  -0.6201658199874904  0.43414049789720366
577  1456903397782  0.6529839391149714  -0.6180940665348826  0.43768904746186976
578  1456903397817  0.6517134821048662  -0.6157498013964846  0.4428563336850244
579  1456903397819  0.6507348226844645  -0.6128949492483171  0.4482231510963661
580  1456903397858  0.6501943170825504  -0.6098391436103452  0.4531485182096038
581  1456903397861  0.6498529438610205  -0.6077226696333646  0.45646937849782887
582  1456903397901  0.6497337698691421  -0.6057918508795934  0.45919742284323384
583  1456903397901  0.6495538004653216  -0.6038727078631905  0.4619714200682177
584  1456903397938  0.6493895160143239  -0.6019341001597018  0.46472420772991896
585  1456903397939  0.6488912243807645  -0.599907017190316  0.4680296610099468
586  1456903397977  0.648302774205062  -0.5981424075713264  0.47109357996176815
587  1456903397977  0.6480024824837276  -0.5968738034430088  0.47311146103472623
588  1456903398022  0.647944981308683  -0.5959458461004843  0.4743583522828896
589  1456903398024  0.647989456348494  -0.5956818396756951  0.47462913565884257
590  1456903398082  0.6481137451581098  -0.5953582905207311  0.4748653039853501
591  1456903398084  0.6480453739822538  -0.5953950843195035  0.47491252551780505
592  1456903398085  0.6479373333322513  -0.5956457881892208  0.47474550322079523
593  1456903398124  0.647778717039035  -0.595895927410381  0.4746480320567663
594  1456903398124  0.6477687342425238  -0.5957876484510367  0.4747975620514513
595  1456903398157  0.6485822632003391  -0.5951987895674549  0.47442540511035247
596  1456903398179  0.6505915502255739  -0.593825675716448  0.47339379082594135
597  1456903398210  0.651700739726925  -0.592051530181344  0.4740898166010563
598  1456903398223  0.6500308901441496  -0.5902978880133996  0.47854807173914793
599  1456903398238  0.6506171226750705  -0.5903403422578357  0.4776982489429962
600  1456903398238  0.6520220037251523  -0.5921733895157253  0.4734955000918184
