1  1456903386272  0.10953212  -0.13303965  -0.88910145
2  1456903386272  0.10511849  -0.13593194  -0.9017857
3  1456903386311  0.105604015  -0.13497165  -0.9004144
4  1456903386311  0.10598231  -0.1348536  -0.9002599
5  1456903386350  0.106433965  -0.13519812  -0.9000717
6  1456903386350  0.1064954  -0.13543653  -0.8998875
7  1456903386390  0.106354795  -0.13537893  -0.8997784
8  1456903386390  0.10601169  -0.13519743  -0.8996753
9  1456903386431  0.10540855  -0.13513622  -0.89947146
10  1456903386431  0.105159506  -0.13552526  -0.89911157
11  1456903386470  0.105566114  -0.13611484  -0.8987828
12  1456903386470  0.10585205  -0.13641545  -0.8984756
13  1456903386510  0.1057235  -0.13627627  -0.8981685
14  1456903386510  0.10528354  -0.13583305  -0.89796394
15  1456903386552  0.104830615  -0.13573667  -0.8977062
16  1456903386552  0.10461767  -0.1360305  -0.89740413
17  1456903386590  0.104627915  -0.13601315  -0.8971619
18  1456903386590  0.10456272  -0.13551724  -0.8970098
19  1456903386630  0.10419687  -0.13494974  -0.8969582
20  1456903386630  0.103308104  -0.13464233  -0.896975
21  1456903386671  0.1021938  -0.13447309  -0.8969876
22  1456903386672  0.10105367  -0.13458738  -0.89700764
23  1456903386710  0.099887095  -0.13488883  -0.8969652
24  1456903386710  0.098817475  -0.13508186  -0.89694554
25  1456903386750  0.0976996  -0.13484517  -0.89701253
26  1456903386750  0.09661926  -0.1344322  -0.8971204
27  1456903386791  0.09577877  -0.13430104  -0.8971731
28  1456903386791  0.0948342  -0.13448182  -0.89722186
29  1456903386830  0.09386605  -0.1345841  -0.8972704
30  1456903386830  0.09332798  -0.1347163  -0.89726883
31  1456903386870  0.093001924  -0.13513052  -0.89722127
32  1456903386870  0.09224411  -0.13550529  -0.8972544
33  1456903386911  0.0913879  -0.13543752  -0.8973525
34  1456903386911  0.09086084  -0.13515338  -0.8974276
35  1456903386950  0.09074583  -0.13493288  -0.89738005
36  1456903386950  0.09079931  -0.13467568  -0.8973045
37  1456903386990  0.09098203  -0.13432729  -0.897237
38  1456903386990  0.09131363  -0.1343342  -0.89714605
39  1456903387031  0.09190649  -0.13481632  -0.89700896
40  1456903387032  0.092569515  -0.13531104  -0.8968802
41  1456903387070  0.09271556  -0.13520479  -0.8968851
42  1456903387070  0.092558496  -0.13456514  -0.8969194
43  1456903387110  0.09249293  -0.13417941  -0.8968815
44  1456903387110  0.092413984  -0.1343318  -0.89677805
45  1456903387151  0.09241693  -0.13460219  -0.89669174
46  1456903387152  0.09233321  -0.1347939  -0.8966314
47  1456903387190  0.09235544  -0.13515267  -0.89655703
48  1456903387190  0.09258705  -0.13559297  -0.89645916
49  1456903387230  0.092923164  -0.13587204  -0.89629537
50  1456903387232  0.09312636  -0.13626069  -0.89611036
51  1456903387272  0.093354404  -0.13688579  -0.89595634
52  1456903387272  0.093669474  -0.13763967  -0.8958265
53  1456903387310  0.093992606  -0.13824716  -0.89573926
54  1456903387310  0.09409647  -0.13863343  -0.8957246
55  1456903387350  0.09379791  -0.13875705  -0.8957661
56  1456903387351  0.093624085  -0.13880458  -0.89572054
57  1456903387392  0.09398539  -0.13905898  -0.89560753
58  1456903387392  0.09431967  -0.1393863  -0.8954988
59  1456903387430  0.09445055  -0.13957682  -0.8954112
60  1456903387430  0.09491616  -0.13993266  -0.8952827
61  1456903387470  0.09524022  -0.14034367  -0.89514834
62  1456903387471  0.0952247  -0.14032504  -0.89509684
63  1456903387511  0.095406726  -0.14002359  -0.8950481
64  1456903387512  0.0957658  -0.13987043  -0.8949906
65  1456903387550  0.09583191  -0.13980862  -0.8949633
66  1456903387551  0.09541973  -0.13934207  -0.89501387
67  1456903387590  0.09524985  -0.13878039  -0.8950537
68  1456903387591  0.09547093  -0.13864684  -0.8950135
69  1456903387632  0.09540725  -0.13854313  -0.89499086
70  1456903387632  0.09522334  -0.13828313  -0.8949867
71  1456903387670  0.09542961  -0.138159  -0.89496475
72  1456903387671  0.095751494  -0.13802913  -0.8949271
73  1456903387710  0.095773414  -0.13743478  -0.8949838
74  1456903387711  0.09555924  -0.13679552  -0.8950642
75  1456903387752  0.095597215  -0.13654196  -0.89506835
76  1456903387762  0.09558128  -0.13651007  -0.89505666
77  1456903387790  0.09552298  -0.13648996  -0.8950301
78  1456903387791  0.09570267  -0.13660872  -0.89497095
79  1456903387831  0.09598561  -0.13662043  -0.89492697
80  1456903387832  0.09595327  -0.13647923  -0.894888
81  1456903387873  0.09561944  -0.13623384  -0.8949259
82  1456903387873  0.095342845  -0.13619584  -0.8949719
83  1456903387911  0.09525553  -0.13635594  -0.89498216
84  1456903387911  0.09546597  -0.13654655  -0.894903
85  1456903387950  0.095763125  -0.1366202  -0.89479464
86  1456903387951  0.095883384  -0.13643503  -0.8946857
87  1456903387992  0.09631426  -0.13617796  -0.89458233
88  1456903387992  0.096823566  -0.13594416  -0.8944915
89  1456903388031  0.09679788  -0.13521224  -0.89449507
90  1456903388031  0.09650811  -0.13397571  -0.8945661
91  1456903388071  0.0958594  -0.13266307  -0.89470357
92  1456903388071  0.09462486  -0.13104579  -0.89496654
93  1456903388112  0.09296907  -0.12884834  -0.89536935
94  1456903388112  0.09078354  -0.12621728  -0.89593214
95  1456903388150  0.088097446  -0.12284376  -0.89662224
96  1456903388151  0.084968984  -0.11829634  -0.8974183
97  1456903388191  0.081606865  -0.11224055  -0.89834934
98  1456903388191  0.078255795  -0.10488643  -0.89927775
99  1456903388232  0.074060254  -0.09712559  -0.9002033
100  1456903388233  0.06917466  -0.089228824  -0.90107423
101  1456903388272  0.06403068  -0.081590384  -0.90185183
102  1456903388274  0.058788896  -0.07417065  -0.9024952
103  1456903388311  0.053731717  -0.06619462  -0.9029998
104  1456903388311  0.048736423  -0.05748844  -0.9035087
105  1456903388352  0.0432124  -0.04935614  -0.90399665
106  1456903388353  0.037492298  -0.04405147  -0.91404563
107  1456903388391  0.03418038  -0.040374406  -0.9180781
108  1456903388391  0.031693988  -0.038379118  -0.9210717
109  1456903388431  0.030493485  -0.037776276  -0.9210326
110  1456903388431  0.031761795  -0.039382666  -0.9209122
111  1456903388472  0.03544728  -0.04378789  -0.9207006
112  1456903388472  0.04168056  -0.051410727  -0.9200966
113  1456903388511  0.049612  -0.06250708  -0.9189661
114  1456903388511  0.057683248  -0.07577442  -0.9174172
115  1456903388551  0.06564234  -0.09071089  -0.9155527
116  1456903388551  0.0734103  -0.10800709  -0.9133138
117  1456903388592  0.08175279  -0.1270347  -0.9105206
118  1456903388593  0.09086817  -0.14702553  -0.90698975
119  1456903388631  0.09908637  -0.16681665  -0.9030412
120  1456903388631  0.10637485  -0.1849674  -0.8989304
121  1456903388671  0.11583974  -0.19901386  -0.89048284
122  1456903388672  0.12576513  -0.2099097  -0.88165134
123  1456903388713  0.13563609  -0.21942699  -0.87237257
124  1456903388713  0.14586708  -0.22935921  -0.8627493
125  1456903388751  0.15512438  -0.24002823  -0.8536418
126  1456903388752  0.1597998  -0.25184256  -0.84987813
127  1456903388795  0.16348949  -0.26294386  -0.8461514
128  1456903388796  0.16714421  -0.2738223  -0.84246415
129  1456903388832  0.1704262  -0.28408223  -0.8390505
130  1456903388833  0.17287807  -0.29244488  -0.8361481
131  1456903388871  0.17387137  -0.2984804  -0.8340121
132  1456903388872  0.17261404  -0.30225766  -0.83303005
133  1456903388911  0.17074819  -0.30390137  -0.83296365
134  1456903388911  0.16884327  -0.30456161  -0.8333952
135  1456903388957  0.16709751  -0.30452812  -0.8339669
136  1456903388958  0.16575864  -0.30313385  -0.83472866
137  1456903388992  0.16524516  -0.3003956  -0.8357288
138  1456903388993  0.16487388  -0.2965805  -0.83709604
139  1456903389032  0.1632274  -0.29154295  -0.8391661
140  1456903389032  0.16053437  -0.2852767  -0.8417153
141  1456903389073  0.15821488  -0.2783801  -0.84423023
142  1456903389074  0.15657707  -0.2711426  -0.84657174
143  1456903389112  0.15546659  -0.26268762  -0.84885186
144  1456903389112  0.15417898  -0.25273967  -0.85133916
145  1456903389155  0.15181816  -0.24265021  -0.8540471
146  1456903389156  0.1495268  -0.23469451  -0.85622865
147  1456903389193  0.14912336  -0.2296099  -0.85733014
148  1456903389194  0.15045984  -0.22532713  -0.85781807
149  1456903389232  0.151363  -0.2195602  -0.85863096
150  1456903389232  0.14945379  -0.21212658  -0.8603025
151  1456903389275  0.14606196  -0.20430958  -0.8622568
152  1456903389277  0.14381927  -0.19770125  -0.86384505
153  1456903389313  0.14190236  -0.19277135  -0.8651554
154  1456903389313  0.1402183  -0.18889752  -0.8661532
155  1456903389351  0.1378316  -0.18586245  -0.86740154
156  1456903389352  0.13402773  -0.18267763  -0.8690073
157  1456903389395  0.12978923  -0.1778261  -0.8707809
158  1456903389395  0.12648045  -0.17188436  -0.8723058
159  1456903389433  0.1242275  -0.1662071  -0.8735998
160  1456903389433  0.12179373  -0.16079718  -0.8748438
161  1456903389471  0.11819548  -0.15537313  -0.87620395
162  1456903389472  0.11377633  -0.15059468  -0.87769836
163  1456903389512  0.10968672  -0.14649394  -0.8791788
164  1456903389513  0.10705265  -0.14271754  -0.8803367
165  1456903389557  0.105343066  -0.13919544  -0.88120013
166  1456903389559  0.10345172  -0.13550285  -0.88191
167  1456903389592  0.10070251  -0.13156614  -0.88270944
168  1456903389592  0.09750092  -0.12787741  -0.88358396
169  1456903389631  0.094608694  -0.12478629  -0.88447005
170  1456903389632  0.0921754  -0.12202059  -0.8852717
171  1456903389675  0.09025416  -0.119090125  -0.8858468
172  1456903389675  0.08851728  -0.11615698  -0.88636667
173  1456903389712  0.08662786  -0.1133499  -0.8868757
174  1456903389712  0.085163265  -0.111249685  -0.88721675
175  1456903389752  0.08524468  -0.109976605  -0.88732177
176  1456903389752  0.08583483  -0.109490424  -0.8872816
177  1456903389794  0.08615166  -0.10956393  -0.88742584
178  1456903389794  0.08574408  -0.110152334  -0.88872594
179  1456903389832  0.08568304  -0.11103493  -0.88995045
180  1456903389832  0.0857077  -0.112116784  -0.8910778
181  1456903389872  0.08546723  -0.11303152  -0.8921922
182  1456903389873  0.08519596  -0.11387345  -0.8932161
183  1456903389914  0.085172266  -0.11537252  -0.894353
184  1456903389916  0.08545175  -0.11754583  -0.8954031
185  1456903389953  0.086083636  -0.11962472  -0.8964376
186  1456903389956  0.08664639  -0.12116547  -0.89750415
187  1456903389995  0.08708051  -0.122236714  -0.89844507
188  1456903389995  0.08741696  -0.12305409  -0.89932364
189  1456903390034  0.08772938  -0.12392601  -0.90005463
190  1456903390034  0.08777985  -0.12512168  -0.90071124
191  1456903390074  0.08769766  -0.126409  -0.90114695
192  1456903390076  0.08762273  -0.12731135  -0.9016734
193  1456903390113  0.0875134  -0.12783772  -0.90223485
194  1456903390114  0.08781056  -0.12824011  -0.9026806
195  1456903390154  0.088200904  -0.12879077  -0.90306336
196  1456903390156  0.08855754  -0.12961018  -0.9032571
197  1456903390193  0.08890953  -0.13095146  -0.9034112
198  1456903390194  0.08972834  -0.13254416  -0.9034105
199  1456903390233  0.091210365  -0.13430026  -0.9033472
200  1456903390235  0.09256571  -0.13566834  -0.9032137
201  1456903390278  0.09349183  -0.13671926  -0.90313095
202  1456903390282  0.09473014  -0.13773307  -0.90275866
203  1456903390313  0.09587819  -0.13913557  -0.9024311
204  1456903390314  0.09710139  -0.14089018  -0.90194947
205  1456903390358  0.098626256  -0.14277148  -0.9013061
206  1456903390361  0.100020334  -0.14446512  -0.90066725
207  1456903390398  0.10091702  -0.14579865  -0.8999637
208  1456903390399  0.10179501  -0.14700475  -0.8993115
209  1456903390433  0.10291925  -0.14835075  -0.8985023
210  1456903390433  0.10374662  -0.14996931  -0.89771086
211  1456903390472  0.10400155  -0.15254009  -0.8973333
212  1456903390473  0.10441113  -0.1557745  -0.89691716
213  1456903390514  0.10504811  -0.1587322  -0.8964761
214  1456903390515  0.10595876  -0.1611821  -0.8959859
215  1456903390553  0.10720431  -0.16382074  -0.89539474
216  1456903390554  0.10838441  -0.16687101  -0.89478964
217  1456903390595  0.109318495  -0.17024869  -0.8941352
218  1456903390595  0.11037531  -0.1736983  -0.893441
219  1456903390634  0.11181452  -0.17698154  -0.89265436
220  1456903390635  0.11299294  -0.18020856  -0.8918411
221  1456903390673  0.113415465  -0.18352154  -0.8911552
222  1456903390674  0.113915294  -0.18705937  -0.89042634
223  1456903390715  0.11476629  -0.19093496  -0.8896573
224  1456903390715  0.11600187  -0.19471237  -0.88885134
225  1456903390756  0.117244  -0.1976153  -0.888154
226  1456903390758  0.118284345  -0.19967404  -0.88758355
227  1456903390793  0.11900059  -0.2015129  -0.88713413
228  1456903390795  0.11964391  -0.20322582  -0.8867523
229  1456903390833  0.120633155  -0.20471346  -0.886342
230  1456903390833  0.121422306  -0.20576578  -0.8860715
231  1456903390875  0.12172683  -0.20612353  -0.8860325
232  1456903390876  0.12162936  -0.20580116  -0.88622636
233  1456903390912  0.121439084  -0.20496252  -0.88652307
234  1456903390913  0.12150396  -0.20363986  -0.8868695
235  1456903390954  0.12165453  -0.20170543  -0.8873083
236  1456903390956  0.12146158  -0.1990338  -0.88791543
237  1456903390995  0.120596215  -0.19587585  -0.8886569
238  1456903391000  0.11967841  -0.19317791  -0.8892961
239  1456903391037  0.119042285  -0.19112188  -0.88978916
240  1456903391040  0.11889845  -0.18902168  -0.8901927
241  1456903391078  0.11836897  -0.18643329  -0.8907376
242  1456903391084  0.11695196  -0.18382955  -0.8914321
243  1456903391115  0.114983656  -0.18162355  -0.89218324
244  1456903391115  0.11327425  -0.17958263  -0.89292985
245  1456903391154  0.11210047  -0.17671216  -0.8937382
246  1456903391154  0.110632844  -0.17294386  -0.8946404
247  1456903391194  0.10897362  -0.16895926  -0.89555293
248  1456903391194  0.1075658  -0.16548982  -0.896354
249  1456903391235  0.10649859  -0.16290745  -0.8970111
250  1456903391235  0.10541795  -0.16128615  -0.8975561
251  1456903391274  0.10420931  -0.15976828  -0.8981435
252  1456903391276  0.10216512  -0.15684584  -0.89903146
253  1456903391313  0.0997071  -0.1524348  -0.89998025
254  1456903391314  0.09770669  -0.14788628  -0.90086955
255  1456903391355  0.09640344  -0.14434585  -0.901447
256  1456903391356  0.0954066  -0.1423625  -0.90179855
257  1456903391398  0.0945399  -0.14089537  -0.9021402
258  1456903391398  0.093502864  -0.13926592  -0.9024816
259  1456903391434  0.09265517  -0.13771796  -0.90273327
260  1456903391435  0.09233718  -0.13657627  -0.90282947
261  1456903391475  0.09248457  -0.13629717  -0.9027038
262  1456903391475  0.09297712  -0.13676405  -0.9024659
263  1456903391514  0.093483634  -0.13763133  -0.90220755
264  1456903391515  0.09409989  -0.13848725  -0.901987
265  1456903391555  0.09468735  -0.13919267  -0.9018747
266  1456903391556  0.094952926  -0.14008474  -0.90176255
267  1456903391605  0.095556416  -0.14150542  -0.9015545
268  1456903391606  0.09623749  -0.14372733  -0.9012137
269  1456903391633  0.09671207  -0.14641172  -0.9008482
270  1456903391634  0.09688456  -0.14906418  -0.9005582
271  1456903391674  0.09651966  -0.15142888  -0.90037686
272  1456903391675  0.09580451  -0.15358049  -0.9002319
273  1456903391716  0.095535636  -0.15585116  -0.89998907
274  1456903391718  0.09617994  -0.15812898  -0.899604
275  1456903391754  0.097373635  -0.16048914  -0.89909357
276  1456903391757  0.09867725  -0.16287407  -0.89858407
277  1456903391795  0.09982908  -0.16494414  -0.89810306
278  1456903391795  0.10116683  -0.16703239  -0.8975554
279  1456903391835  0.10256418  -0.1695748  -0.8969571
280  1456903391835  0.103375606  -0.17263243  -0.89637476
281  1456903391874  0.10399921  -0.17591676  -0.8957588
282  1456903391874  0.104863845  -0.17916581  -0.89514333
283  1456903391914  0.10609265  -0.18217146  -0.89447933
284  1456903391915  0.10729498  -0.18528685  -0.89377433
285  1456903391956  0.10843686  -0.18885615  -0.8930064
286  1456903391959  0.1092933  -0.19288465  -0.8921718
287  1456903391996  0.11048203  -0.19712588  -0.89121455
288  1456903391997  0.11182794  -0.2010962  -0.8902028
289  1456903392035  0.112894356  -0.20470113  -0.8891575
290  1456903392035  0.11413935  -0.20826131  -0.8880467
291  1456903392074  0.11586012  -0.21184954  -0.88689595
292  1456903392075  0.117393434  -0.21509224  -0.8858796
293  1456903392115  0.11802311  -0.21757254  -0.8851482
294  1456903392117  0.11832252  -0.21910089  -0.8846888
295  1456903392154  0.11874632  -0.21984798  -0.8844405
296  1456903392156  0.11931207  -0.22005409  -0.88431114
297  1456903392197  0.12034301  -0.2198568  -0.8842208
298  1456903392197  0.120987415  -0.21937943  -0.8843418
299  1456903392234  0.12100029  -0.21818471  -0.88476866
300  1456903392235  0.120239176  -0.21587622  -0.8855569
301  1456903392275  0.11899369  -0.21289551  -0.8865271
302  1456903392282  0.11804381  -0.20973834  -0.8874921
303  1456903392315  0.11795484  -0.2063708  -0.88828534
304  1456903392316  0.11861488  -0.20211834  -0.88904136
305  1456903392354  0.11918953  -0.19668627  -0.8898799
306  1456903392355  0.11941322  -0.19067717  -0.8908281
307  1456903392393  0.11930106  -0.18541321  -0.8917733
308  1456903392394  0.1183634  -0.18098322  -0.8929469
309  1456903392435  0.115336865  -0.1772337  -0.89437515
310  1456903392436  0.1118616  -0.17415088  -0.8956315
311  1456903392476  0.10873447  -0.17086482  -0.89696187
312  1456903392476  0.104879886  -0.16644883  -0.8985767
313  1456903392514  0.099809915  -0.16133589  -0.9003286
314  1456903392515  0.09436931  -0.15660915  -0.9019242
315  1456903392556  0.08951771  -0.1532217  -0.90317136
316  1456903392558  0.08647264  -0.15060031  -0.9040089
317  1456903392594  0.08507301  -0.1476056  -0.9045996
318  1456903392594  0.0841291  -0.14463812  -0.9050481
319  1456903392634  0.08326097  -0.14230222  -0.9054075
320  1456903392635  0.08236025  -0.14054179  -0.9056509
321  1456903392679  0.08178489  -0.13929522  -0.90575
322  1456903392680  0.081812635  -0.13874924  -0.90569025
323  1456903392713  0.08215539  -0.13897875  -0.90549713
324  1456903392714  0.082933396  -0.13959473  -0.9052271
325  1456903392753  0.08396943  -0.14041588  -0.904959
326  1456903392754  0.08499445  -0.14151564  -0.90470225
327  1456903392796  0.08570815  -0.1429866  -0.90447575
328  1456903392796  0.08610205  -0.14444953  -0.90432113
329  1456903392833  0.0864049  -0.1454916  -0.9041981
330  1456903392834  0.08703799  -0.1464768  -0.9040701
331  1456903392873  0.08779652  -0.1478903  -0.9038575
332  1456903392874  0.08847282  -0.1497559  -0.90357083
333  1456903392916  0.08886599  -0.15183747  -0.9032487
334  1456903392917  0.08911805  -0.1537613  -0.9029408
335  1456903392954  0.08976728  -0.15543899  -0.90260094
336  1456903392955  0.09082386  -0.15704203  -0.9022134
337  1456903392995  0.09198153  -0.15858406  -0.90180296
338  1456903392996  0.09332307  -0.1603361  -0.9013559
339  1456903393036  0.09448775  -0.162606  -0.900884
340  1456903393038  0.09539144  -0.16509116  -0.90040797
341  1456903393078  0.09632514  -0.1672864  -0.8999558
342  1456903393079  0.09718498  -0.16927189  -0.8995175
343  1456903393114  0.0976281  -0.17126077  -0.8991259
344  1456903393115  0.09806464  -0.17328948  -0.89871734
345  1456903393156  0.09885675  -0.17529184  -0.89829105
346  1456903393157  0.09977911  -0.17711392  -0.8978713
347  1456903393195  0.10089463  -0.17846605  -0.89746016
348  1456903393197  0.10191699  -0.17942908  -0.8971042
349  1456903393234  0.10254179  -0.18005201  -0.8968528
350  1456903393235  0.102951676  -0.18044353  -0.8966957
351  1456903393277  0.10336974  -0.18107447  -0.8965121
352  1456903393278  0.10397447  -0.18204436  -0.8962689
353  1456903393314  0.10451023  -0.18275976  -0.89609617
354  1456903393315  0.1048494  -0.18282345  -0.89600307
355  1456903393354  0.10510766  -0.18247065  -0.8959711
356  1456903393356  0.10529703  -0.18214238  -0.89596456
357  1456903393396  0.105750844  -0.1821118  -0.8958983
358  1456903393396  0.10645942  -0.18220794  -0.89578146
359  1456903393434  0.10693883  -0.18199432  -0.89573807
360  1456903393434  0.1070208  -0.18156251  -0.8957856
361  1456903393474  0.106762186  -0.181254  -0.8958985
362  1456903393474  0.10634486  -0.18115413  -0.89596504
363  1456903393515  0.10634502  -0.18115556  -0.895953
364  1456903393515  0.10686427  -0.18126673  -0.895863
365  1456903393554  0.10743554  -0.1813232  -0.89580685
366  1456903393554  0.10774514  -0.18108925  -0.8958209
367  1456903393595  0.107885145  -0.18062198  -0.8958965
368  1456903393595  0.10786675  -0.18019307  -0.8959618
369  1456903393636  0.10794727  -0.17993629  -0.89595956
370  1456903393636  0.10815555  -0.17987043  -0.8959215
371  1456903393674  0.108328454  -0.1799841  -0.89587027
372  1456903393674  0.10839748  -0.18020204  -0.8958537
373  1456903393714  0.10812417  -0.18023768  -0.89595443
374  1456903393714  0.10782977  -0.17986941  -0.89607567
375  1456903393760  0.10773568  -0.17948142  -0.8961598
376  1456903393761  0.107997  -0.1795559  -0.8961212
377  1456903393795  0.10824598  -0.1798332  -0.89609534
378  1456903393796  0.10830198  -0.17976913  -0.89614755
379  1456903393834  0.108018205  -0.17945161  -0.8962559
380  1456903393835  0.10787614  -0.17932373  -0.8962526
381  1456903393876  0.108297914  -0.17938805  -0.8961716
382  1456903393877  0.108739845  -0.17948589  -0.8960815
383  1456903393914  0.10893867  -0.17950925  -0.8960934
384  1456903393915  0.10884434  -0.17956841  -0.89615935
385  1456903393954  0.10868706  -0.17970204  -0.89618486
386  1456903393955  0.108833134  -0.17964149  -0.8961622
387  1456903393996  0.1088614  -0.17936632  -0.89615065
388  1456903393997  0.10883317  -0.17914772  -0.896167
389  1456903394034  0.10880051  -0.17916572  -0.8961659
390  1456903394034  0.108836226  -0.17921335  -0.89617187
391  1456903394074  0.10907147  -0.17916983  -0.89614505
392  1456903394074  0.109419204  -0.17913723  -0.89610237
393  1456903394116  0.109582625  -0.17918783  -0.896069
394  1456903394116  0.10949086  -0.17924032  -0.8960698
395  1456903394159  0.10921056  -0.17913371  -0.8961224
396  1456903394161  0.109272346  -0.17888731  -0.8961505
397  1456903394198  0.10983661  -0.17877218  -0.8961049
398  1456903394199  0.11034078  -0.17872563  -0.89607304
399  1456903394237  0.11038672  -0.17868584  -0.8961138
400  1456903394238  0.11003489  -0.1786243  -0.89622015
401  1456903394275  0.109768465  -0.17848372  -0.8963122
402  1456903394278  0.10975662  -0.17838076  -0.89633316
403  1456903394315  0.11003377  -0.17831483  -0.89628464
404  1456903394316  0.110293545  -0.17835686  -0.89626056
405  1456903394356  0.11003464  -0.17820433  -0.896344
406  1456903394358  0.109807774  -0.177906  -0.8964309
407  1456903394399  0.10999908  -0.17759556  -0.8964589
408  1456903394400  0.11029196  -0.17755568  -0.8964184
409  1456903394460  0.11037718  -0.17768916  -0.89640826
410  1456903394461  0.11028398  -0.17758101  -0.8964221
411  1456903394463  0.11031017  -0.17720452  -0.89643127
412  1456903394496  0.110248014  -0.17710254  -0.89643484
413  1456903394497  0.11000668  -0.17726907  -0.89646024
414  1456903394535  0.109867625  -0.17737105  -0.89648706
415  1456903394536  0.1099493  -0.17726988  -0.8965263
416  1456903394577  0.10993481  -0.17712793  -0.89655477
417  1456903394578  0.10993444  -0.17704871  -0.89656824
418  1456903394616  0.10999851  -0.17713448  -0.8965638
419  1456903394617  0.110157534  -0.17719248  -0.89655274
420  1456903394655  0.11028896  -0.17716  -0.8965625
421  1456903394657  0.11026555  -0.17722186  -0.8965667
422  1456903394696  0.11031803  -0.1775141  -0.8965245
423  1456903394697  0.11040586  -0.17768678  -0.89652175
424  1456903394734  0.11019336  -0.17752907  -0.89656514
425  1456903394735  0.10991837  -0.17739066  -0.8966226
426  1456903394774  0.1098429  -0.17750871  -0.89662975
427  1456903394776  0.109827355  -0.1774782  -0.8966263
428  1456903394816  0.1099932  -0.17725989  -0.89661926
429  1456903394817  0.11022341  -0.177282  -0.8965668
430  1456903394855  0.11032451  -0.17761412  -0.89651316
431  1456903394856  0.11022462  -0.1777196  -0.8965214
432  1456903394896  0.110260084  -0.17756662  -0.8965135
433  1456903394897  0.11026096  -0.17754063  -0.89652354
434  1456903394937  0.11017483  -0.177706  -0.89652616
435  1456903394939  0.110314675  -0.17781135  -0.8964866
436  1456903394984  0.11064153  -0.17771447  -0.8964266
437  1456903394984  0.110879295  -0.17752066  -0.8963875
438  1456903395016  0.11084533  -0.17761865  -0.8963595
439  1456903395017  0.110505804  -0.17781255  -0.89639884
440  1456903395057  0.11018167  -0.17777243  -0.8964165
441  1456903395059  0.11021404  -0.17756957  -0.8963887
442  1456903395097  0.11041905  -0.17762864  -0.89628917
443  1456903395097  0.11054818  -0.17801476  -0.8962001
444  1456903395135  0.11066737  -0.17815161  -0.8961945
445  1456903395136  0.11087018  -0.17811102  -0.89618546
446  1456903395177  0.11103082  -0.17823926  -0.896151
447  1456903395177  0.111034736  -0.17834988  -0.896113
448  1456903395216  0.1111427  -0.17826971  -0.8960934
449  1456903395218  0.11138897  -0.17835978  -0.8960256
450  1456903395256  0.111465156  -0.17857227  -0.89597696
451  1456903395258  0.11133474  -0.17858976  -0.89597005
452  1456903395297  0.11099248  -0.17850545  -0.89602655
453  1456903395306  0.11089002  -0.17835993  -0.8960522
454  1456903395336  0.11115737  -0.17836136  -0.8960089
455  1456903395337  0.11152414  -0.17841646  -0.8959575
456  1456903395377  0.11164173  -0.17841747  -0.8959244
457  1456903395378  0.111819506  -0.17847526  -0.8958686
458  1456903395416  0.11207439  -0.17869774  -0.8958128
459  1456903395417  0.112120524  -0.17881513  -0.8958077
460  1456903395456  0.112265565  -0.17875132  -0.8957967
461  1456903395461  0.112266496  -0.17874074  -0.8957965
462  1456903395500  0.11214045  -0.1788047  -0.89581984
463  1456903395501  0.11198845  -0.17876607  -0.89583987
464  1456903395538  0.11219682  -0.17883348  -0.89578277
465  1456903395539  0.11267891  -0.17899388  -0.8957009
466  1456903395575  0.1128272  -0.17909428  -0.8956941
467  1456903395576  0.112495095  -0.17906335  -0.8957507
468  1456903395616  0.11242828  -0.17891774  -0.8957837
469  1456903395616  0.11276816  -0.17878458  -0.89577156
470  1456903395656  0.11299403  -0.17886555  -0.89574796
471  1456903395657  0.112802655  -0.17896682  -0.89580303
472  1456903395697  0.112495095  -0.1787588  -0.8959028
473  1456903395697  0.11236118  -0.17851293  -0.8959423
474  1456903395735  0.11259237  -0.17864919  -0.8958768
475  1456903395736  0.11273853  -0.1788744  -0.895834
476  1456903395779  0.11264577  -0.1788609  -0.89587396
477  1456903395781  0.11261356  -0.1786794  -0.8959536
478  1456903395816  0.11272699  -0.17859045  -0.8959876
479  1456903395816  0.11293184  -0.17849073  -0.89600784
480  1456903395856  0.11281269  -0.17836636  -0.8960635
481  1456903395860  0.11244292  -0.17833546  -0.896148
482  1456903395899  0.11226334  -0.17841667  -0.89619046
483  1456903395900  0.11241773  -0.17849737  -0.89616543
484  1456903395936  0.11288514  -0.17857319  -0.89609975
485  1456903395936  0.1131031  -0.17869848  -0.89606017
486  1456903395976  0.112950645  -0.17873642  -0.89609283
487  1456903395977  0.11264823  -0.17848784  -0.8961789
488  1456903396020  0.112578556  -0.17810118  -0.8962355
489  1456903396022  0.11272024  -0.17801204  -0.89621574
490  1456903396056  0.11294055  -0.1781592  -0.89614874
491  1456903396057  0.11317502  -0.17814597  -0.89609736
492  1456903396102  0.11309823  -0.17800415  -0.8961505
493  1456903396103  0.112685524  -0.17795536  -0.89622575
494  1456903396137  0.112375185  -0.17793411  -0.8963029
495  1456903396138  0.11254291  -0.17790303  -0.8963012
496  1456903396176  0.11291174  -0.17804462  -0.89625794
497  1456903396176  0.11285053  -0.17819023  -0.8962806
498  1456903396217  0.11255404  -0.17815804  -0.89635473
499  1456903396218  0.11272763  -0.17802158  -0.8963607
500  1456903396263  0.11321928  -0.17811584  -0.8962807
501  1456903396264  0.113389  -0.17825639  -0.8962346
502  1456903396296  0.11301122  -0.1782493  -0.8963168
503  1456903396297  0.112565845  -0.17798632  -0.89644974
504  1456903396336  0.11251106  -0.17778972  -0.8965028
505  1456903396337  0.1128714  -0.17764932  -0.8964992
506  1456903396377  0.113284394  -0.17753938  -0.8964872
507  1456903396377  0.11324506  -0.17755726  -0.8965073
508  1456903396416  0.113012195  -0.17757076  -0.8965089
509  1456903396417  0.11312484  -0.17757091  -0.8964583
510  1456903396459  0.1136456  -0.17765015  -0.89636225
511  1456903396462  0.11379549  -0.17771724  -0.89634866
512  1456903396498  0.11356634  -0.17764488  -0.8963904
513  1456903396499  0.11346179  -0.17751306  -0.89645916
514  1456903396536  0.113307215  -0.17752591  -0.8964825
515  1456903396537  0.113262884  -0.17756528  -0.8964638
516  1456903396576  0.11342117  -0.17767045  -0.8964161
517  1456903396577  0.11343337  -0.17774835  -0.8964253
518  1456903396618  0.113289125  -0.17746833  -0.89650553
519  1456903396618  0.11349934  -0.17708078  -0.8965364
520  1456903396656  0.11385766  -0.17710322  -0.8964961
521  1456903396658  0.11402132  -0.17731842  -0.8964698
522  1456903396696  0.1137806  -0.1772652  -0.8965394
523  1456903396697  0.113576084  -0.1770488  -0.8965996
524  1456903396739  0.11361205  -0.17706126  -0.8966051
525  1456903396742  0.11372675  -0.17727011  -0.8965618
526  1456903396783  0.113760434  -0.17726216  -0.8965656
527  1456903396784  0.11374572  -0.17706212  -0.89659077
528  1456903396816  0.11371051  -0.1771242  -0.8965897
529  1456903396817  0.11366344  -0.17736435  -0.89659125
530  1456903396858  0.11359974  -0.17737672  -0.8965995
531  1456903396859  0.113883935  -0.17721671  -0.8965817
532  1456903396896  0.11419259  -0.17715505  -0.89653236
533  1456903396897  0.11406409  -0.17727649  -0.8965313
534  1456903396936  0.11361418  -0.1773301  -0.89659625
535  1456903396937  0.11326024  -0.1771734  -0.8967008
536  1456903396978  0.1132952  -0.1770418  -0.8967152
537  1456903396978  0.113560446  -0.17707634  -0.89667135
538  1456903397016  0.11383917  -0.17720026  -0.89661664
539  1456903397016  0.11390347  -0.1771892  -0.8966525
540  1456903397056  0.11356913  -0.1770136  -0.8967623
541  1456903397057  0.1133657  -0.17691565  -0.8968112
542  1456903397097  0.11355903  -0.17710105  -0.8967264
543  1456903397098  0.11378661  -0.17720744  -0.896671
544  1456903397137  0.11364331  -0.17711234  -0.89672965
545  1456903397137  0.11332723  -0.1770255  -0.89683074
546  1456903397177  0.11340391  -0.17700899  -0.89683455
547  1456903397177  0.113786444  -0.17697266  -0.89679724
548  1456903397218  0.11381148  -0.17689717  -0.89678544
549  1456903397219  0.11379504  -0.17683941  -0.89678174
550  1456903397257  0.11375039  -0.17692068  -0.8967863
551  1456903397259  0.11378061  -0.1768904  -0.8968087
552  1456903397302  0.113789566  -0.17673483  -0.8968696
553  1456903397304  0.113785096  -0.17645654  -0.8969242
554  1456903397338  0.11385539  -0.17633897  -0.8969206
555  1456903397339  0.11373203  -0.17648402  -0.89695257
556  1456903397379  0.11334775  -0.17631176  -0.89708394
557  1456903397380  0.113004416  -0.17565843  -0.8972704
558  1456903397417  0.11265649  -0.17517388  -0.89743465
559  1456903397418  0.112284824  -0.17514282  -0.8975491
560  1456903397459  0.11225811  -0.17512783  -0.8976472
561  1456903397460  0.1122076  -0.17495826  -0.8977228
562  1456903397497  0.11191425  -0.17507702  -0.8977459
563  1456903397497  0.11174327  -0.17598403  -0.89767796
564  1456903397536  0.11183534  -0.17707029  -0.89756733
565  1456903397537  0.11190149  -0.17763564  -0.897443
566  1456903397578  0.11178033  -0.17807499  -0.8972885
567  1456903397578  0.11219002  -0.1792252  -0.89691097
568  1456903397616  0.112714216  -0.18040663  -0.8964651
569  1456903397617  0.11335239  -0.18111658  -0.89605886
570  1456903397657  0.114192344  -0.18203789  -0.89560205
571  1456903397658  0.115342766  -0.18353388  -0.89507717
572  1456903397697  0.11671046  -0.18569478  -0.8943804
573  1456903397698  0.11851187  -0.18737122  -0.89364535
574  1456903397738  0.11992022  -0.18839124  -0.89298314
575  1456903397741  0.12122184  -0.1888791  -0.89236575
576  1456903397781  0.12269819  -0.18944293  -0.89164346
577  1456903397782  0.12454671  -0.19069904  -0.8908059
578  1456903397817  0.1266384  -0.19281754  -0.8898526
579  1456903397819  0.12854347  -0.195129  -0.8887767
580  1456903397858  0.13010006  -0.19732723  -0.88769
581  1456903397861  0.13158631  -0.19861591  -0.8868745
582  1456903397901  0.13302037  -0.19957402  -0.88611597
583  1456903397901  0.13451223  -0.20053524  -0.885349
584  1456903397938  0.1358949  -0.20153245  -0.8845901
585  1456903397939  0.13735847  -0.20283028  -0.8837908
586  1456903397977  0.13871728  -0.2040382  -0.8830791
587  1456903397977  0.13962658  -0.20482439  -0.8825765
588  1456903398022  0.14025614  -0.20527464  -0.8822138
589  1456903398024  0.14091614  -0.20513284  -0.88203377
590  1456903398082  0.14137024  -0.20506063  -0.8818694
591  1456903398084  0.14162473  -0.20497563  -0.881839
592  1456903398085  0.14178064  -0.2048111  -0.881885
593  1456903398124  0.14208716  -0.20462123  -0.88190657
594  1456903398124  0.14293875  -0.20432287  -0.88173825
595  1456903398157  0.14421684  -0.20348847  -0.8813631
596  1456903398179  0.1458804  -0.20203537  -0.8806996
597  1456903398210  0.14705314  -0.20185572  -0.88000065
598  1456903398223  0.14649425  -0.20480627  -0.8795956
599  1456903398238  0.14398643  -0.20543072  -0.88002163
600  1456903398238  0.14304724  -0.20332918  -0.8806953
