1  1427890214258  0.8315721816052339  -0.17802392920455606  -0.5261133264184679
2  1427890214413  0.7712758748804829  -0.3585284494885539  -0.5259190929957764
3  1427890214435  0.7722098751278033  -0.3574748842620483  -0.5252652787787717
4  1427890214845  0.7728740039210775  -0.35760579059690706  -0.5241983326842887
5  1427890214866  0.7714858500545217  -0.36366405045070027  -0.5220708976232352
6  1427890214868  0.7653289907626188  -0.3789803250995032  -0.5202359385373754
7  1427890214887  0.7599041443976119  -0.39050894161578065  -0.5196618445102447
8  1427890214963  0.7590606381458702  -0.39348594674812626  -0.5186480319153683
9  1427890215183  0.7747153518839667  -0.3752486490365796  -0.5089249421824948
10  1427890215290  0.7789200054866534  -0.3680288886726792  -0.5077778857753243
11  1427890215423  0.7768922086107075  -0.3671117758906839  -0.5115343986568144
12  1427890215637  0.768683251998165  -0.3839255445190277  -0.5115928376657344
13  1427890215745  0.7697476653819018  -0.38789150350056817  -0.506980011180513
14  1427890215852  0.7735603490732907  -0.3877224994192664  -0.5012740480234266
15  1427890215959  0.774384460952005  -0.38848176193454653  -0.49941025485014734
16  1427890216066  0.7716079583532762  -0.39176024221356226  -0.5011437520473572
17  1427890216169  0.7713587992991311  -0.39348613452116293  -0.5001742195967616
18  1427890216275  0.7853094439782242  -0.3869262132098201  -0.4832982597536044
19  1427890216380  0.8209422575286741  -0.36483379631577306  -0.4392609074204854
20  1427890216486  0.8704803124549036  -0.3249901348477094  -0.36965585737321316
21  1427890216589  0.9148156574355855  -0.28285683811713724  -0.28827812465076263
22  1427890216696  0.9550123388998464  -0.23539834148305505  -0.18038570358919426
23  1427890216808  0.9933253109612712  -0.11513759913407312  0.00694211333399547
24  1427890216916  0.9518734821980175  0.11048092788321284  0.285886152306027
25  1427890217023  0.7426708467125778  0.34016969238647987  0.5768228007406968
26  1427890217135  0.4610096359553797  0.42369680954674305  0.7797122544244406
27  1427890217241  0.2631453861290538  0.39021770276243295  0.8823178188504173
28  1427890217352  0.08826045712169162  0.335999463805539  0.9377176879335849
29  1427890217457  -0.018289473217464547  0.2644102432024411  0.9642368620592094
30  1427890217561  -0.05777536347353163  0.20348382069876525  0.9773721663015706
31  1427890217669  -0.02289351863689859  0.16372695097964396  0.9862400221418017
32  1427890217779  0.040024239979867815  0.12929786507258623  0.9907977283906888
33  1427890217892  0.08602590102720953  0.10614135124625146  0.9906228082227289
34  1427890218000  0.10274190954763895  0.10452614388542614  0.9892008831694525
35  1427890218106  0.10199884412772597  0.11506167747920482  0.9881078045973473
36  1427890218216  0.09520258590649533  0.1259139399082867  0.9874624749904193
37  1427890218322  0.09029928456899228  0.1322428640947102  0.9870956639065369
38  1427890218431  0.09318061095492247  0.13486495570471546  0.9864729191467507
39  1427890218538  0.10513094125175115  0.13220489358266874  0.9856314483321125
40  1427890218645  0.12000330557725469  0.12212322693786137  0.9852335394539589
41  1427890218754  0.1300079853439371  0.10894923854694039  0.9855090008823986
42  1427890218858  0.132136006008988  0.10177771721382722  0.985992588196126
43  1427890218966  0.1288650771809401  0.10219502510817668  0.9863822673636271
44  1427890219071  0.126133238260433  0.10421078612687307  0.9865244651925629
45  1427890219177  0.1258851703085888  0.10400282977375297  0.9865780977489447
46  1427890219297  0.12344157830170843  0.10478580532006898  0.986803983990594
47  1427890219404  0.1114640375594611  0.11450070991676942  0.9871501159516072
48  1427890219508  0.09420764912530544  0.13089655455572458  0.9869098287920215
49  1427890219611  0.09304987989291646  0.13568309043566895  0.9863730664000379
50  1427890219717  0.14814041477072237  0.09120928805545847  0.984751386629525
51  1427890219825  0.2784329799802059  -0.06434489544334365  0.9582978783203373
52  1427890219933  0.42633561320835445  -0.34815532622984147  0.834880711153525
53  1427890220044  0.5280893230922539  -0.6179605670318074  0.5824486358208039
54  1427890220149  0.5841239744295765  -0.7421632310606583  0.32862275083742887
55  1427890220253  0.6194021591132673  -0.7770499230999723  0.11195701960555882
56  1427890220366  0.6450147834873726  -0.759483535720928  -0.08450248824096479
57  1427890220474  0.6721805011038371  -0.7015942397425916  -0.2365140757743971
58  1427890220585  0.6988665248828041  -0.6215956378136811  -0.3538423985851038
59  1427890220692  0.7343146759455905  -0.5211741611619161  -0.43492467605836715
60  1427890220809  0.7651390810744063  -0.4132785769721161  -0.4937236345460523
61  1427890220920  0.7809489572813151  -0.32448905034909364  -0.5336905541596328
62  1427890221026  0.7815924217754713  -0.28439182565948773  -0.5551887953427688
63  1427890221344  0.7828788909532993  -0.2515022941557201  -0.5690757534497783
64  1427890221450  0.7814408203767413  -0.2764678300161799  -0.5593887747412092
65  1427890221558  0.7749302278556947  -0.3152371456165026  -0.5478217780902561
66  1427890221665  0.7666583092640753  -0.33846055308346823  -0.5456001458007163
67  1427890221775  0.7600251250631762  -0.34514279512027257  -0.5506707444154335
68  1427890221884  0.7567519827513021  -0.3429076161468966  -0.5565436432217432
69  1427890221993  0.7545231611066454  -0.3409134597743383  -0.5607787430784004
70  1427890222101  0.7526649140521895  -0.34228128726232043  -0.5624402838690357
71  1427890222204  0.7511815931183539  -0.34647754103717304  -0.5618536748799756
72  1427890222357  0.7507621586594162  -0.3503013377666315  -0.5600403336553761
73  1427890222452  0.7490815856348152  -0.355926801402009  -0.5587422605071009
74  1427890222558  0.7552276415810673  -0.35602382871289795  -0.5503437702412892
75  1427890222660  0.7780881087520661  -0.3510224774059818  -0.5209242733693893
76  1427890222770  0.8181586604326796  -0.33906481221258533  -0.46438283791682666
77  1427890222880  0.8749993041997008  -0.3079073295477228  -0.37358973382723804
78  1427890222988  0.9333990121829743  -0.24141511626153211  -0.2654900478308839
79  1427890223097  0.9896450389885076  -0.09340849038958665  -0.10898403192768885
80  1427890223207  0.9372876668980122  0.3044235591808465  0.1697587544731407
81  1427890223315  0.49918319446510573  0.6719724952792274  0.5470549439047705
82  1427890223423  0.11064212443247001  0.5569132633688314  0.8231682806251186
83  1427890223530  -0.00*  0.37667193325249126  0.9262937196110315
84  1427890223636  -0.04212906437623687  0.27811655140468794  0.9596230192540567
85  1427890223745  -0.02616684180577522  0.24746577670127223  0.9685432378979755
86  1427890223850  0.029034583641536216  0.2465715610267738  0.9686895614754825
87  1427890223962  0.10132116516517975  0.24228997743837133  0.9648987419442001
88  1427890224064  0.16069748388264316  0.22573556340991274  0.9608432532231745
89  1427890224167  0.19624077173479826  0.20549927086444053  0.9587802704220598
90  1427890224272  0.2093364765249035  0.19029490490284307  0.9591486361968329
91  1427890224377  0.20489091525085712  0.1879576522684161  0.9605683927194786
92  1427890224483  0.19039023531269095  0.19882272682505597  0.9613641697451598
93  1427890224586  0.17746795838236373  0.21330238369605925  0.9607326401402032
94  1427890224691  0.1739594904177295  0.2217349380893987  0.9594642845205783
95  1427890224794  0.17987617889401086  0.22199015831174385  0.958313589252457
96  1427890224903  0.1900766250560988  0.21802725853951688  0.9572538840461755
97  1427890225010  0.2010671291251711  0.21162579957093097  0.9564447254609725
98  1427890225115  0.20794274287140269  0.20641283353534834  0.9561137886798141
99  1427890225218  0.20087741407158077  0.2129531201838748  0.9561899533892726
100  1427890225322  0.17975098471616135  0.23270912022543455  0.955790797765335
101  1427890225436  0.18560744477813884  0.237319844960016  0.9535350960639679
102  1427890225551  0.27924664283357004  0.16310832786712903  0.94626474893328
103  1427890225653  0.4194539123132408  -0.032515889500335016  0.907194093394029
104  1427890225773  0.5492867549824441  -0.3414449763196981  0.76269219010704
105  1427890225878  0.6446557510105907  -0.6170016816349639  0.45136224927927004
106  1427890225982  0.7028739711658165  -0.6854563623362028  0.19004667021333022
107  1427890226085  0.7346326347465395  -0.6784268266389496  0.007205041092604336
108  1427890226191  0.7549311250091696  -0.6439863388200897  -0.12393779899334634
109  1427890226302  0.7698862044724297  -0.5962969821899555  -0.2273876659557139
110  1427890226409  0.7826060267123456  -0.5410700909658435  -0.30784892194753777
111  1427890226515  0.7903258072664858  -0.4904453411381269  -0.367217255620794
112  1427890226619  0.7963776383719412  -0.44846266294740783  -0.4057880303869088
113  1427890226726  0.8053281870472895  -0.41191055357555406  -0.42635224755937173
114  1427890226834  0.8155404146331939  -0.38164134121090165  -0.43502147482699627
115  1427890226942  0.822605883992725  -0.3641158909471791  -0.4367370254979388
116  1427890227046  0.8267708227584798  -0.36169916817450254  -0.4308407140422297
117  1427890227153  0.8309663486599927  -0.3696990982410265  -0.41571325426497996
118  1427890227257  0.8346064227781285  -0.3823731489662819  -0.39651337973512213
119  1427890227362  0.839846739540433  -0.3935405475384861  -0.37387599789317605
120  1427890227465  0.8512464339544117  -0.39575787782623184  -0.3446087788626322
121  1427890227574  0.8690604290321104  -0.3875254664735406  -0.3075028931818231
122  1427890227697  0.8877995906760696  -0.37430645484660907  -0.267780761208984
123  1427890227807  0.9029274957438105  -0.36106019395823474  -0.23314682817114907
124  1427890227919  0.9208962968950176  -0.33907137868232134  -0.19230330638581972
125  1427890228030  0.927931191511513  -0.33820519813401706  -0.15671926054098417
126  1427890228138  0.9113716989450142  -0.38424644426580085  -0.14750007798009346
127  1427890228246  0.8698023066946019  -0.4651492727432907  -0.16456028125387245
