1  1456068073513  -0.15935807  5.5039825  6.313031
2  1456068073591  -0.6214965  4.1445355  5.203654
3  1456068073684  -0.73096323  3.2397494  4.511672
4  1456068073791  -0.97658306  2.7564166  2.6017656
5  1456068073898  1.2172468  3.2898235  15.482501
6  1456068074017  -1.1600075  0.69305325  5.6598897
7  1456068074126  2.3392875  2.2418451  2.6667542
8  1456068074233  0.16854544  0.24020529  6.1266055
9  1456068074340  2.9098113  1.3439496  2.596467
10  1456068074458  -0.9360806  -0.24918485  5.5730147
11  1456068074581  2.5408218  2.693212  5.015713
12  1456068074689  4.3951693  5.5129857  -0.34015036
13  1456068074797  2.1781974  4.1526384  -5.8223763
14  1456068074907  -2.5751982  -2.4285567  -5.08078
15  1456068075016  1.2372322  2.3498747  6.1288047
16  1456068075124  -1.1420205  0.98712254  -2.1087463
17  1456068075239  -0.059411764  2.8252234  -0.26751614
18  1456068075348  1.7239847  2.7143173  0.23730993
19  1456068075456  0.90189576  2.1119113  0.38519526
20  1456068075564  0.49299002  2.0600781  0.6653919
21  1456068075673  -0.2059995  5.261882  2.0575914
22  1456068075790  1.1139817  3.7672868  2.5015235
23  1456068075899  0.021918416  0.1421051  -6.819781
24  1456068076009  -1.7454705  -0.8405118  -10.832737
25  1456068076117  -1.2522074  -1.4061513  -13.157274
26  1456068076226  -1.2863448  -0.6158457  -10.701524
27  1456068076338  -0.67963606  -0.063928604  -9.962345
28  1456068076445  -0.29295635  -0.05753565  -9.615801
29  1456068076554  -0.26366073  -0.05178213  -8.482605
30  1456068076662  -0.23729467  -0.5369363  -7.8059607
31  1456068076770  -1.1697136  -0.9735751  -6.6943903
32  1456068076881  -1.2121003  -1.3542914  -6.18431
33  1456068076989  -0.29409993  -2.027911  -6.215569
34  1456068077098  -0.7427641  -2.9651432  -5.1159377
35  1456068077207  -0.6684877  -3.3183196  -5.254035
36  1456068077325  -0.601639  -2.9864876  -4.0789404
37  1456068077437  -0.54147506  -3.3375297  -4.9581695
38  1456068077541  -0.009253338  -2.8444185  -3.493946
39  1456068077649  -0.16768607  -2.5599766  -4.1129575
40  1456068077758  0.32715672  -2.303979  -2.7332554
41  1456068077866  -0.66170734  -1.9019647  -3.2689786
42  1456068077978  -0.11746241  -1.55241  -1.9736738
43  1456068078087  -0.9147648  -0.26940417  -0.6362834
44  1456068078195  0.30447644  3.3247054  2.0138493
45  1456068078303  0.2740288  7.0497365  4.0802517
46  1456068078413  0.40598398  6.663479  2.3851037
47  1456068078533  1.3460506  5.0287247  -0.45216894
48  1456068078647  0.561755  1.118041  1.2111454
49  1456068078752  1.6333443  1.9869018  4.816558
50  1456068078860  0.5016031  2.1069279  14.546077
51  1456068078970  2.5598726  1.0871863  11.951447
52  1456068079080  0.84514606  -0.79898787  7.1891327
53  1456068079189  3.3471355  1.3770828  7.279268
54  1456068079330  0.90399206  0.43032598  8.169438
55  1456068079408  1.3039253  0.38729334  7.0337787
56  1456068079514  -0.934897  0.83889675  6.330401
57  1456068079638  -0.19171667  0.43629074  6.0160766
58  1456068079742  0.31778753  0.5520196  5.2551107
59  1456068079847  0.28600883  0.4968176  4.570242
60  1456068079954  -0.07356644  0.44713593  4.2725754
61  1456068080063  0.10540652  0.5617809  3.845318
62  1456068080173  0.25422394  0.34624434  3.4607863
63  1456068080279  0.22880149  0.47097826  3.1147077
64  1456068080388  0.20592129  0.26452208  2.643879
65  1456068080499  0.1853292  0.23807001  2.5388489
66  1456068080608  0.16679633  0.37362146  2.125606
67  1456068080719  0.15011668  0.33625937  2.0724034
68  1456068080828  0.13510501  0.3026333  1.7058053
69  1456068080936  -0.037763596  0.27236986  1.5352249
70  1456068081044  0.12537086  0.24513292  1.2223439
71  1456068081153  0.11283374  0.22061968  1.2594681
72  1456068081264  -0.057807684  0.19855785  1.1335211
73  1456068081372  0.10733116  0.17870188  1.0201688
74  1456068081481  -0.39373446  0.16083145  2.217533
75  1456068081589  0.7856622  2.2531781  7.830736
76  1456068081697  1.9942187  1.5375276  0.23204088
77  1456068081818  -0.14201665  -1.3743458  -6.2635527
78  1456068081927  -3.0330353  -2.205318  -14.54899
79  1456068082035  -1.1238925  1.4230251  -8.877232
80  1456068082143  -1.9676518  1.4400802  -8.479841
81  1456068082252  -0.6553801  1.7864046  -6.8228083
82  1456068082361  -0.430484  1.6077642  -7.108935
83  1456068082469  -0.38743562  1.6063461  -6.2386827
84  1456068082578  -0.6674081  0.63666296  -6.5832214
85  1456068082686  -1.2380996  -0.72638464  -6.4152317
86  1456068082794  -0.7955735  -0.8131046  -6.582758
87  1456068082910  -0.39729998  -1.8718171  -6.574172
88  1456068083019  -0.35756996  -2.1627097  -5.9167547
89  1456068083128  -0.6405291  -2.596129  -5.9747696
90  1456068083236  -1.3855249  -2.9862065  -5.536651
91  1456068083344  -0.91599786  -3.4966345  -4.8236275
92  1456068083459  -0.66504  -3.4779456  -4.6599817
93  1456068083567  -0.9172522  -3.7798414  -4.353341
94  1456068083676  -0.66616887  -3.0708828  -4.089624
95  1456068083784  -0.599552  -3.2541268  -3.6806617
96  1456068083899  -0.5395968  -2.5977397  -3.3125954
97  1456068084114  -0.48563713  -2.0192494  -2.9813356
98  1456068084223  -0.27771536  -2.1360407  -2.6832023
99  1456068084426  -0.40930188  -1.6037205  -2.4148817
100  1456068084450  -0.52772975  -1.4433485  -1.6830606
101  1456068084558  -0.3155987  -0.649323  -2.642519
102  1456068084670  -0.12468077  0.87434864  -1.5692186
103  1456068084784  -0.43092883  3.0547018  0.8554907
104  1456068084893  -0.87816846  4.367329  1.57899
105  1456068085001  -1.7587583  5.389335  3.3701634
106  1456068085106  -0.4551177  5.181376  5.779009
107  1456068085222  -0.568964  4.332264  6.500489
108  1456068085330  -0.19335145  3.2493472  3.74201
109  1456068085438  -0.1740163  1.9560056  2.7181184
110  1456068085547  0.97115016  1.441689  5.523143
111  1456068085655  1.5237257  0.80718756  9.187688
112  1456068085769  2.6707344  -0.24193764  11.836088
113  1456068085878  0.9449216  -0.38936043  10.971196
114  1456068085987  0.6788131  -1.0001149  0.48420823
115  1456068086095  0.7825481  -0.25041294  5.4494376
116  1456068086203  0.7042934  0.4243188  6.853565
117  1456068086315  1.1119382  0.38188696  6.1682086
118  1456068086423  0.6820283  0.34369802  5.8701043
119  1456068086532  0.7731835  0.30932808  4.9643774
120  1456068086640  0.69586515  0.4377532  4.2963233
121  1456068086749  0.7856367  0.2346201  4.038307
122  1456068086870  0.70707303  0.37051582  3.7938347
123  1456068086979  0.6363657  0.17410612  3.5738096
124  1456068087088  0.5727291  0.3160534  3.0570703
125  1456068087196  0.5154562  -0.034267902  2.7513633
126  1456068087305  0.46391058  0.2878747  2.4762268
127  1456068087419  0.41751957  0.09972906  2.3879623
128  1456068087528  -0.102306604  0.08975601  1.9898076
129  1456068087636  0.87633073  1.0614452  4.867664
130  1456068087744  0.94805574  2.2424235  1.622777
131  1456068087853  1.1842247  1.5401068  -0.31695604
132  1456068087978  -0.39293706  0.24607325  -5.2989106
133  1456068088082  -1.6407661  -0.26886654  -7.2084236
134  1456068088190  -1.3173316  0.0889945  -8.583753
135  1456068088299  -1.1855984  0.5704279  -8.21571
136  1456068088405  -1.0670385  1.322434  -6.5850906
137  1456068088515  -1.1196928  1.0308323  -5.1175327
138  1456068088618  -0.68900734  1.7367978  -4.9244957
139  1456068088724  -0.77946466  1.3915024  -4.603662
140  1456068088832  -1.0202343  1.0929937  -4.7807283
141  1456068088941  -0.44013667  0.3340044  -4.7929883
142  1456068089050  -0.5554811  -0.5084448  -4.96338
143  1456068089159  -0.659291  -1.4260073  -5.1167326
144  1456068089268  0.044070333  -2.2640715  -5.9044404
145  1456068089386  0.0396633  -3.006071  -5.3139963
146  1456068089495  -0.44237724  -3.02418  -5.4322867
147  1456068089616  0.079934694  -2.7217622  -4.889058
148  1456068089726  -0.406133  -2.7805605  -4.400152
149  1456068089831  -0.3655197  -2.6618624  -3.960137
150  1456068089937  -0.32896772  -2.0769598  -3.5641232
151  1456068090147  -0.45542902  -1.6976476  -3.0360951
152  1456068090258  -0.091169976  -1.8588576  -3.0634599
153  1456068090363  -0.24141105  -1.3419971  -2.757114
154  1456068090471  0.101446204  -1.5387721  -1.9910698
155  1456068090580  0.09130158  -1.5442529  -2.2822957
156  1456068090690  -0.23654471  -1.7085435  -1.8947077
157  1456068090800  0.1058259  -0.56928253  -0.4058566
158  1456068090909  -0.3828309  1.596075  1.9025173
159  1456068091018  -0.67552227  6.3030176  5.769767
160  1456068091126  0.20107862  4.532693  2.115954
161  1456068091235  -0.29710343  1.3213034  1.4140258
162  1456068091350  1.1790879  1.1891732  5.6488414
163  1456068091459  2.8386345  3.8283763  11.396988
164  1456068091568  2.395413  2.6364899  9.276625
165  1456068091676  -2.367446  -0.87561226  4.6224346
166  1456068091788  2.5519743  1.4919949  6.9183116
167  1456068091899  1.6470861  1.1711793  6.0671225
168  1456068092006  1.3230196  0.8947029  6.1101007
169  1456068092115  0.87200147  0.8052325  5.168116
170  1456068092222  0.9441594  0.5653515  4.822921
171  1456068092332  1.0091015  0.50881624  4.499987
172  1456068092449  0.7488333  0.45793438  3.4002976
173  1456068092663  -0.29445672  0.41214085  3.7099586
174  1456068092771  2.002777  2.1483812  5.7661085
175  1456068092880  1.8024993  2.4238758  3.2404258
176  1456068092989  1.2912749  1.0414648  0.8202119
177  1456068093100  -0.4559499  -0.1904459  -2.498004
178  1456068093209  -1.3787616  -0.5023761  -4.0256586
179  1456068093319  -1.2408855  -0.45213842  -6.381213
180  1456068093428  -0.79808086  0.57374  -4.9340434
181  1456068093534  -0.87763083  0.83508205  -4.9309716
182  1456068093644  -0.9492258  0.5922165  -3.2978513
183  1456068093751  -0.85430324  0.8517103  -3.4583988
184  1456068093859  -0.7688729  0.6071806  -3.1125588
185  1456068093967  -0.6919856  0.387105  -3.120019
186  1456068094080  -0.463429  0.3483944  -3.1389918
187  1456068094190  -0.4170861  0.15419674  -3.3031666
188  1456068094310  -0.69409364  -0.35155582  -2.654134
189  1456068094426  -0.14661008  -0.31640053  -3.84746
190  1456068094535  -0.45066518  -1.2531667  -3.622072
191  1456068094644  -0.88367283  -1.2994661  -3.750197
192  1456068094760  -0.6359475  -1.9785681  -3.86551
193  1456068094911  -0.7317108  -2.4304023  -3.9570332
194  1456068095026  -0.021107465  -2.5060782  -4.21102
195  1456068095146  -0.33771285  -2.5741868  -3.6305604
196  1456068095255  0.014774561  -2.4883842  -3.5862203
197  1456068095364  -0.14606096  -2.0679293  -2.749524
198  1456068095464  0.0279032  -2.1921105  -2.7932878
199  1456068095570  0.025112867  -1.6419253  -2.513959
200  1456068095677  0.18195963  -1.3183746  -2.1032057
201  1456068095784  0.0044056177  -1.5175118  -2.2116013
202  1456068095894  0.00396505  -1.1941442  -1.6717253
203  1456068095999  -0.15578954  -0.7560134  -1.1858358
204  1456068096234  -0.77764285  -0.6804118  -1.0672522
205  1456068096339  -0.6998786  -0.6123705  -0.13922024
206  1456068096470  -0.47053266  1.3979383  5.3786845
207  1456068096584  0.86364347  3.6852908  8.077011
208  1456068096689  2.0766604  3.9664521  9.537098
209  1456068096803  1.6973778  2.7607584  6.7936735
210  1456068096914  2.8270211  7.351233  11.961521
211  1456068097019  -1.4886658  -1.4988937  5.089771
212  1456068097130  0.106681705  -0.36833954  5.8679166
213  1456068097233  1.0644202  0.47754335  5.281125
214  1456068097337  0.6392621  0.42978907  5.243345
215  1456068097442  0.57533586  0.2274518  5.209343
216  1456068097548  0.99587655  0.36406517  4.688409
217  1456068097659  0.5775727  0.32765865  3.8885932
218  1456068097768  0.51981544  0.2948928  3.9900665
219  1456068097937  0.46783388  0.26540375  3.2723436
220  1456068098095  0.09007609  0.39822102  4.8819227
221  1456068098211  1.8707823  3.435236  6.342803
222  1456068098340  1.843062  -0.14448261  -1.9161484
223  1456068098527  -1.2587225  -1.2700582  -7.547232
224  1456068098636  -1.4515665  -0.65272045  -7.4421997
225  1456068098744  -1.7844839  -0.4280901  -6.3670053
226  1456068098852  -1.1279614  -0.22592306  -6.2206373
227  1456068098967  -1.0151652  0.44635963  -4.7895246
228  1456068099072  -0.7542906  0.73269844  -5.119621
229  1456068099190  -0.99757767  -0.48059464  -4.9263754
230  1456068099299  -0.5791037  -1.5603004  -5.892477
231  1456068099408  -0.8399095  -1.7352448  -4.8251553
232  1456068099519  -0.5965605  -2.530127  -5.3110466
233  1456068099633  -1.0149786  -2.926805  -4.779942
234  1456068099742  -0.43540657  -3.443173  -4.7922797
235  1456068099851  -1.0292982  -3.2582138  -4.3130517
236  1456068099960  -0.44829416  -3.104009  -4.041105
237  1456068100079  -0.72218084  -3.1123242  -4.127327
238  1456068100188  -0.012530506  -2.8010917  -3.3836198
239  1456068100297  -0.48935166  -2.2022665  -2.726541
240  1456068100406  -0.44041649  -1.8104236  -2.6132455
241  1456068100514  -0.715091  -1.3106651  -1.8615885
242  1456068100630  -0.16550767  -0.5299077  -1.3567138
243  1456068100739  -0.95800555  -0.31755877  0.23769712
244  1456068100848  -0.862205  1.8226271  0.54490185
245  1456068100957  2.1292357  5.366892  5.5163198
246  1456068101066  1.7569541  4.021154  14.195197
247  1456068101180  -0.35555482  2.80999  11.145323
248  1456068101289  0.15807487  2.0386581  8.572051
249  1456068101397  -0.4951649  1.6754341  8.364536
250  1456068101505  -1.0953391  1.1891747  6.4003177
251  1456068101613  0.1419597  1.2296157  6.2383604
252  1456068101730  -0.1909524  1.2660117  5.2958083
253  1456068101843  -0.33121523  0.82069445  5.415918
254  1456068101951  -0.45745176  0.89798355  5.1930423
255  1456068102061  0.066367604  0.47721052  4.673738
256  1456068102198  -0.25898528  0.7604642  4.0470066
257  1456068102310  -0.23308676  -0.124631405  3.4829473
