1  1456068073514  0.7533133546947681  0.028645247590983303  0.6570376812510972
2  1456068073592  0.7003766943365264  0.28010382657599586  0.6565167969985541
3  1456068073686  0.709115410113208  0.265950670348829  0.6530126466292785
4  1456068073792  0.7316440078771933  0.22355005069570666  0.6439894147611369
5  1456068073898  0.7743010295970709  0.13500214320616188  0.6182493982498265
6  1456068074018  0.8485536641683922  -0.0690136512393702  0.5245891813504446
7  1456068074126  0.8694119037422681  -0.27539523206589944  0.4102198701840152
8  1456068074234  0.8893060061215623  -0.3089416307080193  0.3371792359567092
9  1456068074341  0.9482694725282297  -0.04314725974024625  0.314520657559914
10  1456068074459  0.7554186075771503  0.5715582423664956  0.32041205388595806
11  1456068074582  0.36545455479091826  0.8735648634462556  0.3214458020356681
12  1456068074690  0.22726151093915758  0.9167264213540425  0.3285801227538352
13  1456068074798  0.14302339710165057  0.9079733775155012  0.39386375458964906
14  1456068074908  0.01757323522200238  0.8391266609893324  0.5436520908415368
15  1456068075017  -0.09755899680568181  0.6908530378831448  0.7163828746997138
16  1456068075126  -0.10093064411539343  0.5605362973020608  0.821956231958193
17  1456068075241  0.18658146020501576  0.578462840785704  0.7940831780974076
18  1456068075349  0.6276101571837529  0.3577722511291368  0.6914510806528007
19  1456068075457  0.7356250446130943  0.0909633842717712  0.6712536884734845
20  1456068075566  0.7066940579327792  0.042109948583808565  0.706264984425335
21  1456068075675  0.6743350566890625  0.09169297998656023  0.7327105173141071
22  1456068075791  0.651925062955307  0.14706672154081857  0.7438851547217862
23  1456068075900  0.6290844127330182  0.1824967312157435  0.7556108602204716
24  1456068076010  0.5706098496838212  0.215831913874311  0.7923516057009863
25  1456068076118  0.3626122336716797  0.26687528622174383  0.8929109443624359
26  1456068076228  -0.16580889822533607  0.00*  0.9861124774990682
27  1456068076338  -0.4946590309170418  -0.5593600963718259  0.6651531652306719
28  1456068076446  -0.5580693258045355  -0.6959253995322419  0.4519363474973881
29  1456068076555  -0.5828396711479871  -0.6935158586455208  0.4234780677709362
30  1456068076663  -0.6255975226222821  -0.6287774863962305  0.46180798297328796
31  1456068076771  -0.6870569433528961  -0.529025036867995  0.4980815899763762
32  1456068076882  -0.7468531343818967  -0.43541443780916406  0.502617811675373
33  1456068076990  -0.7903714519098681  -0.3860413277555408  0.4756942897787759
34  1456068077099  -0.818165461900012  -0.38876060201924784  0.4236395483230657
35  1456068077208  -0.8373676870417874  -0.418295865750258  0.3519146531598807
36  1456068077327  -0.8472282058172267  -0.46456508780558364  0.2576502410610919
37  1456068077438  -0.864409205674999  -0.47238222231038307  0.1721968679622634
38  1456068077542  -0.8886981043484314  -0.44457584290896923  0.1121070875937642
39  1456068077650  -0.9131876265690284  -0.4005236202116965  0.07529401264315716
40  1456068077759  -0.9371830491575128  -0.34386538002512285  0.05869014262320227
41  1456068077868  -0.956373184297213  -0.2866089529157168  0.05661837641117162
42  1456068077979  -0.9695844097554407  -0.2363213250149797  0.06370481715952203
43  1456068078088  -0.9770211618777873  -0.19815369741795047  0.0785159942108764
44  1456068078196  -0.9812703946454606  -0.152760894372585  0.11735638894578848
45  1456068078305  -0.9719940285642024  -0.017081509279409268  0.23438393871303287
46  1456068078415  -0.8198337856337923  0.2822039473428628  0.4982303648824171
47  1456068078535  -0.42741699672700406  0.4027384854267666  0.8093926277023371
48  1456068078648  -0.2665805675103581  0.3236545507277766  0.907844993834173
49  1456068078753  -0.29618229688087183  0.2926517002847886  0.9091925170874546
50  1456068078862  -0.39537895344885143  0.2337161792562803  0.8882861167906793
51  1456068078971  -0.27119373759874144  0.25292815446655936  0.9286987065911774
52  1456068079082  0.30592546578610325  0.01262)  0.9519717137059125
53  1456068079190  0.537950891656161  -0.4153742455830904  0.7335346478238701
54  1456068079331  0.6217062658624142  -0.49033673414244766  0.6107791857212567
55  1456068079408  0.6864740717145779  -0.4022402466788706  0.6057690492952662
56  1456068079515  0.7427827440002974  -0.19859730568582107  0.6394004228627646
57  1456068079638  0.7373052610043498  0.027294727321496737  0.6750080946990664
58  1456068079743  0.7187583503787902  0.10263018943875224  0.6876434127328999
59  1456068079847  0.7246262128561423  0.0673864107739417  0.6858395753034756
60  1456068079955  0.7319325874291902  0.025737636715021495  0.6808908042765438
61  1456068080064  0.7336913854917171  0.0022850188962051377  0.6794789781994481
62  1456068080174  0.7320867076217485  -0.0146101*  0.6810547464841257
63  1456068080280  0.7297637328183093  -0.031779026022543455  0.682960444115821
64  1456068080389  0.728354198800103  -0.04270986769197549  0.6838684172573011
65  1456068080500  0.7282722074126307  -0.043429561476526546  0.6839104332814774
66  1456068080609  0.7288080553068905  -0.035804678407093116  0.6837813300306905
67  1456068080721  0.7288724650720031  -0.02513190857853176  0.6841881216808687
68  1456068080829  0.727603369051316  -0.0141722)  0.6858516661653056
69  1456068080937  0.7250618252904992  -0.005767928295335345  0.6886596430268916
70  1456068081045  0.7218532925057133  -3.583806540170542E-4  0.6920459780041597
71  1456068081154  0.7183908598030424  0.0041926024023801745  0.6956270311236032
72  1456068081265  0.7154604582290469  0.00*  0.6985918234079236
73  1456068081374  0.7144595485424183  0.011*  0.6995745699598395
74  1456068081482  0.7169187991986004  0.004151753364668442  0.6971443011256593
75  1456068081590  0.7290919216262992  -0.03915671837889079  0.6832947620538476
76  1456068081699  0.7481739344740941  -0.12979607453646858  0.650683282881376
77  1456068081819  0.753976854663402  -0.20188584205747612  0.6251088036993409
78  1456068081928  0.7345892563157008  -0.15171083162845989  0.661333835474025
79  1456068082036  0.535979498795971  0.22004787624295563  0.8150489944896044
80  1456068082145  -0.24335859004805194  0.0294476097996339  0.9694892696779753
81  1456068082253  -0.4463687729529484  -0.48012657732178554  0.7551379799189002
82  1456068082362  -0.4848295110206502  -0.5290903339249262  0.6964221296758755
83  1456068082470  -0.49843067689271336  -0.4168143733323211  0.7601530388599329
84  1456068082579  -0.5033504931002053  -0.250194303815543  0.8270677644674382
85  1456068082687  -0.5120538224832138  -0.13742784148323306  0.8478882442172697
86  1456068082796  -0.5491744744242242  -0.14678759103535843  0.8227154996816886
87  1456068082911  -0.6024667141850362  -0.26504838665495  0.7528500621011354
88  1456068083020  -0.6442135329978216  -0.38036418265832705  0.6635600911476978
89  1456068083129  -0.6814007529911716  -0.455602972730186  0.5728166703692512
90  1456068083237  -0.7247692421281193  -0.4812180047472306  0.49309104913723756
91  1456068083346  -0.7797497206938715  -0.4605879433447855  0.4240862191831436
92  1456068083461  -0.8397769421099528  -0.4109973907889355  0.35476165246920743
93  1456068083569  -0.8975005387177131  -0.3321256974529163  0.29014703660938057
94  1456068083677  -0.9352527093192253  -0.2692503111278524  0.2297969520793579
95  1456068083785  -0.9592777857172701  -0.21702635697012762  0.18079184269602955
96  1456068083901  -0.9744001341765434  -0.16860043124441365  0.14872213386596922
97  1456068084116  -0.9882282084057832  -0.06893442196305216  0.13657618319242548
98  1456068084225  -0.9887502522957163  -0.027263340415558446  0.14707021702824363
99  1456068084428  -0.9862188476684661  0.0127064664)  0.164957358991618
100  1456068084451  -0.9841692032517873  0.028918252987174542  0.17485626620556927
101  1456068084560  -0.9830887538580895  0.03048378288685183  0.18057475184716232
102  1456068084671  -0.9797270564280078  0.04301952101402884  0.19566352735352188
103  1456068084785  -0.9645766541655922  0.10172880022280872  0.24339911516884438
104  1456068084893  -0.9177532081440731  0.20322037239318091  0.34121917977344207
105  1456068085001  -0.8138392250856086  0.3008540369488166  0.49714440972319807
106  1456068085107  -0.6727295466696823  0.2998895050632937  0.6763883803711401
107  1456068085223  -0.5011416525243497  0.19555145896533688  0.8429808245631794
108  1456068085331  -0.3448000065257375  0.04725917740953989  0.9374857437046487
109  1456068085439  -0.20745162207567702  -0.0510069748325499  0.9769145967394355
110  1456068085548  -0.1307050144250148  -0.09180449840926652  0.987161655854635
111  1456068085657  -0.10509813504353005  -0.10396697862799353  0.9890122547385758
112  1456068085771  -0.0414096052573143  -0.03415220594747925  0.9985583868808625
113  1456068085879  0.2518089766777436  0.006613902788157766  0.9677543484725106
114  1456068085988  0.44999064274904654  -0.3884739256243892  0.8041122041861044
115  1456068086096  0.5072781987319925  -0.5331420044667277  0.6770734344518594
116  1456068086205  0.5859335929538894  -0.4325680168481194  0.6852493908665256
117  1456068086316  0.6217123526091477  -0.10051895672348454  0.7767687299331527
118  1456068086424  0.5617420532992909  0.11252014419378042  0.8196249546703598
119  1456068086533  0.6063781215411375  0.09724611964246943  0.7892076521246985
120  1456068086641  0.6691528630980184  1.2125481699598595E-5  0.7431247442288829
121  1456068086752  0.691306399514092  -0.07548718407626254  0.718607777732803
122  1456068086871  0.6890588710835717  -0.09091242824442536  0.7189804046716812
123  1456068086981  0.6825962766129736  -0.08385685338057347  0.7259685566621012
124  1456068087089  0.6801147797323939  -0.08414087426417205  0.7282610568060335
125  1456068087197  0.6820540757900275  -0.09975324594766466  0.7244663734569841
126  1456068087307  0.6850822692047558  -0.11568565658498997  0.7192212290897828
127  1456068087421  0.6876822949511947  -0.1187508765654286  0.7162341389764038
128  1456068087529  0.6894622454916517  -0.1109109492788527  0.7157797388416185
129  1456068087637  0.6913883650714965  -0.11218298652446013  0.7137206042358848
130  1456068087745  0.6951336717841636  -0.1383718373967373  0.7054377502805167
131  1456068087855  0.6935276258313081  -0.16028654341486104  0.7023728407417842
132  1456068087978  0.6664924521202487  -0.07971737357771591  0.741237468665723
133  1456068088083  0.5700632421561078  0.08986301389747808  0.8166716064770227
134  1456068088191  0.24780996849517933  0.2651591732823375  0.9318158642625534
135  1456068088300  -0.12821831188537658  0.029511859811189645  0.9913067432949525
136  1456068088406  -0.3082216379715046  -0.31252795617524853  0.898513061193146
137  1456068088515  -0.37854489408199044  -0.4588352779590714  0.8038494689615518
138  1456068088618  -0.4052793791262701  -0.45520750122750453  0.7928018383282236
139  1456068088726  -0.4145293323208179  -0.3666905661222781  0.8328886162157403
140  1456068088834  -0.4154403673911702  -0.2469671764482202  0.8754521815614247
141  1456068088943  -0.41722804617993603  -0.16635937538502432  0.8934457488827903
142  1456068089051  -0.43981578063723425  -0.16018784422273313  0.8836865490828743
143  1456068089160  -0.482723925844077  -0.2133419949726587  0.8493896580940952
144  1456068089269  -0.5330139601857287  -0.29670266710872806  0.7923784741767914
145  1456068089387  -0.5865944700976087  -0.4044278662881098  0.7016730133856157
146  1456068089497  -0.6421335613550196  -0.47849506788470575  0.5989214856852794
147  1456068089617  -0.6862161981018584  -0.5404625168227803  0.48683425755506793
148  1456068089727  -0.7401576003261314  -0.5310738496333478  0.4124648995632185
149  1456068089832  -0.7876799925589479  -0.48986795736969785  0.3736169382877659
150  1456068089937  -0.8292086592225658  -0.4289678198535052  0.3583289123698101
151  1456068090148  -0.8854584512565187  -0.28495108951515036  0.3671051722023364
152  1456068090258  -0.8972403288889872  -0.23025738873701207  0.37675101846271275
153  1456068090364  -0.9019545127424378  -0.19571281644534477  0.38493447179053497
154  1456068090473  -0.9033831032849413  -0.18776304812086964  0.3855437838968836
155  1456068090582  -0.9039425859792427  -0.1959595080967047  0.38011533569117795
156  1456068090692  -0.9043300707970054  -0.21090620346544764  0.37108717886996345
157  1456068090801  -0.9040041012366897  -0.23058256395335275  0.3600114808498418
158  1456068090910  -0.9021595214905265  -0.23044906577507995  0.3646936020897318
159  1456068091019  -0.8902430723224586  -0.12968795638878206  0.4366329185375921
160  1456068091127  -0.7673556290756167  0.13088060539842683  0.6277225534750634
161  1456068091237  -0.4781608520299878  0.24799699868943859  0.8425317127936296
162  1456068091351  -0.29813161296924306  0.17882675252990676  0.9376238795622207
163  1456068091460  -0.23724198091730386  0.13202225938549716  0.9624377197916942
164  1456068091569  -0.10286114045957362  0.12386355027048879  0.9869536066038975
165  1456068091677  0.19296398167562323  0.011374140143730171  0.9811399070396236
166  1456068091789  0.3688506796711133  -0.21119607305730176  0.905177004803698
167  1456068091900  0.4296920853342545  -0.2669166793016242  0.8626240273872421
168  1456068092007  0.46061203379435867  -0.2018292903324186  0.8643503276899835
169  1456068092116  0.4777655661190128  -0.09046787205706064  0.8738166987434592
170  1456068092224  0.4957504449392438  -0.0013174427732982608  0.868464034781649
171  1456068092333  0.515394095250258  0.03514175134327502  0.8562324364420419
172  1456068092451  0.530932101562712  0.0378067876007675  0.8465705766367151
173  1456068092664  0.525802112265132  0.042844972135670956  0.8495272080738694
174  1456068092772  0.5174827193174174  0.05149618706749148  0.8541427299788324
175  1456068092881  0.5227928389626033  0.05232420478317934  0.8508523732474522
176  1456068092991  0.5409932263980872  0.051412129683719554  0.8394540949573361
177  1456068093101  0.5326777779379395  0.08158658885882608  0.8423764114169359
178  1456068093210  0.449682820016001  0.16454428932402632  0.8779012147483165
179  1456068093320  0.20354374220994487  0.25674640498494483  0.9448021942199034
180  1456068093429  -0.14010237214949228  0.11251004950440091  0.9837239538012614
181  1456068093535  -0.3343613856383243  -0.1645965426386482  0.9279603764251778
182  1456068093644  -0.40694518922916245  -0.30323733616993764  0.861651150664887
183  1456068093752  -0.42809690124107824  -0.2994737216640493  0.8526714157235364
184  1456068093860  -0.42537797284333756  -0.22157827549124942  0.8774717505981346
185  1456068093968  -0.41101940776457013  -0.1316737592951185  0.902067105099519
186  1456068094082  -0.4030516454084534  -0.0779784745041674  0.9118490596800939
187  1456068094191  -0.4178827926696016  -0.06952140158649911  0.9058370519521688
188  1456068094312  -0.45226761354783207  -0.09767453472080856  0.8865177427012014
189  1456068094427  -0.48514302487838457  -0.13473587611218107  0.8639921808182507
190  1456068094536  -0.5157878396251814  -0.1677274663025763  0.8401371413083716
191  1456068094646  -0.5519685331108004  -0.20516585211550642  0.8082312201149033
192  1456068094761  -0.5958201034540878  -0.2561109168356168  0.761186962251486
193  1456068094912  -0.6498256411315877  -0.3484594778291801  0.6755017545632427
194  1456068095027  -0.7178274496380022  -0.3315320232737673  0.6122174969516561
195  1456068095148  -0.7666884448742368  -0.3272947502881891  0.5523286817062036
196  1456068095346  -0.8099703837484915  -0.2958864502099108  0.5063587469266384
197  1456068095366  -0.8427135027208306  -0.2552400549332141  0.4740110392512751
198  1456068095464  -0.8677174109675962  -0.1996736704254758  0.45518888747757913
199  1456068095571  -0.8842023768038487  -0.13290378201334363  0.4477976578469196
200  1456068095678  -0.8915516698575088  -0.0665784778269074  0.4479988027026849
201  1456068095785  -0.8916501499974232  -0.0140412473117716*  0.4525072933836558
202  1456068095895  -0.8885742954414866  0.019146967056919983  0.45833297935229567
203  1456068096000  -0.8862455916295109  0.03042668903205481  0.4622152851467831
204  1456068096235  -0.8608710523338097  0.07384193003062922  0.5034365944193553
205  1456068096340  -0.8514581063589599  -0.03822910396431012  0.523027367454425
206  1456068096471  -0.8284263953372184  -0.0477388972052839  0.5580597669786815
207  1456068096584  -0.7676014970167806  -0.010)  0.6408354342619447
208  1456068096689  -0.5664819867119206  0.13334022430903403  0.8132149383572767
209  1456068096804  -0.08047485136504307  0.13499298058673315  0.987573136119984
210  1456068096915  0.23005035517410377  -0.07634480959464085  0.9701795153139177
211  1456068097020  0.35846990037500603  -0.1746403340635576  0.9170605589892595
212  1456068097130  0.42136421753748454  -0.18392621457038244  0.8880446850655392
213  1456068097233  0.45852969365318685  -0.13145984959806278  0.8789020642961809
214  1456068097338  0.47235639651020733  -0.0646743417532969  0.8790316784723018
215  1456068097442  0.4751584408207634  6.925120402954121E-4  0.8799000175244771
216  1456068097550  0.4818159431143645  0.06255726178974896  0.8740366114516647
217  1456068097661  0.5014456474902165  0.09943708588071587  0.8594559080686466
218  1456068097769  0.5219993788061448  0.10823448288515891  0.8460507598515221
219  1456068097938  0.5372719220336126  0.09838200790330731  0.8376514369293595
220  1456068098096  0.5443306750393617  0.07803359302597901  0.8352334606198148
221  1456068098213  0.5654550785462709  0.039658590407863015  0.8238250589881453
222  1456068098341  0.5926047834652977  0.0023816132268841272  0.805489843514998
223  1456068098528  0.3769466161117698  0.28477306034727334  0.8813713836297925
224  1456068098637  -0.05578334913484184  0.31886766436711156  0.9461562734830835
225  1456068098745  -0.3909057625615624  -0.10719898456424293  0.914166886275094
226  1456068098854  -0.46808372797102216  -0.41734655440631396  0.7789220101771495
227  1456068098968  -0.48745736734699463  -0.5011011504676217  0.7150405177485339
228  1456068099073  -0.5118951544958792  -0.4553740566205573  0.728421444812863
229  1456068099191  -0.5353555352480406  -0.334023768449244  0.7757722343877056
230  1456068099300  -0.5631766591568361  -0.21945713434627123  0.7966621834591194
231  1456068099409  -0.5988792138330661  -0.19909137380587194  0.775697309693637
232  1456068099521  -0.6431731890340364  -0.2841199737174638  0.7110584369531914
233  1456068099634  -0.6788529186924199  -0.3935840040857175  0.6198792880412141
234  1456068099743  -0.7153642486100695  -0.4545705996141465  0.5306783953915968
235  1456068099852  -0.7582456671962028  -0.47142497268872696  0.4503576349375802
236  1456068099962  -0.8062259132959817  -0.4521308806878886  0.3815461232187731
237  1456068100081  -0.8521744877931039  -0.41101080325437067  0.32383446894232826
238  1456068100189  -0.8992100064530826  -0.3290995167181687  0.2882965001192339
239  1456068100298  -0.9306410325743681  -0.24911561145491484  0.2680460423768203
240  1456068100407  -0.9497389175200064  -0.1715689701809457  0.2618397901655749
241  1456068100516  -0.9571747082473738  -0.1003713333242624  0.27155510162638485
242  1456068100631  -0.9532632735927131  -0.03713965746499914  0.2998495884326857
243  1456068100740  -0.9403336922413801  0.004352409641719124  0.34022581241155336
244  1456068100849  -0.9163600524367999  0.04456053695604534  0.39786758191939775
245  1456068100958  -0.8625396735655699  0.10694261888674994  0.4945589790995477
246  1456068101068  -0.6988191452756176  0.23021361119323047  0.6772396127070479
247  1456068101181  -0.2519785658314895  0.2599292488701652  0.9321714392900731
248  1456068101290  0.1752784726640524  -0.06324745859553826  0.9824852253889462
249  1456068101398  0.37897843528802433  -0.3164709529679455  0.8696099677675235
250  1456068101506  0.4885130054160669  -0.3717014073389633  0.7894258047732379
251  1456068101615  0.5798586097210485  -0.2530937205514292  0.7744078675202646
252  1456068101731  0.5923821790516755  -0.024527843134664273  0.8052835971822923
253  1456068101843  0.528349963387873  0.13455649749998244  0.8382963803816601
254  1456068101953  0.48783903198608414  0.19394050952438158  0.8511169694801008
255  1456068102062  0.5010219669676808  0.19654040355215852  0.8428220101571604
256  1456068102200  0.5579868328863746  0.1498301042728949  0.8162117184463291
257  1456068102311  0.5904357670269214  0.10611175978457243  0.8000786820358599
