1  1456068073514  0.2609077  -0.23477292  -0.6462233
2  1456068073592  0.29721212  -0.18612848  -0.5211651
3  1456068073686  0.29578975  -0.18459865  -0.5287089
4  1456068073792  0.29255253  -0.18060488  -0.5501254
5  1456068073898  0.2788983  -0.17602967  -0.59557927
6  1456068074018  0.21644546  -0.17087555  -0.6983253
7  1456068074126  0.14348066  -0.15486196  -0.78556406
8  1456068074234  0.10221492  -0.13727847  -0.8025104
9  1456068074341  0.096657336  -0.12792654  -0.7157031
10  1456068074459  0.123189695  -0.11644612  -0.4461448
11  1456068074582  0.14484182  -0.10385085  -0.20551987
12  1456068074690  0.15502796  -0.10042878  -0.13267678
13  1456068074798  0.19162108  -0.114811  -0.09640889
14  1456068074908  0.2782584  -0.15497518  -0.054853596
15  1456068075017  0.39183637  -0.19830352  -0.032214306
16  1456068075126  0.4651989  -0.21464005  -0.05763529
17  1456068075241  0.41082197  -0.20419317  -0.20492409
18  1456068075349  0.29649782  -0.23017412  -0.4829109
19  1456068075457  0.2379936  -0.27318606  -0.6307752
20  1456068075566  0.21722312  -0.3242178  -0.6570838
21  1456068075675  0.21324985  -0.35737345  -0.6392793
22  1456068075791  0.22887783  -0.3584869  -0.6116221
23  1456068075900  0.25665325  -0.3437284  -0.5855602
24  1456068076010  0.29660067  -0.34139338  -0.5514636
25  1456068076118  0.397763  -0.35919645  -0.45645037
26  1456068076228  0.6616068  -0.34956127  -0.23988406
27  1456068076338  0.8751906  -0.32759336  -0.117138535
28  1456068076446  0.9164064  -0.32563224  -0.09034391
29  1456068076555  0.9162346  -0.336655  -0.0852764
30  1456068076663  0.8980821  -0.37004513  -0.08852867
31  1456068076771  0.8688507  -0.4223473  -0.09803554
32  1456068076882  0.839831  -0.47594583  -0.11131541
33  1456068076990  0.82342845  -0.5115634  -0.12241833
34  1456068077099  0.82411057  -0.5231474  -0.12337776
35  1456068077208  0.8349555  -0.52013874  -0.109531835
36  1456068077327  0.85184115  -0.5071221  -0.0815426
37  1456068077438  0.85606605  -0.509342  -0.057810314
38  1456068077542  0.8488106  -0.52548563  -0.042526044
39  1456068077650  0.83621264  -0.546947  -0.03178426
40  1456068077759  0.8193913  -0.572432  -0.023034122
41  1456068077868  0.801891  -0.5967986  -0.016590789
42  1456068077979  0.7860808  -0.61727786  -0.015416664
43  1456068078088  0.77366835  -0.63236517  -0.02267454
44  1456068078196  0.757987  -0.6495874  -0.042849984
45  1456068078305  0.7069991  -0.69714373  -0.09323623
46  1456068078415  0.5580219  -0.7886404  -0.21796693
47  1456068078535  0.3577879  -0.81581074  -0.41306
48  1456068078648  0.31493387  -0.780325  -0.4888654
49  1456068078753  0.371932  -0.75220203  -0.4640482
50  1456068078862  0.47811028  -0.7024135  -0.3931316
51  1456068078971  0.44493312  -0.6823953  -0.41901127
52  1456068079082  0.1375317  -0.62171984  -0.68903613
53  1456068079190  0.0256243  -0.42604193  -0.84085107
54  1456068079331  2.9901E-4  -0.35365015  -0.8632313
55  1456068079408  -0.0013483106  -0.36238655  -0.8373281
56  1456068079515  0.03992147  -0.38768342  -0.7731138
57  1456068079638  0.12891123  -0.37789926  -0.6853718
58  1456068079743  0.18802783  -0.34204933  -0.6429078
59  1456068079847  0.20994462  -0.31473047  -0.6497923
60  1456068079955  0.20923308  -0.30815604  -0.66584736
61  1456068080064  0.19621769  -0.31778634  -0.67849547
62  1456068080174  0.1822426  -0.3306873  -0.6885439
63  1456068080280  0.1732263  -0.33887586  -0.6970525
64  1456068080389  0.16870418  -0.34261015  -0.702064
65  1456068080500  0.16675909  -0.34424528  -0.7027846
66  1456068080609  0.16680656  -0.3447706  -0.70005566
67  1456068080721  0.1684665  -0.3446296  -0.69583404
68  1456068080829  0.17162144  -0.34424743  -0.6911094
69  1456068080937  0.17530015  -0.34411353  -0.6871345
70  1456068081045  0.17899358  -0.3441729  -0.6842079
71  1456068081154  0.18257585  -0.34441808  -0.68159354
72  1456068081265  0.18530627  -0.34495386  -0.6789935
73  1456068081374  0.18616243  -0.3452698  -0.67776495
74  1456068081482  0.18416555  -0.34427887  -0.6811807
75  1456068081590  0.17281872  -0.33889502  -0.6997943
76  1456068081699  0.14648722  -0.32755917  -0.7371835
77  1456068081819  0.117827825  -0.324588  -0.7661981
78  1456068081928  0.120141745  -0.35362154  -0.7492806
79  1456068082036  0.26094824  -0.41355398  -0.5673465
80  1456068082145  0.67469317  -0.34237778  -0.17339356
81  1456068082253  0.8497934  -0.32456192  -0.13384508
82  1456068082362  0.8599165  -0.3447947  -0.15839435
83  1456068082470  0.8185114  -0.39314947  -0.19607711
84  1456068082579  0.7536529  -0.461522  -0.23896548
85  1456068082687  0.70650333  -0.5146726  -0.2637555
86  1456068082796  0.71487635  -0.521471  -0.249691
87  1456068082911  0.7674404  -0.48969185  -0.20870903
88  1456068083020  0.8127346  -0.46206915  -0.17217593
89  1456068083129  0.84151536  -0.44910094  -0.14019051
90  1456068083237  0.85270655  -0.4559144  -0.11619183
91  1456068083346  0.8480349  -0.483365  -0.10550237
92  1456068083461  0.83343726  -0.5222599  -0.10431214
93  1456068083569  0.8095957  -0.5678968  -0.103041954
94  1456068083677  0.7911153  -0.5998838  -0.09360429
95  1456068083785  0.77589536  -0.6235482  -0.08061993
96  1456068083901  0.7611917  -0.6435925  -0.069909744
97  1456068084116  0.72827274  -0.68145424  -0.063922085
98  1456068084225  0.7134608  -0.6964282  -0.06786275
99  1456068084428  0.69858336  -0.71035737  -0.07502033
100  1456068084451  0.6923414  -0.7158553  -0.07876723
101  1456068084560  0.6914668  -0.71631444  -0.08143563
102  1456068084671  0.68602043  -0.72046036  -0.08869162
103  1456068084785  0.66125137  -0.7395979  -0.109005645
104  1456068084893  0.61252326  -0.77075744  -0.15233211
105  1456068085001  0.54432243  -0.79775995  -0.23083776
106  1456068085107  0.48789233  -0.79215914  -0.3346884
107  1456068085223  0.44443408  -0.7509782  -0.45244074
108  1456068085331  0.4378249  -0.683461  -0.5335539
109  1456068085439  0.4480454  -0.6181387  -0.56987613
110  1456068085548  0.507306  -0.54641014  -0.5371619
111  1456068085657  0.5956865  -0.45448157  -0.44400573
112  1456068085771  0.58925074  -0.42154998  -0.41214034
113  1456068085879  0.34768748  -0.50907916  -0.61303055
114  1456068085988  0.08171429  -0.45373046  -0.8291922
115  1456068086096  0.03433975  -0.37500063  -0.8748667
116  1456068086205  0.07354309  -0.373222  -0.8431343
117  1456068086316  0.20227018  -0.38946563  -0.713685
118  1456068086424  0.29850268  -0.36104035  -0.5955133
119  1456068086533  0.27932402  -0.3465528  -0.61102784
120  1456068086641  0.22945592  -0.34349295  -0.6688377
121  1456068086752  0.19832519  -0.3442354  -0.7059821
122  1456068086871  0.19087555  -0.34965047  -0.7134583
123  1456068086981  0.1911713  -0.3557664  -0.7109022
124  1456068087089  0.1887057  -0.3596701  -0.71166044
125  1456068087197  0.18191615  -0.36074007  -0.7188763
126  1456068087307  0.1760248  -0.35982823  -0.7258499
127  1456068087421  0.17469311  -0.35819483  -0.7272261
128  1456068087529  0.17752789  -0.35620204  -0.72383654
129  1456068087637  0.1793451  -0.35301185  -0.7238279
130  1456068087745  0.17333667  -0.3491687  -0.73426175
131  1456068087855  0.1645313  -0.35184383  -0.7436886
132  1456068087978  0.18381819  -0.37490577  -0.71138567
133  1456068088083  0.25220075  -0.4034522  -0.62567025
134  1456068088191  0.43158686  -0.3941654  -0.42562094
135  1456068088300  0.64892685  -0.34442204  -0.2532548
136  1456068088406  0.7855754  -0.31990248  -0.19782642
137  1456068088515  0.8331428  -0.31970137  -0.18785816
138  1456068088618  0.829438  -0.3394651  -0.19908893
139  1456068088726  0.7934391  -0.3820106  -0.2319476
140  1456068088834  0.737468  -0.44380277  -0.2821782
141  1456068088943  0.6929556  -0.49371463  -0.32092398
142  1456068089051  0.6903111  -0.5068083  -0.32181445
143  1456068089160  0.7225602  -0.49105588  -0.29082248
144  1456068089269  0.76643175  -0.4658859  -0.24684754
145  1456068089387  0.8153471  -0.43720084  -0.19345045
146  1456068089497  0.84651417  -0.42863506  -0.1505367
147  1456068089617  0.870584  -0.4228819  -0.110971786
148  1456068089727  0.8697136  -0.44618863  -0.09557809
149  1456068089832  0.85797036  -0.47715366  -0.09391936
150  1456068089937  0.83929354  -0.5121935  -0.10035071
151  1456068090148  0.7910436  -0.5820556  -0.12932749
152  1456068090258  0.77185297  -0.60554373  -0.13918221
153  1456068090364  0.7598084  -0.61928815  -0.14334424
154  1456068090473  0.7576899  -0.62194055  -0.14066823
155  1456068090582  0.7616843  -0.61812836  -0.13347952
156  1456068090692  0.7680795  -0.61177963  -0.12452692
157  1456068090801  0.7757308  -0.6038965  -0.11633153
158  1456068090910  0.7754646  -0.6034848  -0.117809996
159  1456068091019  0.7356331  -0.6391977  -0.15390892
160  1456068091127  0.60230875  -0.72529465  -0.2679251
161  1456068091237  0.4366616  -0.75997347  -0.43049756
162  1456068091351  0.37220797  -0.73067987  -0.52158207
163  1456068091460  0.38667822  -0.6970898  -0.5333562
164  1456068091569  0.3523118  -0.67254  -0.5603076
165  1456068091677  0.18917646  -0.6350933  -0.6771449
166  1456068091789  0.09371852  -0.5488091  -0.77253795
167  1456068091900  0.112105414  -0.49849194  -0.7879662
168  1456068092007  0.16364217  -0.48222977  -0.75771755
169  1456068092116  0.20256141  -0.48024914  -0.7100724
170  1456068092224  0.2192654  -0.47492537  -0.6727417
171  1456068092333  0.22310293  -0.4645381  -0.65776455
172  1456068092451  0.2246978  -0.45336652  -0.6562069
173  1456068092664  0.24956886  -0.43555912  -0.64520764
174  1456068092772  0.26329532  -0.42938536  -0.6363391
175  1456068092881  0.26260743  -0.42641845  -0.63629806
176  1456068092991  0.24218498  -0.43240812  -0.6447018
177  1456068093101  0.2300496  -0.451204  -0.637404
178  1456068093210  0.2645807  -0.4772308  -0.58968204
179  1456068093320  0.39434314  -0.48295838  -0.46488738
180  1456068093429  0.5886225  -0.43861935  -0.311879
181  1456068093535  0.72576  -0.39620444  -0.23573443
182  1456068093644  0.7785384  -0.38412964  -0.21329935
183  1456068093752  0.77542317  -0.3998942  -0.22012672
184  1456068093860  0.7398339  -0.4385406  -0.25186297
185  1456068093968  0.69102466  -0.48787004  -0.29718983
186  1456068094082  0.6563287  -0.52367115  -0.32897097
187  1456068094191  0.65185153  -0.5354032  -0.3314367
188  1456068094312  0.6734593  -0.52678955  -0.30869055
189  1456068094427  0.6977368  -0.51438063  -0.28378037
190  1456068094536  0.71706  -0.50665534  -0.26398608
191  1456068094646  0.7371404  -0.50079495  -0.24332474
192  1456068094761  0.76128477  -0.4945618  -0.22022933
193  1456068094912  0.7987951  -0.48019433  -0.19014762
194  1456068095027  0.79444206  -0.51384205  -0.18608554
195  1456068095148  0.7965969  -0.5311034  -0.17053087
196  1456068095346  0.7898149  -0.554364  -0.15535657
197  1456068095366  0.7792648  -0.57705575  -0.14271085
198  1456068095464  0.762211  -0.6034259  -0.13737245
199  1456068095571  0.7396715  -0.6322606  -0.13906085
200  1456068095678  0.7158408  -0.6590376  -0.14443395
201  1456068095785  0.6960858  -0.67898494  -0.14995055
202  1456068095895  0.6831737  -0.6908378  -0.15394866
203  1456068096000  0.67855823  -0.6946238  -0.15603007
204  1456068096235  0.6528034  -0.711241  -0.19216329
205  1456068096340  0.69321084  -0.6674471  -0.19640082
206  1456068096471  0.68969446  -0.6622536  -0.21952447
207  1456068096584  0.6603559  -0.6684038  -0.26336056
208  1456068096689  0.54108655  -0.7054622  -0.37490696
209  1456068096804  0.2955685  -0.69822985  -0.58748853
210  1456068096915  0.15767828  -0.6120878  -0.71645653
211  1456068097020  0.11240734  -0.55754113  -0.75807965
212  1456068097130  0.12192667  -0.5264217  -0.759669
213  1456068097233  0.17648028  -0.4964298  -0.73115295
214  1456068097338  0.24121198  -0.4615054  -0.6885884
215  1456068097442  0.28466326  -0.4343438  -0.64700896
216  1456068097550  0.29491463  -0.4244896  -0.61785656
217  1456068097661  0.28155884  -0.42452386  -0.60910267
218  1456068097769  0.2663872  -0.4249877  -0.6123076
219  1456068097938  0.25746658  -0.4226794  -0.62009674
220  1456068098096  0.25794327  -0.41667792  -0.62805134
221  1456068098213  0.24544792  -0.41137752  -0.648017
222  1456068098341  0.2208255  -0.41048157  -0.67085415
223  1456068098528  0.3293444  -0.44151983  -0.499145
224  1456068098637  0.5204026  -0.40947545  -0.26409715
225  1456068098745  0.7377032  -0.3404749  -0.09691998
226  1456068098854  0.83580935  -0.33124855  -0.10047892
227  1456068098968  0.85415626  -0.34634852  -0.14480215
228  1456068099073  0.8320381  -0.3868196  -0.18814786
229  1456068099191  0.78378624  -0.44802734  -0.22954524
230  1456068099300  0.73691773  -0.50902486  -0.2582263
231  1456068099409  0.73299706  -0.52750766  -0.24952154
232  1456068099521  0.77408916  -0.5023341  -0.20699267
233  1456068099634  0.8185703  -0.4714776  -0.1635073
234  1456068099743  0.8416806  -0.46404445  -0.1373284
235  1456068099852  0.84906614  -0.4747694  -0.12165187
236  1456068099962  0.8447978  -0.4982708  -0.11127504
237  1456068100081  0.83361113  -0.52708286  -0.10294603
238  1456068100189  0.8091054  -0.5689854  -0.09948978
239  1456068100298  0.7844281  -0.6050468  -0.09607461
240  1456068100407  0.759499  -0.6368307  -0.09458189
241  1456068100516  0.73502904  -0.66395324  -0.09958903
242  1456068100631  0.71084946  -0.68665653  -0.115164526
243  1456068100740  0.69216156  -0.7004818  -0.13688013
244  1456068100849  0.67070234  -0.7127984  -0.16696738
245  1456068100958  0.63235986  -0.73035955  -0.2159854
246  1456068101068  0.5358312  -0.761534  -0.3126949
247  1456068101181  0.33031797  -0.7558659  -0.5108086
248  1456068101290  0.17850737  -0.6238114  -0.70693624
249  1456068101398  0.13270621  -0.4905042  -0.80039024
250  1456068101506  0.15471733  -0.413122  -0.8135805
251  1456068101615  0.22938944  -0.3620339  -0.7575799
252  1456068101731  0.33445004  -0.3039868  -0.6327773
253  1456068101843  0.40365282  -0.25668815  -0.5194094
254  1456068101953  0.4227767  -0.24419464  -0.47359222
255  1456068102062  0.40985474  -0.25158435  -0.48347586
256  1456068102200  0.37632364  -0.2641584  -0.53241473
257  1456068102311  0.35504133  -0.27250895  -0.56647134
