1  1427890214235  -2.3290794  -5.2165933  8.104107
2  1427890214411  -2.5197644  -5.2165933  8.281172
3  1427890214425  -2.152015  -5.2165933  7.913422
4  1427890214843  -2.3290794  -5.039529  8.458236
5  1427890214846  -2.3290794  -5.3936577  8.104107
6  1427890214867  -1.9749504  -5.039529  8.104107
7  1427890214869  -2.5197644  -5.039529  8.458236
8  1427890214960  -2.152015  -5.2165933  8.281172
9  1427890215181  -2.5197644  -5.039529  8.104107
10  1427890215288  -2.152015  -5.2165933  8.281172
11  1427890215421  -2.152015  -5.039529  8.281172
12  1427890215635  -2.152015  -5.039529  8.635301
13  1427890215743  -1.9749504  -5.039529  8.281172
14  1427890215850  -1.7978859  -5.039529  8.458236
15  1427890215956  -1.9749504  -5.039529  8.281172
16  1427890216064  -1.7978859  -4.862464  8.635301
17  1427890216167  -2.152015  -4.671779  10.446807
18  1427890216274  -1.9749504  -3.7728362  12.244693
19  1427890216378  -1.253072  -2.6968288  11.699879
20  1427890216484  0.35412905  -1.0760075  9.357179
21  1427890216587  1.0760075  1.4301366  8.458236
22  1427890216694  0.89894295  4.671779  7.559293
23  1427890216806  2.5197644  5.938472  5.3936577
24  1427890216913  3.050958  7.1915436  3.9499009
25  1427890217021  2.8738933  7.913422  1.9749504
26  1427890217133  2.8738933  8.458236  0.17706452
27  1427890217239  1.6208214  9.00305  -1.253072
28  1427890217348  0.7082581  9.534244  -1.0760075
29  1427890217452  1.6208214  10.256122  0.35412905
30  1427890217558  1.6208214  9.901993  -0.0
31  1427890217668  1.4301366  9.901993  -0.7082581
32  1427890217777  1.4301366  9.901993  -0.35412905
33  1427890217890  1.4301366  9.901993  -0.53119355
34  1427890217999  1.6208214  9.724928  -0.53119355
35  1427890218104  1.253072  9.901993  -0.53119355
36  1427890218213  1.6208214  9.534244  -0.7082581
37  1427890218319  1.7978859  9.724928  -0.35412905
38  1427890218428  1.6208214  9.901993  -0.17706452
39  1427890218536  1.6208214  9.901993  -0.0
40  1427890218643  1.6208214  9.724928  -0.17706452
41  1427890218752  1.6208214  9.724928  -0.35412905
42  1427890218856  1.6208214  9.901993  -0.17706452
43  1427890218964  1.6208214  9.724928  -0.0
44  1427890219068  1.6208214  9.724928  -0.17706452
45  1427890219176  1.4301366  9.724928  -0.35412905
46  1427890219287  1.4301366  9.534244  -0.89894295
47  1427890219400  1.4301366  8.825985  -0.89894295
48  1427890219506  1.6208214  8.825985  0.7082581
49  1427890219610  1.9749504  7.3822284  3.050958
50  1427890219715  3.050958  5.3936577  5.761407
51  1427890219824  2.8738933  4.140586  8.458236
52  1427890219931  2.5197644  1.9749504  9.724928
53  1427890220042  2.3290794  -0.35412905  9.901993
54  1427890220147  1.9749504  -1.9749504  10.446807
55  1427890220251  1.6208214  -3.5957718  10.446807
56  1427890220365  0.7082581  -3.9499009  9.357179
57  1427890220471  0.0  -5.2165933  10.256122
58  1427890220583  -1.6208214  -5.039529  8.281172
59  1427890220689  -1.7978859  -5.570722  8.104107
60  1427890220804  -1.7978859  -5.570722  8.281172
61  1427890220918  -2.152015  -5.570722  7.913422
62  1427890221024  -2.3290794  -5.570722  8.104107
63  1427890221342  -1.9749504  -5.570722  8.104107
64  1427890221448  -2.3290794  -5.570722  8.104107
65  1427890221557  -2.3290794  -5.570722  7.913422
66  1427890221663  -2.152015  -5.570722  8.104107
67  1427890221774  -2.152015  -5.761407  8.104107
68  1427890221881  -2.3290794  -5.761407  8.104107
69  1427890221991  -2.152015  -5.570722  8.104107
70  1427890222099  -2.152015  -5.570722  7.913422
71  1427890222203  -2.3290794  -5.570722  7.913422
72  1427890222354  -2.152015  -5.761407  8.104107
73  1427890222450  -2.5197644  -5.570722  9.534244
74  1427890222554  -1.9749504  -5.039529  11.155065
75  1427890222659  -0.53119355  -3.9499009  12.421757
76  1427890222768  1.4301366  -2.5197644  11.34575
77  1427890222879  2.152015  0.35412905  8.825985
78  1427890222987  3.050958  3.2416427  6.115536
79  1427890223095  4.4947147  6.2926006  3.050958
80  1427890223206  2.6968288  8.104107  2.152015
81  1427890223313  2.5197644  8.635301  0.35412905
82  1427890223422  2.3290794  9.357179  -0.35412905
83  1427890223528  2.5197644  9.534244  -0.53119355
84  1427890223635  2.5197644  9.534244  -0.35412905
85  1427890223744  2.8738933  9.180115  -0.53119355
86  1427890223848  2.6968288  9.534244  -0.17706452
87  1427890223957  2.8738933  9.534244  -0.0
88  1427890224061  2.6968288  9.724928  0.17706452
89  1427890224164  2.6968288  9.534244  -0.17706452
90  1427890224271  2.6968288  9.534244  -0.35412905
91  1427890224375  2.8738933  9.357179  -0.53119355
92  1427890224481  2.6968288  9.534244  -0.17706452
93  1427890224584  2.8738933  9.534244  -0.17706452
94  1427890224688  2.8738933  9.357179  -0.35412905
95  1427890224793  2.8738933  9.357179  -0.17706452
96  1427890224901  2.8738933  9.534244  0.17706452
97  1427890225008  2.8738933  9.357179  -0.35412905
98  1427890225112  2.6968288  9.00305  -1.4301366
99  1427890225215  2.3290794  8.635301  -0.89894295
100  1427890225319  3.4187074  7.7363577  1.4301366
101  1427890225434  2.6968288  6.66035  3.2416427
102  1427890225547  1.4301366  4.671779  6.115536
103  1427890225651  1.9749504  2.5197644  9.00305
104  1427890225761  0.89894295  0.89894295  10.978001
105  1427890225876  0.7082581  -1.253072  11.34575
106  1427890225979  0.0  -1.9749504  10.256122
107  1427890226083  -0.35412905  -2.8738933  10.623871
108  1427890226189  -0.17706452  -3.9499009  10.079058
109  1427890226300  -0.35412905  -3.5957718  9.00305
110  1427890226408  -0.17706452  -4.3176503  9.00305
111  1427890226514  -1.0760075  -4.3176503  9.724928
112  1427890226617  -1.4301366  -4.3176503  8.635301
113  1427890226724  -1.253072  -4.4947147  9.00305
114  1427890226832  -1.253072  -4.3176503  9.00305
115  1427890226941  -0.7082581  -4.3176503  10.446807
116  1427890227044  -0.7082581  -3.9499009  9.357179
117  1427890227151  -0.35412905  -3.5957718  9.00305
118  1427890227254  0.0  -3.050958  9.00305
119  1427890227360  0.17706452  -2.152015  9.180115
120  1427890227463  0.53119355  -2.8738933  8.281172
121  1427890227572  0.53119355  -2.3290794  10.623871
122  1427890227694  -0.35412905  -1.0760075  7.559293
123  1427890227804  0.35412905  -0.89894295  9.534244
124  1427890227915  1.7978859  -1.9749504  8.635301
125  1427890228026  1.4301366  -1.6208214  8.458236
126  1427890228135  1.7978859  -1.7978859  9.357179
127  1427890228244  2.5197644  -2.3290794  9.534244
