1  1427890214258  -0.06595447  0.29493216  -0.7646319
2  1427890214413  -0.032353237  0.30044416  -0.8235396
3  1427890214435  -0.031935096  0.30037883  -0.82323605
4  1427890214845  -0.03129717  0.30007523  -0.8233003
5  1427890214866  -0.030749122  0.298511  -0.8251585
6  1427890214868  -0.029637456  0.2966127  -0.82982635
7  1427890214887  -0.029447803  0.295328  -0.83329904
8  1427890214963  -0.030063517  0.2940973  -0.83416975
9  1427890215183  -0.027876433  0.29098853  -0.8287625
10  1427890215290  -0.026449287  0.2917642  -0.8266286
11  1427890215423  -0.026282564  0.29426348  -0.82635653
12  1427890215637  -0.03501248  0.28778592  -0.8311058
13  1427890215745  -0.038486235  0.28262725  -0.83214456
14  1427890215852  -0.040124197  0.27817503  -0.8320164
15  1427890215959  -0.04095127  0.27648854  -0.8322042
16  1427890216066  -0.042050697  0.27668065  -0.83313376
17  1427890216169  -0.043144904  0.2753259  -0.8335956
18  1427890216275  -0.04287901  0.26552004  -0.83163965
19  1427890216380  -0.040223602  0.24135928  -0.8251054
20  1427890216486  -0.035995014  0.20320879  -0.8131417
21  1427890216589  -0.03225337  0.15682696  -0.80024254
22  1427890216696  -0.027464192  0.09345716  -0.7854584
23  1427890216808  -0.005134214  -0.009221763  -0.74668765
24  1427890216916  0.06407994  -0.14477503  -0.6638172
25  1427890217023  0.18072228  -0.27321076  -0.5452106
26  1427890217135  0.29562703  -0.369718  -0.44805834
27  1427890217241  0.3612462  -0.44835407  -0.4176031
28  1427890217352  0.41664612  -0.50668776  -0.39800286
29  1427890217457  0.4378742  -0.56090873  -0.4195963
30  1427890217561  0.41956103  -0.6088797  -0.4714092
31  1427890217669  0.3486071  -0.6518274  -0.5446188
32  1427890217779  0.26066592  -0.67776114  -0.6061389
33  1427890217892  0.19562067  -0.6896434  -0.63926667
34  1427890218000  0.16435987  -0.6976643  -0.64863145
35  1427890218106  0.15721415  -0.70356995  -0.64633805
36  1427890218216  0.16075037  -0.7069179  -0.6412506
37  1427890218322  0.16492742  -0.7082519  -0.6377127
38  1427890218431  0.16352515  -0.70878047  -0.63704556
39  1427890218538  0.15653436  -0.7077584  -0.6398395
40  1427890218645  0.14929573  -0.70401245  -0.6454837
41  1427890218754  0.14636424  -0.69891226  -0.6512318
42  1427890218858  0.14734975  -0.6959637  -0.65375775
43  1427890218966  0.14953254  -0.69607425  -0.6531022
44  1427890219071  0.1500332  -0.6971529  -0.6522152
45  1427890219177  0.14948101  -0.6973766  -0.65242165
46  1427890219297  0.1513978  -0.6974765  -0.6516792
47  1427890219404  0.15989268  -0.6999168  -0.6458978
48  1427890219508  0.17184587  -0.7040502  -0.6364124
49  1427890219611  0.17468539  -0.70444405  -0.6337535
50  1427890219717  0.1445146  -0.6898916  -0.65841544
51  1427890219825  0.06966376  -0.63559115  -0.7261676
52  1427890219933  -0.015484176  -0.51324594  -0.8208763
53  1427890220044  -0.069683544  -0.3455574  -0.8967299
54  1427890220149  -0.09151439  -0.20588608  -0.9288201
55  1427890220253  -0.102664106  -0.09481729  -0.93700856
56  1427890220366  -0.11245154  0.0034976925  -0.9311801
57  1427890220474  -0.120539285  0.079491585  -0.9144766
58  1427890220585  -0.12320687  0.14153536  -0.89197415
59  1427890220692  -0.117810756  0.19019389  -0.8641225
60  1427890220809  -0.10268566  0.23587437  -0.83432305
61  1427890220920  -0.085453756  0.27570838  -0.809285
62  1427890221026  -0.07232818  0.3009715  -0.7981006
63  1427890221344  -0.019629423  0.34730905  -0.79080075
64  1427890221450  -0.021983165  0.33651093  -0.7985929
65  1427890221558  -0.034647763  0.31704822  -0.81019634
66  1427890221665  -0.043694694  0.307966  -0.8168972
67  1427890221775  -0.048028734  0.3080189  -0.8186969
68  1427890221884  -0.05009674  0.31072927  -0.81789005
69  1427890221993  -0.05114149  0.3129879  -0.81721556
70  1427890222101  -0.05100655  0.31400582  -0.81764233
71  1427890222204  -0.049755596  0.31399217  -0.8190013
72  1427890222357  -0.047658414  0.31372005  -0.82029223
73  1427890222452  -0.04535746  0.31372282  -0.8221351
74  1427890222558  -0.044215072  0.3090764  -0.8222268
75  1427890222660  -0.045102958  0.29045096  -0.8206564
76  1427890222770  -0.051017214  0.25204277  -0.8166576
77  1427890222880  -0.06652351  0.18570149  -0.8059332
78  1427890222988  -0.08361362  0.104671  -0.7834005
79  1427890223097  -0.08761401  -0.0061205816  -0.7341853
80  1427890223207  -0.025064576  -0.17757224  -0.5892028
81  1427890223315  0.17630921  -0.33973485  -0.36459404
82  1427890223423  0.38025397  -0.42040095  -0.27739918
83  1427890223530  0.4597005  -0.47803658  -0.31676412
84  1427890223636  0.46253535  -0.53667206  -0.3834094
85  1427890223745  0.411246  -0.6000719  -0.45513058
86  1427890223850  0.3284183  -0.65400046  -0.5185129
87  1427890223962  0.24727951  -0.6847159  -0.5636558
88  1427890224064  0.19046259  -0.6955383  -0.5923312
89  1427890224167  0.16207398  -0.69499177  -0.60908324
90  1427890224272  0.15512568  -0.6908671  -0.6170807
91  1427890224377  0.1609796  -0.68867594  -0.616528
92  1427890224483  0.17125556  -0.6904397  -0.6093112
93  1427890224586  0.17829604  -0.69409746  -0.60129803
94  1427890224691  0.17866373  -0.6968894  -0.597672
95  1427890224794  0.1737312  -0.6976735  -0.59901786
96  1427890224903  0.1667829  -0.6971776  -0.60263574
97  1427890225010  0.15933117  -0.69611955  -0.6072896
98  1427890225115  0.15348835  -0.6958295  -0.61092955
99  1427890225218  0.15465172  -0.69913507  -0.60795254
100  1427890225322  0.16367717  -0.7057859  -0.5973736
101  1427890225436  0.15914777  -0.70724845  -0.59666747
102  1427890225551  0.11083339  -0.6836159  -0.63730824
103  1427890225653  0.045385703  -0.61160314  -0.71707606
104  1427890225773  -0.0025076463  -0.46666205  -0.81897265
105  1427890225878  -0.021867288  -0.25963286  -0.8989008
106  1427890225982  -0.027740328  -0.115032084  -0.91758305
107  1427890226085  -0.03476047  -0.019144034  -0.9154262
108  1427890226191  -0.04175251  0.049104594  -0.9056765
109  1427890226302  -0.049717247  0.103085324  -0.8920071
110  1427890226409  -0.06091602  0.14399439  -0.87568504
111  1427890226515  -0.07425478  0.17252871  -0.8600633
112  1427890226619  -0.08413426  0.19098762  -0.8468487
113  1427890226726  -0.08460556  0.20417018  -0.8359409
114  1427890226834  -0.07649924  0.21543062  -0.82762825
115  1427890226942  -0.06726484  0.22296958  -0.8231242
116  1427890227046  -0.06367391  0.2216337  -0.82267565
117  1427890227153  -0.06647252  0.21003015  -0.8248824
118  1427890227257  -0.07203617  0.19407943  -0.8282496
119  1427890227362  -0.07802346  0.17594792  -0.83107316
120  1427890227465  -0.083031505  0.1545952  -0.8312549
121  1427890227574  -0.08717513  0.12897743  -0.8283497
122  1427890227697  -0.089102134  0.10302301  -0.8241444
123  1427890227807  -0.08353089  0.08517027  -0.82070255
124  1427890227919  -0.0704114  0.068649985  -0.8152165
125  1427890228030  -0.063609526  0.051397834  -0.8155099
126  1427890228138  -0.07681104  0.03769819  -0.82838595
127  1427890228246  -0.104673706  0.033269927  -0.84948105
