1  1456067877135  0.15935807  2.586504  8.421461
2  1456067877202  -0.6533681  3.627235  7.5793147
3  1456067877305  0.20875907  2.2961044  6.343309
4  1456067877411  -0.13083297  2.7039266  5.8683367
5  1456067877516  0.20096646  2.1148176  5.2815027
6  1456067877620  0.49958596  1.7439779  4.103662
7  1456067877730  0.9399599  2.3786287  4.0120115
8  1456067877837  -0.44115898  1.172359  3.9417849
9  1456067877944  0.08103113  0.7241485  3.0572739
10  1456067878050  -2.672934  -0.1573149  4.0509276
11  1456067878163  -2.4056406  1.9668465  2.5058117
12  1456067878279  2.5175989  0.15206456  0.47777462
13  1456067878389  0.48838365  -0.03475833  1.0796876
14  1456067878495  -0.6882195  -1.4900217  4.0485554
15  1456067878600  1.9671065  -4.8959303  -2.6815896
16  1456067878706  5.656281  -11.700034  3.593143
17  1456067878819  7.370699  -9.071291  1.1253986
18  1456067878928  5.162632  -3.9473023  -1.5859036
19  1456067879034  3.1876292  -6.139076  -2.7266946
20  1456067879139  2.5501504  -5.5251684  -2.7727408
21  1456067879246  2.1357775  -5.303626  -3.794848
22  1456067879359  3.540297  -4.442289  -4.065054
23  1456067879470  4.32629  -4.329035  -2.0404508
24  1456067879580  7.938905  -5.845203  0.27202415
25  1456067879689  6.826298  -2.0122294  5.111372
26  1456067879797  3.5449057  1.7561626  6.058974
27  1456067879911  -0.045779705  -0.037550926  -1.1909289
28  1456067880020  -4.7483935  2.0746338  -10.792679
29  1456067880140  -5.229703  8.33956  -12.471531
30  1456067880247  -6.0061135  10.423082  -6.0268536
31  1456067880351  -3.628047  10.189823  -8.341646
32  1456067880461  -4.5523653  8.361792  -6.698433
33  1456067880564  -2.9693637  8.1753025  -6.1879478
34  1456067880668  -3.1505017  6.8674407  -5.900128
35  1456067880775  -2.6760933  6.830387  -5.150757
36  1456067880883  -2.8988166  5.657016  -4.954397
37  1456067881010  -2.2779605  5.4222884  -3.9686248
38  1456067881118  -2.2217808  4.5490856  -3.5717623
39  1456067881226  -1.9996027  4.2535353  -3.3862023
40  1456067881334  -2.1183586  2.5288005  -4.1753473
41  1456067881442  -2.396855  0.008132458  -3.1081216
42  1456067881559  2.0474315  0.8163676  1.4072918
43  1456067881668  3.7917604  0.25665712  2.4065857
44  1456067881776  4.540349  -0.7496736  5.8801956
45  1456067881895  3.4366233  -2.942494  8.540629
46  1456067882002  0.99678946  -10.248399  8.654973
47  1456067882112  3.1648984  -16.03918  7.47076
48  1456067882217  7.0652685  -9.72807  10.768927
49  1456067882324  7.4865065  -5.9971433  -1.328189
50  1456067882430  -4.270109  -7.9961915  3.1808476
51  1456067882535  -0.6191621  -6.8778553  1.0853074
52  1456067882646  0.9014933  -6.5087867  -1.3032694
53  1456067882750  -0.15706253  -5.2082167  -1.4916586
54  1456067882857  0.018001795  -5.0183697  -0.043111563
55  1456067882966  0.50653434  -4.1855583  1.4199389
56  1456067883074  1.4242876  -3.7670026  1.5966611
57  1456067883184  1.2818589  -3.2309446  0.30923033
58  1456067883292  0.50398254  -2.9078503  -0.21202528
59  1456067883409  0.78455925  -2.457707  0.9492004
60  1456067883517  3.7829394  -2.3712945  3.4407845
61  1456067883626  4.3730526  -4.8922853  5.695468
62  1456067883740  9.451988  -0.3455553  6.7440186
63  1456067883848  2.0221415  0.82902384  7.2096395
64  1456067883958  -5.3144107  0.2557888  -5.009622
65  1456067884066  -7.68819  6.543241  -12.452047
66  1456067884174  -2.5554116  12.04259  -8.460979
67  1456067884289  -2.9495606  12.1377125  -4.207071
68  1456067884398  -2.973321  11.414273  -4.914129
69  1456067884507  -2.6759887  9.782514  -4.1039996
70  1456067884615  -2.0896735  9.122978  -3.6935997
71  1456067884723  -1.7090899  7.891965  -3.3242397
72  1456067884839  -1.8691552  7.421484  -3.4821484
73  1456067884946  -1.5228816  6.3606195  -2.484243
74  1456067885051  -1.3705934  6.043274  -2.8855093
75  1456067885156  -1.3928921  5.12023  -1.9472677
76  1456067885260  -0.9226285  4.9269233  -2.2306151
77  1456067885367  -1.16134  4.1155148  -0.87978864
78  1456067885471  -0.7142316  3.8633208  -2.091191
79  1456067885578  -1.1331409  3.1582727  -1.3917394
80  1456067885686  -1.3508012  0.73401546  -3.0300207
81  1456067885793  -1.5344373  -0.9574833  -0.4592309
82  1456067885903  2.8358662  -2.4920905  0.71445704
83  1456067886010  0.93418217  -2.8925722  5.656661
84  1456067886117  -1.5986404  -6.1582255  6.7090926
85  1456067886223  1.6380603  -13.645147  11.885399
86  1456067886328  3.423326  -17.625257  8.5884285
87  1456067886438  10.534048  -8.078703  3.1817517
88  1456067886543  -0.39955735  -8.729572  0.75514686
89  1456067886658  0.118472576  -6.888208  1.8196553
90  1456067886763  -0.052732944  -7.33941  0.019592524
91  1456067886867  -0.20681763  -5.955779  -1.1223898
92  1456067886977  -0.18613577  -5.360201  -1.9662993
93  1456067887082  0.15119386  -4.4932065  -1.1322371
94  1456067887189  0.78576493  -4.0438857  0.108751416
95  1456067887298  1.1975212  -3.4801388  0.26949263
96  1456067887406  1.2371273  -3.463099  0.72061765
97  1456067887519  0.46372366  -2.7858148  -0.001134634
98  1456067887629  0.0986352  -2.9975662  -0.47909546
99  1456067887738  2.1972013  -2.207477  -0.11246979
100  1456067887848  7.00339  -2.7957783  1.1981583
101  1456067887956  7.9211483  -4.6246305  3.027414
102  1456067888070  7.1290336  0.37340832  3.202747
103  1456067888179  0.74053144  0.6670418  0.7740426
104  1456067888289  -12.290558  2.7087672  -7.7125645
105  1456067888397  -8.46274  9.069637  -7.112924
106  1456067888503  -3.7428396  12.69825  -5.9112997
107  1456067888613  -4.6556787  11.587783  -4.511121
108  1456067888715  -3.221704  10.759979  -3.4103181
109  1456067888820  -2.7401755  9.843339  -4.197051
110  1456067888927  -2.7848742  8.540289  -3.1399136
111  1456067889035  -2.9844608  7.8456182  -2.8259223
112  1456067889142  -2.5266569  7.061056  -2.8620465
113  1456067889251  -2.114633  6.1955924  -2.2571254
114  1456067889359  -1.5844536  5.7353916  -2.1907713
115  1456067889467  -1.9040825  5.1618524  -1.6407194
116  1456067889575  -1.3949581  4.645667  -1.8076222
117  1456067889685  -1.7335365  4.021742  -1.6268599
118  1456067889794  -1.4008249  3.778926  -1.6235318
119  1456067889904  -1.2607424  3.241675  -1.4611785
120  1456067890014  -0.815952  3.2362242  -1.1557026
121  1456067890122  -0.7343568  2.593885  -0.880774
122  1456067890240  -0.66092116  2.6532135  -0.7926965
123  1456067890346  -0.91354513  2.0691752  -0.8727851
124  1456067890451  -0.66283256  2.1809745  -0.7855067
125  1456067890557  -0.7559074  1.3131857  -0.86631393
126  1456067890665  -1.8203397  -0.43623018  -2.238422
127  1456067890779  -0.6576407  -3.3100853  0.9028988
128  1456067890896  4.262415  -3.4694095  1.6216574
129  1456067891007  6.2633195  -4.4218493  2.2685404
130  1456067891116  2.2291768  -8.66234  4.9469066
131  1456067891224  5.254712  -16.720158  6.4012876
132  1456067891340  5.6976476  -16.175907  7.7102304
133  1456067891460  8.535694  -10.513073  3.041064
134  1456067891568  2.0065258  -8.4811  2.4182415
135  1456067891676  1.1561823  -7.9639645  3.304182
136  1456067891785  -0.41817522  -7.6456423  2.3363316
137  1456067891903  -0.86669016  -6.4030037  1.1220334
138  1456067892016  -3.0478091  -4.953655  -0.10567641
139  1456067892124  -0.14426565  -4.777006  -0.26672512
140  1456067892232  0.6792095  -4.6180215  1.3780447
141  1456067892340  2.2293859  -3.996861  1.5589564
142  1456067892449  1.6877308  -3.278459  2.0527513
143  1456067892558  1.5189576  -2.950613  1.52876
144  1456067892666  0.8767295  -2.81491  1.0449096
145  1456067892775  1.9290795  -2.8521347  0.29072803
146  1456067892883  3.672985  -2.8978953  0.42101333
147  1456067893010  12.229738  -2.7674642  3.2963905
148  1456067893119  13.43391  1.3951678  4.7564654
149  1456067893228  -1.1974916  2.2363162  0.7136495
150  1456067893337  -9.830178  2.0126843  -4.5307236
151  1456067893443  -9.325234  9.742544  -8.135153
152  1456067893552  -4.8378005  12.813534  -2.4550872
153  1456067893655  -5.8005013  11.53218  -4.967699
154  1456067893760  -4.252044  10.869295  -3.171548
155  1456067893866  -3.82684  9.463649  -3.6634417
156  1456067893982  -3.444156  8.676642  -2.8190231
157  1456067894110  -3.4184566  7.6496196  -3.0151951
158  1456067894286  -3.0766108  7.044016  -2.3949597
159  1456067894330  -2.6095915  6.180256  -2.4741797
160  1456067894449  -2.1892743  5.56223  -1.9080458
161  1456067894560  -2.129705  5.006007  -2.035957
162  1456067894666  -1.7573764  4.5054064  -1.3542871
163  1456067894781  -1.9003549  4.2142243  -1.3782167
164  1456067894891  -1.5509613  3.4618278  -1.2403951
165  1456067894996  -1.2365072  3.6059775  -0.95699716
166  1456067895107  -1.2722144  2.926663  -1.0206556
167  1456067895216  -1.1449931  2.793355  -0.91859007
168  1456067895321  -1.0304937  2.1830454  -0.8267312
169  1456067895573  -1.0868025  2.1363568  -0.90341616
170  1456067895678  -1.1497386  1.9227209  -0.65371656
171  1456067895885  -1.1941228  1.2401171  -1.5567517
172  1456067896005  -3.6612146  -2.6104221  -0.43267012
173  1456067896110  -0.8679471  -3.8081193  1.4003108
174  1456067896215  5.3602624  -3.4273076  -0.19845963
175  1456067896319  6.61395  -2.925219  2.8982227
176  1456067896426  5.3028646  -10.563826  5.6729784
177  1456067896540  7.849414  -16.482422  10.131589
178  1456067896648  8.363853  -13.694158  8.3093815
179  1456067896759  8.177158  -9.407263  2.7835093
180  1456067896879  2.1741767  -8.6258955  2.9832327
181  1456067896988  -0.48264527  -8.584613  3.6655743
182  1456067897099  -0.26276398  -7.395177  2.47771
183  1456067897210  -2.1855597  -6.005968  0.29312557
184  1456067897319  -2.2857199  -4.927297  -0.21426119
185  1456067897428  -0.92938304  -4.593926  0.4445972
186  1456067897536  0.78165245  -4.943582  2.0182347
187  1456067897649  2.3338428  -3.7995338  1.4976952
188  1456067897757  1.450768  -3.260222  1.6666418
189  1456067897865  1.1340747  -2.7748413  1.4999776
190  1456067897974  2.3200488  -3.306406  1.3499799
191  1456067898082  3.718399  -3.4538398  2.1956468
192  1456067898200  6.092422  -4.248479  0.67670107
193  1456067898310  13.267208  -1.2248693  7.571753
194  1456067898419  -3.1372375  -0.7836666  0.6609044
195  1456067898528  -10.104952  3.51156  -6.036933
196  1456067898645  -6.986027  11.250891  -7.063596
197  1456067898772  -4.9880433  12.234232  -5.866904
198  1456067898881  -4.3298807  11.819857  -5.4395714
199  1456067898986  -4.865299  10.319155  -4.2459235
200  1456067899090  -3.5697207  9.605956  -4.1523056
201  1456067899196  -3.3721068  8.486002  -3.5654585
202  1456067899306  -3.2065125  7.79676  -3.0495548
203  1456067899412  -2.7142448  7.017084  -2.5852413
204  1456067899517  -2.124104  6.64635  -2.4860752
205  1456067899622  -2.0710518  5.491382  -2.3968256
206  1456067899728  -1.8639467  5.273218  -2.3287592
207  1456067899840  -1.677552  4.414922  -2.0958834
208  1456067899949  -1.6691549  4.1327887  -1.7146788
209  1456067900057  -1.3428812  3.5601516  -1.543211
210  1456067900165  -1.3679512  3.694469  -1.3888898
211  1456067900273  -1.0717981  2.8346891  -1.250001
212  1456067900384  -1.1239763  2.8821945  -0.9656429
213  1456067900513  -1.1831951  2.1036434  -1.3594112
214  1456067900622  -3.9823542  -1.183558  -1.5421863
215  1456067900730  -1.1447144  -2.5239413  -0.4195609
216  1456067900839  3.9834073  -4.3799767  3.1895645
217  1456067900950  6.0122128  -6.209767  2.870608
218  1456067901059  4.9206586  -12.71087  6.788149
219  1456067901168  7.3460712  -23.440672  8.53648
220  1456067901277  9.700559  -14.121624  11.740333
221  1456067901382  3.3736205  -8.014528  0.8454578
222  1456067901493  0.92782855  -6.404026  5.615204
223  1456067901601  1.8157105  -7.5410795  3.1046119
224  1456067901709  -0.63364816  -7.4366617  2.6347923
225  1456067901817  -1.5509484  -4.425208  0.5938579
226  1456067901928  -1.3958535  -2.6833057  -0.115218446
227  1456067902043  -0.2756033  -2.9053078  -0.5817708
228  1456067902150  1.5294125  -4.392232  1.4132197
229  1456067902258  2.5164943  -3.4749346  1.1125396
230  1456067902379  1.7745128  -1.9874182  2.2884085
231  1456067902513  3.374517  -1.6293187  2.5499
232  1456067902630  8.553307  -5.8426046  3.2633166
233  1456067902739  8.188309  -8.825513  3.1086013
234  1456067902849  5.2610474  -4.044819  5.71522
235  1456067902959  -8.222095  0.5642643  -5.8765254
236  1456067903068  -12.107077  6.514411  -10.633497
237  1456067903387  -2.6342664  14.6031475  -4.544239
238  1456067903389  -3.1798882  13.142833  -5.058222
239  1456067903488  -2.7025414  11.669191  -5.2020903
240  1456067903592  -2.272929  10.661631  -4.032191
241  1456067903698  -2.045636  9.754825  -3.6289716
242  1456067903809  -2.0004306  8.779343  -3.2660744
243  1456067903916  -1.8003875  8.060766  -2.780109
244  1456067904023  -1.3016325  7.25469  -2.8330724
245  1456067904130  -1.6495435  6.3698626  -2.549765
246  1456067904239  -1.0065149  5.892235  -2.1231723
247  1456067904366  -1.2245797  4.9842954  -2.0824714
248  1456067904474  -1.1021217  4.8045816  -1.8742242
249  1456067904584  -0.9919096  4.005408  -1.8461599
250  1456067904691  -0.8927187  3.923583  -1.3305693
251  1456067904796  -0.64408875  3.2125087  -1.6878452
252  1456067904906  -0.898396  3.0506153  -1.2003441
253  1456067905011  -0.6491983  2.5861964  -1.2396679
254  1456067905127  -1.233969  1.996602  -1.4344172
255  1456067905233  -1.5886463  0.17884445  -1.6219497
256  1456067905338  -0.46137488  -0.8074465  0.15834236
257  1456067905448  0.55316937  -3.1661065  3.059986
258  1456067905554  3.415331  -4.4675927  6.14954
259  1456067905667  3.073798  -11.792604  8.133348
260  1456067905772  4.2251577  -21.633566  12.6646385
261  1456067905880  8.019501  -19.629568  7.831005
262  1456067905990  8.345316  -7.6147947  0.25679928
263  1456067906099  0.21708822  -7.1842895  2.3272908
264  1456067906207  0.3669958  -7.7529836  3.2223265
265  1456067906316  -0.96908474  -6.977685  1.6129711
266  1456067906424  -2.3309155  -4.9927936  0.80198336
267  1456067906540  -1.9384657  -3.3534913  0.39081055
268  1456067906649  -1.4259031  -3.0181422  0.19237144
269  1456067906769  1.1560917  -3.6847348  0.013776228
270  1456067906878  2.4992213  -3.4878774  0.012398601
271  1456067906987  1.918325  -2.4893994  1.1389236
272  1456067907098  1.4077764  -1.9094853  2.0056963
273  1456067907207  2.0760474  -2.368227  1.3147941
274  1456067907315  4.945279  -4.080476  2.1517215
275  1456067907423  7.699204  -8.048647  4.5353117
276  1456067907540  8.057049  -0.2688017  6.999259
277  1456067907660  -11.209675  -2.1909933  -3.5808673
278  1456067907769  -10.088708  7.908306  -9.217095
279  1456067907877  -3.906829  14.411172  -3.7598104
280  1456067907984  -3.8348625  12.810696  -5.3206425
281  1456067908090  -3.1326602  12.007701  -4.4698625
282  1456067908199  -2.500678  10.6475725  -4.341592
283  1456067908308  -2.2506104  9.742174  -3.907433
284  1456067908417  -2.0255494  8.608598  -3.3573318
285  1456067908525  -1.49202  8.078712  -3.0215986
286  1456067908633  -1.502176  6.939867  -2.7194388
287  1456067908749  -1.3519585  6.5768547  -2.447495
288  1456067908858  -1.3883789  5.588195  -2.2027454
289  1456067908975  -1.0779246  5.3603497  -1.982471
290  1456067909084  -1.1417484  4.333983  -1.7842238
291  1456067909192  -1.0275736  4.3909163  -1.7651594
292  1456067909309  -0.9248163  3.6208506  -1.4292855
293  1456067909418  -0.6607183  3.5897398  -1.445715
294  1456067909528  -0.59464645  2.8997917  -1.1417856
295  1456067909636  -0.8661563  2.9407868  -1.186965
296  1456067909745  -0.6201826  2.315734  -1.0682683
297  1456067909860  -0.71752244  2.415135  -0.9614415
298  1456067909970  -0.4864121  1.8426471  -0.7059393
299  1456067910104  -0.5971289  1.9893565  -0.7947035
300  1456067910190  -0.696774  1.3000889  -0.8868494
301  1456067910298  -1.7548614  0.1894145  -1.2762389
302  1456067910409  -1.7387333  -1.2882662  -0.33956623
303  1456067910518  2.4803834  -2.7775369  0.9937713
304  1456067910626  4.818849  -2.9778574  2.8312078
305  1456067910735  3.049841  -3.8200946  4.4849
306  1456067910847  7.7707653  -7.961403  5.3357916
307  1456067910968  6.0130234  -14.299601  6.7390256
308  1456067911077  6.870461  -15.137428  5.7464066
309  1456067911187  7.6421537  -9.08811  1.6168554
310  1456067911295  1.6926723  -8.510273  3.3919833
311  1456067911403  0.87371445  -8.13732  3.371501
312  1456067911513  0.46762657  -7.654562  2.3846605
313  1456067911617  -0.5598011  -6.080057  1.1777877
314  1456067911722  -1.9625599  -4.98172  1.0600089
315  1456067911827  -2.4159944  -3.8338566  -0.0021404624
316  1456067911934  -0.71565557  -4.100162  -0.33290088
317  1456067912050  1.9546723  -4.81791  1.3062282
318  1456067912159  2.7276115  -3.6986866  1.1756054
319  1456067912268  0.9961109  -2.8384862  2.0387099
320  1456067912376  0.89649963  -2.5546374  1.5038645
321  1456067912490  2.1062312  -2.6178894  1.5250944
322  1456067912610  2.7046566  -3.3367648  1.3725849
323  1456067912718  4.873595  -2.5127563  3.0127819
324  1456067912828  4.8643103  -0.643383  2.5521457
325  1456067912937  2.4410653  3.9687893  1.6472404
326  1456067913054  0.08852911  7.7642536  0.023777127
327  1456067913168  -6.4049716  6.82847  -3.3741531
328  1456067913272  -7.8606462  8.254053  -6.763265
329  1456067913377  -6.424891  9.537078  -5.1185317
330  1456067913481  -5.954018  10.042109  -4.1163464
331  1456067913588  -4.8682837  9.687589  -3.2143788
332  1456067913699  -4.5408134  8.400113  -3.0645573
333  1456067913808  -4.4177065  7.560102  -2.7581015
334  1456067913916  -4.294652  6.9634504  -2.4822912
335  1456067914025  -3.3748546  6.107747  -2.2340622
336  1456067914135  -3.037369  5.815689  -2.0106559
337  1456067914249  -2.9052484  4.743788  -1.8095903
338  1456067914358  -2.6147237  4.7597413  -1.457015
339  1456067914467  -2.3532512  3.7934346  -1.3113136
340  1456067914579  -1.7869518  3.7450657  -1.1801822
341  1456067914687  -1.7676146  3.0395846  -1.2337804
342  1456067914796  -1.4314951  3.2259588  -1.1104023
343  1456067914902  -1.61932  2.2536716  -0.999362
344  1456067915007  -1.1264136  2.5186372  -0.89942575
345  1456067915112  -1.1731303  1.9357991  -0.96884155
346  1456067915320  -1.5461497  0.61445427  -1.5216475
347  1456067915428  -1.0728186  0.06267643  -0.8791504
348  1456067915533  0.015128255  -1.0836148  0.17717123
349  1456067915639  2.587861  -0.803637  -0.80895233
350  1456067915744  2.9787657  -2.182012  1.380373
351  1456067915850  2.3621728  -6.3277707  4.306914
352  1456067915961  11.197107  -12.829332  7.1246758
353  1456067916066  10.727087  -18.36202  6.240592
354  1456067916171  9.9853525  -15.226437  9.674034
355  1456067916279  3.9609094  -8.359169  1.5722926
356  1456067916387  -0.16170883  -7.6826105  4.013826
357  1456067916500  0.8228688  -7.723398  3.2814686
358  1456067916606  -0.7181573  -7.441391  1.666199
359  1456067916711  -1.1366742  -5.875945  0.040839802
360  1456067916818  -2.1507716  -4.6509175  0.6741881
361  1456067916935  -0.15823913  -4.0142097  -0.5087372
362  1456067917049  0.6666336  -3.7844048  0.9886175
363  1456067917158  2.0587096  -3.5653229  1.0491138
364  1456067917266  2.024455  -2.7184577  1.1035604
365  1456067917374  1.1723189  -2.6059704  1.483537
366  1456067917482  0.7241125  -2.3453732  1.0164671
367  1456067917599  0.0020108223  -2.4418101  0.4244879
368  1456067917719  1.3011909  -1.7072964  0.22268105
369  1456067917827  4.2479086  -1.6959252  0.6784872
370  1456067917936  4.154092  -1.6979485  0.61063844
371  1456067918044  5.5161386  0.2615595  2.3392882
372  1456067918160  5.4548564  3.6432145  4.8634796
373  1456067918268  2.6415834  4.5660157  1.4596534
374  1456067918377  -4.916271  3.790698  -4.521269
375  1456067918496  -9.438293  7.4568715  -6.8150043
376  1456067918604  -5.7363443  10.59707  -5.974146
377  1456067918722  -4.2065616  10.996101  -5.376731
378  1456067918831  -3.7859051  9.737134  -4.839058
379  1456067918939  -3.4073145  9.082136  -4.036436
380  1456067919049  -3.8633733  7.855207  -3.7921507
381  1456067919159  -3.1583197  7.560018  -3.5722938
382  1456067919269  -3.1612039  6.3136845  -2.896348
383  1456067919378  -2.5263672  6.001032  -2.435097
384  1456067919486  -2.4330888  5.0822124  -2.3632035
385  1456067919594  -2.1897798  4.733349  -1.955267
386  1456067919702  -1.970802  4.1006565  -1.9313567
387  1456067919819  -1.7737218  3.8499484  -1.7382212
388  1456067919928  -1.5963496  3.4649534  -1.7237573
389  1456067920038  -1.5960727  3.2778163  -1.5513816
390  1456067920146  -1.2771072  2.790676  -1.0652685
391  1456067920256  -1.3087547  2.670967  -1.2897162
392  1456067920369  -1.0185211  2.244512  -1.1607447
393  1456067920477  -1.076027  2.179419  -1.0446701
394  1456067920585  -0.6497082  1.8021188  -0.7808447
395  1456067920694  -0.90345347  1.4625492  -0.7027602
396  1456067920802  -0.97246623  0.9853196  -0.79184246
397  1456067920920  -2.0152428  -0.4003353  -0.7126584
398  1456067921028  -0.8453117  -1.5003247  -0.80075073
399  1456067921137  3.7747955  -1.6690087  -0.07098484
400  1456067921246  2.747625  -2.4827728  4.312331
401  1456067921354  3.1225533  -5.4706903  6.6269603
402  1456067921467  6.6961827  -8.63789  6.28298
403  1456067921572  5.536232  -14.099391  6.304373
404  1456067921677  7.5813713  -17.556002  8.591414
405  1456067921781  12.008501  -8.016373  0.45083475
406  1456067921896  -0.5435474  -8.023785  4.6103525
407  1456067922010  2.9186187  -7.3930216  4.627392
408  1456067922119  4.8945446  -9.399582  4.1646523
409  1456067922250  3.7553997  -6.52281  3.429471
410  1456067922370  3.2205014  -1.9723859  5.354312
411  1456067922500  -2.4461727  2.7604284  4.0098324
412  1456067922619  -3.6602945  6.198654  3.2901325
413  1456067922729  -3.943956  5.909764  4.5792165
414  1456067922850  -7.1044707  5.9684777  5.5800343
415  1456067922964  -2.0300646  5.530988  4.862673
416  1456067923070  -2.1457744  4.9778895  5.185454
417  1456067923177  -3.07122  5.129791  2.7178369
418  1456067923282  -2.2737656  5.094886  2.605411
419  1456067923388  -2.3773634  4.5853977  2.6758442
420  1456067923493  -2.4583433  4.4578323  2.567618
421  1456067923599  -1.8937929  3.6810746  1.8205237
422  1456067923708  -1.8637714  3.8033  2.1288037
423  1456067923813  -1.3586781  3.2636116  0.9475169
