1  1456067877136  0.9558489661231152  0.0134)  0.2935487758016224
2  1456067877205  0.7094691491944662  0.6394974758840128  0.2961357833084124
3  1456067877306  0.6924538478019711  0.6517860553815786  0.30932599455993603
4  1456067877412  0.6531205253838706  0.679106413765596  0.33503457556874583
5  1456067877516  0.6018629602986145  0.7114127228819838  0.3628401808786066
6  1456067877621  0.5530095746381415  0.7406845384179565  0.38153231318180825
7  1456067877731  0.49877967083349106  0.7742682278103337  0.3895222674034051
8  1456067877838  0.4263700086885329  0.8146456373715285  0.3931426451931266
9  1456067877945  0.36656227711491507  0.8428092419735664  0.39408709765819916
10  1456067878051  0.4173062996410568  0.8247776038961827  0.3815721575565618
11  1456067878166  0.6489313299441665  0.6776832986286498  0.3458807722673427
12  1456067878281  0.8398862312223797  0.4455247842894101  0.3099980547557386
13  1456067878390  0.8530105322438252  0.4217347242101691  0.3074295117024388
14  1456067878495  0.6389382386961253  0.697620317207217  0.3241663465157984
15  1456067878600  -0.31018020505416  0.9017542671479403  0.3010441194068717
16  1456067878708  -0.9810740303971728  -0.11196974891909867  0.15797615107545138
17  1456067878821  -0.5868892762985436  -0.7835069215460939  -0.20415161425107486
18  1456067878929  -0.39907549318586444  -0.7486485946988628  -0.5293996916336536
19  1456067879035  -0.3151580173006545  -0.6931943362400796  -0.6481952143131808
20  1456067879139  -0.2158040073918741  -0.7107513951967084  -0.669523027717716
21  1456067879248  -0.07294345555133397  -0.7314336604744696  -0.6780000389979808
22  1456067879361  0.1279562866798507  -0.6824371566675556  -0.7196573600702969
23  1456067879471  0.3510806959422439  -0.5264162159809505  -0.7743566933259682
24  1456067879581  0.5095356261273274  -0.34945468460810303  -0.7862918326570494
25  1456067879690  0.6490393233489709  -0.19260699284070848  -0.7359691420132515
26  1456067879798  0.7652946501156404  -0.05734321450369406  -0.6411207230532465
27  1456067879912  0.8554065446098917  0.04689143643268423  -0.5158303034945959
28  1456067880021  0.9098221000344964  0.07763281060674476  -0.40767253972588335
29  1456067880141  0.9364139426083415  0.024043761925607754  -0.3500727124742262
30  1456067880247  0.9035654591390649  -0.25516021998891936  -0.34418418622841074
31  1456067880352  -0.9544779173296127  0.024285814233359626  0.2972912786463682
32  1456067880461  -0.8223595127088545  -0.1301199112380551  0.5538895600632454
33  1456067880564  -0.712192223260427  -0.07565195986269391  0.6978961373085539
34  1456067880669  -0.5958007065464521  0.08354695151734948  0.7987749553529504
35  1456067880776  -0.47856117044430313  0.23214977171872686  0.8468091218303595
36  1456067880884  -0.40599714712898916  0.32542986192456436  0.8539682194988352
37  1456067881011  -0.41276027507950985  0.35987218988512937  0.8367323141088772
38  1456067881119  -0.44869364781185705  0.3426516543952032  0.8253870925140303
39  1456067881227  -0.47383816196934525  0.3111794560929475  0.8237989709969931
40  1456067881335  -0.48674356262184837  0.28610910747820584  0.8253619076238685
41  1456067881444  -0.51738811825944  0.2601841771070914  0.815238446193451
42  1456067881561  -0.5881227156064268  0.2101282175641226  0.7809979507897848
43  1456067881669  -0.6276768885869473  0.1916175693132507  0.7545226503729623
44  1456067881777  -0.42498584262232164  0.4442224699969115  0.7887036403928978
45  1456067881897  0.5555990329349356  0.1415945840698678  0.8193050013816983
46  1456067882003  0.7201148769715946  -0.37680531747916035  0.5826253700892465
47  1456067882112  0.8007535221796012  -0.5627432306676967  0.2052166224852634
48  1456067882217  0.8080227027110407  -0.5426952707712874  -0.2293057943073631
49  1456067882325  0.698593657876522  -0.4650454986012731  -0.5437826372537486
50  1456067882430  0.6024943360242982  -0.4401625183778428  -0.6657759090943323
51  1456067882536  0.57418428109548  -0.4199643685353083  -0.7028103036880928
52  1456067882646  0.5833260297409746  -0.32341828757214713  -0.745071339172843
53  1456067882751  0.536355165035749  -0.15995838621831626  -0.8286955913389198
54  1456067882858  0.4088209789231243  -0.0778269004009029  -0.9092900560647577
55  1456067882967  0.34019599488508234  -0.08437508376367564  -0.9365615290508522
56  1456067883093  0.3726660653415479  -0.0853131034735728  -0.9240355724024816
57  1456067883185  0.4581332283235353  -0.03551790948124223  -0.8881736316263269
58  1456067883293  0.5370669383116473  0.027616250729892045  -0.8430874731131208
59  1456067883410  0.5803492596250202  0.06153257032996429  -0.8120397059459412
60  1456067883518  0.592344886199875  0.06801737563077248  -0.8028082704829202
61  1456067883628  0.6128233773069534  0.09188138248715871  -0.7848600209096119
62  1456067883741  0.6722577985107812  0.16964766434755418  -0.7206171897864788
63  1456067883850  0.7448072505307781  0.24164144529684162  -0.621990071591723
64  1456067883959  0.8098166924863008  0.2647640418642283  -0.5235427064192111
65  1456067884067  0.8577429059408974  0.20539337981562067  -0.47126504156342186
66  1456067884176  0.8659184658863062  0.031796969654165785  -0.4991735594972546
67  1456067884291  0.4194062160183867  -0.7137369217253551  -0.5609616987013251
68  1456067884399  -0.8874620113591067  0.02082026703027906  0.46041035778355877
69  1456067884508  -0.6993990857916366  0.050922528061057015  0.7129150102418578
70  1456067884616  -0.4721203151277482  0.21831729417307244  0.854072586402193
71  1456067884725  -0.22124032787309034  0.32215640589930494  0.9204715989650012
72  1456067884841  -0.08964958037117654  0.3299621102452608  0.939727598095339
73  1456067884946  -0.08798159242871328  0.3397129837155981  0.9364049978124029
74  1456067885051  -0.140661936058315  0.35137870399411497  0.9256064019561876
75  1456067885156  -0.18594492225897596  0.35191054846767056  0.9173785692530245
76  1456067885261  -0.19977681118783863  0.3500802257263125  0.9151683256817833
77  1456067885368  -0.19119268490523567  0.3488989345171962  0.9174502136271663
78  1456067885471  -0.1759011644795585  0.34544880670055456  0.9218047066036057
79  1456067885579  -0.16481211794269157  0.3398703520288011  0.925918520224073
80  1456067885687  -0.17812188483977565  0.3369899372247698  0.9245054714830374
81  1456067885794  -0.23896395131948722  0.3355817016630196  0.9111976394044596
82  1456067885904  -0.34587135834311766  0.3231068180969885  0.8808944219419121
83  1456067886010  -0.4206949912725122  0.3352157159893405  0.8429983196642112
84  1456067886118  -0.12977342462605357  0.5629791116295877  0.8162189490273732
85  1456067886224  0.7102410703004907  -0.2605452710566212  0.6539677217067368
86  1456067886329  0.720305798067427  -0.6825526589751858  -0.12361797439574751
87  1456067886438  0.6591105024213544  -0.5337666963172829  -0.5297796178763754
88  1456067886543  0.5589672774038599  -0.48829278986002556  -0.6701684521656244
89  1456067886659  0.43703011571059314  -0.517880069645897  -0.7353943969072905
90  1456067886763  0.4115975962241123  -0.496320220643353  -0.7643648741208455
91  1456067886868  0.48073106744607585  -0.3516500166273049  -0.8032682660244799
92  1456067886978  0.48148827937682603  -0.11227767649905024  -0.8692311341517707
93  1456067887082  0.3884734940000394  -0.007611834563236497  -0.9214284226233622
94  1456067887190  0.3445107569252759  -0.006096766496195727  -0.9387625762462259
95  1456067887299  0.37017623678096356  -8.718005083174774E-4  -0.9289611371809241
96  1456067887408  0.4250294887448369  0.04249160633415072  -0.9041816512530243
97  1456067887521  0.478810745286788  0.11434948230190556  -0.8704392847014262
98  1456067887630  0.5043929195801038  0.16911677583340246  -0.8467510416046382
99  1456067887740  0.5022525030845681  0.18936658788093585  -0.8437314431236986
100  1456067887849  0.5025740227323929  0.18882186925409883  -0.8436620809938655
101  1456067887958  0.549452284393098  0.21465144208737974  -0.807481897587186
102  1456067888071  0.635101578073499  0.29126234777274074  -0.7154105826117858
103  1456067888180  0.705228776751671  0.3434260616029554  -0.620250714640858
104  1456067888290  0.7622576750023242  0.3259641691554478  -0.5592052680813833
105  1456067888398  0.7992476014882257  0.19843439116584438  -0.5672980085983212
106  1456067888504  0.698981326713259  -0.15083185979794322  -0.6990528278354518
107  1456067888614  -0.9708710387767678  -0.1540196988479729  -0.18354115474710442
108  1456067888716  -0.8834149426011066  0.006437860434832743  0.4685473222119043
109  1456067888820  -0.6986526667806117  0.09836679807226911  0.7086666523448342
110  1456067888928  -0.4630548695314811  0.2994565651047607  0.8342097756792164
111  1456067889057  -0.19759979970374264  0.42529255505798247  0.8832216946536642
112  1456067889144  -0.07222930731310662  0.4466056287698754  0.8918107082795466
113  1456067889252  -0.10571119566843024  0.4530312937395439  0.8852049424818028
114  1456067889360  -0.19749252950483376  0.4403028595397007  0.8758596305251758
115  1456067889468  -0.2547960400053739  0.4202950472590601  0.8708794708990464
116  1456067889577  -0.26203220355840173  0.4135916848281198  0.8719409627342398
117  1456067889687  -0.2468124485792158  0.41532481877056093  0.8755506319004764
118  1456067889795  -0.23847341956129764  0.4172373576548043  0.8769512050538057
119  1456067889905  -0.24814668676143992  0.4174715739156174  0.8741514200962965
120  1456067890015  -0.2672388249273592  0.41636353846648255  0.8690367169999882
121  1456067890124  -0.27921228346878735  0.4151531447028125  0.8658454638376085
122  1456067890241  -0.27157251214051215  0.41628615971457705  0.8677293374993145
123  1456067890347  -0.2565791702963569  0.41581061053557344  0.8725071155853383
124  1456067890451  -0.2458167786611929  0.413497977513253  0.8766946636089323
125  1456067890559  -0.24899300375061983  0.4099007068241154  0.8774872614192537
126  1456067890667  -0.2709393617856577  0.40938344238139535  0.8712043746717137
127  1456067890781  -0.3334165381295051  0.41154143676318533  0.8482140421643081
128  1456067890899  -0.43469451738281517  0.41118198301108877  0.8012303363832691
129  1456067891009  -0.45741824459835456  0.488767416933519  0.742882870714368
130  1456067891117  0.6487672151873198  0.41608402200089745  0.637161821812765
131  1456067891226  0.8056608814376034  -0.5386469645970031  0.24651569982327715
132  1456067891341  0.7257008365994171  -0.5654640642607462  -0.39192946965852826
133  1456067891461  0.6193152107835644  -0.30489230128476236  -0.7235255987747662
134  1456067891569  0.5718149151760379  -0.18164682796407167  -0.8000200354738105
135  1456067891678  0.572730474090593  -0.1253990206545662  -0.8100955765052191
136  1456067891786  0.5904304177946029  -0.04509600820732679  -0.805827716283638
137  1456067891907  0.557753011300882  0.07345779572328315  -0.8267499999767765
138  1456067892017  0.43032061657147125  0.16822425263267116  -0.8868622933552839
139  1456067892125  0.2824780718734643  0.1556770993969414  -0.9465573240505663
140  1456067892233  0.2021004874771677  0.0858237475723902  -0.9755971164420494
141  1456067892342  0.2182916738984657  0.042748762927565354  -0.9749468143542825
142  1456067892451  0.3084588055612283  0.0756286456934353  -0.9482264713866977
143  1456067892559  0.40930350746435273  0.15950611904211698  -0.8983475912550456
144  1456067892667  0.47067186052596455  0.2394876165844657  -0.8491840990486335
145  1456067892776  0.48648226775307535  0.28923753565925026  -0.824425006743084
146  1456067892885  0.4797638340999235  0.30413403115658477  -0.8230000874315606
147  1456067893011  0.5057103266682841  0.3112914511014653  -0.8045835603986191
148  1456067893120  0.5832230789687998  0.3646036247201989  -0.7258891745293994
149  1456067893229  0.6848044765911343  0.4308109374630138  -0.5877455619930627
150  1456067893338  0.7766019241005573  0.423759419081402  -0.4661731636099091
151  1456067893444  0.8543996136459668  0.31143386102178283  -0.4159451040860489
152  1456067893553  0.8936134234719901  0.0429675323660339  -0.44677610205678064
153  1456067893656  -0.8627382782557098  -0.49531867823251774  -0.10169596800375436
154  1456067893760  -0.8413928294951059  0.060258738742351436  0.5370539925291369
155  1456067893867  -0.6855804892222137  0.060663188955455194  0.7254649342430817
156  1456067893983  -0.48620344499376245  0.23132350695617276  0.8426717297713271
157  1456067894112  -0.2607482828595131  0.38710518943893435  0.8843980466110435
158  1456067894287  -0.15537539070101225  0.43927144605906654  0.8848158477863262
159  1456067894331  -0.18425749677378356  0.4516648788232789  0.8729536133744462
160  1456067894451  -0.25663309532668244  0.4376072746388384  0.861765239388264
161  1456067894562  -0.29166687406891434  0.423276299536522  0.8577689708876568
162  1456067894668  -0.2923958304018255  0.4218951065512657  0.8582011402375529
163  1456067894782  -0.2790388700301194  0.4254026505901165  0.8609122457209639
164  1456067894891  -0.2720765930225033  0.42242549186619427  0.8645987698199866
165  1456067894996  -0.27263726932738575  0.4147693817603255  0.8681216956348958
166  1456067895108  -0.2728207884656517  0.4089264620762276  0.8708317664950145
167  1456067895217  -0.26486283766068475  0.41040043981729224  0.8725933509739336
168  1456067895322  -0.2542279432054748  0.4161005983348751  0.8730569537539896
169  1456067895574  -0.2820701713107283  0.42640250026144155  0.8594284886732488
170  1456067895679  -0.3051442531628332  0.4194243848117545  0.8549679348946695
171  1456067895886  -0.35485519039444613  0.3937539368664975  0.8479596874415813
172  1456067896005  -0.3999268455294387  0.3690021247620341  0.8389850717140526
173  1456067896110  -0.47739670171092285  0.32835042500697487  0.8150327530055761
174  1456067896215  -0.599625129181304  0.23644247634795867  0.7645552046901809
175  1456067896320  -0.6963029056645951  0.17381505182953827  0.6963839416957569
176  1456067896427  -0.06669004615796936  0.7971826423674557  0.6000435588503725
177  1456067896541  0.7887037463358979  -0.5965505755593199  0.1485725711888506
178  1456067896650  0.7775639054113981  -0.5234490668278546  -0.3484185242565019
179  1456067896760  0.7437890584166471  -0.3107444805700952  -0.5917902533754145
180  1456067896880  0.7122394506342395  -0.17045092927096928  -0.680926914988774
181  1456067896990  0.7026048248790566  -0.06172430805053675  -0.7088981009051674
182  1456067897101  0.6715908831916906  0.05098904439392982  -0.7391656145739756
183  1456067897211  0.565849853792221  0.17108980113827355  -0.8065620247723144
184  1456067897321  0.39190399860588165  0.2137848295851501  -0.8948224685952468
185  1456067897429  0.24182158785200336  0.1727514306315634  -0.954819009981221
186  1456067897538  0.18184057829128797  0.1055012829252373  -0.9776520124704411
187  1456067897650  0.2189593812395958  0.08815800964903275  -0.9717432418453749
188  1456067897758  0.3146132973935316  0.14555261254804375  -0.9379940893893419
189  1456067897866  0.40991956522320727  0.23328050338929884  -0.8817858108665075
190  1456067897975  0.4624364928790614  0.3061286463460875  -0.8321284025872355
191  1456067898084  0.4723076156995383  0.35902601183927696  -0.8050005539393092
192  1456067898201  0.469397431458102  0.40048679162994105  -0.7869410968744877
193  1456067898311  0.4882300885670299  0.44639460828032806  -0.7499088543694574
194  1456067898420  0.5433169342420445  0.49519356545313165  -0.677930669690217
195  1456067898529  0.6172697634094426  0.4981694610976459  -0.6089377610648539
196  1456067898647  0.6901955972125755  0.39566681802956505  -0.6058694653052106
197  1456067898773  0.6592318696434454  -0.03554907265707086  -0.7510989010840401
198  1456067898881  -0.9592271841507851  0.2253555698955343  0.17058158498065268
199  1456067898986  -0.7940674990418182  0.17491074351599056  0.5821194368739349
200  1456067899091  -0.648637758131533  0.22622061186680043  0.726700278074337
201  1456067899197  -0.47560711934855826  0.35763120311384045  0.8036776660019309
202  1456067899307  -0.29601613643742297  0.4554941127865684  0.839582968168969
203  1456067899412  -0.20633142424271256  0.4854599450798922  0.8495622314580666
204  1456067899517  -0.207037452899145  0.48608474419778913  0.8490330466117357
205  1456067899622  -0.23162590068793198  0.47616445424327114  0.8483023367592873
206  1456067899729  -0.24005132589405775  0.47094855635181254  0.8488714963913764
207  1456067899841  -0.23480969023231868  0.4774629576842966  0.8466956559383885
208  1456067899950  -0.23305385201770878  0.48864339436422566  0.8407815031873564
209  1456067900058  -0.24092834337070634  0.49558664826285503  0.8344743300852233
210  1456067900166  -0.252379386688693  0.49442086371881366  0.8317768062363426
211  1456067900275  -0.2587799486686251  0.4879715610463782  0.8336166343980977
212  1456067900385  -0.25783839193727687  0.4810714694884741  0.837907873539461
213  1456067900515  -0.2559457480602845  0.47625884974490074  0.8412308140768943
214  1456067900623  -0.27846933297306853  0.4720691410500908  0.8364242680956411
215  1456067900731  -0.37381658238611504  0.4508011873107354  0.8105797016620304
216  1456067900841  -0.547381427921259  0.37370595457126754  0.7488106787340385
217  1456067900951  -0.6991341872387515  0.2831511745801789  0.6565339297218848
218  1456067901060  -0.38697982967756406  -0.7859152384425226  0.48226948909009226
219  1456067901169  0.7180286803103293  -0.6175976340707878  -0.3209485801970935
220  1456067901278  0.6659753315496362  -0.2631332393854126  -0.6980241462826378
221  1456067901383  0.6154068458324886  -0.08957682970613146  -0.783103023655709
222  1456067901494  0.5912651899056005  0.00*  -0.8064192349067199
223  1456067901603  0.5802678221661628  0.10473904259178735  -0.8076627155294758
224  1456067901710  0.5439275009683691  0.21511003670122375  -0.8110922318390701
225  1456067901818  0.4545884396512463  0.29897584249413  -0.8390248932176689
226  1456067901930  0.335551425499343  0.2952082217265186  -0.8945710870890378
227  1456067902045  0.25147615974592874  0.2171586254531277  -0.9431871245997416
228  1456067902151  0.2377861330904194  0.11646149329699473  -0.9643103233461663
229  1456067902259  0.29117533180026456  0.038603369395766585  -0.9558905119823558
230  1456067902380  0.40738570549073216  0.0377034021026752  -0.9124775392942794
231  1456067902515  0.5242717319903019  0.11646178876179358  -0.843549483828423
232  1456067902631  0.5822538529308972  0.2227796175500849  -0.7818885579006789
233  1456067902740  0.602314346623352  0.3296616362052305  -0.7270079486843883
234  1456067902851  0.5978851280460074  0.3998846878902895  -0.6947126030154616
235  1456067902960  0.5827386428057082  0.41807638043954753  -0.6968699915419592
236  1456067903070  0.5724411822752877  0.35688488119148687  -0.7382034336851415
237  1456067903388  0.22979293804496903  -0.252191390854142  -0.9399972165423698
238  1456067903390  -0.989692843170733  0.12850806108576251  -0.06319616385282778
239  1456067903489  -0.8441588074627722  0.12393941061621194  0.521569679214298
240  1456067903592  -0.6427800278772224  0.21050082884720833  0.7365617670191789
241  1456067903699  -0.3484362542836905  0.4202745677930899  0.8378314025026512
242  1456067903810  -0.0614708632924188  0.5209765901319976  0.8513546425612222
243  1456067903917  0.02201797786630344  0.5417725938176643  0.8402366749331254
244  1456067904024  -0.05247770527866713  0.5527029664487719  0.8317244250015683
245  1456067904131  -0.1436563287072259  0.5405394679098319  0.8289631717863877
246  1456067904241  -0.18592806478394142  0.527055921037566  0.8292423133276032
247  1456067904367  -0.18831837454887435  0.5270689052311148  0.8286944900229405
248  1456067904476  -0.18139087720266645  0.532194083319621  0.826962399613393
249  1456067904585  -0.17919819194868936  0.536634524126079  0.824567400447977
250  1456067904692  -0.18693158922222963  0.5377655565257051  0.8221099624765946
251  1456067904797  -0.1978741617356583  0.5366497499097358  0.8202760866640091
252  1456067904906  -0.20387296452736958  0.5364916204883896  0.8189093712795996
253  1456067905011  -0.2055828709828944  0.5384286684789252  0.8172088181920856
254  1456067905128  -0.21348619957626536  0.5400753477425182  0.8140898370633134
255  1456067905233  -0.23896997624665062  0.5390104523689807  0.8076887293670296
256  1456067905339  -0.2972788027900979  0.5342411358874797  0.7913354059906528
257  1456067905449  -0.37614706964583444  0.5281590681905721  0.7612892908701356
258  1456067905555  -0.38771355911759287  0.5590158784420796  0.7329252675306464
259  1456067905668  0.08211657157532604  0.7035462845250838  0.7058891536433832
260  1456067905772  0.8956542691580154  -0.3881773311115957  0.21707555877728169
261  1456067905882  0.7576317157323635  -0.23974552816297445  -0.6070554577792051
262  1456067905992  0.6403239005764516  -0.08132415189581754  -0.7637877321963416
263  1456067906100  0.5800929311373633  -0.060086487314813586  -0.8123311282086796
264  1456067906209  0.564327597939177  -0.052526700137705384  -0.8238781773747959
265  1456067906317  0.5687510349212888  0.03249956701120693  -0.8218674156233177
266  1456067906425  0.5057076265043552  0.1854243035802181  -0.8425423056999306
267  1456067906541  0.33731953656131264  0.24164553383062914  -0.9098477706738479
268  1456067906650  0.1864087256137381  0.20661656475113976  -0.9605005692332123
269  1456067906770  0.13778630000100733  0.15819783475215843  -0.9777465925390745
270  1456067906879  0.19980792288408722  0.13336394964458953  -0.9707166356923445
271  1456067906989  0.3282229117611908  0.1374733039202728  -0.93454308886295
272  1456067907099  0.44896150414868163  0.17042774624443746  -0.8771475895862944
273  1456067907208  0.5094400062987283  0.2274242074409858  -0.8299091459201451
274  1456067907316  0.5170718116279573  0.3019965339670492  -0.8008963114348973
275  1456067907425  0.5000195774606295  0.3765576998134095  -0.7798619328551744
276  1456067907542  0.49042775621027435  0.4452711887331904  -0.7491422544192039
277  1456067907661  0.4988355920759684  0.4922985305893499  -0.7133057979420911
278  1456067907770  0.5217689956728346  0.4657117444568273  -0.7147514563027162
279  1456067907878  0.5113469313807055  0.3164634461675073  -0.7989838910811429
280  1456067907984  0.17872926551020335  -0.17112067105702256  -0.9689032867588043
281  1456067908092  -0.9463241555002377  0.29124005698899147  0.14017781482122516
282  1456067908201  -0.6795555345855602  0.28831659810982635  0.6745945557528269
283  1456067908309  -0.4720150596147441  0.3230049666901582  0.8202862759450831
284  1456067908418  -0.29872575574695404  0.41173273077143  0.8609524243319857
285  1456067908526  -0.16994063438724183  0.4811409563723481  0.8600136953375728
286  1456067908635  -0.11702773626252672  0.5158916070516284  0.8486226261774732
287  1456067908751  -0.12224412978410903  0.5265717378014532  0.841295770948804
288  1456067908859  -0.13330094263650327  0.524507256599476  0.8409060550496354
289  1456067908977  -0.140599014318056  0.5179944883034011  0.8437497428494964
290  1456067909085  -0.14805499919217535  0.512952342396255  0.8455528434262014
291  1456067909194  -0.1557776478022106  0.510680344682849  0.8455406023399492
292  1456067909311  -0.16502956490137777  0.5106016066321661  0.8438312892991355
293  1456067909419  -0.17340324589880396  0.5107065743188457  0.8420867602225712
294  1456067909529  -0.17601789471684803  0.5112673487331838  0.8412035442474437
295  1456067909637  -0.1699722772940957  0.5133502217156396  0.8411783261135857
296  1456067909746  -0.1622489111975911  0.5155042838902564  0.8413861315774049
297  1456067909861  -0.16343976043425812  0.5155044955647268  0.8411554913286263
298  1456067909971  -0.17076918705045152  0.5142328640651843  0.840477510793761
299  1456067910105  -0.17552730176359432  0.5130121962572769  0.8402432098394073
300  1456067910191  -0.17532345223724288  0.512516857486863  0.8405879824056601
301  1456067910300  -0.1857119191606671  0.5127269493589637  0.8382256017433747
302  1456067910411  -0.24066365589387306  0.5094884891466642  0.8261370855435088
303  1456067910520  -0.34279522950373575  0.49325555237206586  0.7994938350224885
304  1456067910628  -0.4058276505104317  0.5030465243583946  0.763051839577999
305  1456067910736  -0.16886030390095996  0.6662988836791852  0.7263139816026793
306  1456067910849  0.7511148866464268  0.2385936261014665  0.6155481395384577
307  1456067910969  0.9052454307241469  -0.361607087126524  0.2230942151824884
308  1456067911079  0.8859130091253213  -0.415309522960273  -0.2065820987854785
309  1456067911188  0.8019733089906147  -0.30984430831707477  -0.5107203315721645
310  1456067911296  0.7225931874855824  -0.21648156855704204  -0.6565019625015056
311  1456067911407  0.6855207090834163  -0.14845742116177302  -0.7127564383629501
312  1456067911513  0.6732451943164364  -0.05685961003969453  -0.73722989037487
313  1456067911618  0.6350577843696588  0.07076489162686905  -0.7692164458375785
314  1456067911722  0.548647527045965  0.16739976680745983  -0.8191234203955347
315  1456067911827  0.4522001300397598  0.19383473595656664  -0.8705992635168345
316  1456067911936  0.38476361073199605  0.15041032986144054  -0.9106775560265419
317  1456067912052  0.3597936735231002  0.06338096439191188  -0.9308767032692506
318  1456067912160  0.39700538774505745  0.007*  -0.9177816105311898
319  1456067912269  0.48762828047952667  0.03440972285355315  -0.8723729484703355
320  1456067912377  0.5665484522048558  0.11164265164426368  -0.8164305358955914
321  1456067912492  0.6001281104242082  0.1987251165096806  -0.7748255554203425
322  1456067912611  0.5948350713111683  0.27076487890145606  -0.7568735822791393
323  1456067912720  0.5836497194708361  0.3176502797481138  -0.7472959726756789
324  1456067912829  0.5969311434440367  0.34766240520090963  -0.723051943497711
325  1456067912938  0.6437041969163726  0.3709455633720349  -0.6693611169045885
326  1456067913056  0.7302099493793452  0.3824661272436989  -0.5661388015385818
327  1456067913168  0.8457970607739007  0.34776427129611154  -0.4045829829666836
328  1456067913273  0.9433022821199444  0.290533313198444  -0.160533977844878
329  1456067913377  0.8541167726471386  0.4191994278544975  0.3078251615048444
330  1456067913481  -0.19225991654579744  0.6100761838360107  0.7686632414419723
331  1456067913589  -0.6300687603824784  0.2518438378383403  0.7345665670472101
332  1456067913701  -0.6489945084696105  0.14418978888798906  0.7470043056502043
333  1456067913809  -0.5582130006883013  0.19763491203964212  0.8058155426320246
334  1456067913917  -0.42663233711254644  0.2892737934046119  0.8569162865370377
335  1456067914026  -0.3460167277746633  0.326607258214763  0.8795454077029796
336  1456067914138  -0.34784772273074793  0.3225527852654513  0.8803190688511782
337  1456067914251  -0.38214303386374127  0.30395824836876884  0.8726832678582923
338  1456067914359  -0.4026724807195592  0.29038362768143  0.8680623381153181
339  1456067914469  -0.40607018690877794  0.2866140821226182  0.8677323152275473
340  1456067914581  -0.4011680345283075  0.28667810665443216  0.8699884318463624
341  1456067914687  -0.3926588976802803  0.2907516899531717  0.8725150105373602
342  1456067914797  -0.38549007838836324  0.2962729117464127  0.8738533987276513
343  1456067914902  -0.36957340669243255  0.31757202143949925  0.8732488230765614
344  1456067915007  -0.36718131602400916  0.32627572693125373  0.871046514992095
345  1456067915112  -0.37371636503176386  0.3263824141515803  0.8682226659624295
346  1456067915321  -0.4335438181762008  0.3089692205412846  0.8465091724675395
347  1456067915429  -0.47248117916153287  0.29567850618202396  0.8302624622625467
348  1456067915534  -0.5175635448621234  0.27747931535104997  0.8094029946618742
349  1456067915639  -0.5467718918250104  0.27548724367604294  0.7906625553569246
350  1456067915744  -0.5151707506517358  0.3510268582481686  0.7819074393219623
351  1456067915850  -0.2828594455049851  0.56306438542069  0.7764979270272372
352  1456067915962  0.5905483941816057  0.3683240529328443  0.7180459499346812
353  1456067916067  0.8145847995408175  -0.5150654526038689  0.26675677839087086
354  1456067916171  0.7445149206785029  -0.506809469316045  -0.4345591785534708
355  1456067916279  0.6991602215526567  -0.32973470669502725  -0.6343895058392595
356  1456067916388  0.6882040277028101  -0.2049441095153185  -0.6959691927948997
357  1456067916501  0.6785064736998248  -0.058970477147018974  -0.7322236137995723
358  1456067916606  0.6200041419154552  0.11788033366897732  -0.7756926393658183
359  1456067916711  0.4880836813465308  0.23497945758802996  -0.8405706214526178
360  1456067916819  0.3372654068912606  0.24790556750567583  -0.9081822121238634
361  1456067916937  0.24720600045534769  0.18509300677705387  -0.9511202791656017
362  1456067917051  0.23962783628868678  0.12484112439957573  -0.9628049006849411
363  1456067917159  0.28937327712530636  0.10477271107654373  -0.9514650385698515
364  1456067917267  0.37365894272597444  0.14057102141030597  -0.9168526255159932
365  1456067917375  0.45443071070196606  0.21148404028029777  -0.8653133391269252
366  1456067917484  0.49874048041914243  0.2813290822279988  -0.8198242536181626
367  1456067917601  0.49790143919474517  0.33069305085460843  -0.8017083889963681
368  1456067917720  0.46218508220286836  0.3468378155811136  -0.8161423939265333
369  1456067917828  0.4340531784933277  0.34076022650535087  -0.8339546057339244
370  1456067917937  0.451717329814469  0.34331823576824216  -0.8234586392070895
371  1456067918046  0.5145387299646869  0.3818729519754087  -0.7677387986403925
372  1456067918161  0.5930450913104224  0.45051907583575246  -0.667330627572551
373  1456067918270  0.6677247504295423  0.5027669546053843  -0.5489709018667259
374  1456067918378  0.745429294081589  0.5222746706931245  -0.4142031866111502
375  1456067918497  0.8292150872936244  0.4809132815678403  -0.28482413589571465
376  1456067918606  0.9100757517311813  0.3802965454014382  -0.1647322208032307
377  1456067918723  -0.3042942173416705  0.8727739194086099  0.3816683382419619
378  1456067918832  -0.7523394006344191  0.34110329783754256  0.5635902472662018
379  1456067918941  -0.6855054785808354  0.2593807761746876  0.6802968852685369
380  1456067919050  -0.5254434398908501  0.3557189058885797  0.7728992512402897
381  1456067919161  -0.31735242233180916  0.4770684404587169  0.8195688755322212
382  1456067919271  -0.18580443723278606  0.5207257305891853  0.833259517395593
383  1456067919379  -0.18543487986918317  0.5237064966094127  0.8314718336191473
384  1456067919487  -0.23960101281995527  0.5094204014526795  0.8264878765573229
385  1456067919595  -0.27905608623339884  0.4910027968934829  0.8252538722060239
386  1456067919703  -0.29204369737784663  0.4802601906024053  0.8270795777342834
387  1456067919821  -0.2930154077868252  0.47732882267634125  0.8284317509552253
388  1456067919929  -0.2951809794422946  0.47762950359907363  0.8274891209658506
389  1456067920039  -0.2984197037822689  0.48001908346241073  0.8249408218961882
390  1456067920147  -0.29921570277621257  0.48332059437585784  0.8227218030519037
391  1456067920258  -0.2970623882681034  0.48479050806642254  0.8226372844448848
392  1456067920371  -0.2945469921708854  0.48306464638885127  0.8245547985735191
393  1456067920478  -0.29578507192825976  0.48050639628806135  0.8256057127834946
394  1456067920587  -0.3000105484175086  0.479684296425148  0.8245584556379841
395  1456067920695  -0.302695242468463  0.4807372827486571  0.8229624864183114
396  1456067920804  -0.30371216517157107  0.48203949429064363  0.8218253141133218
397  1456067920921  -0.3233931814678881  0.47712039536679374  0.8171737749994801
398  1456067921030  -0.38532980136686357  0.45613360530593816  0.8021615040888075
399  1456067921139  -0.4788184072580002  0.42258543066758314  0.7695157491697451
400  1456067921247  -0.5197324572915178  0.4438468704756895  0.7299850193895807
401  1456067921358  -0.25801581357912085  0.6567237491549902  0.7086196163666063
402  1456067921468  0.6763452239897205  0.3051738336024057  0.6703924737784384
403  1456067921572  0.8749518055784371  -0.3446392325048384  0.34012225728793766
404  1456067921677  0.8601442365311982  -0.44622510993823994  -0.24705271114222427
405  1456067921782  0.7576898862655632  -0.3210501635436023  -0.5681838100999244
406  1456067921898  0.6685415138042927  -0.2705752807648554  -0.6927057085460286
407  1456067922011  0.6598673067021026  -0.2275634659413326  -0.7160935574386265
408  1456067922120  0.6973201725213904  -0.08053593949908944  -0.712220809460872
409  1456067922251  0.6787882572244612  0.15171058785504865  -0.718491790841874
410  1456067922371  0.5930535443767777  0.36329757990757083  -0.7185418585436105
411  1456067922502  0.5696041289312745  0.47269944207475834  -0.6723885393844355
412  1456067922621  0.6410756659943164  0.518107040883744  -0.5662040404711188
413  1456067922730  0.78612173491309  0.5129364559293954  -0.3448316291515816
414  1456067922851  0.908002156262353  0.37706021626438074  0.18264097458170347
415  1456067922965  0.8261595713908738  0.13550422176362242  0.5468993750794375
416  1456067923070  0.7853178646122387  0.1308047616463135  0.6051164190371452
417  1456067923178  0.7835724604155505  0.23092227551044808  0.5767920272360154
418  1456067923282  0.7403008252479477  0.3862486397213578  0.5502423616293104
419  1456067923389  0.6321215704608152  0.5397127004334996  0.5559969146862676
420  1456067923494  0.5562779863161911  0.5807392498430997  0.5943877108949769
421  1456067923599  0.5994893401103685  0.4822563244532143  0.6387810934557088
422  1456067923708  0.6784246345604217  0.31066606784474704  0.6657526314043949
423  1456067923813  0.7192218801255237  0.16655793208908776  0.6745207942381555
