1  1456067877136  0.09911222  -0.11086149  -0.69529295
2  1456067877205  0.13338281  -0.06860026  -0.4030636
3  1456067877306  0.14207469  -0.06598609  -0.39232862
4  1456067877412  0.15876149  -0.060827896  -0.3677521
5  1456067877516  0.1761303  -0.055826187  -0.33655873
6  1456067877621  0.1868837  -0.054303866  -0.30778602
7  1456067877731  0.19024007  -0.0574644  -0.2769018
8  1456067877838  0.1911169  -0.06298095  -0.23696312
9  1456067877945  0.1914154  -0.0671501  -0.20483045
10  1456067878051  0.18392064  -0.06700581  -0.23191461
11  1456067878166  0.16658546  -0.05656072  -0.3652501
12  1456067878281  0.16511069  -0.029428568  -0.49997607
13  1456067878390  0.17707855  -0.008710724  -0.5077163
14  1456067878495  0.17656338  0.0016914558  -0.34643212
15  1456067878600  0.1477187  0.039931733  0.16523339
16  1456067878708  0.07962672  0.0350735  0.7413801
17  1456067878821  0.07047423  -0.13098286  0.9416936
18  1456067878929  0.13759534  -0.31140557  0.92487395
19  1456067879035  0.22620018  -0.38353196  0.8918692
20  1456067879139  -0.31597292  0.3800368  -0.8692162
21  1456067879248  -0.39879292  0.34598234  -0.8406432
22  1456067879361  -0.48223656  0.2970396  -0.7801708
23  1456067879471  -0.5731932  0.20262183  -0.6592857
24  1456067879581  -0.6314875  0.06764348  -0.5253103
25  1456067879690  -0.6257031  -0.061248165  -0.4525474
26  1456067879798  -0.5702334  -0.13919501  -0.4511158
27  1456067879912  -0.48785192  -0.17350543  -0.48842072
28  1456067880021  -0.4187684  -0.17677948  -0.5346182
29  1456067880141  -0.39335063  -0.17034438  -0.57728106
30  1456067880247  -0.49512082  -0.18684934  -0.6184137
31  1456067880352  0.69819164  -0.68897814  -0.019634735
32  1456067880461  0.70767826  -0.63919336  -0.25347868
33  1456067880564  0.65245306  -0.64925206  -0.33485964
34  1456067880669  0.54454094  -0.7045014  -0.40212148
35  1456067880776  0.42807338  -0.7608326  -0.4479713
36  1456067880884  0.35247535  -0.796462  -0.46156928
37  1456067881011  0.3432637  -0.809163  -0.4497043
38  1456067881119  0.36793563  -0.80319196  -0.43965617
39  1456067881227  0.3912205  -0.7922828  -0.43744346
40  1456067881335  0.4067968  -0.7832485  -0.43756348
41  1456067881444  0.43254238  -0.7736557  -0.4275687
42  1456067881561  0.48751262  -0.75510633  -0.39656946
43  1456067881669  0.52124333  -0.74447346  -0.36400083
44  1456067881777  0.36268148  -0.8202197  -0.38255838
45  1456067881897  -0.26161414  -0.7426033  -0.6006336
46  1456067882003  -0.33706632  -0.497124  -0.7581484
47  1456067882112  -0.32621875  -0.27504045  -0.8215552
48  1456067882217  -0.33673167  -0.055802424  -0.811147
49  1456067882325  -0.372666  0.108278364  -0.7704822
50  1456067882430  -0.42040893  0.16488346  -0.73711437
51  1456067882536  -0.47702155  0.15088779  -0.6945737
52  1456067882646  -0.53249484  0.11149945  -0.6149458
53  1456067882751  -0.57870716  0.086085364  -0.49505273
54  1456067882858  -0.62254333  0.092076704  -0.38904145
55  1456067882967  -0.6572554  0.08051914  -0.33196816
56  1456067883093  -0.66187906  0.048052464  -0.32337698
57  1456067883185  -0.6354861  0.008338395  -0.33751494
58  1456067883293  -0.60228086  -0.028016666  -0.35135403
59  1456067883410  -0.5861981  -0.055841796  -0.35440868
60  1456067883518  -0.5869565  -0.07283149  -0.3485303
61  1456067883628  -0.5786564  -0.092080675  -0.34527683
62  1456067883741  -0.5378144  -0.12744632  -0.3548688
63  1456067883850  -0.48369244  -0.16249636  -0.38107863
64  1456067883959  -0.43751  -0.18298589  -0.41976538
65  1456067884067  -0.4194356  -0.17371395  -0.4705073
66  1456067884176  -0.45267615  -0.13243824  -0.5283804
67  1456067884291  -0.76242995  -0.014758902  -0.5249467
68  1456067884399  0.67518497  -0.6982784  -0.1836168
69  1456067884508  0.6178902  -0.68410623  -0.3045496
70  1456067884616  0.48225188  -0.7259503  -0.39783725
71  1456067884725  0.31272575  -0.7688791  -0.4910442
72  1456067884841  0.22323887  -0.77883935  -0.5340256
73  1456067884946  0.22616296  -0.77921575  -0.52819866
74  1456067885051  0.26441562  -0.77710485  -0.5043759
75  1456067885156  0.2950418  -0.7737528  -0.48682138
76  1456067885261  0.30287033  -0.77313596  -0.48293835
77  1456067885368  0.2962021  -0.77413154  -0.48766264
78  1456067885471  0.28798458  -0.77352595  -0.49430808
79  1456067885579  0.28518248  -0.7707406  -0.49873418
80  1456067885687  0.2973477  -0.7673838  -0.49304095
81  1456067885794  0.33583492  -0.76319724  -0.4684272
82  1456067885904  0.4016253  -0.7529481  -0.42088443
83  1456067886010  0.446081  -0.7454522  -0.36524495
84  1456067886118  0.24708045  -0.8144964  -0.39681444
85  1456067886224  -0.37461278  -0.5742069  -0.69995564
86  1456067886329  -0.32750967  -0.07726231  -0.856746
87  1456067886438  -0.30724356  0.15122196  -0.82005167
88  1456067886543  -0.3525624  0.22210337  -0.7873031
89  1456067886659  -0.42810532  0.24433306  -0.7587265
90  1456067886763  -0.505563  0.21944909  -0.70183057
91  1456067886868  -0.5843164  0.13584073  -0.57827276
92  1456067886978  -0.64060074  0.021063762  -0.38179776
93  1456067887082  -0.6717766  -0.04942099  -0.22917703
94  1456067887190  -0.6910443  -0.08761145  -0.15970661
95  1456067887299  -0.69282144  -0.12356447  -0.14294876
96  1456067887408  -0.6743613  -0.15307885  -0.1548905
97  1456067887521  -0.642381  -0.17657423  -0.17370065
98  1456067887630  -0.6181073  -0.18902102  -0.18271552
99  1456067887740  -0.6114183  -0.19413961  -0.17743835
100  1456067887849  -0.6148746  -0.20842268  -0.16588642
101  1456067887958  -0.6044983  -0.25317734  -0.16509412
102  1456067888071  -0.56452113  -0.31518617  -0.18890403
103  1456067888180  -0.52449185  -0.34547743  -0.23064102
104  1456067888290  -0.5079246  -0.34117422  -0.2811236
105  1456067888398  -0.5377196  -0.29969087  -0.33412635
106  1456067888504  -0.6693665  -0.18977195  -0.35688156
107  1456067888614  -0.759256  0.63506186  0.023241496
108  1456067888716  -0.61893594  0.7093349  0.33719337
109  1456067888820  0.53191847  -0.7342108  -0.40973082
110  1456067888928  0.37178242  -0.7940972  -0.46048838
111  1456067889057  0.18221623  -0.83741367  -0.5041339
112  1456067889144  0.09032881  -0.8468941  -0.5182064
113  1456067889252  0.1100331  -0.848665  -0.5112505
114  1456067889360  0.17406097  -0.84315675  -0.49955115
115  1456067889468  0.21823987  -0.83528835  -0.4921624
116  1456067889577  0.2282192  -0.832114  -0.49103987
117  1456067889687  0.22022787  -0.83242947  -0.49379882
118  1456067889795  0.21351723  -0.8334228  -0.49577385
119  1456067889905  0.21708865  -0.8339331  -0.49410194
120  1456067890015  0.22782461  -0.83364695  -0.48981035
121  1456067890124  0.23680222  -0.8327898  -0.4861565
122  1456067890241  0.23559472  -0.83232015  -0.48616052
123  1456067890347  0.23038791  -0.8313659  -0.48889273
124  1456067890451  0.22601159  -0.83032185  -0.49210748
125  1456067890559  0.22799984  -0.829329  -0.49301696
126  1456067890667  0.23891671  -0.8295633  -0.48808512
127  1456067890781  0.27244583  -0.83045423  -0.4690443
128  1456067890899  0.33047512  -0.8295597  -0.43034312
129  1456067891009  0.33666223  -0.8493315  -0.37719336
130  1456067891117  -0.37495866  -0.8411348  -0.38905525
131  1456067891226  -0.71919227  -0.45702237  -0.50208163
132  1456067891341  -0.6849659  -0.17733784  -0.5599587
133  1456067891461  -0.6256526  -0.01366915  -0.51088643
134  1456067891569  -0.6103842  0.020923577  -0.46717715
135  1456067891678  -0.6185883  -0.009369245  -0.4243206
136  1456067891786  -0.63000816  -0.082621135  -0.35445413
137  1456067891907  -0.6332575  -0.15856543  -0.2495116
138  1456067892017  -0.633572  -0.19950211  -0.12030963
139  1456067892125  -0.64942753  -0.19470307  -0.020132722
140  1456067892233  -0.6754791  -0.17981774  0.028567582
141  1456067892342  -0.69139016  -0.18272172  0.024602242
142  1456067892451  -0.6796521  -0.21029782  -0.016084125
143  1456067892559  -0.64492106  -0.24378215  -0.06575523
144  1456067892667  -0.60885286  -0.26766846  -0.09774646
145  1456067892776  -0.5870896  -0.2818122  -0.103474736
146  1456067892885  -0.58286095  -0.2947149  -0.09058752
147  1456067893011  -0.5808876  -0.329329  -0.0832097
148  1456067893120  -0.55241543  -0.37914872  -0.11196157
149  1456067893229  -0.5029019  -0.42124912  -0.17800061
150  1456067893338  -0.4725448  -0.43088078  -0.2546011
151  1456067893444  -0.48807102  -0.4088804  -0.32568353
152  1456067893553  -0.5817759  -0.36851704  -0.3742366
153  1456067893656  0.8467836  -0.5004599  0.17497689
154  1456067893760  0.5849873  -0.7279572  -0.3572961
155  1456067893867  0.5269916  -0.72299427  -0.438119
156  1456067893983  0.39477292  -0.7737255  -0.478009
157  1456067894112  0.22576079  -0.8254035  -0.5054498
158  1456067894287  0.14271627  -0.8441531  -0.50989836
159  1456067894331  0.15652661  -0.84807116  -0.49966687
160  1456067894451  0.20394672  -0.84312326  -0.48949167
161  1456067894562  0.22989224  -0.83804965  -0.48529518
162  1456067894668  0.23275967  -0.8371769  -0.48463944
163  1456067894782  0.22588715  -0.8379841  -0.4860799
164  1456067894891  0.22312583  -0.8369327  -0.48887843
165  1456067894996  0.22474653  -0.83458674  -0.49204096
166  1456067895108  0.2249923  -0.83297205  -0.4948891
167  1456067895217  0.21830633  -0.83381504  -0.4971339
168  1456067895322  0.20893607  -0.8360261  -0.4982925
169  1456067895574  0.22320452  -0.83914745  -0.48680437
170  1456067895679  0.24016061  -0.836467  -0.4822973
171  1456067895886  0.2743911  -0.8282373  -0.47731808
172  1456067896005  0.30748177  -0.81987804  -0.47005734
173  1456067896110  0.3583413  -0.80735725  -0.4554298
174  1456067896215  0.44744956  -0.77804846  -0.42610756
175  1456067896320  0.5279315  -0.7539239  -0.36657986
176  1456067896427  0.07264045  -0.94118625  -0.31005168
177  1456067896541  -0.7432618  -0.41331518  -0.4958197
178  1456067896650  -0.6572069  -0.20409524  -0.5742853
179  1456067896760  -0.5917129  -0.086324856  -0.5524926
180  1456067896880  -0.5728554  -0.053630143  -0.50701296
181  1456067896990  -0.58048403  -0.09013055  -0.44034126
182  1456067897101  -0.5946878  -0.15007749  -0.34763756
183  1456067897211  -0.60345906  -0.193734  -0.2242594
184  1456067897321  -0.6180338  -0.18793501  -0.10555454
185  1456067897429  -0.6427356  -0.16168506  -0.02269917
186  1456067897538  -0.6686887  -0.14712264  0.010234997
187  1456067897650  -0.67521745  -0.16049354  -0.0015440809
188  1456067897758  -0.65231043  -0.19472599  -0.041410092
189  1456067897866  -0.61393785  -0.23594256  -0.08025007
190  1456067897975  -0.5808299  -0.26976645  -0.09783796
191  1456067898084  -0.5586109  -0.29623273  -0.09187411
192  1456067898201  -0.5421091  -0.3238463  -0.07664421
193  1456067898311  -0.5207352  -0.35753387  -0.075083666
194  1456067898420  -0.49090073  -0.38483867  -0.10686292
195  1456067898529  -0.47339252  -0.38358763  -0.16375221
196  1456067898647  -0.5001632  -0.34260318  -0.22804247
197  1456067898773  -0.6711997  -0.2391719  -0.25935596
198  1456067898881  -0.59782577  0.7783702  0.17299297
199  1456067898986  0.5229683  -0.7663899  -0.37289247
200  1456067899091  0.46097666  -0.77861637  -0.41760054
201  1456067899197  0.34717926  -0.8174758  -0.4479408
202  1456067899307  0.21962261  -0.8491951  -0.4733063
203  1456067899412  0.1535663  -0.8597472  -0.48341227
204  1456067899517  0.1509147  -0.8602827  -0.48392394
205  1456067899622  0.16776712  -0.8571643  -0.4834997
206  1456067899729  0.17573614  -0.85530657  -0.48336583
207  1456067899841  0.17373925  -0.8569951  -0.48071113
208  1456067899950  0.17221946  -0.8601746  -0.4754143
209  1456067900058  0.17635159  -0.8621393  -0.47021994
210  1456067900166  0.18330702  -0.86174494  -0.4681753
211  1456067900275  0.18774629  -0.8598459  -0.46985695
212  1456067900385  0.18779592  -0.8578555  -0.4734944
213  1456067900515  0.18699065  -0.8564842  -0.47634554
214  1456067900623  0.20026757  -0.8552472  -0.4731367
215  1456067900731  0.25775522  -0.8488329  -0.45624736
216  1456067900841  0.37018263  -0.8252906  -0.4196568
217  1456067900951  0.48276407  -0.79511005  -0.35406676
218  1456067901060  0.9448274  -0.20038466  0.016088756
219  1456067901169  -0.78846055  -0.26415724  -0.43258384
220  1456067901278  -0.6512162  -0.091630094  -0.45550418
221  1456067901383  -0.60473776  -0.037415296  -0.4231792
222  1456067901494  -0.5858252  -0.032317523  -0.38983822
223  1456067901603  -0.57808477  -0.07082414  -0.33682117
224  1456067901710  -0.5716231  -0.13127299  -0.2563046
225  1456067901818  -0.56985176  -0.17735505  -0.16056478
226  1456067901930  -0.58846503  -0.18099599  -0.0781333
227  1456067902045  -0.62451154  -0.15543741  -0.03749725
228  1456067902151  -0.6626726  -0.122327246  -0.051325306
229  1456067902259  -0.6855495  -0.10468496  -0.103538364
230  1456067902380  -0.67395025  -0.12968028  -0.16413206
231  1456067902515  -0.630115  -0.17198667  -0.21148099
232  1456067902631  -0.5840644  -0.21834588  -0.21789664
233  1456067902740  -0.5426998  -0.26897573  -0.20160872
234  1456067902851  -0.51779944  -0.3089814  -0.17872156
235  1456067902960  -0.51429737  -0.3202213  -0.16266537
236  1456067903070  -0.54211336  -0.2915987  -0.16634503
237  1456067903388  -0.78048533  -0.045529608  -0.13014744
238  1456067903390  -0.64408404  0.7209577  0.14457428
239  1456067903489  -0.56047493  0.7496263  0.35199168
240  1456067903592  0.4823602  -0.76831424  -0.40258938
241  1456067903699  0.31182486  -0.8217171  -0.43889403
242  1456067903810  0.13572781  -0.85309345  -0.47020173
243  1456067903917  0.0741398  -0.8635451  -0.4728816
244  1456067904024  0.11014605  -0.8680984  -0.45990908
245  1456067904131  0.16335106  -0.86406344  -0.45060703
246  1456067904241  0.19117735  -0.8591344  -0.4471278
247  1456067904367  0.19469695  -0.8583293  -0.4455992
248  1456067904476  0.19056106  -0.8596714  -0.44451034
249  1456067904585  0.1883592  -0.8610799  -0.4429487
250  1456067904692  0.19208977  -0.86149704  -0.44070256
251  1456067904797  0.19815505  -0.86116284  -0.4386453
252  1456067904906  0.20138767  -0.86111635  -0.43726102
253  1456067905011  0.20185024  -0.86172926  -0.43593824
254  1456067905128  0.20556982  -0.86229056  -0.43324748
255  1456067905233  0.21887088  -0.8621317  -0.42730588
256  1456067905339  0.2500758  -0.8608441  -0.41272452
257  1456067905449  0.29253194  -0.85880744  -0.38774416
258  1456067905555  0.29537654  -0.86637825  -0.36502707
259  1456067905668  0.02803501  -0.90653414  -0.38398033
260  1456067905772  -0.59366995  -0.4744383  -0.58450377
261  1456067905882  -0.5280952  -0.03679504  -0.583942
262  1456067905992  -0.52509004  0.052633118  -0.5147257
263  1456067906100  -0.5555136  0.05661734  -0.4705825
264  1456067906209  -0.5970909  0.0023607274  -0.41200218
265  1456067906317  -0.6258715  -0.11021469  -0.3033729
266  1456067906425  -0.6203481  -0.23012824  -0.14985348
267  1456067906541  -0.6156273  -0.25772503  -0.013426624
268  1456067906650  -0.6259755  -0.23135541  0.06961605
269  1456067906770  -0.64298075  -0.2056759  0.086468704
270  1456067906879  -0.6567799  -0.20099032  0.044251457
271  1456067906989  -0.6564998  -0.23197407  -0.016472708
272  1456067907099  -0.64014107  -0.27163488  -0.07074972
273  1456067907208  -0.61347145  -0.29742378  -0.09970305
274  1456067907316  -0.5816578  -0.31232905  -0.10332435
275  1456067907425  -0.55054224  -0.32538387  -0.092867516
276  1456067907542  -0.5193727  -0.34131223  -0.08727191
277  1456067907661  -0.49382895  -0.34482288  -0.09991841
278  1456067907770  -0.5002538  -0.3146729  -0.12996252
279  1456067907878  -0.56254226  -0.23485456  -0.1591053
280  1456067907984  -0.7510291  0.006737131  -0.1466822
281  1456067908092  -0.55785173  0.78593284  0.20780139
282  1456067908201  0.4371616  -0.80214614  -0.4058712
283  1456067908309  0.36858717  -0.80242246  -0.45015666
284  1456067908418  0.27690357  -0.82309693  -0.46632397
285  1456067908526  0.18977053  -0.84560955  -0.47266972
286  1456067908635  0.14664781  -0.8586861  -0.46962604
287  1456067908751  0.14372312  -0.86310977  -0.46482018
288  1456067908859  0.1490241  -0.86282045  -0.4642609
289  1456067908977  0.1540168  -0.860894  -0.46613473
290  1456067909085  0.1591934  -0.8593124  -0.4670988
291  1456067909194  0.16403861  -0.85856974  -0.46663815
292  1456067909311  0.16946182  -0.85845625  -0.46473852
293  1456067909419  0.17443365  -0.85837585  -0.46283865
294  1456067909529  0.1760697  -0.85845757  -0.46191534
295  1456067909637  0.17229532  -0.8591137  -0.46221122
296  1456067909746  0.16696095  -0.85997385  -0.46300313
297  1456067909861  0.16639899  -0.8603256  -0.46320528
298  1456067909971  0.16911282  -0.86037844  -0.46290866
299  1456067910105  0.17034802  -0.8604526  -0.46311495
300  1456067910191  0.1688956  -0.8606894  -0.46391362
301  1456067910300  0.17391896  -0.8609319  -0.46194017
302  1456067910411  0.2053478  -0.85975724  -0.4506529
303  1456067910520  0.26586854  -0.85419095  -0.427418
304  1456067910628  0.3030408  -0.85517895  -0.39578152
305  1456067910736  0.1591979  -0.8993148  -0.37617362
306  1456067910849  -0.4077267  -0.77660275  -0.46310055
307  1456067910969  -0.58022493  -0.48187265  -0.58663666
308  1456067911079  -0.5911663  -0.28268507  -0.59847903
309  1456067911188  -0.5999936  -0.15560605  -0.5430744
310  1456067911296  -0.61599994  -0.10777219  -0.4783146
311  1456067911407  -0.633023  -0.11933795  -0.416546
312  1456067911513  -0.6397375  -0.16672558  -0.34520394
313  1456067911618  -0.63093215  -0.21765544  -0.2579577
314  1456067911722  -0.62177664  -0.2401939  -0.17231923
315  1456067911827  -0.62626606  -0.23867959  -0.10427577
316  1456067911936  -0.6482797  -0.22146358  -0.067291975
317  1456067912052  -0.6813461  -0.19827296  -0.06385141
318  1456067912160  -0.69808525  -0.19312689  -0.09322113
319  1456067912269  -0.6821769  -0.22522628  -0.13202202
320  1456067912377  -0.64656234  -0.26376772  -0.1616658
321  1456067912492  -0.60917944  -0.2900623  -0.17186585
322  1456067912611  -0.5815282  -0.30557626  -0.16261159
323  1456067912720  -0.56502175  -0.32112756  -0.14807184
324  1456067912829  -0.55103815  -0.33788016  -0.15008588
325  1456067912938  -0.5314966  -0.35341206  -0.1789933
326  1456067913056  -0.5014866  -0.37357843  -0.23932852
327  1456067913168  -0.4679188  -0.40371415  -0.32736808
328  1456067913273  -0.4247857  -0.47032714  -0.41748106
329  1456067913377  -0.29192787  -0.6693776  -0.4529662
330  1456067913481  0.22762755  -0.8580811  -0.37834853
331  1456067913589  0.4690647  -0.78039926  -0.39250016
332  1456067913701  0.50182605  -0.7468194  -0.41961378
333  1456067913809  0.4403229  -0.763595  -0.4553002
334  1456067913917  0.3353542  -0.7955296  -0.49284953
335  1456067914026  0.26999518  -0.80958605  -0.51361364
336  1456067914138  0.2695802  -0.80868566  -0.5158005
337  1456067914251  0.2977106  -0.8020036  -0.50930274
338  1456067914359  0.31802514  -0.79657656  -0.50365484
339  1456067914469  0.3235418  -0.7947881  -0.50200963
340  1456067914581  0.3202054  -0.79491216  -0.50411254
341  1456067914687  0.3123216  -0.79665625  -0.50702995
342  1456067914797  0.30706292  -0.7984164  -0.50751936
343  1456067914902  0.28952077  -0.8059918  -0.50733787
344  1456067915007  0.2867083  -0.80869573  -0.50463897
345  1456067915112  0.29187572  -0.80845875  -0.50161475
346  1456067915321  0.3354759  -0.8017428  -0.48267102
347  1456067915429  0.36309618  -0.7968925  -0.4693846
348  1456067915534  0.3948107  -0.79050505  -0.45319405
349  1456067915639  0.4141865  -0.7891469  -0.43669888
350  1456067915744  0.3849197  -0.8114807  -0.4199088
351  1456067915850  0.22084185  -0.8750483  -0.41194257
352  1456067915962  -0.34150994  -0.8266301  -0.44632828
353  1456067916067  -0.67334694  -0.45912918  -0.55148584
354  1456067916171  -0.64221996  -0.14892139  -0.5839163
355  1456067916279  -0.6091277  -0.061666172  -0.5420616
356  1456067916388  -0.60023147  -0.05856933  -0.49213234
357  1456067916501  -0.59680384  -0.09453185  -0.41630566
358  1456067916606  -0.59081995  -0.14855391  -0.3033012
359  1456067916711  -0.59147763  -0.17878158  -0.18073317
360  1456067916819  -0.60881823  -0.18438186  -0.0734002
361  1456067916937  -0.63830763  -0.18884014  -0.004107081
362  1456067917051  -0.6612792  -0.19977675  0.017008122
363  1456067917159  -0.66903746  -0.21457808  -0.001582212
364  1456067917267  -0.65438586  -0.24328154  -0.038647354
365  1456067917375  -0.62340736  -0.27699977  -0.07497483
366  1456067917484  -0.59186286  -0.3023146  -0.0950463
367  1456067917601  -0.57092136  -0.31297198  -0.09328608
368  1456067917720  -0.5670624  -0.31271684  -0.07086137
369  1456067917828  -0.5721399  -0.316357  -0.04770529
370  1456067917937  -0.5713407  -0.33819962  -0.043711912
371  1456067918046  -0.5520072  -0.3775667  -0.06596633
372  1456067918161  -0.511823  -0.41511914  -0.113038495
373  1456067918270  -0.46589488  -0.4295098  -0.17764708
374  1456067918378  -0.41807553  -0.4328804  -0.2531314
375  1456067918497  -0.39073065  -0.44479403  -0.32691425
376  1456067918606  -0.41449404  -0.5099461  -0.371546
377  1456067918723  0.20103854  -0.9377364  -0.15230413
378  1456067918832  0.4811328  -0.81707865  -0.31298494
379  1456067918941  0.48141727  -0.7874946  -0.37221906
380  1456067919050  0.39409262  -0.81139153  -0.4084502
381  1456067919161  0.25482005  -0.8494399  -0.4433199
382  1456067919271  0.16065496  -0.8662298  -0.46241444
383  1456067919379  0.15201308  -0.86871  -0.46372274
384  1456067919487  0.18360126  -0.86460555  -0.45997867
385  1456067919595  0.21067747  -0.8586922  -0.4583815
386  1456067919703  0.22237287  -0.8549222  -0.45871583
387  1456067919821  0.22550672  -0.8535917  -0.4587835
388  1456067919929  0.2277432  -0.8534414  -0.45751315
389  1456067920039  0.22915205  -0.8541537  -0.4554995
390  1456067920147  0.22790495  -0.85539466  -0.4543116
391  1456067920258  0.22472137  -0.8562121  -0.45508796
392  1456067920371  0.22231354  -0.85596687  -0.4572137
393  1456067920478  0.2234179  -0.8552015  -0.4580734
394  1456067920587  0.22681703  -0.85476375  -0.45684996
395  1456067920695  0.22923979  -0.8548426  -0.45506096
396  1456067920804  0.23035072  -0.8550661  -0.45378277
397  1456067920921  0.2426132  -0.85346425  -0.45008737
398  1456067921030  0.28131226  -0.84692854  -0.4390861
399  1456067921139  0.34119686  -0.83611065  -0.4150807
400  1456067921247  0.3667661  -0.8400668  -0.37889206
401  1456067921358  0.19988364  -0.8993332  -0.3628838
402  1456067921468  -0.3655355  -0.801935  -0.46238175
403  1456067921572  -0.53909445  -0.5070614  -0.61781615
404  1456067921677  -0.54906446  -0.21563292  -0.6493387
405  1456067921782  -0.56380695  -0.07160857  -0.5853604
406  1456067921898  -0.59621525  -0.025319513  -0.5289754
407  1456067922011  -0.6229426  -0.05770802  -0.47510442
408  1456067922120  -0.6233708  -0.14558485  -0.38945702
409  1456067922251  -0.5855224  -0.22701061  -0.28514597
410  1456067922371  -0.5328432  -0.28691265  -0.18555154
411  1456067922502  -0.48629376  -0.31512523  -0.16482915
412  1456067922621  -0.43523523  -0.3123218  -0.22697303
413  1456067922730  -0.33824542  -0.29152647  -0.35933524
414  1456067922851  -0.07465685  -0.27097875  -0.5530789
415  1456067922965  0.17300223  -0.2359328  -0.6342855
416  1456067923070  0.2655452  -0.18015027  -0.6033932
417  1456067923178  0.26535922  -0.14997803  -0.56046706
418  1456067923282  0.24443933  -0.15083644  -0.49711677
419  1456067923389  0.2448298  -0.16211043  -0.4125555
420  1456067923494  0.26614517  -0.17504938  -0.37255487
421  1456067923599  0.28100723  -0.19793738  -0.42415416
422  1456067923708  0.2785951  -0.2249063  -0.5167705
423  1456067923813  0.26710707  -0.24512464  -0.587686
