1  1456112604896  0.0  4.3762174  8.262103
2  1456112604988  0.15935807  4.7476444  6.786202
3  1456112605090  -0.33465195  4.7509546  5.4578915
4  1456112605193  1.1452942  4.275859  3.7843373
5  1456112605299  0.3810742  3.848273  3.5652616
6  1456112605407  1.4829899  2.9853714  3.858426
7  1456112605513  0.5256423  3.0055506  3.9506578
8  1456112605619  0.95115227  2.5456376  3.0775175
9  1456112605818  1.8367021  0.6729765  -0.4786873
10  1456112605925  -4.6599994  1.4147274  4.1170154
11  1456112606062  -8.410859  -0.18548465  4.8330793
12  1456112606382  -4.8116527  -0.32629442  2.081983
13  1456112606487  -2.7123902  -0.13430691  1.0647364
14  1456112606592  -3.2501998  -1.2608993  1.436337
15  1456112606698  -3.2438958  -0.3257606  2.5920844
16  1456112606804  -3.569197  -0.1215682  1.5238271
17  1456112606915  -2.8935614  -0.75910187  1.3714442
18  1456112607025  -5.031351  -2.3135474  0.26589298
19  1456112607135  -3.0694766  -0.6234536  0.3986621
20  1456112607244  -4.3928843  0.41955686  -1.0999436
21  1456112607353  -3.1322894  1.8363404  -2.9390209
22  1456112607465  -2.6597023  1.8120644  -3.4541676
23  1456112607575  -2.55309  2.5992646  -2.2997024
24  1456112607691  -1.3293743  3.148387  -0.92970896
25  1456112607800  0.2623024  2.833548  -0.34640598
26  1456112607908  2.344502  2.5501933  -0.3117652
27  1456112608023  3.887507  2.135816  0.35684347
28  1456112608131  5.9259024  1.9222345  1.1424661
29  1456112608241  5.002338  2.7106762  0.3785286
30  1456112608349  5.1517944  2.598967  -0.14965677
31  1456112608458  4.9675894  1.8487377  -0.78438187
32  1456112608575  5.7579536  1.173531  -1.0246596
33  1456112608691  5.182158  1.3871522  -1.4125261
34  1456112608800  5.485249  1.5671535  -1.5899899
35  1456112608912  5.0960827  1.0917215  -1.9213233
36  1456112609016  4.7458324  0.6515751  -1.8885489
37  1456112609123  4.2712493  0.9173918  -2.1900268
38  1456112609231  4.0034823  0.6662946  -1.4806914
39  1456112609340  3.1250596  0.9183817  -1.0139062
40  1456112609448  2.9719121  1.1575179  -1.0718737
41  1456112609556  1.8656723  0.7107916  -0.6459701
42  1456112609676  2.157179  0.9706869  -0.581373
43  1456112609784  0.97305465  0.8736181  -0.032903194
44  1456112610045  0.7163911  0.4552822  -0.02961278
45  1456112610153  0.15441918  0.4097538  0.46368122
46  1456112610261  -0.8294294  -0.44027042  0.24569654
47  1456112610375  -2.8426578  -0.5556016  0.39274335
48  1456112610483  -5.966203  -0.6593995  0.022494316
49  1456112610592  -9.427084  -0.27474308  1.8099585
50  1456112610701  -9.121808  -2.196341  2.4380112
51  1456112610823  -6.5915303  -1.8050904  2.5129266
52  1456112610932  -6.913042  -1.6245813  2.1022758
53  1456112611036  -6.050122  -1.3027649  0.27395105
54  1456112611140  -4.6360607  -2.312512  -0.2437768
55  1456112611247  -3.5227642  -2.730951  -0.06004095
56  1456112611355  -4.8008432  -3.2669046  -0.21339464
57  1456112611466  -4.639476  -2.940214  0.6169934
58  1456112611575  -2.0670981  -1.8371437  1.2049847
59  1456112611695  -2.828795  -1.6534293  0.43479538
60  1456112611805  -2.3865576  -0.8383961  0.07259989
61  1456112611914  -1.9885435  -0.4235816  -0.09401846
62  1456112612025  -1.7896891  -0.55284  0.3934579
63  1456112612133  -1.6107202  -0.16658163  0.35411215
64  1456112612242  -1.939981  0.0094347  -0.15937328
65  1456112612351  -1.9053411  -0.31022453  0.015922546
66  1456112612460  -1.5554485  0.37048817  -0.79471827
67  1456112612575  -0.75021315  0.002465248  -0.7152467
68  1456112612692  -1.1532664  -0.1571393  -0.64372206
69  1456112612801  -0.878582  -0.14142561  -0.41999197
70  1456112612910  -0.9500818  -0.28664112  -0.53735065
71  1456112613130  -0.6957154  -0.42959332  -0.4836154
72  1456112613142  -1.1164765  -0.5459924  0.5331526
73  1456112613265  -0.5144963  -0.16041851  0.47983742
74  1456112613334  -0.95337963  -0.7940674  0.43185377
75  1456112613444  0.12262392  -0.3959446  0.22931051
76  1456112613553  -1.1890197  -0.83442426  -0.4433112
77  1456112613665  -0.5920434  -1.0819564  0.2507105
78  1456112613772  -0.8515549  -1.1331186  0.5443554
79  1456112613878  -0.9257579  -0.86044884  0.3305621
80  1456112613983  -1.1641564  -0.6150458  -0.35218477
81  1456112614087  -1.0477409  -0.71289945  -0.8072989
82  1456112614199  -0.45263386  -1.131942  -0.3955946
83  1456112614304  -0.5667286  -0.36905718  -0.037319183
84  1456112614412  -0.68167114  -0.3321514  -0.19294548
85  1456112614521  0.2078023  -0.12732005  -0.17365074
86  1456112614629  -0.46266842  -0.6049206  -0.6466181
87  1456112614740  0.3926468  -0.2257123  0.55806684
88  1456112614850  0.022407532  0.44654942  0.5022602
89  1456112614958  1.6505222  -0.5665121  -0.5163727
90  1456112615066  -0.95393467  0.29918766  -1.1144261
91  1456112615176  -0.8585415  0.42862678  0.4557557
92  1456112615286  -0.28235435  0.38576412  0.88825417
93  1456112615395  0.06459713  0.028471708  -0.16897774
94  1456112615504  0.38911152  0.67531514  0.0072779655
95  1456112615613  0.35020065  0.27680898  -0.80249834
96  1456112615722  -1.7932491  1.0581768  -0.23191595
97  1456112615835  -0.48615837  0.30266857  -0.36808252
98  1456112615943  -1.5653076  0.60337615  -0.5028908
99  1456112616051  -0.10939503  0.8617544  -0.45260167
100  1456112616165  0.86995125  -0.68316007  0.5733237
101  1456112616273  1.2732882  -0.12451148  -2.082771
102  1456112616385  -1.2934446  -0.6023929  -0.73447084
103  1456112616494  0.29463863  -0.21117902  0.46674109
104  1456112616603  -1.843255  -0.6803937  -1.516746
105  1456112616712  -0.35954857  -0.28137994  -0.8869972
106  1456112616821  -1.2920008  -0.42485833  -1.4479883
107  1456112616935  0.45529652  -0.70108867  -1.4625475
108  1456112617043  4.1362944  -0.6309798  -1.3162928
109  1456112617154  -1.6219597  -0.24916553  -0.53497314
110  1456112617262  -4.058526  -0.5429652  -0.32211757
111  1456112617371  -0.40422058  -0.1699524  -0.6086221
112  1456112617486  -0.045082092  -0.31231546  0.42064667
113  1456112617595  -0.8496227  0.52796483  -2.048564
114  1456112617704  -0.60530186  -0.0029058456  -1.0346588
115  1456112617813  1.7352743  0.96579146  -0.77183485
116  1456112617921  -0.87765694  -0.09919453  -0.044960976
117  1456112618036  -0.29955864  0.07008314  0.118893385
118  1456112618180  0.5394459  0.06307483  0.27862048
119  1456112618254  -0.65452194  0.53484154  -0.57054853
120  1456112618363  -0.09873772  0.16264129  -0.1825192
121  1456112618473  -0.08886433  -0.012980938  -0.1642673
122  1456112618584  0.4103546  -0.011682749  0.5018501
123  1456112618693  0.688035  0.14884353  0.2923069
124  1456112618803  0.30051517  0.45267534  0.42243433
125  1456112618912  0.42982197  0.73838234  0.38019085
126  1456112619020  -0.10349274  0.5051861  0.011197329
127  1456112619130  0.06621456  0.7733834  0.6597681
128  1456112619238  -0.09976578  1.3457358  0.27507544
129  1456112619347  0.89087534  1.2111621  0.40692592
130  1456112619455  1.2798619  1.7397366  0.36623335
131  1456112619564  1.4828496  2.0560951  0.8199427
132  1456112619675  3.1120195  1.8504858  1.2160225
133  1456112619784  4.1001987  1.6654372  1.7441108
134  1456112619893  4.3398695  1.9769678  1.4103417
135  1456112620002  4.874289  1.9386292  1.4286656
136  1456112620111  4.068144  2.2350988  1.285799
137  1456112620223  4.139404  2.011589  1.4881935
138  1456112620331  3.89708  1.81043  1.0084
139  1456112620439  3.6667302  1.7887449  1.3978925
140  1456112620549  3.4594154  1.4505124  1.0987449
141  1456112620657  3.444448  1.3054609  0.81725407
142  1456112620771  3.1000032  1.0155563  0.73552847
143  1456112620880  3.108719  1.073359  0.99295044
144  1456112620990  2.7978473  0.96602297  0.5626807
145  1456112621098  2.8367786  0.8694205  0.83738756
146  1456112621206  2.2343845  0.78247833  0.59429026
147  1456112621316  2.48902  0.86358833  0.6942196
148  1456112621425  2.240118  0.6178713  0.29382277
149  1456112621536  2.1754644  0.7154422  0.4360566
150  1456112621645  1.7985599  0.48454  0.061476707
151  1456112621754  1.9374201  0.5954442  0.38630342
152  1456112621865  1.4249619  0.7075162  0.17605686
153  1456112621973  1.6011817  0.46514845  0.33006763
154  1456112622081  0.80363137  0.41863346  0.12544441
155  1456112622190  1.2013425  0.37677002  0.28451633
156  1456112622298  0.92185014  0.3390932  -0.07490969
157  1456112622411  1.1483812  0.14582586  -0.067418575
158  1456112622519  -0.25357974  -0.028115273  -0.2200346
159  1456112622628  -1.0372704  0.2934127  0.12068462
160  1456112622737  -1.5832341  0.43568754  -0.5288162
161  1456112622847  -1.9029849  -1.3975949  -0.4759345
162  1456112622966  -3.0120676  -1.2578354  -1.0780315
163  1456112623074  -4.1696  -1.29141  -2.26961
164  1456112623182  -5.052021  -1.3216276  -2.5329816
165  1456112623291  -6.164916  -2.4888458  -1.629993
166  1456112623400  -6.6884475  -3.8580585  -0.65794516
167  1456112623512  -7.4783425  -4.771634  -1.2418411
168  1456112623620  -6.889866  -3.9757543  -1.7673476
169  1456112623729  -4.901499  -4.2278695  -1.9093288
170  1456112623842  -3.1119676  -3.9644406  -1.3996799
171  1456112623962  -2.6414123  -3.5679967  -1.41907
172  1456112624075  -2.7082453  -2.7208643  -0.7868304
173  1456112624183  -2.7561374  -2.7797523  -0.8675053
174  1456112624292  -2.321165  -2.1708026  -1.2710873
175  1456112624401  -2.0890484  -1.9537224  -0.9846206
176  1456112624510  -1.7207851  -1.439634  -0.88615847
177  1456112624622  -1.708065  -1.7737448  -0.63818455
178  1456112624730  -1.3779001  -1.118296  -0.7337241
179  1456112624839  -1.3994684  -1.3251826  -0.8197099
180  1456112624949  -1.1001635  -0.7023319  -0.73773897
181  1456112625061  -1.1495056  -1.1224312  -0.6639651
182  1456112625179  -0.87519646  -0.85082984  -0.59756863
183  1456112625289  -0.94703484  -0.925105  -0.6971698
184  1456112625398  -0.85233116  -0.51387835  -0.4680947
185  1456112625515  -0.92645645  -0.7812067  -0.5806434
186  1456112625635  -0.6744528  -0.38436985  -0.36322105
187  1456112625763  -0.607008  -0.664649  -0.16754079
188  1456112625868  -0.54630756  -0.43882608  -0.15078664
189  1456112625973  -0.6510353  -0.5543016  -0.295066
190  1456112626078  -0.42657375  -0.18015528  -0.10620141
191  1456112626192  -0.38391685  -0.48085594  -0.41429734
192  1456112626309  -0.014551163  -0.1140542  -0.054151535
193  1456112626415  -0.34407043  -0.26200688  -0.048736334
194  1456112626521  -0.1503048  -0.07644808  -0.04386258
195  1456112626625  -0.2946329  -0.22816133  -0.1988343
196  1456112626732  -0.26516914  0.12562919  -0.019592762
197  1456112626845  -0.5573683  -0.5366243  -0.17699158
198  1456112626953  -0.02355671  0.32608676  -0.15929234
199  1456112627062  -0.67089176  0.29347813  -0.14336312
200  1456112627171  -0.92251873  0.7422044  0.030331373
201  1456112627280  -0.5115509  0.99895847  0.3582728
202  1456112627399  0.5202694  1.2177788  0.48180342
203  1456112627513  0.9463167  1.9050496  0.7523391
204  1456112627622  0.8516846  2.8545678  0.5177469
205  1456112627731  2.5562296  3.0594432  0.62533045
206  1456112627840  3.7593455  3.0722153  1.2124879
207  1456112627955  4.033102  2.9243517  1.5815718
208  1456112628065  3.9485083  3.2816072  1.7421305
209  1456112628175  4.04399  3.2844205  1.7395339
210  1456112628284  4.289282  3.274695  1.5655806
211  1456112628392  4.510044  2.787867  1.8870969
212  1456112628505  4.218398  2.668439  1.6983871
213  1456112628613  3.6372  2.401595  1.6879065
214  1456112628722  3.4328384  2.3207936  1.690732
215  1456112628831  3.579887  2.0887141  1.3500423
216  1456112628941  3.221898  1.8798428  1.0556803
217  1456112629053  3.3777828  1.6918583  1.1094704
218  1456112629161  3.0400045  1.6942887  0.99852324
219  1456112629269  3.0669785  1.5248599  0.8986707
220  1456112629377  2.6009223  1.372374  0.64944553
221  1456112629486  2.6595464  1.0635204  0.91547537
222  1456112629595  2.2342339  0.9571686  0.4929533
223  1456112629704  2.1701684  0.8614516  0.6030159
224  1456112629812  1.7937937  0.9469228  0.22399855
225  1456112629922  1.7737722  0.85223055  0.5203147
226  1456112630030  1.596395  0.76700735  0.30892515
227  1456112630145  1.7554717  0.5186901  0.27803278
228  1456112630253  1.5799246  0.7977958  0.25022936
229  1456112630364  1.5812902  0.55865765  0.22520638
230  1456112630473  1.5825193  0.5027919  0.20268583
231  1456112630587  1.2649093  0.45251274  0.1824174
232  1456112630704  1.2977763  0.40726137  0.16417551
233  1456112630813  0.8492826  0.3665352  -0.011600018
234  1456112630922  0.92371243  0.32988167  0.14891815
235  1456112631030  0.51262504  0.2968936  -0.18468952
236  1456112631138  0.7800787  0.4265628  0.15249538
237  1456112631256  0.70207083  0.22454834  -0.02211237
238  1456112631375  0.6318637  0.2020936  0.13945675
239  1456112631484  0.40931928  0.0102677345  0.12551117
240  1456112631593  0.5277454  0.18085718  -0.046397686
241  1456112631702  0.15625472  -0.008844852  -0.04175806
242  1456112631817  0.4593454  0.16365576  -0.037582397
243  1456112631927  -0.7143539  0.14729023  -0.3525405
244  1456112632034  -1.1332511  0.1325612  0.0014300346
245  1456112632143  -1.1792841  -0.21166945  -0.15807104
246  1456112632251  -1.7110463  -0.68083525  -0.14226389
247  1456112632365  -2.6677063  -0.93146753  -1.1087029
248  1456112632475  -3.0506263  -0.99767923  -1.6352651
249  1456112632583  -4.204303  -0.73855305  -2.121429
250  1456112632692  -5.083254  -1.1550303  -1.59057
251  1456112632801  -5.5433354  -2.3266501  -0.9411802
252  1456112632916  -5.9696665  -3.3933659  -0.36898828
253  1456112633024  -6.1817484  -3.2133873  -0.49144745
254  1456112633132  -4.913883  -3.541739  -0.6016607
255  1456112633242  -3.9321623  -3.677898  -1.1911855
256  1456112633346  -4.1886373  -3.4694662  -1.2314248
257  1456112633455  -3.929131  -3.453494  -0.9489243
258  1456112633669  -3.0581436  -3.1081448  -1.1727479
259  1456112633778  -1.9432807  -3.116047  -1.2270896
260  1456112633886  -3.0360756  -2.9638002  -0.93276405
261  1456112633999  -3.0634422  -2.8390365  -0.36141348
262  1456112634118  -1.617075  -2.2241583  -0.8033464
263  1456112634235  -1.4553676  -2.0017424  -1.2133445
264  1456112634343  -1.6408052  -1.9609263  -0.6016774
265  1456112634451  -1.6360836  -1.2867595  -0.22279382
266  1456112634560  -1.313117  -1.3174417  -0.35987234
267  1456112634675  -1.3411636  -1.6760299  -0.483243
268  1456112634783  -0.71671486  -1.0180945  -0.11620283
269  1456112634894  -1.135376  -0.91628504  -0.10458255
270  1456112635006  -0.86248016  -0.98401463  -0.25348234
271  1456112635116  -0.93559074  -0.8856132  -0.22813416
272  1456112635227  -0.68267345  -0.7970519  -0.20532084
273  1456112635335  -1.0924807  -0.8767048  0.13392735
274  1456112635444  -0.33354282  -0.78903437  -0.35753965
275  1456112635554  -0.47180462  -0.5507728  -0.3217857
276  1456112635664  -0.2530079  -0.6550536  -0.28960705
277  1456112635775  -0.5586815  -0.4301902  -0.10128832
278  1456112635883  -0.17183876  -0.5465293  -0.25051737
279  1456112636096  -0.1546545  -0.33251822  -0.06610775
280  1456112636205  -0.7888794  -0.45862448  -0.39047146
281  1456112636316  -0.55063343  -0.41276205  -0.020449877
282  1456112636435  -0.49557018  -0.2121278  -0.5087373
283  1456112636545  -0.9363451  0.61813366  -0.29850554
284  1456112636654  -1.0020695  1.0466529  -0.26865506
285  1456112636764  -0.25217247  1.7510363  -0.24178958
286  1456112636873  0.2633772  2.2256234  -0.53632677
287  1456112636985  1.2054462  2.8121097  -0.1639781
288  1456112637093  2.224924  2.6902566  0.024036169
289  1456112637203  3.2895546  3.2302797  0.67132306
290  1456112637311  3.2915735  3.238226  1.0822649
291  1456112637419  4.0901804  3.2331197  1.783087
292  1456112637531  3.6811624  3.40014  1.7763946
293  1456112637640  4.4530697  3.2194839  1.7581136
294  1456112637749  3.8484046  2.8975353  1.9010181
295  1456112637857  4.1132545  2.7671404  1.7109163
296  1456112637965  3.7019293  2.4904265  1.3804667
297  1456112638086  3.8098106  2.0820255  1.5611358
298  1456112638194  3.919162  2.0331812  1.5766387
299  1456112638303  3.686604  1.8298631  1.0880003
300  1456112638411  3.808276  1.6468768  1.3101745
301  1456112638521  3.2680902  1.6415472  1.0075407
302  1456112638633  3.4193556  1.4773927  0.90678644
303  1456112638743  3.07742  1.3296533  0.6567497
304  1456112638851  2.929036  1.1966882  0.7504325
305  1456112638959  2.4767745  1.0770192  0.51603127
306  1456112639070  2.547813  0.96931744  0.954761
307  1456112639185  1.8149574  0.8723855  0.36895227
308  1456112639294  1.9521778  0.7851472  0.6630316
309  1456112639403  1.4382439  0.8782487  0.26575422
310  1456112639515  1.6131357  0.6188073  0.57015324
311  1456112639641  1.4518222  0.7285428  0.18216372
312  1456112639753  1.3066399  0.4840722  0.32330513
313  1456112639861  0.69790167  0.6072812  0.13161659
314  1456112639969  0.4687534  0.54655313  0.27781296
315  1456112640080  0.42187804  0.6512561  -0.0686841
316  1456112640189  -0.110642314  0.25515556  -0.06181574
317  1456112640301  -0.09957814  0.40125656  -0.37435055
318  1456112640411  0.06973779  0.18951464  0.14115906
319  1456112640520  -0.42756844  0.17056322  -0.1916728
320  1456112640628  -1.3532183  0.3251233  -0.50348043
321  1456112640737  -1.708229  -0.3570795  -0.9312062
322  1456112640855  -2.3464549  -0.8117037  -1.3284183
323  1456112640963  -2.7614996  -1.0492496  -2.3355997
324  1456112641072  -4.4221635  -0.78496647  -1.6117072
325  1456112641180  -5.2793283  -1.3561602  -1.4505363
326  1456112641288  -5.560444  -2.029593  -2.273889
327  1456112641405  -5.6540904  -2.3169665  -2.2058582
328  1456112641514  -5.248039  -3.5440092  -1.8259144
329  1456112641622  -4.8948517  -3.679941  -2.2930136
330  1456112641731  -4.564724  -3.4713047  -2.2230701
331  1456112641843  -3.948894  -3.4428902  -2.0007632
332  1456112641955  -3.063672  -3.0986013  -1.4819708
333  1456112642063  -2.9166632  -2.788741  -1.4931318
334  1456112642172  -2.6249967  -2.3505092  -1.5031767
335  1456112642280  -2.2031384  -2.1154585  -1.6838336
336  1456112642387  -1.9828243  -2.0632706  -1.1844757
337  1456112642504  -1.9439001  -1.8569436  -1.0660281
338  1456112642612  -1.4307938  -1.5118912  -0.95942533
339  1456112642722  -1.447073  -1.3607022  -1.0350993
340  1456112642831  -1.4617243  -1.38399  -0.44125676
341  1456112642939  -1.4749098  -1.086233  -0.8874636
342  1456112643053  -0.84934425  -0.97760975  -0.4677428
343  1456112643162  -1.083127  -1.039207  -0.9113011
344  1456112643273  -0.8154564  -0.77592814  -0.48919654
345  1456112643382  -0.73391056  -0.85769343  -0.44027686
346  1456112643490  -0.6605196  -0.771924  -0.56786555
347  1456112643605  -0.9131832  -0.6947317  -0.67043704
348  1456112643714  -0.50314903  -0.46590054  -0.27241886
349  1456112643822  -0.61219215  -0.5786686  -0.4167933
350  1456112643933  -0.3916149  -0.5208018  -0.3751139
351  1456112644041  -0.6711693  -0.30936348  -0.33760256
352  1456112644157  -0.2853365  -0.43778515  -0.13222599
353  1456112644266  -0.41616154  -0.23464859  -0.2906198
354  1456112644374  -0.21518707  -0.3705418  -0.08994144
355  1456112644490  -0.5123844  -0.1741296  -0.41192174
356  1456112644598  -0.1424303  -0.31607485  -0.039755106
357  1456112644712  -0.2875452  -0.12510931  -0.20739597
358  1456112644821  0.059926033  -0.1125983  -0.18665636
359  1456112644930  -0.2647829  -0.26069665  -0.16799074
360  1456112645039  -0.07894611  -0.23462701  -0.15119165
361  1456112645155  -0.23040962  -0.05180633  -0.13607246
362  1456112645265  -0.048009872  -0.20598388  -0.12246519
363  1456112645374  -0.36192513  -0.18538547  -0.110218704
364  1456112645485  -0.0070171356  -0.007488847  -0.09919685
365  1456112645594  -0.16567421  -0.006739974  -0.08927715
366  1456112645703  0.16961002  -0.0060659647  -0.080349445
367  1456112645816  -0.16606808  -0.16481745  -0.0723145
368  1456112645921  0.009897232  -0.1483357  -0.22444111
369  1456112646025  -0.30980873  0.18521404  -0.042638898
370  1456112646235  -0.7691603  0.32605052  -0.1977331
371  1456112646343  -0.6922445  0.9431362  0.15301466
372  1456112646465  -0.4636612  1.498513  0.45642936
373  1456112646573  0.8820858  1.9983523  1.219835
374  1456112646690  1.6029263  2.6075656  1.5881841
375  1456112646799  3.2323475  2.3468091  2.0790563
376  1456112646907  4.1962357  2.6024609  2.5208414
377  1456112647025  3.9482284  2.6609306  2.4281154
378  1456112647133  2.9037151  2.566454  2.1853037
379  1456112647241  2.4539857  2.4691668  2.4571056
380  1456112647349  2.6866612  2.5409665  1.8804207
381  1456112647459  2.0992794  2.28687  1.3736627
382  1456112647577  1.8893514  2.0581832  0.9053216
383  1456112647695  1.5410581  2.011723  0.81478953
384  1456112647804  1.0559773  1.8105507  1.0642853
385  1456112647913  1.1097379  1.8011117  1.1172147
386  1456112648022  1.3297386  1.4493842  1.1648512
387  1456112648132  1.674839  1.6354198  1.0483661
388  1456112648241  1.6789713  1.471878  0.94352937
389  1456112648350  1.8297901  1.4840488  0.8491764
390  1456112648458  1.646811  1.3356438  0.60490084
391  1456112648567  1.8131044  1.3614373  0.86312675
392  1456112648680  1.4601774  1.5562682  0.6174562
393  1456112648798  2.7728992  0.5915923  2.01445
394  1456112648907  2.4956093  0.53243303  1.4942884
395  1456112649015  2.2460485  0.47918987  1.5042181
396  1456112649124  2.6711345  0.7499871  1.194438
397  1456112649237  2.8943536  0.67498827  1.3937106
398  1456112649346  2.9236345  0.6074896  0.93562317
399  1456112649454  2.4719129  0.70609856  0.6704445
400  1456112649562  2.224722  0.4761305  0.7750163
401  1456112649670  2.333224  0.26915884  0.85687304
402  1456112649890  2.25926  0.4016013  0.6118274
403  1456112649998  2.033334  0.36144114  0.7100029
404  1456112650107  2.3080747  0.32529688  0.4796443
405  1456112650215  2.0772672  0.45212507  0.43167973
406  1456112650322  2.0288985  0.40691233  0.38851166
407  1456112650435  1.5072925  0.20686293  0.5090189
408  1456112650543  1.5159214  0.3455348  0.61747503
409  1456112650661  1.2049711  0.31098127  0.23701096
410  1456112650777  1.4031901  0.2798829  0.37266827
411  1456112650886  0.944155  0.25189447  0.17604303
412  1456112651015  1.3278137  0.22670507  0.31779718
413  1456112651125  1.0356742  0.20403433  -0.04495716
414  1456112651235  0.93210685  0.024272919  0.29051304
415  1456112651348  0.83889616  0.18120337  -0.069512844
416  1456112651457  0.9143646  0.0037250519  0.109054565
417  1456112651575  0.34485394  0.16271067  -0.23282528
418  1456112651701  0.15101048  -0.17227697  0.12143135
419  1456112651810  -0.35442305  -0.15504932  0.109288216
420  1456112651921  -0.9686713  0.019814014  -0.39197302
421  1456112652030  -1.6808529  -0.30088377  -0.5121336
422  1456112652147  -2.6405323  -0.6017699  -0.95125294
423  1456112652255  -3.5165024  -0.2106185  -1.6651764
424  1456112652365  -3.9739008  -0.99860525  -1.988991
425  1456112652473  -4.704275  -1.5484352  -2.108808
426  1456112652581  -5.8642035  -2.3742566  -2.2289016
427  1456112652695  -6.24619  -2.7865212  -2.8150597
428  1456112652804  -5.7809286  -3.476276  -2.2025795
429  1456112652912  -5.3744526  -3.6189806  -2.1416798
430  1456112653020  -5.474439  -3.8945146  -2.0991278
431  1456112653128  -4.4489207  -3.505063  -2.0485733
432  1456112653246  -3.6730542  -3.485531  -1.8437159
433  1456112653354  -3.1463914  -3.7866685  -1.8187023
434  1456112653462  -2.8317523  -3.2486434  -1.6368321
435  1456112653570  -2.8795514  -3.0831373  -1.473149
436  1456112653678  -2.5915961  -2.7748237  -1.0071179
437  1456112653803  -2.3324366  -2.6566992  -1.3844802
438  1456112653913  -1.60886  -2.2316713  -1.0866741
439  1456112654022  -1.9383068  -2.1678622  -1.1373649
440  1456112654129  -1.4135017  -1.791718  -1.1952448
441  1456112654237  -1.431509  -1.7719042  -0.9041039
442  1456112654349  -1.1290007  -1.4353557  -0.8136935
443  1456112654458  -1.175458  -1.4511782  -0.7323241
444  1456112654568  -1.0579119  -1.1467023  -0.6590917
445  1456112654680  -1.1237373  -1.1913902  -0.59318256
446  1456112654795  -0.6803894  -0.9128931  -0.8648388
447  1456112654903  -0.77170753  -0.82160383  -0.44738042
448  1456112655013  -0.53517914  -0.7394435  -0.57425874
449  1456112655118  -0.64101887  -0.66549915  -0.3452165
450  1456112655223  -0.41755962  -0.59894925  -0.64166933
451  1456112655330  -0.535161  -0.3796962  -0.7368604
452  1456112655441  -1.7810259  -1.297875  0.3052324
453  1456112655547  0.5055065  -0.53065526  0.60568357
454  1456112655653  -0.03537655  -0.31823164  -0.91362405
455  1456112655758  -0.84088707  0.20392406  -0.5035456
456  1456112655864  -0.4380827  0.34288973  -0.77190715
457  1456112655973  -0.5536318  0.14924264  -0.85407454
458  1456112656078  -0.007936478  0.45303452  -0.7686671
459  1456112656183  0.15221596  0.7387055  -0.53244233
460  1456112656289  0.46796894  0.664835  -0.31984004
461  1456112656395  0.09019756  0.43899333  -0.44721407
462  1456112656507  0.08117771  0.55445206  -0.24313459
463  1456112656612  -0.5766306  0.6583649  -0.21882114
464  1456112656719  -0.028635979  0.27381217  -0.19693902
465  1456112656828  0.13358593  0.40578902  -0.17724511
466  1456112656936  -0.19848824  0.68392634  -0.31887865
467  1456112657045  -0.509614  0.45617568  -0.28699082
468  1456112657153  -0.6180115  1.0602487  -0.25829172
469  1456112657261  -0.065877914  0.9542239  -0.23246257
470  1456112657369  -0.059289932  1.5084921  0.10949981
471  1456112657479  0.105997086  1.835717  -0.06080821
472  1456112657595  0.58573055  2.3018358  0.10463068
473  1456112657704  1.6549225  2.5619848  1.2341907
474  1456112657813  2.2984796  3.114835  1.7604623
475  1456112657921  3.0492964  2.9627094  2.3934646
476  1456112658029  3.2224407  2.838055  2.472834
477  1456112658146  3.3905292  2.8729658  2.7158833
478  1456112658254  3.8605247  2.904385  2.603653
479  1456112658362  3.9648051  2.785563  2.674262
480  1456112658470  5.0270634  2.6663647  2.4068358
481  1456112658578  4.524357  2.7184443  2.1661522
482  1456112658693  4.2312794  2.618216  2.2682533
483  1456112658799  4.1268673  2.1847782  1.8820701
484  1456112658905  4.0451555  2.1379166  1.8532209
485  1456112659010  3.4812818  1.9241247  1.5085409
486  1456112659115  3.611228  1.7317123  1.5170448
487  1456112659227  3.2501054  1.5585413  1.5246983
488  1456112659335  3.2560694  1.4026871  1.3722286
489  1456112659444  2.9304626  1.0908022  1.0756478
490  1456112659552  2.9561324  1.1533384  1.1274409
491  1456112659661  2.341803  1.1973629  0.85533905
492  1456112659775  2.2669806  1.0776267  0.76980495
493  1456112659883  2.0402825  0.81050587  0.69282436
494  1456112659991  2.1549704  0.8888135  0.62354183
495  1456112660100  1.7801152  0.6405735  0.56118774
496  1456112660208  1.7614619  0.57651615  0.5050688
497  1456112660325  1.7446737  0.51886463  0.61391973
498  1456112660438  1.5702064  0.46697807  0.39316988
499  1456112660548  1.5725439  0.42028046  0.5132108
500  1456112660665  0.9372152  0.537611  0.46188974
501  1456112660774  1.0028517  0.48385  0.2563429
502  1456112660895  1.0619246  0.27610683  0.071350574
503  1456112661005  0.7963741  0.40785456  0.22357368
504  1456112661115  0.7167367  0.03609419  -0.117500305
505  1456112661223  0.645063  -0.12687302  0.05360794
506  1456112661332  -0.54720813  0.21678877  -0.111111164
507  1456112661445  -1.301536  -0.9449129  0.21871614
508  1456112661554  -2.9610963  -0.3600893  -0.7715621
509  1456112661663  -4.932774  0.32561016  -2.1531453
510  1456112661771  -5.0891876  -0.19728374  -2.1094472
511  1456112661880  -4.898985  -0.50852966  -2.3765764
512  1456112662099  -4.09037  -0.61703444  -2.469893
513  1456112662208  -4.0000496  -1.2050219  -2.8725944
514  1456112662316  -3.6000443  -1.4032354  -2.0950024
515  1456112662424  -3.571014  -1.7532444  -2.2042184
516  1456112662536  -3.0422964  -1.57792  -1.6650803
517  1456112662645  -3.7187319  -1.4201279  -1.4985723
518  1456112662754  -2.856526  -1.4374728  -1.1893569
519  1456112662862  -2.7302318  -1.4530835  -1.3891374
520  1456112662971  -2.6288242  -1.4671335  -1.2502238
521  1456112663079  -2.194326  -1.4920363  -0.9658432
522  1456112663196  -1.6561775  -2.1518812  -0.70990074
523  1456112663304  -2.2996082  -2.5863836  -0.63891065
524  1456112663412  -2.0696473  -1.9967709  -0.084687114
525  1456112663520  -2.0220404  -2.2874265  -0.39493454
526  1456112663628  -1.5011206  -2.7083743  -0.3554411
527  1456112663747  -1.829083  -3.0872273  0.48915172
528  1456112663856  -1.8177905  -2.9378626  0.44023657
529  1456112663964  -2.6044188  -3.134409  -0.2534778
530  1456112664075  -2.503335  -1.8403032  0.090586185
531  1456112664185  -2.4123592  -3.4337282  0.41250205
532  1456112664295  -1.3620749  -3.0903554  0.53060985
533  1456112664410  -0.57617664  -3.2593942  0.47754884
534  1456112664518  -0.1998434  -2.4553804  0.58915186
535  1456112664626  -0.9889078  -2.2098424  0.3708787
536  1456112664735  -1.0493746  -2.4669325  0.0028164387
537  1456112664846  -0.625721  -2.0608811  0.0025348663
538  1456112664954  -0.5631485  -1.8547931  -0.1570766
539  1456112665062  -0.34747505  -1.3505977  0.01798892
540  1456112665171  -0.47208595  -1.5342541  -0.14316797
541  1456112665278  -0.26551914  -1.2214707  -0.12885118
542  1456112665391  -0.23896694  -1.5896561  0.043391943
543  1456112665500  -0.5337868  -1.4306905  0.21066928
544  1456112665608  -0.63976574  -1.4469795  0.18960238
545  1456112665725  -0.097714424  -1.1429235  -9.7441673E-4
546  1456112665836  -0.2473011  -1.6783217  -0.16023493
547  1456112665945  -0.54128647  -1.0201571  0.18676305
548  1456112666053  0.1625328  -0.91814137  0.16808677
549  1456112666162  -0.025336266  -1.6353759  -0.33905447
550  1456112666270  -0.18216133  -0.8221477  -0.30514896
551  1456112666378  -0.48266125  -1.0709074  -0.274634
552  1456112666495  0.043679237  -1.1231747  -0.08781242
553  1456112666603  0.03931141  -1.0108572  -0.39774728
554  1456112666712  -0.28333664  -1.0691296  -0.19861448
555  1456112666821  -0.41436005  -1.1215748  -0.17875302
556  1456112666930  -0.0542078  -1.0094173  -0.16087782
557  1456112667041  0.11057091  -0.9084755  -0.14479005
558  1456112667149  0.09951401  -0.8176279  0.029047012
559  1456112667257  -0.22915459  -0.7358651  -0.13321579
560  1456112667366  -0.046880722  -0.5029205  -0.11989415
561  1456112667474  0.117165565  -0.4526285  -0.10790479
562  1456112667585  -0.21326733  -0.40736568  -0.25647235
563  1456112667694  -0.84163094  -0.20727098  -0.07146704
564  1456112667802  -1.4071579  0.30378866  -0.5546528
565  1456112667911  -1.2664423  0.9231004  -0.16821313
566  1456112668019  -1.6301308  1.3088646  0.32668233
567  1456112668131  0.16323757  2.6367173  0.94370484
568  1456112668239  1.1153202  3.5008104  0.8493345
569  1456112668348  2.7935019  4.4501104  1.4140916
570  1456112668457  3.8012743  4.8141484  1.6036572
571  1456112668566  4.401812  5.4727564  1.6026495
572  1456112668675  5.2487535  5.244197  1.9327168
573  1456112668784  5.214211  5.038493  1.8988035
574  1456112668893  5.3424807  5.0249767  1.8682811
575  1456112669001  5.1269484  4.681837  1.522095
576  1456112669114  4.9452276  4.2136536  1.6886015
577  1456112669237  4.9410377  3.9639044  1.6790993
578  1456112669345  4.2753177  3.3958974  1.3518314
579  1456112669454  4.17876  3.2279239  1.2166481
580  1456112669557  3.920242  2.9051313  1.0949831
581  1456112669667  4.3250084  2.4430017  1.1448426
582  1456112669790  3.7331493  2.370318  0.8710003
583  1456112669898  3.3598344  1.9616699  0.78390026
584  1456112670008  3.023851  1.9371195  0.86486816
585  1456112670117  2.8808239  1.5717912  0.6190233
586  1456112670225  2.7520998  1.5862284  0.39776278
587  1456112670335  2.3175316  1.4276056  0.5173445
588  1456112670444  2.2451365  1.2848449  0.62496805
589  1456112670553  2.020623  0.9847441  0.40311337
590  1456112670676  1.8185606  0.88626957  0.203444
591  1456112670776  1.1586304  1.1286173  0.18309975
592  1456112670885  1.3614835  0.85639715  0.3241477
593  1456112670993  1.2253351  0.7707577  0.13237476
594  1456112671101  1.1028016  0.52206564  0.11913729
595  1456112671209  0.8331634  0.46985912  -0.052134514
596  1456112671318  0.74984705  0.5944896  0.11243677
597  1456112671435  -0.28128606  0.3634243  -0.058165073
598  1456112671543  -0.09379938  0.16772366  -0.052348614
599  1456112671651  -0.89346814  -0.33938122  -0.047113895
600  1456112671762  -2.753193  0.025531292  -0.8514514
601  1456112671872  -3.1275644  -0.30799627  -1.415997
602  1456112671985  -3.9425726  -0.914629  -2.2550623
603  1456112672094  -5.4973874  -1.4728565  -2.5076303
604  1456112672202  -6.737362  -2.4655938  -2.4162254
605  1456112672311  -6.5417004  -3.677774  -1.8558868
606  1456112672419  -6.377863  -3.800329  -1.1799655
607  1456112672537  -6.3897667  -3.8983703  -0.743253
608  1456112672645  -5.4198155  -4.158224  -0.8282857
609  1456112672754  -4.068785  -4.2327337  -1.0764315
610  1456112672863  -3.1838322  -3.8094604  -1.1281464
611  1456112672971  -2.6938329  -3.09754  -0.8559737
612  1456112673085  -2.9147825  -2.9594023  -0.77037644
613  1456112673193  -2.9542785  -2.6634622  -0.6933389
614  1456112673302  -2.327876  -2.397116  -1.1020792
615  1456112673411  -2.5854206  -1.82643  -0.8325132
616  1456112673519  -1.995904  -1.3250707  -0.58990383
617  1456112673635  -1.4775972  -1.3519218  0.11877704
618  1456112673745  -0.52078915  -0.407681  0.43787384
619  1456112673854  0.8306713  -0.20755482  0.5534446
620  1456112673962  -0.5517769  0.7938659  -0.3109486
621  1456112674070  -0.6559572  0.7144792  -0.45147038
622  1456112674185  -1.0806932  0.80238914  -0.5656812
623  1456112674293  -0.64164925  0.07245946  -0.34975505
624  1456112674401  -1.0678167  0.39618802  -1.123828
625  1456112674509  -0.9610348  0.5159273  -1.0114452
626  1456112674618  -0.055882454  0.4643345  -0.57932615
627  1456112674735  -1.0187016  0.7366171  -0.852368
628  1456112674843  -0.107782364  0.6629553  0.21353388
629  1456112674952  -0.09700394  0.43730187  0.02056384
630  1456112675165  0.23141289  0.7122879  0.9991727
631  1456112675274  0.37988758  0.64105916  1.7083042
632  1456112675385  1.1509476  0.41759515  1.6968317
633  1456112675494  0.8764949  1.3565006  1.6865065
634  1456112675603  1.1075621  0.88987637  1.3584979
635  1456112675711  1.3277798  0.9602468  1.7129807
636  1456112675823  1.6730757  1.3545549  1.3823242
637  1456112675941  1.3464098  0.56940866  1.7221661
638  1456112676044  0.40272045  -0.13722277  1.5499494
639  1456112676149  1.1714973  1.1758809  1.7259288
640  1456112676255  1.213706  1.0582929  1.5533361
641  1456112676364  2.5510745  1.1118217  2.0476933
642  1456112676473  2.6269417  1.3316135  1.5119495
643  1456112676578  2.5236053  1.5171685  1.2013965
644  1456112676689  2.4306026  1.3654518  1.2406149
645  1456112676797  1.8688264  1.2289066  1.2759113
646  1456112676903  1.8413019  1.1060162  1.1483202
647  1456112677013  1.6571717  0.8360567  1.0334883
648  1456112677116  1.4914546  0.91180897  1.2611136
649  1456112677223  1.182951  0.82062817  0.9756441
650  1456112677329  1.2240138  0.89792347  0.5471053
