1  1456112604897  0.45924845429584593  0.7549853210434518  0.468068355315606
2  1456112604988  0.3217388161099448  0.8217814563296142  0.4702757762241765
3  1456112605091  0.3143187261048258  0.8176174113067484  0.4823956530781409
4  1456112605194  0.29847208029911454  0.8042216550630679  0.5139474365905954
5  1456112605300  0.2691018195549728  0.7775046923357125  0.5683930501567274
6  1456112605408  0.22390800007726597  0.7445013095229127  0.6289538202894427
7  1456112605514  0.1724948859385682  0.7247653578167641  0.6670537023857912
8  1456112605620  0.1350152090559451  0.7314698825105912  0.6683732450971298
9  1456112605818  0.07902515654133246  0.7874884685195469  0.6112422150970187
10  1456112605926  0.06930917774036693  0.7931030292420704  0.6051311733270612
11  1456112606063  0.2652071978323538  0.7504040406678651  0.6054410978289164
12  1456112606383  0.9874083654894044  0.15572596106424452  0.027824679339712333
13  1456112606488  0.7645964398951941  0.6440444081011829  0.02447712649733802
14  1456112606592  0.6859655894406513  0.7252499352040622  0.05885380082150782
15  1456112606698  0.6332816339307712  0.7629248855160895  0.12999961333698629
16  1456112606806  0.5075816042306442  0.8251355713012412  0.24801649970807915
17  1456112606917  0.3412434616580806  0.873429647184337  0.3473808922588679
18  1456112607027  0.360012550265989  0.8669211012169098  0.34473002466414604
19  1456112607136  0.4956171582746691  0.8222521311782649  0.2797588720426276
20  1456112607245  0.6010770601308071  0.769775197115768  0.2148314179706574
21  1456112607356  0.6512441644589728  0.7337975662465748  0.19344808168648697
22  1456112607466  0.6473735902703854  0.7203476238589834  0.2490113845317179
23  1456112607576  0.6106562615712541  0.7035376152971764  0.36350200119588383
24  1456112607692  0.554293572457448  0.666681206787415  0.49829189013320896
25  1456112607801  0.4623391852958729  0.6614377348054032  0.5905442659259528
26  1456112607910  0.3122648607247571  0.6891934233255179  0.6538372317645669
27  1456112608024  0.08402940217926869  0.702148689354317  0.7070546826859729
28  1456112608133  -0.1571647745152518  0.6411908313764885  0.7511149345521453
29  1456112608242  -0.36760816211023517  0.5077251344157183  0.7791530131903777
30  1456112608350  -0.5092137863583197  0.365501562005365  0.7791726067306435
31  1456112608460  -0.566069820076823  0.28461256552939496  0.7736670473922764
32  1456112608576  -0.5523637014816409  0.27053708689334144  0.7884820535537469
33  1456112608693  -0.5055485265397606  0.29924392122746923  0.8092427472059964
34  1456112608801  -0.4737139194612219  0.32639361573398085  0.8179622709656957
35  1456112608912  -0.47691281119070794  0.331870069402008  0.8138897134194476
36  1456112609017  -0.48843777161117785  0.3345868727803316  0.8059033315747914
37  1456112609124  -0.502755967311785  0.33102115896781537  0.7985370068139455
38  1456112609232  -0.512259823364392  0.33011625577337145  0.7928512384251691
39  1456112609341  -0.5124200198526871  0.3370385576501702  0.7898295812426177
40  1456112609449  -0.496311656231196  0.35791298493810775  0.7909317612544484
41  1456112609558  -0.46157351101218325  0.3887910687253968  0.7973652343832498
42  1456112609677  -0.4097614897367432  0.4200905965028663  0.8097033037382801
43  1456112609786  -0.36692050532687137  0.4370359326497404  0.8211996976337033
44  1456112610046  -0.1287893483494562  0.5042867194552407  0.853878328439408
45  1456112610154  -0.19357960011799502  0.4841996294510831  0.853274704493657
46  1456112610263  -0.21347689174871043  0.48316809438456976  0.8491031207782056
47  1456112610376  -0.20814906551325407  0.4902051576900446  0.8463881155579118
48  1456112610485  -0.14275354043784816  0.5034444163491489  0.8521532177342954
49  1456112610593  0.05069391163274961  0.5037896678519465  0.8623375653887595
50  1456112610703  0.3849306880041041  0.4381511599600745  0.8123126921213366
51  1456112610824  0.7043914401895073  0.32443484824007296  0.6313276811712463
52  1456112610933  0.7767336780115901  0.3979436495902924  0.48818601528160954
53  1456112611036  0.7215165342227863  0.5579352842477938  0.410026958352006
54  1456112611141  0.5907811834383896  0.7108547681258848  0.3816583528854336
55  1456112611248  0.5054891201674376  0.7717932327931167  0.3857667751354539
56  1456112611357  0.5222996470847274  0.7568803709845173  0.39285512855136595
57  1456112611467  0.6070739774605709  0.7041219800614114  0.3683387139796448
58  1456112611576  0.7172333416502639  0.6259464489488638  0.306214712495553
59  1456112611697  0.8000488827430843  0.5468747553865834  0.24667735218491416
60  1456112611806  0.8258708458188977  0.5095642170376564  0.2414159999150396
61  1456112611916  0.8034614275783696  0.5261677026048659  0.27856286780160566
62  1456112612026  0.7642443767463742  0.5514810914003041  0.3343639128342577
63  1456112612134  0.7316228693005389  0.5648410817908811  0.3816837021854482
64  1456112612243  0.7069345796708859  0.5763358597231294  0.409976309540081
65  1456112612352  0.690898957610198  0.5876523167791907  0.42109785679400247
66  1456112612462  0.6899411232725452  0.5873386435210257  0.42310114166819446
67  1456112612576  0.7031464061297612  0.5696922688662518  0.4254831293564081
68  1456112612693  0.7148894782775699  0.5467977071935772  0.4358272371102352
69  1456112612803  0.7168504860602081  0.5335981692071954  0.4487743333945602
70  1456112612911  0.7146248534289832  0.532140667706992  0.4540237711232571
71  1456112613132  0.7158908669113657  0.5361337512890714  0.44728164026854955
72  1456112613143  0.723175264927022  0.538121610358206  0.43294643030545643
73  1456112613271  0.7333825054572607  0.538576428092095  0.41483190345369536
74  1456112613335  0.7387194589818726  0.5451888014692008  0.3963114778068544
75  1456112613445  0.7345701641087459  0.5620677558388856  0.38011387124377904
76  1456112613555  0.7249892898450625  0.5819761636317482  0.3683670673831472
77  1456112613666  0.7217464997564793  0.5924355295263544  0.35791345262473406
78  1456112613773  0.7302880021913438  0.5912756701294697  0.34215858796526
79  1456112613878  0.7451798657405959  0.5866235601916685  0.3171429866050204
80  1456112613983  0.7550849669153443  0.588056580039316  0.28988979893653877
81  1456112614088  0.7569266044025156  0.5938428287080413  0.2727871236373307
82  1456112614202  0.7571739504640806  0.5950902303324623  0.26936087739144376
83  1456112614305  0.7556557665262744  0.5962210821520548  0.27111765342962
84  1456112614414  0.7488491378427327  0.6042355871696001  0.2722577378833009
85  1456112614522  0.7263371347947185  0.6293086121466587  0.276414721953266
86  1456112614631  0.6916783452005184  0.662515846365717  0.28749568667294767
87  1456112614742  0.6600946609249743  0.6884716975108496  0.300469354094961
88  1456112614851  0.638923500535622  0.7048658635306726  0.30812467325530335
89  1456112614959  0.6156192922898907  0.7225819077133255  0.3144651678618615
90  1456112615067  0.5854302761408405  0.7422743936291221  0.3260368880604769
91  1456112615177  0.5725899541816499  0.7457554578005379  0.34057241904853086
92  1456112615287  0.5826532883965712  0.7333795119047561  0.35024232011510037
93  1456112615396  0.5971428550964184  0.7207724700059186  0.3520048325889329
94  1456112615505  0.590969967093109  0.7260744164918289  0.3515259863339377
95  1456112615614  0.5722910725893584  0.738229472406668  0.3570715466323868
96  1456112615724  0.560682607825461  0.7395018427510729  0.37252116459669793
97  1456112615836  0.5722440660391186  0.7206407711879839  0.39142505822829055
98  1456112615944  0.6043557438799674  0.6897097969822585  0.39881636686855515
99  1456112616052  0.6393204636095664  0.6602043064983592  0.3942076409366022
100  1456112616166  0.6602799231846124  0.6429002823560193  0.3882134311740515
101  1456112616275  0.659197778804046  0.6446143720736559  0.3872086726819921
102  1456112616386  0.6468487127063511  0.6576797489301469  0.386062265659576
103  1456112616496  0.6510294493550894  0.6592179428355127  0.37628748192961936
104  1456112616604  0.6754189968369175  0.6469249692298602  0.3539735770262702
105  1456112616713  0.6952768165284802  0.6407455307833763  0.32563064429882616
106  1456112616824  0.6947272939826181  0.6521172616857553  0.30347493797956027
107  1456112616936  0.6739230797611917  0.6784230843950334  0.2925230313743281
108  1456112617046  0.629818423056955  0.7193820928880086  0.29294726753950506
109  1456112617155  0.57220735436605  0.7605161790349042  0.30691012784700433
110  1456112617263  0.5140335738980184  0.7935506223936251  0.32564840879387624
111  1456112617373  0.49928360364942037  0.8055660419937167  0.31902847894544806
112  1456112617489  0.5356334337881457  0.7954340408508385  0.2835162106888198
113  1456112617596  0.5586089427420706  0.7866695433892763  0.2628822084496374
114  1456112617705  0.5515180030390674  0.7891645585008531  0.2702722743583337
115  1456112617814  0.5394348036491099  0.7868313467684975  0.29984430189980316
116  1456112617922  0.5344459802355903  0.7740511906028844  0.33942916390618016
117  1456112618037  0.5239170919419038  0.7658469364996634  0.37281274155878297
118  1456112618181  0.5106858644455095  0.7725244569933123  0.37736697290348076
119  1456112618256  0.505687532396573  0.783775801013352  0.3605213034705246
120  1456112618364  0.5089431619399925  0.7887597603822802  0.3447242481215991
121  1456112618475  0.5209579292641564  0.7814253018087101  0.3434781885519911
122  1456112618585  0.5348476495827121  0.7695948200453726  0.34880060136046964
123  1456112618695  0.5387066540668393  0.7659182586560247  0.3509477627175883
124  1456112618804  0.5261417670238782  0.7740837262442051  0.3520926043779369
125  1456112618913  0.5033846772588326  0.7854083089329282  0.3601912498785822
126  1456112619022  0.48660046765045806  0.7877599895600813  0.37769577464510506
127  1456112619131  0.48445222519878417  0.778800938777235  0.39846591042918167
128  1456112619240  0.490366121776864  0.7666840271735822  0.41441121168241946
129  1456112619348  0.48722979589848414  0.7607367931950522  0.42881998066160687
130  1456112619456  0.46343893545248527  0.7623912755892162  0.45164580797766796
131  1456112619566  0.4157684080866648  0.7664170623003557  0.48963410122914963
132  1456112619676  0.34200779130120496  0.7672740042036574  0.5425138484593024
133  1456112619785  0.24035732369798257  0.7625517346395763  0.6006190623103946
134  1456112619894  0.10282247162567515  0.7473731374062087  0.6563999529246978
135  1456112620004  -0.056782409023742986  0.7084279841340697  0.7034952987385665
136  1456112620113  -0.19257437415087963  0.6454545328745398  0.7391235329516368
137  1456112620224  -0.2698891924038982  0.5833394076613585  0.7660777087205837
138  1456112620332  -0.2865050897888448  0.5485515102015468  0.7854973837173436
139  1456112620441  -0.2681176164553003  0.5405110613054387  0.7974714574189985
140  1456112620550  -0.24062347860141386  0.545724540089888  0.8026737221988043
141  1456112620660  -0.2197713027476924  0.5539910734185254  0.8029908874635017
142  1456112620772  -0.21096836908162775  0.559384013941796  0.8016119847730607
143  1456112620881  -0.20919454306536256  0.5603720030850099  0.8013868733715714
144  1456112620991  -0.21494728228714965  0.5575022674005465  0.8018658754506833
145  1456112621099  -0.22173473556824375  0.555013715835394  0.8017440406445469
146  1456112621208  -0.2435003536650564  0.5466182835932776  0.8011966001169979
147  1456112621317  -0.21123665795684765  0.5608531650493118  0.8005140521731722
148  1456112621426  -0.21239378359646333  0.5609350539537492  0.8001505055069371
149  1456112621537  -0.2248880344754811  0.5543924978262382  0.8012954391135008
150  1456112621646  -0.2423575499278492  0.5424534000790435  0.8043674776668537
151  1456112621756  -0.25423295740456764  0.5307348150586702  0.8085085561303895
152  1456112621866  -0.2542913700149114  0.524759365203753  0.8123813982474672
153  1456112621974  -0.24468988799936975  0.5254967221048814  0.8148497749343362
154  1456112622083  -0.2327104199946719  0.5293519996109801  0.8158629732469471
155  1456112622191  -0.22143070191801417  0.5345386163940975  0.8156205411760595
156  1456112622300  -0.21229925732841037  0.5395612718281595  0.8147409139040311
157  1456112622412  -0.20851067646277777  0.5411565735658392  0.8146612363029924
158  1456112622520  -0.20967209479611437  0.537828062711518  0.8165651037240726
159  1456112622629  -0.1986424115824228  0.5373175819179699  0.8196529371994483
160  1456112622738  -0.14903435787903518  0.5493823340754913  0.8221725658673869
161  1456112622848  -0.054778530482173515  0.5686146732626209  0.8207781030762189
162  1456112622967  0.06860755240942717  0.5853355771297022  0.8078832628983246
163  1456112623075  0.16688500073346474  0.6006280762927337  0.7819177615580961
164  1456112623183  0.28524370180877945  0.6062297772809819  0.7423755409683119
165  1456112623292  0.43685947147259796  0.5811862980769535  0.686568512984405
166  1456112623403  0.5908580973815631  0.5370945455715912  0.6020101721146514
167  1456112623513  0.7204093048378013  0.5033142945197113  0.47716368521463437
168  1456112623622  0.8141000697944936  0.4758162721618282  0.33292625101791806
169  1456112623730  0.8771703054148219  0.43669890630586394  0.19966551249192577
170  1456112623843  0.8963665888019783  0.4303594590152562  0.10638488107307253
171  1456112623964  0.8754274317305963  0.4795979403141102  0.060104508244343435
172  1456112624076  0.8317459864924395  0.5531909469658087  0.04667406539710228
173  1456112624184  0.7858774331030816  0.6162049378303891  0.0518467573676773
174  1456112624293  0.7462798011362679  0.6622289758978752  0.0672256715059234
175  1456112624402  0.7260330198095488  0.6826532858583079  0.0828282745010327
176  1456112624512  0.727016514215677  0.6800413676859582  0.09481941607353761
177  1456112624623  0.7335459092029488  0.6713783801471278  0.10564793072184742
178  1456112624732  0.7338019632442538  0.6696299779987847  0.11458760599875717
179  1456112624841  0.7292422106647827  0.6737532157295893  0.11942495722293245
180  1456112624950  0.7252569101212174  0.6776957296996642  0.12137066293592369
181  1456112625063  0.7233924481398866  0.6791569349562057  0.12429506199340423
182  1456112625181  0.7222874793194229  0.6795812690988843  0.12833583800427206
183  1456112625291  0.7219436137670812  0.6799184408926173  0.1284847031144949
184  1456112625399  0.7252548227693438  0.6771831970432736  0.12421085100748996
185  1456112625516  0.7311773997913917  0.6716163020528576  0.11962926251207762
186  1456112625638  0.7362752982690388  0.6661162609219122  0.1191122815924679
187  1456112625764  0.7377339714517603  0.6640904444633549  0.12137761342925302
188  1456112625869  0.7350166671270131  0.6668989194070418  0.12245960597473626
189  1456112625974  0.7295516882819939  0.6730661484312455  0.12139334905184995
190  1456112626079  0.7242781911923295  0.6792088125893043  0.11872835782149238
191  1456112626193  0.7211309152549177  0.6828514489105997  0.11697900635055802
192  1456112626310  0.7198204859588699  0.6839574326669213  0.11857816238102714
193  1456112626416  0.7201829000068223  0.6829565770071415  0.12209396398710126
194  1456112626521  0.7203893825919145  0.6819622631215436  0.12635908226040016
195  1456112626626  0.7193775965541072  0.6822931520000308  0.13027665207848926
196  1456112626734  0.7182375466958391  0.6829398518398788  0.1331467262080821
197  1456112626847  0.7190415551233968  0.6818064669794808  0.1346073387013078
198  1456112626955  0.7220887417863011  0.6787440480018159  0.13376968916219312
199  1456112627063  0.7254088222595954  0.6753352598350864  0.13305784525850228
200  1456112627173  0.7242582021173298  0.6751213536507761  0.140218506257078
201  1456112627281  0.7155512077296677  0.6801403834893405  0.15935959477561212
202  1456112627400  0.6948363503696307  0.6930386117255862  0.19209332351748643
203  1456112627514  0.6630496634164089  0.7119591498334152  0.23125580556192205
204  1456112627623  0.6152993536223228  0.7371131181172685  0.27941179456396625
205  1456112627733  0.5435535249581847  0.7643357109517523  0.34690121659235906
206  1456112627841  0.45040109170007625  0.7799207487991442  0.43458304461541175
207  1456112627956  0.32575313396281125  0.7754417309336397  0.5409020271625344
208  1456112628066  0.1812900803719355  0.751068401149557  0.6348465496510851
209  1456112628176  0.020914999965404135  0.7081712524110351  0.7057308587380264
210  1456112628285  -0.10512662151070984  0.6588030745787046  0.7449341635370281
211  1456112628394  -0.18255641874361395  0.6144112520696501  0.7675753836702857
212  1456112628506  -0.22911109128525098  0.5747936736735566  0.7855700637264142
213  1456112628614  -0.260456048232502  0.5442428517101057  0.7974725315845053
214  1456112628724  -0.2813924367300711  0.5277040486717155  0.8014654116775972
215  1456112628832  -0.2830835129542013  0.529397720649345  0.799751094347565
216  1456112628942  -0.26876232875958017  0.5394947666773018  0.7979425073008928
217  1456112629054  -0.25124549133975016  0.5437771214370202  0.800738449067846
218  1456112629162  -0.24105423077983712  0.5384731444922759  0.8074277078958056
219  1456112629270  -0.2420758606865112  0.5273583967975908  0.8144276230535081
220  1456112629379  -0.24894551692744749  0.5163219652041953  0.8194131174339141
221  1456112629487  -0.253644257374102  0.5092963359667133  0.822363518026556
222  1456112629596  -0.25357202970551285  0.5078410736540675  0.8232852628202201
223  1456112629705  -0.2500363683030855  0.5116054683995515  0.822035077120681
224  1456112629813  -0.24399887324439273  0.5170287349475258  0.8204546422930119
225  1456112629923  -0.23499128612428777  0.5197940570828925  0.8213362520306848
226  1456112630031  -0.22516766183593262  0.5185225710824779  0.8248841193409238
227  1456112630146  -0.2201374754846892  0.514510878586947  0.8287448535506723
228  1456112630254  -0.223829688757605  0.5100990299200874  0.830481337001844
229  1456112630366  -0.23537265444396915  0.5038802665659106  0.8310862424216632
230  1456112630474  -0.24777036792033869  0.4964330914379431  0.8319640106946333
231  1456112630589  -0.25865602475455063  0.4890930711250483  0.8329976702934685
232  1456112630705  -0.26440715676338566  0.48566713404573125  0.833196473968298
233  1456112630815  -0.26286352681137437  0.486968660999304  0.832925193359979
234  1456112630923  -0.2554467596178229  0.490286834254656  0.8332860779143436
235  1456112631031  -0.24410176144700024  0.49350694316843335  0.8347845331225254
236  1456112631140  -0.23235359858619997  0.4951227676322434  0.8371768943862912
237  1456112631257  -0.2244890512986757  0.4940131218125634  0.8399735815707317
238  1456112631376  -0.2287062347807236  0.4896605764311541  0.8413833442225922
239  1456112631485  -0.24167047172417044  0.48534800491460706  0.8402575064935385
240  1456112631594  -0.25432878460620323  0.4845912242431931  0.8369517392903834
241  1456112631704  -0.25833255342817996  0.4880026528735122  0.833737132626444
242  1456112631820  -0.25057607599842324  0.4932137506958896  0.8330377211651163
243  1456112631928  -0.2330708827448844  0.4977464950270434  0.8354199255900385
244  1456112632036  -0.2036064558965096  0.5033245316846326  0.8397671790453067
245  1456112632144  -0.15399195344320482  0.5147407102912902  0.843402897104939
246  1456112632253  -0.09127372308796033  0.5331261590071359  0.841097817611935
247  1456112632366  -0.025060671295467074  0.5582210465863864  0.829313662043607
248  1456112632476  0.03578940922748064  0.5819052815970356  0.8124686979796698
249  1456112632584  0.12145527685797308  0.594964780243093  0.7945222533378544
250  1456112632694  0.24373686393038063  0.5873648665583932  0.7717478627043666
251  1456112632803  0.38094224699126933  0.5682318208257184  0.7293802341473299
252  1456112632917  0.5142298895667521  0.5600978253392612  0.6495059862103254
253  1456112633025  0.6158041629849667  0.570665069557112  0.543255515092131
254  1456112633133  0.7116511834745296  0.5608282340135187  0.4231126264836078
255  1456112633243  0.7874639694422712  0.528971253026917  0.31637003104476946
256  1456112633348  0.8193113398742184  0.5176935579010831  0.24641893291851602
257  1456112633457  0.8291481908990566  0.5208905424456169  0.20294391922610444
258  1456112633670  0.8538050575241236  0.505589572338919  0.12408081260698722
259  1456112633779  0.8477669625200832  0.519615948220749  0.1062564590862749
260  1456112633890  0.8278630940412981  0.5507445224832477  0.10641016778900791
261  1456112634001  0.8066183742647794  0.581180359154029  0.10768595916993462
262  1456112634119  0.7903859967380313  0.6044112965838293  0.09988500004577006
263  1456112634236  0.7789275098517123  0.6207554101800516  0.08907675447986918
264  1456112634344  0.772321652348225  0.6292671732352737  0.08684566116679093
265  1456112634453  0.7712295345032238  0.6296229040005432  0.09370154623350047
266  1456112634561  0.7715001930992997  0.6276260130045017  0.10427400231477435
267  1456112634676  0.7680021436513798  0.6302150398272683  0.11402516857098277
268  1456112634785  0.7657145190053392  0.63252142788384  0.11661043993671782
269  1456112634895  0.7663151860478976  0.6326147249609058  0.11207015380448837
270  1456112635007  0.7658573423774513  0.633855931740416  0.10811693633949915
271  1456112635118  0.7628912746781609  0.6372389556904627  0.10919470490390637
272  1456112635228  0.7621906497429762  0.6377402912925003  0.11114284721121237
273  1456112635336  0.7653612189557464  0.6342141947307098  0.10952004481816857
274  1456112635445  0.7686221314315347  0.6311639563231415  0.10417335403199246
275  1456112635555  0.7686088603458359  0.632256091533014  0.09743018745419363
276  1456112635666  0.7652936889781898  0.6369316549715434  0.09297102132558166
277  1456112635776  0.7598508522549565  0.6434004787902898  0.09307232516277608
278  1456112635884  0.7542161928357274  0.6496130734225787  0.09571220695518434
279  1456112636097  0.7465926064436985  0.6575660686498033  0.1010261729378783
280  1456112636206  0.7466385904172981  0.6575479447384929  0.10080412138430717
281  1456112636319  0.7490167974538231  0.6551989644725813  0.09842808853454343
282  1456112636436  0.7535588502818307  0.6505231739386472  0.09470259529899394
283  1456112636547  0.7553180432544977  0.6485689050187524  0.09409031534386969
284  1456112636655  0.7516497418386798  0.6509468460235182  0.10625838559699474
285  1456112636765  0.7392425171156525  0.6588079701963379  0.13961604905944114
286  1456112636874  0.717730308918  0.6688461367992922  0.193669871231144
287  1456112636986  0.6847635424130303  0.6786327151398976  0.2656248788202227
288  1456112637095  0.6388089702434918  0.6869390312491053  0.3464648476924701
289  1456112637204  0.5692919276025865  0.6979593850863564  0.4344645561280558
290  1456112637312  0.4623381014772079  0.712530085946601  0.5277729315922635
291  1456112637421  0.31338527972373087  0.7225108338646365  0.6162530105018802
292  1456112637532  0.13261994428043877  0.7137611932819405  0.687718666454114
293  1456112637641  -0.03866433106758116  0.6802451012802437  0.7319643106953606
294  1456112637750  -0.16476266462034062  0.6335479598146829  0.7559565219875637
295  1456112637858  -0.24202955027913475  0.5890066454283627  0.7710336950633145
296  1456112637967  -0.28082823335164875  0.5568726561918451  0.7816830237719508
297  1456112638087  -0.29465982028482784  0.5370355587911115  0.7904229002614187
298  1456112638195  -0.28297788194929474  0.5349491109110778  0.7960860349647252
299  1456112638304  -0.274966637483665  0.5346699536959356  0.7990753080536237
300  1456112638412  -0.2777546898285248  0.53098591387184  0.800566268605591
301  1456112638522  -0.2883996472651198  0.5220074670438306  0.8027040372147916
302  1456112638634  -0.29741410501322463  0.5116742858791552  0.8060609520232518
303  1456112638744  -0.29812430207275753  0.5047228800590082  0.8101707457271381
304  1456112638852  -0.29424868053884623  0.4990140061531978  0.8151089926771924
305  1456112638963  -0.2888815340319866  0.49483844747629746  0.8195622954611039
306  1456112639072  -0.2846015192792368  0.49344347907431163  0.8218974857084174
307  1456112639186  -0.2811829257869105  0.49733971322140125  0.8207248680795827
308  1456112639295  -0.27682068404505067  0.5051047918161391  0.8174591292109619
309  1456112639404  -0.268748955024964  0.5133492643571405  0.8150132370032002
310  1456112639516  -0.2560569151983376  0.5190832032962944  0.8154676564950369
311  1456112639643  -0.24470278379346944  0.5198900494979488  0.8184344189296002
312  1456112639754  -0.24456044169772095  0.5162311564916537  0.8207896278724425
313  1456112639863  -0.2520841345588427  0.5099046673119905  0.8224663426905077
314  1456112639971  -0.254783971171054  0.5060483371695621  0.8240146605198977
315  1456112640081  -0.2414139247649416  0.5095946683877319  0.8258525860261523
316  1456112640191  -0.21180298706330802  0.5185538297956629  0.82839695030603
317  1456112640302  -0.17658654226523662  0.5261720309269498  0.8318414537012448
318  1456112640413  -0.14780404795931013  0.529597469490799  0.8352726841474367
319  1456112640521  -0.13233276718243303  0.5309781462626226  0.836988804373064
320  1456112640629  -0.12980002364192256  0.5332425339909799  0.8359452387062389
321  1456112640739  -0.11716195449482747  0.5396392984279963  0.8337040868863999
322  1456112640856  -0.0583176094718052  0.5535936108183304  0.8307425266455959
323  1456112640964  0.02973933633517767  0.5669023444001962  0.8232480735592596
324  1456112641073  0.1550713609122485  0.5722245630185839  0.8053024022024795
325  1456112641182  0.30671270687324004  0.5618480241751986  0.768279911163452
326  1456112641290  0.4623406271811987  0.538737751873418  0.7042745859764281
327  1456112641406  0.6117901699448876  0.5020149977426864  0.6113049686397796
328  1456112641515  0.7090543136874352  0.4768251598282489  0.5194994421149319
329  1456112641623  0.7758656732453808  0.460900057281342  0.43081737932190833
330  1456112641732  0.8202859198692103  0.45672149895240555  0.3442912153004549
331  1456112641844  0.850598991449143  0.4556041918675744  0.2624998900818447
332  1456112641956  0.860780819969797  0.46692195914562173  0.20258396061044692
333  1456112642065  0.8528774094801577  0.4930885722351155  0.17164997658028014
334  1456112642173  0.8329317393329632  0.5287700305235212  0.1631776772547937
335  1456112642281  0.8068385069662014  0.5663673523492214  0.16804638276256867
336  1456112642390  0.7832259769387235  0.5956663321851456  0.17815370438086475
337  1456112642505  0.7693050737346354  0.6109962929908441  0.18669006843655467
338  1456112642613  0.763690341483894  0.6174907397679146  0.1883674798605881
339  1456112642723  0.761254042756498  0.6211252155125626  0.18626788420327145
340  1456112642832  0.7574276584259572  0.6258843380297732  0.1859358008013352
341  1456112642941  0.7522044034039368  0.6317058690821069  0.18744661977513388
342  1456112643055  0.7468807505546309  0.6378580363471889  0.18789966042617579
343  1456112643163  0.7422879285410318  0.6433224971110636  0.18746929323017447
344  1456112643274  0.7400333907260155  0.6459231211677741  0.18744031514270176
345  1456112643383  0.7399261004509157  0.6460827160601852  0.18731370791714141
346  1456112643491  0.7410069144573974  0.6451230404647352  0.18634661370889205
347  1456112643606  0.7433750221342912  0.6431118621064176  0.1838498238031896
348  1456112643715  0.7480865279627338  0.6385409051595508  0.18064368581582357
349  1456112643824  0.7525362904906174  0.6338155469333913  0.17879320290248302
350  1456112643934  0.7535679028010698  0.6323841964748587  0.1795151517679443
351  1456112644043  0.75311025848697  0.6325204062267744  0.1809498248967074
352  1456112644158  0.7535403061406818  0.6317902042571806  0.18170910680128927
353  1456112644267  0.7533091785719357  0.6318916882110868  0.18231325179908708
354  1456112644376  0.7494946899566948  0.636125364246463  0.18330900346224155
355  1456112644491  0.7418667317984937  0.6447073485385972  0.18435360009199186
356  1456112644600  0.7332749381982282  0.6543572458705142  0.1847282262042853
357  1456112644714  0.7289396867966964  0.6592640037876825  0.18443955163487757
358  1456112644823  0.7291126482723698  0.6590179840428492  0.18463483394510938
359  1456112644931  0.7321383970969215  0.6551679380713535  0.1863556028287192
360  1456112645043  0.7374256765338938  0.6486922606172418  0.18815359646746188
361  1456112645157  0.7447661554985565  0.640556590199302  0.18711130082998295
362  1456112645266  0.7513067660627701  0.6337022269021382  0.18428156109784055
363  1456112645375  0.7543773176494994  0.6306353066446881  0.18224691626976153
364  1456112645486  0.7546385767912938  0.6306284156869566  0.18118622770553117
365  1456112645595  0.7524066611791511  0.6333205100561905  0.18107818480116578
366  1456112645704  0.7465730692083934  0.6394785464619692  0.1835642364587482
367  1456112645817  0.7373998407701237  0.6486578234118836  0.18837340558464177
368  1456112645921  0.729320941896578  0.6569285638530378  0.1911432541706155
369  1456112646026  0.7270389062839069  0.6598166084083983  0.18988540148908406
370  1456112646236  0.7331937477155588  0.6523096518113245  0.1921432764272808
371  1456112646344  0.7312028799102084  0.6516350839545948  0.20177709884059425
372  1456112646466  0.715089903626243  0.6620097044893869  0.2244761468758103
373  1456112646574  0.6843422298323052  0.6830787710419777  0.2551059105398483
374  1456112646692  0.6294473232389777  0.715513547588646  0.3030453262025219
375  1456112646800  0.5321861558248422  0.7563610450750131  0.38038900101964046
376  1456112646909  0.4119107507508093  0.7819898229122162  0.4677836044297097
377  1456112647026  0.24140988119268547  0.7877227013564123  0.5667577015262679
378  1456112647134  0.07892399758468827  0.7624222600411299  0.6422486017970144
379  1456112647242  -0.04107125976112158  0.7262310069241273  0.6862227504732825
380  1456112647351  -0.08452324441883441  0.7083011843124074  0.7008317683236402
381  1456112647460  -0.0665310541969042  0.710737001000604  0.7003046538263895
382  1456112647578  -0.017984535653470246  0.7127843258878552  0.7011527372939952
383  1456112647696  0.03621536238719614  0.7025392805450394  0.7107228732821351
384  1456112647805  0.0882493578221677  0.6869562526627169  0.7213204140580332
385  1456112647914  0.13590502663466086  0.6738743643798806  0.7262390096491838
386  1456112648024  0.17383975825842768  0.668036460928122  0.7235378718310947
387  1456112648133  0.19773473026096866  0.666502955831207  0.7188009989975881
388  1456112648242  0.20259538630952045  0.6638654571038649  0.7198873540635393
389  1456112648351  0.19135051001758896  0.6554066419686246  0.730634773087254
390  1456112648459  0.1690452091064074  0.6418655656754577  0.7479520743576962
391  1456112648569  0.14427996237453122  0.6264272209247705  0.7660106041257277
392  1456112648691  0.12113146484586146  0.6124433526890234  0.7811788047763324
393  1456112648799  0.09307999767728958  0.6046023240361613  0.7910702207693934
394  1456112648908  0.04693534710873237  0.6072207822919506  0.7931456790496441
395  1456112649016  -0.02865015647716973  0.617964313953923  0.785683922586017
396  1456112649126  -0.11530212876313417  0.6260414931817071  0.7712181289694975
397  1456112649238  -0.17947026732550952  0.6236274474419397  0.7608410735473212
398  1456112649347  -0.2092286837942927  0.6109417173633807  0.7635270650510608
399  1456112649455  -0.22207201524411246  0.5910894863237504  0.7754335570874638
400  1456112649563  -0.22683721622450825  0.5709645659126075  0.7890148345595911
401  1456112649672  -0.22210860108633668  0.5585478472803931  0.7991821420763028
402  1456112649891  -0.2314373037097326  0.5549822385652057  0.79901913685773
403  1456112650000  -0.2459017382237949  0.558415331624883  0.7922781319004804
404  1456112650108  -0.2600104461376809  0.5597821105842211  0.7867900943009949
405  1456112650216  -0.26651640097074925  0.5539349452020998  0.7887490820618694
406  1456112650324  -0.26918487045871053  0.5426633072573586  0.795648179661745
407  1456112650436  -0.27227198663370533  0.5304760625283342  0.8027846414638553
408  1456112650544  -0.2717986834555841  0.5263074458015744  0.8056835284633301
409  1456112650662  -0.26630079655327776  0.5329429493987083  0.8031536103832373
410  1456112650778  -0.2559380256489199  0.5435071827836249  0.7994346280597779
411  1456112650888  -0.2459699211042281  0.5496906435781381  0.7983351506076577
412  1456112651016  -0.2410623124739799  0.5477424567005691  0.801166187425044
413  1456112651126  -0.24122990743386907  0.5435476023481891  0.8039677123823683
414  1456112651236  -0.24622294990524196  0.5384360148416196  0.8058913690391032
415  1456112651350  -0.2520652426399863  0.5343810101691575  0.8067837139819094
416  1456112651460  -0.25451570005595947  0.5330962657505811  0.8068643568881462
417  1456112651576  -0.2533627514630137  0.532869688102408  0.8073767630593431
418  1456112651702  -0.24463939691345615  0.5334801965455396  0.8096606990993722
419  1456112651812  -0.22725934913770063  0.5389186029006912  0.8111226056899092
420  1456112651922  -0.19688534784613987  0.5531852695468729  0.8094580009393062
421  1456112652032  -0.14839011317877615  0.5732011082364623  0.8058665440679456
422  1456112652148  -0.07239004796945281  0.5906835854189811  0.8036495307974802
423  1456112652257  0.0175858950561274  0.598881520457405  0.8006445411735976
424  1456112652366  0.13209762918190737  0.5976542359897918  0.7907968788384627
425  1456112652474  0.2545499619819277  0.5877747867047101  0.767935637417714
426  1456112652582  0.3820412927144803  0.5745880276533041  0.7238046326999386
427  1456112652696  0.5283842269800569  0.5541014950048391  0.6432585721678934
428  1456112652805  0.6590774421223475  0.5266596833503279  0.5368859814765266
429  1456112652913  0.7628267771495327  0.48975718183392547  0.4221766554649413
430  1456112653021  0.8192792662624164  0.4750653970812424  0.321083001476584
431  1456112653130  0.8374203176586263  0.4905808097976907  0.2409516860257881
432  1456112653247  0.8365091171345327  0.5181745396088493  0.17817882311245725
433  1456112653355  0.8174166714745681  0.5588214708449177  0.13981635860557518
434  1456112653463  0.8006649384090316  0.5881194334999789  0.11424206619283339
435  1456112653572  0.7897812436889566  0.606557471614412  0.09128845372153904
436  1456112653690  0.784186938776898  0.6165712688587757  0.06993315248032417
437  1456112653804  0.7806855388043843  0.6226796159251036  0.052916538800364066
438  1456112653914  0.7755154008850909  0.6297262502550209  0.044953105911922364
439  1456112654023  0.7721359593347081  0.6340723340751273  0.041931660267298554
440  1456112654131  0.7694432442929973  0.6373753341553998  0.04135042459675731
441  1456112654239  0.7665853945125747  0.6407732652234195  0.04190995511889639
442  1456112654351  0.764225039518184  0.643532377320172  0.04273348094814011
443  1456112654460  0.7622837180358601  0.6457945220131762  0.043276916634575
444  1456112654569  0.7616215167348557  0.6465631443995896  0.04346036254789709
445  1456112654682  0.7612416886147457  0.6470180025425627  0.04334578516714771
446  1456112654797  0.7623335920674421  0.6457500091241171  0.04306308008769477
447  1456112654904  0.7645149370338302  0.6431538538159565  0.04324375983077999
448  1456112655013  0.7660322100249175  0.6412286131181304  0.044950353771220364
449  1456112655118  0.7664878968535049  0.6404632251204045  0.04799134204250777
450  1456112655224  0.7667765567892815  0.6398833491827887  0.05102004080838185
451  1456112655331  0.7677142670983415  0.638590207017848  0.05307815361342705
452  1456112655442  0.7695833587679815  0.6363629225306688  0.052760930968240416
453  1456112655547  0.7692874798411609  0.6372504058246085  0.04592035599625888
454  1456112655653  0.762590441070504  0.6460708126537034  0.03237695296135357
455  1456112655759  0.7481657337069194  0.6630921378415344  0.02359734286056181
456  1456112655865  0.7338679946507334  0.6785115464340867  0.032554768579903026
457  1456112655974  0.7282021273235344  0.6826396711787961  0.06103054185626888
458  1456112656078  0.7325418207596144  0.6744955394947736  0.09185952048226298
459  1456112656184  0.742329550197919  0.6601020650433744  0.11494395180265116
460  1456112656289  0.7507601860322559  0.6471823946668556  0.1323410214529126
461  1456112656396  0.7515969972269865  0.6422262583744942  0.15049064177551585
462  1456112656508  0.747454008085187  0.6426277981227304  0.1683510289931558
463  1456112656613  0.7507774180169839  0.6361283136799392  0.17797216734072308
464  1456112656720  0.7611319474213722  0.6232093935609171  0.1796890564769278
465  1456112656829  0.7734078012720929  0.6085831745127628  0.17738889563690208
466  1456112656938  0.780493130043336  0.6002077795040766  0.1748743710560241
467  1456112657046  0.778861177482252  0.6019696476711749  0.176090356014857
468  1456112657154  0.7706097899601829  0.6103620151482323  0.1833542369041936
469  1456112657262  0.7606874757079112  0.6186768372993043  0.19645238311354518
470  1456112657370  0.7508120280178261  0.6241910373393775  0.21602528612162075
471  1456112657481  0.7378553679582964  0.628849837065858  0.24518834796871225
472  1456112657596  0.7161964089829578  0.6353658821102408  0.28874356563499326
473  1456112657706  0.6874912435725768  0.6409422395821016  0.3413924104853798
474  1456112657814  0.6377443439671175  0.655281649179791  0.40483091215643263
475  1456112657922  0.5486416271108387  0.6849312639874845  0.47943877393500767
476  1456112658031  0.4114360140676103  0.7201155153597854  0.5587074028435621
477  1456112658147  0.23413464700219322  0.7384137659391978  0.6323970357656776
478  1456112658255  0.09371711136632399  0.7279986561538401  0.6791429510341445
479  1456112658363  -0.005044188912478376  0.7049668127394426  0.7092224157601379
480  1456112658471  -0.0718298216456752  0.6747117022694358  0.7345777696567914
481  1456112658580  -0.12815884975871938  0.6344999585936584  0.7622237301217671
482  1456112658694  -0.18663102098354933  0.5800175603235536  0.792936614890758
483  1456112658800  -0.2232667819922618  0.534836178055115  0.8149246939596217
484  1456112658905  -0.2411707889324486  0.5072169069260326  0.8273860841299268
485  1456112659011  -0.24183226994852092  0.49832423975891604  0.8325803789339048
486  1456112659116  -0.23201609775061272  0.4996551652322738  0.834573641561672
487  1456112659228  -0.21969237526287788  0.5029405111831864  0.8359342527733737
488  1456112659336  -0.2113476051100296  0.5057131390181315  0.8364128507996886
489  1456112659445  -0.21447552184890029  0.5064516583785865  0.8351687705146595
490  1456112659553  -0.22494147024952849  0.505382154862714  0.8330607166914037
491  1456112659663  -0.23624114739135926  0.5019278637314777  0.8320207126590198
492  1456112659776  -0.24117985158185906  0.4968211066634778  0.8336671908677213
493  1456112659884  -0.23505915583588965  0.49322670120237455  0.837540859139045
494  1456112659993  -0.22430247215970667  0.49109919805373003  0.8417303116097798
495  1456112660101  -0.21866485155290505  0.4893829183351466  0.8442096641501564
496  1456112660210  -0.22186750007502232  0.4872473090503122  0.8446093490256172
497  1456112660326  -0.23148257663559946  0.4852230126099173  0.843193058174063
498  1456112660439  -0.24031591206586267  0.485196634394949  0.8407333155791068
499  1456112660550  -0.2479416941978725  0.4858811480860137  0.8381196282139198
500  1456112660666  -0.25342973854932005  0.48635680724994046  0.8362000461543531
501  1456112660776  -0.25080896765957306  0.48856314757290664  0.835703833434299
502  1456112660896  -0.23768243120301724  0.49197046627748886  0.8375392904283339
503  1456112661006  -0.22438368944840903  0.49212149811517425  0.841111362385998
504  1456112661116  -0.21721082289311244  0.48817103877586665  0.8452860623924696
505  1456112661224  -0.21656771615284587  0.4835303541833167  0.8481137055255055
506  1456112661334  -0.21592238492339  0.4825823864696066  0.848817874514828
507  1456112661446  -0.19996872774414776  0.4925000167806246  0.8470279239934682
508  1456112661555  -0.15128781092160182  0.5198213760097588  0.840772159451376
509  1456112661664  -0.04342281650172097  0.5594242710781658  0.8277432484190257
510  1456112661772  0.13906065187239358  0.5737504948360236  0.8071384960836085
511  1456112661882  0.348893220580182  0.5296663482308825  0.7731281500996312
512  1456112662100  0.690348192285974  0.358602826517437  0.6283497731070824
513  1456112662209  0.6932584719896191  0.39426426184674934  0.6032813670902684
514  1456112662317  0.6282893346675102  0.47737556176886287  0.6143004612462608
515  1456112662426  0.5581235530216766  0.5446705251192583  0.6259649318073723
516  1456112662538  0.5216751412151615  0.5867426031266408  0.6193449244788218
517  1456112662646  0.5234989800187497  0.6105793940595574  0.59425715243448
518  1456112662755  0.5480860898731788  0.6197744677435535  0.5616772325925545
519  1456112662863  0.5769348592122565  0.6183287139849334  0.533681281044327
520  1456112662972  0.6015754509994986  0.6107517540904537  0.5148682841876608
521  1456112663081  0.6212749451324164  0.6013874351998598  0.5023450141953116
522  1456112663197  0.6375589877375631  0.5954111205361237  0.4888804619974536
523  1456112663305  0.6472000889654606  0.60084331177707  0.46916873331482734
524  1456112663413  0.66055006509497  0.6121106496320265  0.4347346726347272
525  1456112663521  0.6802828137546229  0.622766564566005  0.38649344982037803
526  1456112663630  0.6985975088961531  0.6305985944795882  0.3380930316442523
527  1456112663749  0.7146712973451841  0.6355018234594345  0.29220253762118986
528  1456112663857  0.7214376309216632  0.6465679035560594  0.2479468717099138
529  1456112663967  0.7298322591838016  0.6551432833462085  0.19527438020093868
530  1456112664076  0.7419198304440684  0.6552696747349875  0.14204426681405735
531  1456112664186  0.7568672535562939  0.6450794554933452  0.10499740384936729
532  1456112664296  0.7720329580728027  0.6302690884655844  0.08201165968704416
533  1456112664411  0.7896793423825379  0.6112011714584558  0.05328870288335352
534  1456112664520  0.8085208524473231  0.5883227751045395  0.01304*
535  1456112664627  0.822001622916293  0.5688805888340154  -0.02623349337312675
536  1456112664737  0.8268175171402028  0.5604680653383225  -0.04741632738505075
537  1456112664847  0.8286239591636004  0.5576577033066226  -0.048991738613466396
538  1456112664955  0.8352927546818876  0.5478340579441614  -0.04651800790217919
539  1456112665063  0.8448342990274824  0.5328965205029021  -0.04771080834461827
540  1456112665172  0.8505392546255592  0.5237020769520662  -0.04815786141755041
541  1456112665280  0.8501525507029299  0.52464453694484  -0.044595905337146746
542  1456112665393  0.8475126131028574  0.5291760391715776  -0.041170570620529645
543  1456112665501  0.8481557417204897  0.5278131489832054  -0.04522234497290967
544  1456112665609  0.8528661031418103  0.5188002125068696  -0.05887070172815001
545  1456112665727  0.8588310710784945  0.5061817503745178  -0.07867163190822524
546  1456112665837  0.8613152711958776  0.4992691646155265  -0.09416116851154044
547  1456112665946  0.862078952881717  0.49554104581571323  -0.10610789838735002
548  1456112666054  0.8625431307325258  0.4924584904850775  -0.11620694034182577
549  1456112666163  0.8619067502412676  0.4919480224614716  -0.12289799784512923
550  1456112666271  0.8611562619323401  0.4917686083980817  -0.1287381199612767
551  1456112666380  0.8626628896576563  0.4865850406857106  -0.1380134479369417
552  1456112666496  0.8650741504478638  0.47915946251288144  -0.1485022562517635
553  1456112666605  0.8630250499297993  0.48064292172429113  -0.15546755603780227
554  1456112666714  0.8585263388707887  0.4862146703036663  -0.16287383857706672
555  1456112666822  0.8533326924956697  0.4918233004493322  -0.17301210637753428
556  1456112666932  0.8488621268550176  0.4953946719478779  -0.1844377517736291
557  1456112667042  0.8457520468773971  0.4965570514284401  -0.1952809215298874
558  1456112667150  0.844158707460771  0.49578730526103065  -0.20393880867138137
559  1456112667258  0.8433966941479127  0.49469907495238186  -0.20965416161449113
560  1456112667367  0.8417877012691726  0.49668057360681117  -0.2114282908702645
561  1456112667476  0.8385017713616527  0.5033677799352467  -0.20865205986717328
562  1456112667586  0.8342496262018777  0.5128712985134412  -0.20246150482864067
563  1456112667695  0.8305061775064697  0.5216481931780563  -0.19530148340309772
564  1456112667803  0.8277961455653795  0.5293769998894424  -0.18577833636361518
565  1456112667912  0.8242892377735416  0.5409110972712963  -0.1672195185255987
566  1456112668021  0.8166462535873897  0.561340967035906  -0.13410919196860505
567  1456112668132  0.7999881176524468  0.5942109999284346  -0.08326023649737024
568  1456112668241  0.7698558936733058  0.6379628072023413  -0.018037427968256026
569  1456112668350  0.7153393982130432  0.6952415063094746  0.07020536429487123
570  1456112668458  0.6171256036940669  0.762631150364222  0.19377737349442725
571  1456112668567  0.46132219430111476  0.8157638401020841  0.3488713146816025
572  1456112668677  0.2554751908206846  0.8177275327722323  0.5158043723197732
573  1456112668785  0.057291821488043126  0.7565967372229299  0.6513670305993156
574  1456112668894  -0.0954292717406009  0.6688402276920324  0.7372557536888271
575  1456112669002  -0.19481124289306706  0.5923661886616154  0.7817614018760075
576  1456112669116  -0.25086916833495465  0.5377374634333396  0.8049243021360617
577  1456112669238  -0.27236606340100167  0.5053500110748814  0.8188028132069292
578  1456112669346  -0.26486015769305205  0.499527191834801  0.8248161861101622
579  1456112669455  -0.2538915624066904  0.5035486959001032  0.8258194620263919
580  1456112669558  -0.2377945956842229  0.5121583439488122  0.8253165936392097
581  1456112669669  -0.22502275738571775  0.5167726025786115  0.8260210610990608
582  1456112669791  -0.23010898965076976  0.5119008496344959  0.8276517432712538
583  1456112669899  -0.24801302908032596  0.5034622671441298  0.8276564997425453
584  1456112670010  -0.2701916127125088  0.49398967387009485  0.8264203890235335
585  1456112670118  -0.2767421471209577  0.49185910560466195  0.8255231456317498
586  1456112670227  -0.2687334393283205  0.4964005934431539  0.8254506467096085
587  1456112670336  -0.25670934910686327  0.5006476547427416  0.8267116731021069
588  1456112670446  -0.24797179018145243  0.5008568078607327  0.829248116808138
589  1456112670554  -0.24423108036768415  0.500102199415756  0.830812293734891
590  1456112670677  -0.2460191454773588  0.5014374343530027  0.8294788482766724
591  1456112670778  -0.24806550938058058  0.5031591116277725  0.8278250570350649
592  1456112670886  -0.24263262158914767  0.503868096595002  0.8290032328813508
593  1456112670994  -0.22731507160611653  0.5041247745633042  0.8331782551633533
594  1456112671102  -0.21288495111348227  0.5041436733895663  0.8369702439973614
595  1456112671211  -0.20899161501681007  0.5034788408283295  0.8383505439531751
596  1456112671320  -0.21217442567379718  0.5022108512804943  0.8383115787810993
597  1456112671436  -0.20984454210494796  0.5022713285657525  0.8388615579797811
598  1456112671544  -0.19309962676231862  0.5063510145235215  0.8404292146461798
599  1456112671652  -0.15886805239590363  0.5170497161034371  0.8410829051420712
600  1456112671763  -0.10763136452917976  0.5345121920164189  0.8382792941007091
601  1456112671874  -0.026274487426247717  0.5533364927440958  0.8325432763013918
602  1456112671986  0.11080690767573054  0.5569157636651145  0.8231443610499105
603  1456112672095  0.2755789656130987  0.5307871539200232  0.8014494029581711
604  1456112672203  0.4510171974124262  0.48178357962787377  0.7513108903671686
605  1456112672312  0.6254014129047611  0.4231615396851174  0.6555969445937286
606  1456112672422  0.7718650495961583  0.3647161827416703  0.5207748275803681
607  1456112672538  0.8801049157737317  0.30386834475434554  0.36480037624550654
608  1456112672647  0.9206211486021267  0.3045554586730308  0.24434142642772727
609  1456112672755  0.919436969052775  0.3579366663402421  0.16284043176518992
610  1456112672864  0.8946625545895976  0.43299642056425025  0.10996795231094936
611  1456112672972  0.8668168487177788  0.4928801117374517  0.07548295381059233
612  1456112673086  0.8452675976075525  0.5312825834284816  0.05711026297044697
613  1456112673194  0.8268314584404521  0.559636265160762  0.05618766484432314
614  1456112673303  0.814681396179239  0.5763177733826756  0.06443666088638622
615  1456112673412  0.8121398956856325  0.5790957459847874  0.07125251003271416
616  1456112673521  0.8164481918532758  0.5723196114452058  0.07656800858669754
617  1456112673636  0.8172391745987788  0.5694775986285618  0.08840437962597747
618  1456112673746  0.8044920442705923  0.5841036522491141  0.10777480154137109
619  1456112673855  0.7691793464198007  0.6245817060058929  0.13513288071724006
620  1456112673963  0.7036508655800446  0.6888697108640036  0.17416639109996268
621  1456112674072  0.6131668621478497  0.7560701408808193  0.2288760559725631
622  1456112674186  0.5380215356518114  0.7901582247309689  0.29356917158914086
623  1456112674294  0.5172069598355442  0.7871691917785213  0.33594871860836406
624  1456112674402  0.5378013001082209  0.768734390089346  0.3461461309796263
625  1456112674510  0.5713389549055723  0.7497880086090853  0.3337509770956686
626  1456112674620  0.6016267128941095  0.7328915714901454  0.3176715402980683
627  1456112674736  0.6153623849860104  0.7229762374138833  0.31406138373201387
628  1456112674844  0.6036250538179644  0.728000563511003  0.32504147350937984
629  1456112674954  0.5732199762333181  0.7443379786289395  0.34260738341377817
630  1456112675166  0.42815695809240495  0.8207642560173856  0.3781899518929528
631  1456112675275  0.37082723474869717  0.846642463445298  0.38168530181991756
632  1456112675386  0.32852721363048953  0.8649847034008564  0.37930362665710815
633  1456112675495  0.2972984937253855  0.8750818563466207  0.3818971022525659
634  1456112675604  0.27856822911347034  0.8755960183639521  0.39462820597935133
635  1456112675712  0.2806515687152267  0.8638551644336809  0.4183168999365092
636  1456112675825  0.30175201564832754  0.8418603417883128  0.44745600183100986
637  1456112675942  0.32693921725920916  0.8167990834274663  0.47534209472087596
638  1456112676045  0.3583981328181576  0.7945297988458151  0.4901766907293652
639  1456112676149  0.3878852757138036  0.7831983999519379  0.48594774271213703
640  1456112676257  0.42683343385496997  0.7740846767929845  0.46755335101347306
641  1456112676365  0.44869543792975897  0.7662951737504702  0.45985231396931425
642  1456112676473  0.4193030017704924  0.7702873998953121  0.4804606182992526
643  1456112676579  0.34718219165118835  0.7806558862887445  0.5196546813199032
644  1456112676690  0.2593690655317502  0.7819365495809872  0.5668359115780206
645  1456112676798  0.2156010131776842  0.7661753069267093  0.6053855764416616
646  1456112676904  0.22321538752434478  0.7451613513029809  0.6284181454125792
647  1456112677014  0.2644175959657198  0.7268070331705305  0.633904446832185
648  1456112677116  0.30837336480352207  0.7143308622573743  0.6282016770889705
649  1456112677224  0.3353731490752283  0.7108016359974196  0.6182926449558424
650  1456112677329  0.3439133415675464  0.7132047559372703  0.6107884602327012
