1  1456112604897  0.23220444  -0.06507664  -0.26189393
2  1456112604988  0.23811741  -0.045170635  -0.18002598
3  1456112605091  0.24473609  -0.046129983  -0.1769055
4  1456112605194  0.26212278  -0.048821565  -0.17082396
5  1456112605300  0.29244897  -0.05599875  -0.16037847
6  1456112605408  0.32678008  -0.07004911  -0.14478984
7  1456112605514  0.34875053  -0.08790063  -0.12645306
8  1456112605620  0.3489406  -0.10289586  -0.11182813
9  1456112605818  0.31501073  -0.12391862  -0.08380952
10  1456112605926  0.3114998  -0.12993157  -0.080102034
11  1456112606063  0.31011078  -0.080923505  -0.16920191
12  1456112606383  0.33357492  0.37175244  -0.5575525
13  1456112606488  0.21907322  0.44577965  -0.36053395
14  1456112606592  0.19891109  0.42962655  -0.31274498
15  1456112606698  0.20068415  0.38266957  -0.27975598
16  1456112606806  0.20662917  0.299793  -0.21151027
17  1456112606917  0.21441747  0.21698712  -0.13156864
18  1456112607027  0.21498759  0.21233888  -0.1425475
19  1456112607136  0.21190141  0.26080835  -0.20969434
20  1456112607245  0.21369429  0.3120106  -0.2635283
21  1456112607356  0.22886194  0.35342574  -0.28411868
22  1456112607466  0.26745817  0.38645026  -0.26132795
23  1456112607576  0.3247494  0.41534993  -0.20680667
24  1456112607692  0.38508815  0.43778452  -0.13552313
25  1456112607801  0.40672755  0.44714272  -0.062079087
26  1456112607910  0.39367172  0.43893185  0.020636743
27  1456112608024  0.36348957  0.4102426  0.12961867
28  1456112608133  0.34529114  0.3622842  0.24531335
29  1456112608242  0.35302797  0.28809503  0.34858096
30  1456112608350  0.38137606  0.20292705  0.41448948
31  1456112608460  0.41716513  0.13338387  0.42856386
32  1456112608576  0.45707473  0.08056391  0.39473298
33  1456112608693  0.493401  0.021676334  0.3270069
34  1456112608801  0.517738  -0.045705184  0.26220328
35  1456112608912  0.53329384  -0.109197885  0.22285119
36  1456112609017  0.54258955  -0.16124772  0.19571191
37  1456112609124  0.55006707  -0.20014283  0.17864944
38  1456112609232  0.55509144  -0.2306647  0.16375394
39  1456112609341  0.5564781  -0.2541613  0.14769182
40  1456112609449  0.55204684  -0.269505  0.12762368
41  1456112609558  0.5430846  -0.2754116  0.103264414
42  1456112609677  0.533246  -0.2722709  0.07485608
43  1456112609786  0.52771497  -0.2640637  0.054762654
44  1456112610046  0.49483335  -0.22285372  -0.05474115
45  1456112610154  0.5076111  -0.16535378  0.015204493
46  1456112610263  0.50732154  -0.1565467  0.032261223
47  1456112610376  0.5038831  -0.15325421  0.031610318
48  1456112610485  0.4982484  -0.13443671  0.005129859
49  1456112610593  0.49270484  -0.076742336  -0.07312389
50  1456112610703  0.48781776  0.034552153  -0.20726371
51  1456112610824  0.46947277  0.16933507  -0.34260455
52  1456112610933  0.42434898  0.26545885  -0.34778744
53  1456112611036  0.36638427  0.32473606  -0.29460979
54  1456112611141  0.31464142  0.36109218  -0.21347927
55  1456112611248  0.29575655  0.37925193  -0.16319148
56  1456112611357  0.30622628  0.3885215  -0.16668914
57  1456112611467  0.320904  0.3944567  -0.21203688
58  1456112611576  0.3268994  0.39503446  -0.28313172
59  1456112611697  0.32422936  0.3827581  -0.34847945
60  1456112611806  0.3230878  0.3593358  -0.37527612
61  1456112611916  0.3257287  0.33969423  -0.36168626
62  1456112612026  0.33895096  0.3310062  -0.33071396
63  1456112612134  0.35490248  0.33119258  -0.30269402
64  1456112612243  0.36378497  0.33418375  -0.2819443
65  1456112612352  0.36555865  0.33745354  -0.26933384
66  1456112612462  0.36785236  0.34179482  -0.266487
67  1456112612576  0.37656486  0.34752703  -0.2708372
68  1456112612693  0.38999164  0.35268375  -0.27296096
69  1456112612803  0.40056428  0.3561329  -0.26972055
70  1456112612911  0.40386572  0.35862434  -0.26612428
71  1456112613132  0.40066624  0.3606997  -0.2672072
72  1456112613143  0.39505607  0.3620659  -0.27362362
73  1456112613271  0.3877871  0.36153376  -0.28343067
74  1456112613335  0.3771678  0.35833675  -0.29180485
75  1456112613445  0.3634814  0.3538983  -0.29469883
76  1456112613555  0.35158074  0.3522323  -0.29223776
77  1456112613666  0.34534994  0.3562726  -0.29071572
78  1456112613773  0.34289008  0.36603877  -0.29459897
79  1456112613878  0.33824497  0.37668723  -0.30377382
80  1456112613983  0.32942525  0.384152  -0.31217095
81  1456112614088  0.3227113  0.3901594  -0.31454095
82  1456112614202  0.32452968  0.39953324  -0.3116655
83  1456112614305  0.3296487  0.41191578  -0.30532146
84  1456112614414  0.331204  0.42240226  -0.29696146
85  1456112614522  0.32527298  0.42703843  -0.28203404
86  1456112614631  0.3168958  0.4268188  -0.26137924
87  1456112614742  0.31118664  0.4252391  -0.24274893
88  1456112614851  0.30691782  0.42324895  -0.23101625
89  1456112614959  0.3006771  0.41810572  -0.21977796
90  1456112615067  0.29490137  0.41093832  -0.20468505
91  1456112615177  0.2980332  0.40905812  -0.19569999
92  1456112615287  0.308413  0.41726375  -0.19542691
93  1456112615396  0.3158808  0.42392692  -0.19958223
94  1456112615505  0.31320223  0.4227082  -0.1971476
95  1456112615614  0.30848417  0.41660368  -0.18900466
96  1456112615724  0.312113  0.41264915  -0.18120308
97  1456112615836  0.326879  0.41570976  -0.18118976
98  1456112615944  0.34401593  0.42348647  -0.1918284
99  1456112616052  0.3564317  0.43045875  -0.20701282
100  1456112616166  0.36204562  0.43255842  -0.21788262
101  1456112616275  0.36000445  0.42883512  -0.2192934
102  1456112616386  0.35297912  0.4236245  -0.21579124
103  1456112616496  0.3495761  0.42544192  -0.21951666
104  1456112616604  0.34987685  0.4360639  -0.23264503
105  1456112616713  0.3469444  0.45080864  -0.24342725
106  1456112616824  0.34031013  0.46927938  -0.24110243
107  1456112616936  0.3324306  0.49269933  -0.22422831
108  1456112617046  0.32029137  0.5161056  -0.1942225
109  1456112617155  0.3073495  0.5306065  -0.15899113
110  1456112617263  0.29490504  0.53316516  -0.12749787
111  1456112617373  0.2861427  0.5315639  -0.123851985
112  1456112617489  0.2828973  0.53399295  -0.14917132
113  1456112617596  0.28210098  0.5358861  -0.16457297
114  1456112617705  0.28322443  0.5373747  -0.15875018
115  1456112617814  0.2934482  0.5413263  -0.14308213
116  1456112617922  0.31115156  0.5450174  -0.1271184
117  1456112618037  0.32278287  0.5414757  -0.113524206
118  1456112618181  0.31844524  0.5307024  -0.11104226
119  1456112618256  0.30676442  0.52009803  -0.118354075
120  1456112618364  0.29921263  0.51388246  -0.12685384
121  1456112618475  0.3028705  0.51365167  -0.13250202
122  1456112618585  0.31107908  0.5165884  -0.135766
123  1456112618695  0.31358838  0.5166429  -0.13675961
124  1456112618804  0.3084551  0.5103581  -0.13346751
125  1456112618913  0.30257812  0.49918294  -0.1254685
126  1456112619022  0.30390003  0.48796365  -0.11732329
127  1456112619131  0.3126972  0.48088104  -0.11322533
128  1456112619240  0.3225498  0.47838026  -0.11233706
129  1456112619348  0.32883707  0.47745696  -0.10722764
130  1456112619456  0.33236033  0.47464734  -0.09132899
131  1456112619566  0.33602956  0.46762225  -0.06225442
132  1456112619676  0.34054866  0.45444825  -0.019738434
133  1456112619785  0.342854  0.43377084  0.03428242
134  1456112619894  0.34055522  0.40276384  0.10166398
135  1456112620004  0.33836895  0.3609148  0.17689681
136  1456112620113  0.34533092  0.3145781  0.24087195
137  1456112620224  0.3629895  0.27364033  0.27671096
138  1456112620332  0.38366586  0.24408539  0.2802227
139  1456112620441  0.40071496  0.22264035  0.26300567
140  1456112620550  0.41239265  0.20366955  0.23889337
141  1456112620660  0.4192287  0.18478425  0.21737464
142  1456112620772  0.42326656  0.16640691  0.20286298
143  1456112620881  0.42691508  0.1501237  0.19379765
144  1456112620991  0.43001124  0.13656269  0.19062842
145  1456112621099  0.43230835  0.12454451  0.18868662
146  1456112621208  0.4323899  0.120009646  0.19932345
147  1456112621317  0.43721327  0.09698853  0.16857627
148  1456112621426  0.43830684  0.08974119  0.16558868
149  1456112621537  0.439612  0.08722605  0.17188674
150  1456112621646  0.44227394  0.085896224  0.18211819
151  1456112621756  0.44615337  0.08327656  0.18862593
152  1456112621866  0.45027363  0.078293145  0.18674576
153  1456112621974  0.45341524  0.07177309  0.17795022
154  1456112622083  0.45501193  0.06657769  0.16819084
155  1456112622191  0.45493513  0.06484278  0.16051388
156  1456112622300  0.45379296  0.06655172  0.15585679
157  1456112622412  0.45321718  0.06919137  0.1549707
158  1456112622520  0.454459  0.07067365  0.15669388
159  1456112622629  0.45628273  0.07362874  0.15214223
160  1456112622738  0.45674565  0.084667265  0.12919837
161  1456112622848  0.45623237  0.10733146  0.08686021
162  1456112622967  0.4540354  0.14216319  0.034410622
163  1456112623075  0.44686234  0.18706773  1.7263349E-4
164  1456112623183  0.44174784  0.24126709  -0.041760538
165  1456112623292  0.4468849  0.30467996  -0.09849236
166  1456112623403  0.45290977  0.36709103  -0.16225132
167  1456112623513  0.4409659  0.41656947  -0.23214638
168  1456112623622  0.41324022  0.44985917  -0.3021992
169  1456112623730  0.38709337  0.47409308  -0.36305547
170  1456112623843  0.36462557  0.500982  -0.38970307
171  1456112623964  0.34075534  0.52938235  -0.37958768
172  1456112624076  0.3146543  0.5488933  -0.3526999
173  1456112624184  0.29255658  0.5550072  -0.32604933
174  1456112624293  0.27755153  0.5529103  -0.30306876
175  1456112624402  0.27367705  0.5505806  -0.28943777
176  1456112624512  0.2799609  0.551478  -0.28565925
177  1456112624623  0.2890567  0.55386966  -0.28417784
178  1456112624732  0.29379815  0.55516416  -0.28083384
179  1456112624841  0.29370758  0.5550253  -0.27723497
180  1456112624950  0.29259497  0.5549052  -0.27484596
181  1456112625063  0.2934849  0.55611944  -0.27255854
182  1456112625181  0.29572693  0.55859303  -0.26973125
183  1456112625291  0.29648352  0.5609046  -0.26858574
184  1456112625399  0.29670167  0.562356  -0.270881
185  1456112625516  0.29782188  0.5630337  -0.27476168
186  1456112625638  0.30015895  0.5630112  -0.27721193
187  1456112625764  0.30170983  0.5624039  -0.2773553
188  1456112625869  0.30047166  0.5614889  -0.2761654
189  1456112625974  0.29673374  0.5601915  -0.2746198
190  1456112626079  0.29255992  0.55931133  -0.2735037
191  1456112626193  0.29029346  0.5595251  -0.27258757
192  1456112626310  0.29080024  0.56063926  -0.27102864
193  1456112626416  0.2927443  0.5610638  -0.26985642
194  1456112626521  0.29437432  0.559912  -0.26900303
195  1456112626626  0.29483506  0.55761737  -0.26818973
196  1456112626734  0.294913  0.55573297  -0.2675003
197  1456112626847  0.29584557  0.5553658  -0.26752973
198  1456112626955  0.29729643  0.55631584  -0.2687802
199  1456112627063  0.29912037  0.55771047  -0.2699248
200  1456112627173  0.30213797  0.55843484  -0.26674327
201  1456112627281  0.30641663  0.5574464  -0.25697985
202  1456112627400  0.31041119  0.5530756  -0.23900956
203  1456112627514  0.31189603  0.544387  -0.21619731
204  1456112627623  0.31155065  0.53212655  -0.18541746
205  1456112627733  0.3134372  0.5169092  -0.13996165
206  1456112627841  0.3217866  0.49943262  -0.08057907
207  1456112627956  0.33504972  0.47504643  -0.0045625567
208  1456112628066  0.34464607  0.44328314  0.07539816
209  1456112628176  0.34835535  0.40397653  0.15672563
210  1456112628285  0.3504495  0.3692795  0.21859463
211  1456112628394  0.3558785  0.34348014  0.25718644
212  1456112628506  0.36589235  0.3212238  0.28058144
213  1456112628614  0.37653738  0.2982441  0.29342493
214  1456112628724  0.38443837  0.27536604  0.29724592
215  1456112628832  0.3900735  0.25537953  0.28834668
216  1456112628942  0.39599162  0.2384731  0.27100417
217  1456112629054  0.4046815  0.22235261  0.25366178
218  1456112629162  0.41513506  0.20605  0.24171534
219  1456112629270  0.4246696  0.19017814  0.23659359
220  1456112629379  0.4320775  0.1754559  0.23483628
221  1456112629487  0.43758094  0.16280364  0.23210931
222  1456112629596  0.44112068  0.15231416  0.22691847
223  1456112629705  0.44256395  0.14346611  0.2198509
224  1456112629813  0.4432961  0.13630427  0.2120712
225  1456112629923  0.44542944  0.13127844  0.20419496
226  1456112630031  0.4491474  0.1283117  0.19749762
227  1456112630146  0.4527939  0.12623085  0.19422215
228  1456112630254  0.45476624  0.12327887  0.19528991
229  1456112630366  0.4561754  0.11846124  0.19990966
230  1456112630474  0.45826608  0.112201944  0.20439099
231  1456112630589  0.4608249  0.10516086  0.20759068
232  1456112630705  0.46271744  0.098278806  0.20750667
233  1456112630815  0.46371397  0.09308532  0.20367877
234  1456112630923  0.46445045  0.09067549  0.19784424
235  1456112631031  0.46542144  0.09113184  0.19138812
236  1456112631140  0.4666629  0.09395902  0.18618356
237  1456112631257  0.4681109  0.09781146  0.18402612
238  1456112631376  0.46865603  0.100744545  0.18849728
239  1456112631485  0.46743307  0.10223547  0.19705918
240  1456112631594  0.4646443  0.10275986  0.20447506
241  1456112631704  0.4619531  0.103007965  0.20639278
242  1456112631820  0.46138734  0.1027331  0.20128302
243  1456112631928  0.4634638  0.10196138  0.19059922
244  1456112632036  0.46677384  0.1037388  0.17452776
245  1456112632144  0.46908867  0.112341106  0.15028457
246  1456112632253  0.46740323  0.12905453  0.122356534
247  1456112632366  0.4601799  0.15320554  0.09551922
248  1456112632476  0.4509467  0.18524338  0.075461574
249  1456112632584  0.4475424  0.22669809  0.047153283
250  1456112632694  0.45419353  0.2777808  0.0050773034
251  1456112632803  0.46242043  0.3314742  -0.045292526
252  1456112632917  0.45692885  0.3781073  -0.10567454
253  1456112633025  0.43250927  0.4101307  -0.16614205
254  1456112633133  0.40415362  0.4264168  -0.23716184
255  1456112633243  0.3815639  0.43648547  -0.29987228
256  1456112633348  0.36407351  0.45009148  -0.32955074
257  1456112633457  0.35288516  0.46704248  -0.33915597
258  1456112633670  0.34742942  0.5107209  -0.35566556
259  1456112633779  0.3400754  0.5220957  -0.3529033
260  1456112633890  0.32903686  0.52553374  -0.34111944
261  1456112634001  0.3178187  0.52744305  -0.32924324
262  1456112634119  0.3060936  0.5301074  -0.32264698
263  1456112634236  0.29603672  0.5330187  -0.3193502
264  1456112634344  0.2924835  0.5352994  -0.31594276
265  1456112634453  0.295796  0.5368565  -0.31255922
266  1456112634561  0.30069846  0.5363424  -0.30946314
267  1456112634676  0.3020406  0.53293383  -0.30604568
268  1456112634785  0.30061084  0.52941734  -0.30556902
269  1456112634895  0.29797924  0.52757055  -0.3080601
270  1456112635007  0.29541832  0.526526  -0.30951586
271  1456112635118  0.29404092  0.5256332  -0.30809167
272  1456112635228  0.294638  0.52569175  -0.30711284
273  1456112635336  0.2959472  0.52679855  -0.30872023
274  1456112635445  0.29566202  0.5281681  -0.31145144
275  1456112635555  0.29308805  0.5296459  -0.31300375
276  1456112635666  0.2902692  0.5319772  -0.31189415
277  1456112635776  0.28886947  0.53514636  -0.30798405
278  1456112635884  0.28831375  0.5377173  -0.30342817
279  1456112636097  0.2869737  0.537729  -0.29809904
280  1456112636206  0.28646773  0.5366816  -0.2986005
281  1456112636319  0.28659537  0.5368114  -0.300439
282  1456112636436  0.28828272  0.5395805  -0.3027069
283  1456112636547  0.29048872  0.5434243  -0.30221158
284  1456112636655  0.29549  0.5464069  -0.29531717
285  1456112636765  0.30486488  0.546505  -0.27866367
286  1456112636874  0.31853718  0.5423047  -0.25320148
287  1456112636986  0.33555305  0.53373754  -0.21928932
288  1456112637095  0.3528743  0.52204484  -0.17891398
289  1456112637204  0.36681944  0.50682116  -0.12831141
290  1456112637312  0.37385356  0.4856139  -0.06299561
291  1456112637421  0.37209958  0.4578241  0.016926007
292  1456112637532  0.3629561  0.42449304  0.10668778
293  1456112637641  0.35198325  0.39168382  0.18969782
294  1456112637750  0.34600267  0.36430138  0.2520083
295  1456112637858  0.3474095  0.3417317  0.29121014
296  1456112637967  0.35457623  0.32139271  0.30957934
297  1456112638087  0.36608827  0.30000004  0.3121884
298  1456112638195  0.38026127  0.2762139  0.29652455
299  1456112638304  0.3916362  0.2521115  0.2815779
300  1456112638412  0.40056366  0.22728793  0.27213198
301  1456112638522  0.40889207  0.20328707  0.2679618
302  1456112638634  0.41757146  0.18176901  0.2641911
303  1456112638744  0.42612672  0.16391616  0.25701082
304  1456112638852  0.43437776  0.14937037  0.24861404
305  1456112638963  0.44145668  0.13724607  0.24020153
306  1456112639072  0.44602013  0.12764937  0.23311864
307  1456112639186  0.4469784  0.120643206  0.22702521
308  1456112639295  0.44550776  0.11633153  0.22129263
309  1456112639404  0.44407198  0.11444592  0.21476838
310  1456112639516  0.44463736  0.11387852  0.2067753
311  1456112639643  0.44716895  0.1134271  0.20023714
312  1456112639754  0.4492268  0.112570934  0.20019919
313  1456112639863  0.45054367  0.11242106  0.20508067
314  1456112639971  0.45122764  0.114663474  0.20825331
315  1456112640081  0.45154858  0.11997469  0.20324007
316  1456112640191  0.45248872  0.1273013  0.18967621
317  1456112640302  0.4546738  0.13556649  0.1737404
318  1456112640413  0.4569673  0.14482968  0.16242583
319  1456112640521  0.45737976  0.15488303  0.1591059
320  1456112640629  0.45464513  0.16608553  0.16332962
321  1456112640739  0.4510687  0.18121575  0.16345452
322  1456112640856  0.45057833  0.20551334  0.14206462
323  1456112640964  0.45244202  0.23794532  0.10883505
324  1456112641073  0.4588588  0.2750765  0.057761062
325  1456112641182  0.468001  0.31508267  -0.0071429387
326  1456112641290  0.47363415  0.35353494  -0.07938382
327  1456112641406  0.4735064  0.3884631  -0.15743001
328  1456112641515  0.46592945  0.4220086  -0.21094348
329  1456112641623  0.45452684  0.45363724  -0.250909
330  1456112641732  0.43854362  0.483668  -0.28163582
331  1456112641844  0.42163816  0.51062995  -0.30727702
332  1456112641956  0.4056163  0.53358424  -0.31939697
333  1456112642065  0.39070827  0.5498561  -0.31749448
334  1456112642173  0.37641072  0.55920416  -0.30647993
335  1456112642281  0.36401594  0.5647827  -0.29035962
336  1456112642390  0.35658386  0.57005274  -0.2738883
337  1456112642505  0.35471243  0.5757172  -0.26207048
338  1456112642613  0.35371277  0.5795481  -0.25718072
339  1456112642723  0.35172793  0.58066964  -0.25636858
340  1456112642832  0.34924898  0.58029133  -0.25511366
341  1456112642941  0.34682977  0.57975274  -0.2526978
342  1456112643055  0.34407496  0.57971513  -0.25036654
343  1456112643163  0.34168652  0.58065134  -0.24817143
344  1456112643274  0.34108704  0.5824616  -0.24636976
345  1456112643383  0.3417493  0.5846663  -0.24528766
346  1456112643491  0.34240097  0.5861187  -0.24535702
347  1456112643606  0.34265575  0.5864655  -0.24704477
348  1456112643715  0.34383476  0.58666277  -0.25001445
349  1456112643824  0.34566313  0.58722  -0.2522087
350  1456112643934  0.34665412  0.58741105  -0.2522674
351  1456112644043  0.3468811  0.58689773  -0.25181997
352  1456112644158  0.3472019  0.5861367  -0.25210264
353  1456112644267  0.34717253  0.5856363  -0.2520424
354  1456112644376  0.34552705  0.58571196  -0.2500967
355  1456112644491  0.3421778  0.58679116  -0.24609081
356  1456112644600  0.33847845  0.5890825  -0.2413581
357  1456112644714  0.33673468  0.5911718  -0.23870015
358  1456112644823  0.33710128  0.5917041  -0.2384402
359  1456112644931  0.33915758  0.5906273  -0.23955831
360  1456112645043  0.34228092  0.5889405  -0.24186288
361  1456112645157  0.34536377  0.5876103  -0.24585682
362  1456112645266  0.34741667  0.5868567  -0.2499011
363  1456112645375  0.34812808  0.58668053  -0.2519706
364  1456112645486  0.3478604  0.58690786  -0.25234687
365  1456112645595  0.34678423  0.58755267  -0.25115818
366  1456112645704  0.34504193  0.58855087  -0.24740006
367  1456112645817  0.3426799  0.5898278  -0.24133295
368  1456112645921  0.3401045  0.5913267  -0.236357
369  1456112646026  0.338749  0.5926623  -0.23524629
370  1456112646236  0.34362134  0.59410703  -0.23615576
371  1456112646344  0.34678197  0.5933776  -0.23221694
372  1456112646466  0.34808058  0.5911804  -0.21871226
373  1456112646574  0.3456175  0.58732384  -0.1975073
374  1456112646692  0.33999777  0.5783893  -0.1632322
375  1456112646800  0.33219272  0.55842453  -0.10708621
376  1456112646909  0.32743979  0.5279306  -0.042288158
377  1456112647026  0.32289085  0.48297277  0.043360915
378  1456112647134  0.32243437  0.43626368  0.121757716
379  1456112647242  0.32363468  0.40085307  0.1792905
380  1456112647351  0.32548916  0.38563925  0.19976534
381  1456112647460  0.3293899  0.3844443  0.19008896
382  1456112647578  0.34002134  0.3871523  0.16731213
383  1456112647696  0.35758865  0.38862815  0.1444324
384  1456112647805  0.37613395  0.38866678  0.12265856
385  1456112647914  0.39111552  0.38669088  0.10045623
386  1456112648024  0.3998163  0.38000214  0.07828601
387  1456112648133  0.40402025  0.36735514  0.059297405
388  1456112648242  0.40704986  0.3497684  0.04876155
389  1456112648351  0.41233513  0.33012992  0.047712006
390  1456112648459  0.41957211  0.31293812  0.055013232
391  1456112648569  0.42707285  0.30088264  0.06629609
392  1456112648691  0.43313316  0.2937558  0.07857479
393  1456112648799  0.43479073  0.28849176  0.0930368
394  1456112648908  0.42834714  0.28061008  0.11361494
395  1456112649016  0.4123907  0.26675636  0.14474714
396  1456112649126  0.39346156  0.24856444  0.17935228
397  1456112649238  0.38287485  0.22970389  0.20394388
398  1456112649347  0.38603732  0.21103151  0.21331744
399  1456112649455  0.39784557  0.19142607  0.21488172
400  1456112649563  0.41166845  0.17266789  0.21224236
401  1456112649672  0.42273685  0.15840536  0.20498691
402  1456112649891  0.42642808  0.1403119  0.20166308
403  1456112650000  0.42198431  0.13585356  0.20669197
404  1456112650108  0.41829193  0.13267083  0.21246372
405  1456112650216  0.42055792  0.12864213  0.2148571
406  1456112650324  0.4272837  0.12203045  0.21470207
407  1456112650436  0.43488532  0.11307164  0.21362758
408  1456112650544  0.43916115  0.10472402  0.20972306
409  1456112650662  0.43835142  0.099855006  0.2034123
410  1456112650778  0.4359696  0.09774456  0.1953892
411  1456112650888  0.43532956  0.09691614  0.18879317
412  1456112651016  0.43789157  0.09505939  0.18541782
413  1456112651126  0.4406767  0.09202677  0.18447287
414  1456112651236  0.44291425  0.08854289  0.18603483
415  1456112651350  0.44434422  0.085310996  0.18806298
416  1456112651460  0.44484097  0.08342664  0.18859579
417  1456112651576  0.44531798  0.083002605  0.18776862
418  1456112651702  0.4466727  0.08457491  0.18369375
419  1456112651812  0.44687125  0.08871279  0.17563249
420  1456112651922  0.44427666  0.0964917  0.16132459
421  1456112652032  0.44046524  0.109780245  0.13924734
422  1456112652148  0.43953937  0.1324796  0.107067004
423  1456112652257  0.44168717  0.16701262  0.073970884
424  1456112652366  0.4472542  0.21310379  0.033713073
425  1456112652474  0.4539406  0.26706502  -0.0071094823
426  1456112652582  0.45819226  0.32199937  -0.052591484
427  1456112652696  0.4576435  0.3746132  -0.11623966
428  1456112652805  0.45096096  0.42092177  -0.18249488
429  1456112652913  0.44202206  0.45860648  -0.24441336
430  1456112653021  0.42596263  0.49070397  -0.28464562
431  1456112653130  0.4026365  0.5179553  -0.30429173
432  1456112653247  0.37786037  0.54016787  -0.31326392
433  1456112653355  0.3543852  0.55892557  -0.30822137
434  1456112653463  0.33759457  0.57214254  -0.3032659
435  1456112653572  0.32482922  0.58197683  -0.30200535
436  1456112653690  0.31508967  0.58896893  -0.3040277
437  1456112653804  0.30739594  0.592974  -0.30686793
438  1456112653914  0.30184132  0.5949601  -0.306641
439  1456112654023  0.2992916  0.5965106  -0.30559507
440  1456112654131  0.2986725  0.5991374  -0.3034915
441  1456112654239  0.29891264  0.60282433  -0.30044067
442  1456112654351  0.29949877  0.6064204  -0.29754713
443  1456112654460  0.29945385  0.60832614  -0.29568583
444  1456112654569  0.29903513  0.60805994  -0.2954597
445  1456112654682  0.2982881  0.60696113  -0.2958297
446  1456112654797  0.29849264  0.60627925  -0.29669368
447  1456112654904  0.30004364  0.6067903  -0.29731613
448  1456112655013  0.30226052  0.6082007  -0.29668885
449  1456112655118  0.30414405  0.60896635  -0.29540613
450  1456112655224  0.30538696  0.6085038  -0.29461354
451  1456112655331  0.3065637  0.6079593  -0.29448867
452  1456112655442  0.3079251  0.60888106  -0.29495877
453  1456112655547  0.30548382  0.6102791  -0.29673967
454  1456112655653  0.2956996  0.60975534  -0.2992095
455  1456112655759  0.28330123  0.60832196  -0.2969753
456  1456112655865  0.27980945  0.6096497  -0.28714263
457  1456112655974  0.29085103  0.61503154  -0.27218714
458  1456112656078  0.3082802  0.6203426  -0.26022208
459  1456112656184  0.32454655  0.62283856  -0.2542017
460  1456112656289  0.33643472  0.62158567  -0.25143686
461  1456112656396  0.34326455  0.6171805  -0.2470958
462  1456112656508  0.34654966  0.6107921  -0.24205257
463  1456112656613  0.35046542  0.604202  -0.24312517
464  1456112656720  0.35524967  0.59868824  -0.24938516
465  1456112656829  0.3599385  0.5946463  -0.2572016
466  1456112656938  0.3623679  0.59287816  -0.26188853
467  1456112657046  0.36226746  0.59370476  -0.26034105
468  1456112657154  0.36163768  0.59615004  -0.2530557
469  1456112657262  0.3626634  0.5981805  -0.24318069
470  1456112657370  0.36603138  0.5977921  -0.23221871
471  1456112657481  0.37128302  0.59380215  -0.21845822
472  1456112657596  0.37820882  0.58592635  -0.19817956
473  1456112657706  0.38655376  0.5751665  -0.17350808
474  1456112657814  0.39137048  0.5613753  -0.1385219
475  1456112657922  0.38724187  0.5418524  -0.08705231
476  1456112658031  0.37368008  0.51443166  -0.017476104
477  1456112658147  0.3556312  0.47719944  0.06572327
478  1456112658255  0.34562057  0.44026434  0.12863559
479  1456112658363  0.34336293  0.4078368  0.1721003
480  1456112658471  0.349156  0.37867326  0.2018272
481  1456112658580  0.36160743  0.34871122  0.22801329
482  1456112658694  0.3800889  0.3143852  0.25597587
483  1456112658800  0.39918387  0.2825002  0.2706181
484  1456112658905  0.4139839  0.2572361  0.2738775
485  1456112659011  0.42421263  0.23735335  0.26623583
486  1456112659116  0.43209022  0.21985856  0.2519334
487  1456112659228  0.43914232  0.20275761  0.23597407
488  1456112659336  0.44476825  0.18564017  0.22209153
489  1456112659445  0.44757485  0.17020756  0.2155247
490  1456112659553  0.44872436  0.15698622  0.21437201
491  1456112659663  0.45017877  0.14621165  0.21534884
492  1456112659776  0.45342115  0.13800879  0.21447305
493  1456112659884  0.45801944  0.13266633  0.20881778
494  1456112659993  0.4624382  0.12945676  0.20149764
495  1456112660101  0.46533126  0.12628952  0.19691455
496  1456112660210  0.46658847  0.12203222  0.19665088
497  1456112660326  0.46651292  0.11680802  0.19938459
498  1456112660439  0.46575302  0.11114132  0.20118602
499  1456112660550  0.46498805  0.10522164  0.20210284
500  1456112660666  0.4647802  0.09951853  0.20199251
501  1456112660776  0.46519077  0.09587005  0.19828255
502  1456112660896  0.46658072  0.09588497  0.19057068
503  1456112661006  0.4691161  0.097529136  0.18403621
504  1456112661116  0.4723154  0.098806396  0.18119782
505  1456112661224  0.47453576  0.09955386  0.18179835
506  1456112661334  0.47466296  0.1017472  0.1827673
507  1456112661446  0.47157133  0.10980033  0.17711717
508  1456112661555  0.46407717  0.1290906  0.15723139
509  1456112661664  0.456007  0.16380739  0.111110136
510  1456112661772  0.4604005  0.21458815  0.034002226
511  1456112661882  0.48233542  0.27528876  -0.050193466
512  1456112662100  0.5384521  0.40770662  -0.17540795
513  1456112662209  0.5267412  0.44408584  -0.15941009
514  1456112662317  0.49870378  0.46755704  -0.1122798
515  1456112662426  0.47212636  0.48385036  -0.0690031
516  1456112662538  0.45181504  0.4955359  -0.04991855
517  1456112662646  0.43775237  0.5037384  -0.05552616
518  1456112662755  0.42944992  0.5076555  -0.0754026
519  1456112662863  0.4258652  0.5076349  -0.09733682
520  1456112662972  0.42585978  0.5057997  -0.11518503
521  1456112663081  0.42765495  0.5050655  -0.12813081
522  1456112663197  0.4279343  0.50706017  -0.13844377
523  1456112663305  0.42190924  0.51146007  -0.14687042
524  1456112663413  0.40959904  0.5162001  -0.16178171
525  1456112663521  0.3932856  0.52047116  -0.18423674
526  1456112663630  0.37705395  0.52431816  -0.20623049
527  1456112663749  0.36210158  0.5286994  -0.2261228
528  1456112663857  0.34469405  0.5347907  -0.24062845
529  1456112663967  0.324338  0.5395833  -0.25929368
530  1456112664076  0.30642644  0.5440607  -0.2801214
531  1456112664186  0.29898375  0.54978937  -0.2967642
532  1456112664296  0.29860833  0.5549037  -0.30935174
533  1456112664411  0.29578325  0.55594283  -0.32697353
534  1456112664520  0.2869902  0.55250084  -0.35139042
535  1456112664627  0.27474436  0.5466203  -0.37426627
536  1456112664737  0.26556337  0.54123545  -0.3863186
537  1456112664847  0.26542053  0.54020137  -0.3882307
538  1456112664955  0.27292156  0.544228  -0.38935435
539  1456112665063  0.28186017  0.5498882  -0.39256412
540  1456112665172  0.28776443  0.55371964  -0.39413273
541  1456112665280  0.28979635  0.5550678  -0.39204058
542  1456112665393  0.28941113  0.5550111  -0.3894267
543  1456112665501  0.2878899  0.55460376  -0.3914241
544  1456112665609  0.28491905  0.55383116  -0.39927563
545  1456112665727  0.28026238  0.55279154  -0.41031954
546  1456112665837  0.2758413  0.55298233  -0.41746497
547  1456112665946  0.27288657  0.5550241  -0.42161876
548  1456112666054  0.2710821  0.557908  -0.42460012
549  1456112666163  0.26915932  0.55970585  -0.42612118
550  1456112666271  0.26703554  0.5607734  -0.42756018
551  1456112666380  0.2664739  0.5635812  -0.43092823
552  1456112666496  0.26810393  0.56910187  -0.43421257
553  1456112666605  0.26760325  0.5744977  -0.43366697
554  1456112666714  0.26407117  0.57840174  -0.4326189
555  1456112666822  0.2585853  0.58153033  -0.43269157
556  1456112666932  0.25319058  0.5844887  -0.43381703
557  1456112667042  0.24872927  0.58686256  -0.4357238
558  1456112667150  0.24528345  0.5878596  -0.4381123
559  1456112667258  0.24247599  0.5873969  -0.44029066
560  1456112667367  0.24003462  0.5864924  -0.44050324
561  1456112667476  0.2384661  0.58645  -0.43755004
562  1456112667586  0.23819003  0.5875686  -0.43223822
563  1456112667695  0.23908873  0.5892859  -0.42662922
564  1456112667803  0.2418522  0.5913944  -0.42049855
565  1456112667912  0.24764875  0.5940409  -0.41013965
566  1456112668021  0.25578073  0.59612244  -0.39230824
567  1456112668132  0.26334733  0.59415346  -0.3654349
568  1456112668241  0.26715958  0.58460027  -0.3311259
569  1456112668350  0.2686615  0.56537306  -0.28319648
570  1456112668458  0.27210155  0.53493476  -0.21129401
571  1456112668567  0.28198284  0.4934883  -0.112266466
572  1456112668677  0.30181044  0.44235948  0.0068337573
573  1456112668785  0.32869294  0.3901664  0.116887026
574  1456112668894  0.35425204  0.3436481  0.20021336
575  1456112669002  0.37416923  0.3056474  0.25261492
576  1456112669116  0.39141998  0.27364326  0.27914456
577  1456112669238  0.40887326  0.243491  0.2831036
578  1456112669346  0.42399225  0.2131063  0.2654562
579  1456112669455  0.4337758  0.18583857  0.24507998
580  1456112669558  0.44073182  0.1622337  0.22288173
581  1456112669669  0.4466667  0.14274922  0.20518908
582  1456112669791  0.45231307  0.12360823  0.19865164
583  1456112669899  0.45631546  0.10563618  0.20011264
584  1456112670010  0.45881855  0.091664806  0.2061327
585  1456112670118  0.46041662  0.08253686  0.20515117
586  1456112670227  0.4615392  0.07649855  0.19692957
587  1456112670336  0.4635442  0.070554316  0.18655547
588  1456112670446  0.46679282  0.06378171  0.17797768
589  1456112670554  0.4691659  0.057838276  0.17272027
590  1456112670677  0.46891466  0.053884607  0.1714653
591  1456112670778  0.46796325  0.052192304  0.17155413
592  1456112670886  0.46864778  0.05257363  0.16862744
593  1456112670994  0.47119853  0.054452255  0.16096441
594  1456112671102  0.47358486  0.056231502  0.1537711
595  1456112671211  0.47451425  0.056875728  0.1519764
596  1456112671320  0.4745286  0.057093162  0.15400383
597  1456112671436  0.4745561  0.059171498  0.1538208
598  1456112671544  0.47437787  0.06575047  0.14761487
599  1456112671652  0.4728051  0.077671066  0.13390462
600  1456112671763  0.46885592  0.09627131  0.11365749
601  1456112671874  0.46542692  0.1252982  0.08191164
602  1456112671986  0.46986383  0.16905782  0.027750531
603  1456112672095  0.48314232  0.22508825  -0.03434973
604  1456112672203  0.4988144  0.28704667  -0.10145145
605  1456112672312  0.5069175  0.3480267  -0.17735246
606  1456112672422  0.5012635  0.3978331  -0.25763696
607  1456112672538  0.48202586  0.43115196  -0.34017184
608  1456112672647  0.44748822  0.45745337  -0.3840268
609  1456112672755  0.40550843  0.4803267  -0.39572033
610  1456112672864  0.36533394  0.50132936  -0.38734078
611  1456112672972  0.3360672  0.51862144  -0.3749917
612  1456112673086  0.31923503  0.53135353  -0.36393368
613  1456112673194  0.31080592  0.5387178  -0.3515417
614  1456112673303  0.30864897  0.5415609  -0.34143364
615  1456112673412  0.3111515  0.54330474  -0.33710068
616  1456112673521  0.3172484  0.54539824  -0.33644265
617  1456112673636  0.32371402  0.54624045  -0.3323709
618  1456112673746  0.32365295  0.542814  -0.32124278
619  1456112673855  0.31323704  0.534038  -0.29931876
620  1456112673963  0.2952544  0.5213538  -0.26151475
621  1456112674072  0.2805547  0.51009  -0.20797586
622  1456112674186  0.28373018  0.5088547  -0.15626287
623  1456112674294  0.29879126  0.5194533  -0.13091664
624  1456112674402  0.313675  0.53291273  -0.1313042
625  1456112674510  0.32266474  0.5435126  -0.14489119
626  1456112674620  0.3288853  0.55127037  -0.15933824
627  1456112674736  0.3342454  0.5569044  -0.16368231
628  1456112674844  0.33504134  0.5593771  -0.15410066
629  1456112674954  0.33041808  0.5577986  -0.13658294
630  1456112675166  0.28981015  0.5340038  -0.07501963
631  1456112675275  0.27161214  0.52261496  -0.053903684
632  1456112675386  0.2566515  0.5108122  -0.040467735
633  1456112675495  0.24800113  0.49577665  -0.030895367
634  1456112675604  0.24815655  0.47667038  -0.024906533
635  1456112675712  0.25960478  0.45516092  -0.026034482
636  1456112675825  0.2789927  0.43300515  -0.035112567
637  1456112675942  0.29888278  0.40977526  -0.047639962
638  1456112676045  0.31353652  0.38811362  -0.06655788
639  1456112676149  0.31748605  0.37257466  -0.08719743
640  1456112676257  0.31626028  0.36212817  -0.11374137
641  1456112676365  0.31622013  0.35164607  -0.12983547
642  1456112676473  0.31796208  0.33507195  -0.117287844
643  1456112676579  0.3206565  0.31143984  -0.08277366
644  1456112676690  0.32761097  0.28240296  -0.04126482
645  1456112676798  0.34116817  0.25572908  -0.022730004
646  1456112676904  0.35564053  0.23593979  -0.030644998
647  1456112677014  0.36530027  0.22329143  -0.056144383
648  1456112677116  0.36875093  0.21595678  -0.08280903
649  1456112677224  0.36699128  0.21268538  -0.09958192
650  1456112677329  0.3636858  0.21143374  -0.10550004
