1  1456067578938  -0.4780742  3.8858852  7.7717705
2  1456067579012  -0.5896249  3.4972968  7.166209
3  1456067579113  -0.5306624  2.9882092  6.608947
4  1456067579219  -0.47759616  2.6893883  5.7886934
5  1456067579323  -0.760811  2.4204495  5.3691826
6  1456067579431  -0.5253718  2.006788  4.341932
7  1456067579538  -0.47283465  2.1370838  4.7167873
8  1456067579643  -0.2539348  1.5924008  3.2767024
9  1456067579748  -0.5595158  1.7641351  3.758081
10  1456067579855  -0.17258972  1.4283636  2.573224
11  1456067579964  -0.48630518  1.4448853  3.1249504
12  1456067580079  -0.27831656  0.9694221  2.162764
13  1456067580188  -0.25048488  1.0440965  2.4368205
14  1456067580296  -0.053820014  0.9396868  2.1931386
15  1456067580405  0.27027813  1.0050762  1.1647758
16  1456067580513  1.6897312  0.09551978  1.6979885
17  1456067580631  1.8517325  -0.40436482  2.0062642
18  1456067580746  1.6665593  -0.03295374  0.83723164
19  1456067580855  1.0095708  0.93874836  -2.16397
20  1456067580964  2.207995  -0.9448402  -2.1069312
21  1456067581073  2.3059115  -0.20066547  -3.3549774
22  1456067581190  1.5849879  -1.7986963  -0.9233084
23  1456067581298  -0.35096624  -2.1091592  0.46840382
24  1456067581408  -1.6029925  -5.281538  3.5106583
25  1456067581516  -0.15557036  -5.2437162  6.555145
26  1456067581625  0.5096773  -4.8787026  5.090582
27  1456067581736  2.5671394  -5.040523  -1.0940747
28  1456067581841  1.979451  -6.4855423  -3.4118133
29  1456067581949  1.1318152  -9.073183  -3.070632
30  1456067582057  2.3180149  -8.496839  -3.5726175
31  1456067582166  0.46811616  -6.9974647  -5.0050693
32  1456067582280  1.0709951  -6.616434  -4.823279
33  1456067582389  0.6329211  -5.3051004  -4.0222344
34  1456067582497  0.7412455  -4.615232  -4.588418
35  1456067582605  0.66712093  -5.45309  -3.4798856
36  1456067582718  1.2500993  -3.1303253  -3.291255
37  1456067582831  -0.33364987  -3.1360097  -2.9621296
38  1456067582951  0.018431306  -3.962432  -2.9968913
39  1456067583069  0.5069208  -3.0758562  -1.8881534
40  1456067583179  1.914968  -2.7682705  -0.24059892
41  1456067583300  2.6918778  -4.5998735  1.7325327
42  1456067583410  1.4542835  -10.783892  7.234878
43  1456067583518  0.81852245  -2.0808325  4.562319
44  1456067583636  0.57731223  0.22342205  0.69827604
45  1456067583748  -1.4294908  6.8573437  -8.761419
46  1456067583866  -2.0955904  12.643999  -9.503374
47  1456067583978  -0.427292  13.806745  -4.336178
48  1456067584083  -0.7032789  12.916403  -6.1703477
49  1456067584187  0.0044813156  11.784121  -5.0629807
50  1456067584294  -0.474041  10.605709  -4.887657
51  1456067584402  0.05143714  9.545138  -4.067917
52  1456067584513  -0.43178082  8.431266  -3.8327417
53  1456067584620  -0.38860273  7.5881395  -3.1184926
54  1456067584728  -0.3497424  6.8293257  -3.137618
55  1456067584838  0.0039479733  6.3057513  -2.6522398
56  1456067584947  -0.15580499  5.5158176  -2.3870158
57  1456067585070  0.019133568  5.1235943  -2.3199308
58  1456067585189  -0.14213789  4.6112347  -2.0879378
59  1456067585298  -0.12792408  3.9907527  -2.038502
60  1456067585409  -1.5738709  0.6741986  -3.2933912
61  1456067585517  -1.4164838  -1.3422928  -2.8046937
62  1456067585630  -0.4657867  -4.2849  2.3423257
63  1456067585739  3.7976518  -5.7932234  9.879864
64  1456067585848  0.99074054  -14.616027  7.592496
65  1456067585957  3.4781706  -22.556551  8.782318
66  1456067586065  6.538164  -9.44003  8.38216
67  1456067586177  -0.10996723  -7.5276203  0.09089017
68  1456067586286  0.5384619  -7.093575  0.7314917
69  1456067586394  -0.32443285  -6.5435753  -0.3100642
70  1456067586503  -1.2603964  -5.72986  -0.45067412
71  1456067586611  -0.4846661  -4.838157  -2.1708038
72  1456067586719  -0.27684164  -3.5452929  -2.603414
73  1456067586828  0.24117517  -3.5094805  -1.2030494
74  1456067586938  0.37641573  -3.3178902  0.03276196
75  1456067587047  0.49813223  -3.3170753  0.8385345
76  1456067587156  0.6076772  -2.4950361  0.2766068
77  1456067587269  0.5469096  -2.5642486  0.4083042
78  1456067587378  0.33286047  -2.3078237  -0.28221682
79  1456067587486  0.949265  -2.2486572  -0.25399515
80  1456067587594  3.6124587  -2.0237913  0.91142744
81  1456067587702  3.9009037  -1.9807706  2.5977402
82  1456067587817  4.4792194  -0.81428623  2.178608
83  1456067587930  10.025612  2.515595  -3.5432353
84  1456067588038  8.544977  1.6143446  1.9840963
85  1456067588146  -5.2788157  3.0710073  -4.515086
86  1456067588254  -9.6052265  8.91758  -5.522317
87  1456067588364  -6.3769155  12.561398  -4.651369
88  1456067588472  -2.5030293  12.604639  -2.8868508
89  1456067588582  -2.9024172  11.834507  -3.4072144
90  1456067588690  -2.1218429  10.320082  -2.2574444
91  1456067588798  -1.9096588  9.288074  -1.8723419
92  1456067588910  -2.2090254  8.518625  -1.8444656
93  1456067589018  -1.988123  7.507404  -1.5006611
94  1456067589126  -1.948669  6.7566633  -1.350595
95  1456067589234  -1.5944439  6.0809975  -1.2155354
96  1456067589343  -1.4349996  5.4728975  -1.2533398
97  1456067589454  -1.4508576  4.9256077  -0.9686477
98  1456067589562  -1.1464137  4.433047  -0.871783
99  1456067589775  -1.3627467  3.9897423  -0.9439626
100  1456067589883  -0.73613954  3.5907679  -0.8495662
101  1456067590001  -0.9812417  3.231691  -0.60525155
102  1456067590119  -0.5644014  2.9085217  -0.86344266
103  1456067590228  -2.1138003  1.6492634  -1.108073
104  1456067590338  -1.9024203  -0.46473503  -1.9656723
105  1456067590447  -0.59667176  -3.33574  0.49868298
106  1456067590557  2.7114484  -7.0474095  1.9075539
107  1456067590669  5.026808  -11.687292  5.5904255
108  1456067590778  5.995124  -21.060713  7.7895036
109  1456067590895  5.064637  -20.732096  7.819602
110  1456067591005  5.526581  -9.256761  5.5789022
111  1456067591115  0.11963081  -7.0317035  0.9757688
112  1456067591230  0.26702547  -6.818866  2.3369312
113  1456067591339  0.24032307  -6.7866697  0.80385685
114  1456067591448  -0.75211596  -5.777028  0.23313862
115  1456067591557  -1.1672368  -4.3902764  -1.2366562
116  1456067591666  -0.56018066  -3.1422  -1.9220393
117  1456067591778  -0.026088476  -2.9873385  -1.0801448
118  1456067591896  1.1165438  -3.338295  0.47435072
119  1456067592004  1.4829631  -2.845108  1.7262968
120  1456067592113  1.8249993  -2.401239  2.5220737
121  1456067592221  1.3237829  -2.0017567  2.4292245
122  1456067592331  2.650144  -2.769988  3.1669674
123  1456067592440  5.1432505  -4.6014194  6.576798
124  1456067592548  4.9476414  -2.0328474  5.5881433
125  1456067592657  1.694757  2.8776298  5.519661
126  1456067592770  -2.850937  4.6982965  -1.5169523
127  1456067592882  -4.992989  7.783378  -6.0479326
128  1456067593023  -3.0349507  12.999355  -6.0928297
129  1456067593132  -2.8908138  12.508469  -3.056401
130  1456067593242  -2.6017323  11.41698  -3.4004514
131  1456067593351  -2.341559  10.43464  -3.0604062
132  1456067593459  -2.2790194  9.231817  -3.073082
133  1456067593564  -2.0511174  8.63961  -2.4470575
134  1456067593669  -1.8460058  7.775649  -2.3617096
135  1456067593774  -1.4897889  6.998084  -1.8068228
136  1456067593879  -1.6717844  6.12666  -1.6261405
137  1456067594040  -1.1736315  5.68561  -1.4635265
138  1456067594165  -1.2278847  4.945433  -1.3171738
139  1456067594269  -1.1050962  4.6225057  -1.3448144
140  1456067594399  -0.9945866  4.160255  -1.050975
141  1456067594503  -1.054486  3.4132552  -0.94587743
142  1456067594615  -0.7896794  3.402904  -1.1700057
143  1456067594719  -0.8700695  2.7316394  -0.73428917
144  1456067594824  -0.45208824  2.9488082  -0.6608603
145  1456067594931  -0.8972119  2.3229532  -0.4231577
146  1456067595036  -0.48877454  2.2622738  -0.87117434
147  1456067595148  -0.7586132  1.8644304  -0.46534085
148  1456067595253  -0.36403573  1.6779876  -0.5781648
149  1456067595359  -0.64634836  1.510189  -0.5203483
150  1456067595466  -0.4223554  1.1998119  -0.78702974
151  1456067595574  -1.0298104  0.27078247  -1.5173755
152  1456067595686  -0.117780685  -0.24662828  -2.1869447
153  1456067595794  -0.2653607  -2.6491113  -0.17853665
154  1456067595904  1.3792727  -5.6203947  2.4258208
155  1456067596014  5.458205  -8.944241  7.037531
156  1456067596123  6.0524077  -11.616985  7.9518747
157  1456067596240  3.338737  -15.321836  8.456069
158  1456067596349  6.0817003  -14.917418  4.0432925
159  1456067596458  4.6644816  -10.017865  1.3711755
160  1456067596568  0.31214762  -8.20703  0.10629314
161  1456067596673  0.5996494  -8.036017  0.7453544
162  1456067596783  0.049351692  -7.391774  -0.15048796
163  1456067596890  -0.92399025  -6.4932384  -1.2509456
164  1456067596998  -0.6722331  -4.8755083  -1.9348998
165  1456067597107  0.044681072  -4.7066736  -2.5504584
166  1456067597216  5.5564537  -3.267599  -3.2760777
167  1456067597331  2.4020467  -2.2911491  -6.674997
168  1456067597440  4.1109138  -2.7117243  -5.198448
169  1456067597549  -0.35767937  0.63628435  1.4750694
170  1456067597658  -9.221447  0.09458208  -6.603566
171  1456067597762  16.32765  -3.3226871  22.410269
172  1456067597872  -1.5106058  7.5394726  -14.999858
173  1456067597977  5.443818  -10.388371  9.349624
174  1456067598082  0.84193516  -2.3868122  -0.81584907
175  1456067598193  -1.8287625  -3.7662282  1.2025493
176  1456067598298  2.570973  -3.3896055  2.0507011
177  1456067598419  -2.3933163  -1.2609315  -0.56925666
178  1456067598524  1.7441587  -2.1155033  3.6922705
179  1456067598630  1.5697427  1.185142  2.6733527
180  1456067598735  0.7630782  1.7040601  1.4253523
181  1456067598840  -0.29389477  1.7052703  1.6137916
182  1456067598948  1.1942339  0.8850527  3.2298677
183  1456067599060  1.4057846  1.6055961  1.1294256
184  1456067599169  -2.3019629  1.7637525  -6.2649546
185  1456067599281  1.3360438  2.2370677  -1.1028836
186  1456067599415  -1.5556808  2.013361  0.6132439
187  1456067599527  -2.2091613  1.1623344  -2.1939425
188  1456067599636  -3.2876263  -3.6488323  -0.19709304
189  1456067599745  1.7360702  -6.851118  0.791023
190  1456067599854  1.0843887  -3.7388601  0.39320457
191  1456067599963  -0.6544056  -2.3843098  -0.45516455
192  1456067600080  -2.3664203  -2.3174949  0.889733
193  1456067600369  -0.8303971  -2.7354364  -0.33926335
194  1456067600478  0.7113819  -1.4812274  -1.5924599
195  1456067600586  1.9396248  -1.1737471  0.17262512
196  1456067600695  2.5547109  -2.0247784  3.2444577
197  1456067600810  3.4270053  0.60484505  2.4296792
198  1456067600919  0.65715885  4.76122  0.88733006
199  1456067601028  -4.593824  6.712244  -2.2659812
200  1456067601137  -8.498401  8.946239  -4.7975035
201  1456067601243  -6.0304637  11.778143  -5.7764926
202  1456067601353  -3.66222  11.740352  -3.899462
203  1456067601457  -3.7740722  10.897291  -3.6688738
204  1456067601562  -2.7469745  9.807562  -3.1426282
205  1456067601668  -2.4722772  9.145522  -2.9877234
206  1456067601778  -2.396666  8.071611  -2.529593
207  1456067601893  -2.3163574  7.2644506  -2.1172757
208  1456067601998  -1.9253637  6.697364  -2.0649061
209  1456067602103  -2.0515432  6.0276275  -1.8584156
210  1456067602208  -1.687031  5.106148  -1.672574
211  1456067602315  -1.518328  4.7548914  -1.3459587
212  1456067602425  -1.207137  4.4387608  -1.3707209
213  1456067602530  -1.2457814  3.8355265  -1.0742908
214  1456067602635  -0.9618453  3.451974  -1.2855775
215  1456067602740  -1.0250189  3.1067767  -0.8383038
216  1456067602856  -1.0818752  2.9554577  -0.9138315
217  1456067602968  -0.8143296  2.341195  -0.82244825
218  1456067603085  -2.0200195  1.126411  -2.1989427
219  1456067603176  -2.9457824  -0.6043277  -0.3609512
220  1456067603282  -0.23631644  -1.6839185  0.6435509
221  1456067603388  1.4054126  -3.292982  0.101121664
222  1456067603500  6.29078  -4.5817814  8.340854
223  1456067603605  3.884246  -6.3913913  5.2389803
224  1456067603710  3.8145378  -15.791811  8.441609
225  1456067603816  7.000253  -19.410152  8.087781
226  1456067603922  5.4911795  -9.525751  4.5208826
227  1456067604045  1.0561757  -8.242202  0.5016253
228  1456067604150  0.14150953  -7.57734  1.2605115
229  1456067604257  -0.5223317  -7.309939  0.32541165
230  1456067604364  -0.9604311  -6.0886126  -0.822636
231  1456067604478  -1.3547204  -5.0016766  -2.1991115
232  1456067604588  -0.41019988  -3.8518186  -1.6604843
233  1456067604693  0.1211524  -3.9569683  -0.52602917
234  1456067604798  0.91808605  -3.5612717  0.65433854
235  1456067604902  1.1572518  -3.2051444  0.5889047
236  1456067605007  1.0415268  -2.7130141  0.37065613
237  1456067605117  0.12832546  -2.772687  0.33359054
238  1456067605220  0.27485132  -2.164444  -0.3372008
239  1456067605327  0.40672398  -2.1196156  -0.3034807
240  1456067605435  0.8563838  -1.5766797  -0.43249074
241  1456067605543  3.8475823  -1.259654  -0.07052553
242  1456067605660  3.3034658  -1.1336884  1.2236499
243  1456067605768  5.5596237  -2.4790583  3.209715
244  1456067605877  6.4624004  -2.390511  4.8255568
245  1456067605983  2.8986816  2.7150908  0.29775774
246  1456067606088  -6.30298  4.380395  -2.7965963
247  1456067606198  -10.84569  8.146956  -5.275057
248  1456067606302  -5.225545  12.198811  -5.0785255
249  1456067606407  -3.5752258  12.118953  -4.239699
250  1456067606511  -2.7396288  11.066416  -2.8473222
251  1456067606618  -2.7843823  9.800416  -2.403232
252  1456067606729  -2.346586  9.1390915  -2.1629088
253  1456067606838  -2.6022599  8.065824  -2.1059759
254  1456067606944  -2.3420339  7.577957  -1.8953784
255  1456067607053  -2.4265466  6.660804  -1.5464826
256  1456067607162  -2.024534  6.1540813  -1.3918343
257  1456067607276  -1.8220806  5.3793154  -1.4120088
258  1456067607385  -1.7992306  4.841384  -1.5895238
259  1456067607493  -1.3005912  4.3572454  -1.1118555
260  1456067607603  -1.3298903  3.9215207  -1.160028
261  1456067607711  -1.037543  3.5293684  -0.88466716
262  1456067607820  -1.0931468  3.1764317  -0.7962005
263  1456067607930  -0.82447404  3.018146  -0.7165804
264  1456067608039  -1.0607427  2.556974  -0.48556447
265  1456067608147  -0.6359523  2.3012767  -0.75572395
266  1456067608256  -1.6878636  1.2621002  -1.1704843
267  1456067608369  -1.8500516  -0.48220778  -1.2127938
268  1456067608478  -0.8559978  -2.0643425  1.1762736
269  1456067608587  2.7845128  -3.4760056  2.6767435
270  1456067608695  5.104824  -5.0774765  5.8046217
271  1456067608806  6.543413  -8.2839985  6.364183
272  1456067608918  5.558098  -13.780888  7.345862
273  1456067609023  4.524214  -15.957709  5.4712524
274  1456067609127  6.498938  -10.807028  4.764769
275  1456067609241  2.122517  -7.936611  0.402407
276  1456067609349  1.2605753  -7.6332827  1.8209056
277  1456067609459  0.32546902  -7.1886706  1.3078406
278  1456067609568  -0.3567686  -6.629162  0.049291685
279  1456067609678  -1.2894986  -5.157197  -1.7330929
280  1456067609786  -0.84183264  -4.6414776  -2.0378578
281  1456067609905  -0.26731682  -4.0179715  -0.8656653
282  1456067610020  0.5684633  -3.7755327  0.029949903
283  1456067610128  0.9896908  -3.3979793  0.6643872
284  1456067610236  1.3810544  -2.8988228  0.27923232
285  1456067610345  1.8926396  -2.768299  0.5700252
286  1456067610454  3.3214731  -2.663085  0.8317388
287  1456067610569  4.9383974  -3.5245419  1.3982556
288  1456067610680  6.712345  -4.6308265  4.3475246
289  1456067610791  6.200469  -0.11024237  2.4540331
290  1456067610899  -3.1720133  1.837595  -1.3462808
291  1456067611006  -8.187178  6.1894116  -3.1607244
292  1456067611116  -7.2091017  10.755737  -6.9021535
293  1456067611221  -5.0294523  11.947951  -3.772534
294  1456067611327  -4.367149  11.071873  -3.8856132
295  1456067611432  -3.771076  9.964685  -3.006719
296  1456067611536  -3.3939683  9.2991905  -2.7060473
297  1456067611648  -2.5764973  8.209913  -2.7664173
298  1456067611752  -3.115638  7.5482802  -1.9994428
299  1456067611859  -2.326  6.952811  -2.130473
300  1456067611967  -2.0934  6.098171  -1.9174256
301  1456067612180  -1.8840598  5.488354  -1.5540667
302  1456067612289  -1.6956538  4.939519  -1.7296348
303  1456067612398  -1.5260884  4.445567  -1.2256966
304  1456067612506  -1.6921957  4.160369  -1.4341016
305  1456067612614  -1.522976  3.5849738  -0.9597168
306  1456067612724  -1.5300366  3.3858347  -1.1947198
307  1456067612840  -0.8989587  3.0472512  -0.9158895
308  1456067612950  -1.127779  2.5831676  -0.4933262
309  1456067613058  -0.69628495  2.1654925  -1.2530422
310  1456067613167  -1.5950632  1.299253  -1.127738
311  1456067613277  -0.9452244  0.029304504  -1.0149641
312  1456067613390  -0.053911626  -0.9420328  -0.26377726
313  1456067613496  1.5695767  -2.1472106  3.158153
314  1456067613602  3.8520236  -3.3912287  5.919174
315  1456067613707  6.5436573  -7.74704  5.645973
316  1456067613813  5.239601  -11.826628  4.5910435
317  1456067613924  5.0466156  -19.886734  4.6222715
318  1456067614029  8.918171  -14.661865  7.727214
319  1456067614134  3.0004458  -8.16977  0.48210284
320  1456067614239  0.5919719  -7.671509  2.370706
321  1456067614344  0.20179987  -7.3946905  2.1336355
322  1456067614454  -0.29645395  -7.1455545  0.46153265
323  1456067614558  -0.91649914  -5.7813077  -0.7123854
324  1456067614665  -1.6338978  -4.2225122  -2.0998862
325  1456067614772  -0.9924338  -3.481545  -1.0808489
326  1456067614877  0.24683285  -3.7830806  -0.64178956
327  1456067614987  1.190556  -3.7234883  0.5501542
328  1456067615093  1.880549  -2.873065  0.3357807
329  1456067615201  1.2144198  -2.4141426  0.7802769
330  1456067615310  1.252336  -2.1727285  0.54289114
331  1456067615418  0.6367698  -2.1270714  -0.4798047
332  1456067615530  0.09501839  -2.0737228  -0.5911823
333  1456067615638  -0.73579  -1.2166605  -1.5004706
334  1456067615744  -0.6622112  -0.93563604  -1.3504236
335  1456067615849  0.053700447  -1.001431  -1.3869978
336  1456067615954  3.1374254  -0.90128803  0.3820576
337  1456067616064  6.868926  -1.4608493  1.9496908
338  1456067616167  6.341392  -2.7735033  1.4237473
339  1456067616272  7.9872985  -2.8148699  3.880135
340  1456067616379  1.0226369  0.87442875  0.8933591
341  1456067616488  -4.9145837  4.832229  -2.419913
342  1456067616599  -7.0096292  9.04394  -4.2863517
343  1456067616708  -2.7537553  12.675121  -3.8577166
344  1456067616817  -1.1789985  12.706991  -0.55446637
345  1456067616927  -1.2204566  11.436292  -0.49901974
346  1456067617036  -1.5887437  10.133305  -0.44911778
347  1456067617149  -1.0988946  9.438691  -0.40420604
348  1456067617258  -1.1606219  8.335464  -0.20442736
349  1456067617366  -1.203918  7.501917  -0.34334266
350  1456067617474  -0.9241679  6.751725  -0.14965034
351  1456067617582  -0.9911094  6.0765524  -0.29404342
352  1456067617698  -1.0513563  5.4688973  -0.26463902
353  1456067617807  -0.9462209  5.081366  -0.39753318
354  1456067617915  -1.170315  3.9235382  -1.0074704
355  1456067618024  -3.1617131  2.881494  -1.7157719
356  1456067618132  0.23129463  2.4339862  0.564235
357  1456067618244  -1.5815487  1.5408974  9.247989
358  1456067618353  -5.2970204  -2.9894104  11.890359
359  1456067618461  -3.6272955  -1.8814206  9.720657
360  1456067618570  -4.404589  -2.661685  6.4808044
361  1456067618678  -4.454463  -1.4271097  5.6733656
362  1456067618787  -2.7096353  -0.14437532  5.9150777
363  1456067618891  -1.9483392  0.029420376  5.164212
364  1456067618998  -0.95671487  0.6761689  3.8387423
365  1456067619110  -1.0204015  0.44919348  3.2955098
366  1456067619218  -1.0777194  0.5636325  3.4440331
367  1456067619339  -0.9699475  0.5072694  2.7809138
368  1456067619447  -1.1916689  0.4565425  2.343464
369  1456067619555  -0.75378585  0.5702462  2.4278336
370  1456067619664  -0.67840725  0.51322174  1.8663344
