1  1456067578938  0.8852737175324279  0.12997731099592968  0.4465381654660092
2  1456067579013  0.4398611897214455  0.7792763139760306  0.4463748539004728
3  1456067579114  0.44606681737843723  0.7765923410358867  0.4448917861901599
4  1456067579219  0.46039416706023784  0.7707306525366661  0.4404673333170248
5  1456067579326  0.47899546839966356  0.7636097072636742  0.4329706859117496
6  1456067579432  0.49803939602876524  0.7560010371192059  0.42475768486505894
7  1456067579539  0.5166667844516828  0.7465949709507933  0.4191078160375774
8  1456067579644  0.5314264170277538  0.7373091554804599  0.4170864911977725
9  1456067579749  0.5363578425586271  0.733130922933881  0.41813799211888714
10  1456067579857  0.5283235625919269  0.7371061833685428  0.4213653209462287
11  1456067579966  0.5186108512587112  0.7412814515183217  0.42608038261325754
12  1456067580081  0.568901321637878  0.7007207107377802  0.43051348412821255
13  1456067580189  0.568125341498354  0.7009642762995935  0.4311411587600358
14  1456067580297  0.5619591806923757  0.7082256675953758  0.4273387089304198
15  1456067580406  0.5453843639593394  0.7237518293983753  0.42277555271610057
16  1456067580514  0.5036050599949866  0.7537455932654902  0.4221962023290835
17  1456067580632  0.41055624842673677  0.8095055790031591  0.4196954741040304
18  1456067580747  0.26107750246538686  0.8791877991948045  0.39858159561057604
19  1456067580856  0.09039380394057295  0.9258673073813863  0.3668769003595145
20  1456067580966  -0.022822649615704127  0.9319351114749111  0.36190619830873816
21  1456067581075  -0.08981426538621173  0.9102176551035458  0.4042735817855999
22  1456067581191  -0.1945921958418646  0.8596014513887067  0.47246084169458946
23  1456067581299  -0.30976840937928607  0.817130436427975  0.4861496016405171
24  1456067581409  -0.3285889504590065  0.8662267982354737  0.3764047106758204
25  1456067581517  0.14121733936977376  0.9804868568705054  0.1367597146370496
26  1456067581626  0.987609253114039  0.12428418056216722  -0.09581938481516872
27  1456067581736  0.9541763510446307  -0.1958484815454553  -0.22625409680644815
28  1456067581841  0.9181675196982115  -0.2614298946208988  -0.2976959201612823
29  1456067581950  0.8362657629825225  -0.38389613238688924  -0.3915141608533901
30  1456067582058  0.5739760030393768  -0.5875821511842352  -0.5703496721321883
31  1456067582168  0.21799987006983557  -0.580627848061579  -0.7844407985557957
32  1456067582281  0.041750678627083815  -0.4208023676899719  -0.9061910644973548
33  1456067582390  0.0022601521879792585  -0.31832421328386307  -0.947979216996746
34  1456067582498  0.00)  -0.26808380774042373  -0.9633575500156084
35  1456067582606  0.0370132172864146  -0.24644281715194438  -0.9684502942847928
36  1456067582720  0.07656275808669832  -0.23811882896659764  -0.9682135834268877
37  1456067582832  0.11102654708372839  -0.23740338567447772  -0.9650454643251329
38  1456067582952  0.12626865997964387  -0.2399441537092457  -0.9625399012758038
39  1456067583071  0.12052212337701462  -0.23000481674189288  -0.9656977818300874
40  1456067583180  0.1190348616698671  -0.21295898584773276  -0.9697830554367357
41  1456067583302  0.17163020483724267  -0.21354422255726746  -0.9617390102715149
42  1456067583411  0.29664185176773117  -0.2009594060082307  -0.9336053055247362
43  1456067583519  0.44158855039107614  -0.10849504239230234  -0.8906337044430703
44  1456067583637  0.5305671700011523  6.570579530151832E-5  -0.8476428565415723
45  1456067583749  0.5734561081071146  0.002858949920114151  -0.8192313302590755
46  1456067583868  0.5621733718298607  -0.1295536372718411  -0.8168090006081634
47  1456067583979  0.20259886474691768  -0.46676693776750255  -0.8608613753718029
48  1456067584083  -0.9292883425299012  0.28477316570802746  0.23521778998974385
49  1456067584187  -0.6588071759141636  -0.15995059288686275  0.7351114947900967
50  1456067584295  -0.4957849504787806  -0.20917452118149904  0.8428779820294245
51  1456067584403  -0.42416449597626027  -0.1584071890751959  0.8916230410092396
52  1456067584514  -0.4081115601867875  -0.10592462977688766  0.9067661629904373
53  1456067584621  -0.41600765985409893  -0.08945345972278584  0.9049506919184367
54  1456067584729  -0.4250522139750039  -0.10186673857625395  0.8994185810612567
55  1456067584839  -0.4261857666884552  -0.1169707729599283  0.8970415376605949
56  1456067584949  -0.4238883945707457  -0.12265515227057833  0.8973707616622093
57  1456067585071  -0.424578138791329  -0.11651574918715402  0.8978627495520923
58  1456067585191  -0.4295600816752909  -0.10481630071870995  0.8969345809152873
59  1456067585299  -0.4345949358169605  -0.09947357818722868  0.8951157664915952
60  1456067585410  -0.4409038919549637  -0.11409226639067538  0.8902733740993822
61  1456067585519  -0.4559741108306703  -0.1709731255230773  0.8734161420232311
62  1456067585631  -0.4865846174095969  -0.29024379634787434  0.8240109002489575
63  1456067585740  -0.5252937574596004  -0.4180252285607944  0.7411621780486328
64  1456067585849  -0.6223107353090782  -0.4824876086735626  0.6163887273074682
65  1456067585958  0.10331927026615162  -0.8324981852879059  -0.5443086420801837
66  1456067586067  0.23533725082308088  -0.6452136035860745  -0.7268533498721563
67  1456067586178  0.19609409238919007  -0.5808740613685792  -0.7900205283165782
68  1456067586287  0.14134704870718195  -0.5543671257243616  -0.820181746606826
69  1456067586395  0.09218251058586091  -0.5319271110234247  -0.84175764172703
70  1456067586504  0.06471788830268288  -0.47512166305881465  -0.8775368963374817
71  1456067586612  0.12206872864349805  -0.35468285592855775  -0.9269839864991418
72  1456067586721  0.20484196226487228  -0.18499608626487518  -0.9611535951432728
73  1456067586829  0.2001204110617576  -0.14220214614029036  -0.9693969271556082
74  1456067586939  0.2233605145197224  -0.16206749685148286  -0.9611681684559452
75  1456067587048  0.2694190141164041  -0.1690999577075739  -0.948060440471747
76  1456067587158  0.32343649562412224  -0.12482086114673785  -0.9379811122907462
77  1456067587271  0.37201511030233636  -0.02672960759922488  -0.9278417745638541
78  1456067587379  0.39018654925818996  0.05972503083490399  -0.9187967042295659
79  1456067587487  0.38830709354931336  0.10185559182760251  -0.9158837513110272
80  1456067587595  0.3889997858028398  0.10930411854881328  -0.9147304024077347
81  1456067587704  0.41909382484258373  0.12062964389047082  -0.8998937665953051
82  1456067587819  0.489489030787853  0.17963537020473486  -0.8533063145311415
83  1456067587931  0.577777418853934  0.2529302282226844  -0.7760151759875029
84  1456067588039  0.6862349505463019  0.28545584058655105  -0.6690265998943756
85  1456067588147  0.7958137768896734  0.2716379701267755  -0.541196079306161
86  1456067588255  0.8716255794712886  0.21236517355401574  -0.4417803101198441
87  1456067588365  0.9203949519203931  0.07234733249474345  -0.38423812546512615
88  1456067588474  0.9877937355104276  0.08856498393823387  -0.1281396341959109
89  1456067588583  -0.7400385399486762  0.34005593987826854  0.5802628009994613
90  1456067588691  -0.6052969496293423  0.1004835223233862  0.7896319809012038
91  1456067588800  -0.44250971545976014  0.12381187090090062  0.8881755263833888
92  1456067588911  -0.28514792645398046  0.2628999578017215  0.9217235415120602
93  1456067589019  -0.065117058373243  0.3784687449168489  0.9233207330863635
94  1456067589127  0.019916195468774767  0.3845420536258081  0.9228926014614578
95  1456067589235  -0.14816460536383502  0.34821504571310324  0.9256314166488764
96  1456067589345  -0.2471354027911019  0.2794084940514736  0.92782270936579
97  1456067589455  -0.27229459183405247  0.2535437256795303  0.9282086193215644
98  1456067589563  -0.2647704392103023  0.2638598095441296  0.9275098923870839
99  1456067589776  -0.20871646274357403  0.31245506186853866  0.9267196228751686
100  1456067589894  -0.19102605429175057  0.3221291011334877  0.927222674881266
101  1456067590003  -0.18775200975858652  0.3242212742270745  0.9271622054733921
102  1456067590121  -0.17838574523428186  0.333565976955873  0.9256955558784785
103  1456067590229  -0.17464492271966492  0.3417064354995649  0.9234369823523396
104  1456067590339  -0.24511383652566288  0.3139227166771219  0.9172631828782816
105  1456067590448  -0.40224678421500215  0.17330215746295963  0.8989793511016515
106  1456067590558  -0.5091403418486635  -0.08508601890688272  0.8564674454526369
107  1456067590670  -0.4578214178231246  -0.4612837219721808  0.760011116831973
108  1456067590779  0.11247740424415431  -0.9809445426302198  0.1584191829080912
109  1456067590897  0.3193772538390185  -0.5891711874922343  -0.7422098689338448
110  1456067591006  0.34737810950394277  -0.4473920652965244  -0.8241169921944973
111  1456067591117  0.375234683430822  -0.3791684592965323  -0.8458310739162975
112  1456067591231  0.43053758095714656  -0.3036135313471737  -0.8499742572069202
113  1456067591340  0.4987228633879939  -0.15825911503508955  -0.8521910445988294
114  1456067591449  0.4935143270956104  -0.006719954312275789  -0.8697116978695143
115  1456067591558  0.4190037854447475  0.050997601180834407  -0.9065511865842568
116  1456067591668  0.3425339147771034  0.026699350318359905  -0.9391259666389122
117  1456067591779  0.3055425271475869  -0.03416769456210034  -0.9515652259458278
118  1456067591897  0.31526637917840716  -0.1062438163590192  -0.943037302491402
119  1456067592006  0.3583395049852136  -0.13571258694608246  -0.9236746496190467
120  1456067592114  0.42774095837061843  -0.07727153497377981  -0.9005924411984916
121  1456067592222  0.4903873475213647  0.04524202354037321  -0.8703294428743766
122  1456067592332  0.5258216277974128  0.1730048243419049  -0.8328150607821856
123  1456067592441  0.5406041127016561  0.2732100277278191  -0.795677951639691
124  1456067592549  0.5553168713474523  0.3439879324642998  -0.7571627549329611
125  1456067592658  0.5905474894651519  0.38819145533328125  -0.7075034473705983
126  1456067592771  0.6561311570009671  0.39595499801759115  -0.6424263632328673
127  1456067592883  0.7484041564117945  0.33981870309886375  -0.5695738536645081
128  1456067593024  0.8813146287201121  0.23537822884603443  -0.40973360423701166
129  1456067593133  -0.38531443415305766  0.7609753746043988  0.5219666614385376
130  1456067593243  -0.5833686168025043  -0.10873159786383368  0.8048965873034639
131  1456067593352  -0.44511708383749493  -0.23885206674949266  0.8630298209162319
132  1456067593460  -0.3434228458209141  -0.19219764853925891  0.9193045345921682
133  1456067593565  -0.2951542327081178  -0.1245395994359022  0.9472982137946833
134  1456067593670  -0.2789618206975497  -0.099644186586626  0.9551184846203489
135  1456067593775  -0.27540190391663266  -0.11164406919184988  0.9548242750658522
136  1456067593880  -0.2765214701694845  -0.12427832672452865  0.9529379888625815
137  1456067594041  -0.2782852786353871  -0.1190701017632172  0.9530895420222905
138  1456067594165  -0.2767398960958456  -0.0905892019518284  0.9566653603075848
139  1456067594270  -0.27784287942344754  -0.07334180287173564  0.9578226801247718
140  1456067594400  -0.2798211203394274  -0.07443314080387253  0.9571623713143467
141  1456067594504  -0.27836250330958023  -0.08766912412749761  0.9564666756169089
142  1456067594615  -0.27465959104316795  -0.10176529598623674  0.956141142752351
143  1456067594720  -0.2701349319090216  -0.11531976041783865  0.9558914739271938
144  1456067594826  -0.26761380609305796  -0.12509885294230672  0.9553706719379633
145  1456067594932  -0.2670642126213334  -0.12664144098911057  0.9553212652039837
146  1456067595037  -0.2665893770276462  -0.11811707128984605  0.9565451009814696
147  1456067595148  -0.2653375940667857  -0.10669722178165042  0.9582335811358611
148  1456067595254  -0.26584307649384087  -0.10139281708403058  0.9586693757394871
149  1456067595359  -0.26855794616729156  -0.10275507025257014  0.9577672265509207
150  1456067595467  -0.2722529664141682  -0.10736358883238584  0.9562172550104364
151  1456067595575  -0.2764742968093721  -0.12058136899199567  0.9534264686333866
152  1456067595687  -0.2840769471534159  -0.16015377550368304  0.9453311791359988
153  1456067595795  -0.2958411237551388  -0.23045367087771762  0.9270216790301546
154  1456067595905  -0.313882645159568  -0.30975378078741184  0.8975133608047621
155  1456067596016  -0.351170955273594  -0.35674770591912375  0.8656847025458241
156  1456067596127  -0.38471159061420535  -0.5246787908190738  0.7594136976918244
157  1456067596241  0.10963115883037977  -0.9906633646131666  -0.08103769158822605
158  1456067596351  0.24668312767062694  -0.8462879992014123  -0.4721695250440101
159  1456067596459  0.33338340357710194  -0.7120011707510434  -0.6179885479307217
160  1456067596569  0.3971581717514523  -0.5827736486414501  -0.7089712527842948
161  1456067596673  0.46215518959262525  -0.44882519020326495  -0.7648323642162822
162  1456067596783  0.5155594323582555  -0.2958147257376884  -0.8041716957265415
163  1456067596891  0.5315005217802993  -0.10480042126428962  -0.8405499060634867
164  1456067596999  0.4751204098290849  -0.0027254463503985082  -0.8799165461932006
165  1456067597108  0.4146553398496735  0.0106002*  -0.9099168273535083
166  1456067597218  0.4108531305717342  -0.034013426447935535  -0.9110668457482007
167  1456067597332  0.5060994292877901  -0.09608740357772283  -0.857105900505891
168  1456067597441  0.6613783842668859  -0.10412175925902312  -0.7427901622579345
169  1456067597550  0.7850122529830426  -0.018997670978022407  -0.6191888811847441
170  1456067597658  0.8322224829496854  0.04990674096166514  -0.5521911074525896
171  1456067597763  0.8250170065645008  0.055590767740268054  -0.5623670089667563
172  1456067597873  0.7627940497216166  0.13331436821428966  -0.6327499726273675
173  1456067597978  0.7533426084613666  0.3303140329516614  -0.5686541805220777
174  1456067598083  0.8400213349765444  0.28647746886792635  -0.46075466166208656
175  1456067598194  0.8625387738836032  0.00430849319231541  -0.5059726006937613
176  1456067598299  0.5488453128176702  -0.5467554502676581  -0.6323190009579733
177  1456067598419  0.13407321886100476  -0.6320526804634596  -0.7632390008852212
178  1456067598525  0.08259228157686849  -0.5713330256133302  -0.8165519604078639
179  1456067598631  0.1877748267462529  -0.5495291967965716  -0.8140996657350748
180  1456067598736  0.42122403832605393  -0.48888260136263234  -0.763913678843922
181  1456067598841  0.6633049425318358  -0.32846563214692276  -0.6724112884292515
182  1456067598949  0.8059621086080924  -0.16057843087694135  -0.5697715141406476
183  1456067599061  0.8673811576305397  -0.053556028946139866  -0.4947541058073206
184  1456067599170  0.8843651644901787  -0.014*  -0.4665574393686702
185  1456067599283  0.8774513177079619  -0.04725009773196476  -0.47733283976403307
186  1456067599417  0.855325947729952  -0.1623965021849143  -0.49198059873009825
187  1456067599528  0.8757069407370679  -0.09117705333275428  -0.4741562367842995
188  1456067599637  0.8729336132649905  0.00*  -0.4877554578246617
189  1456067599746  0.792121401676102  -0.05386768084007887  -0.6079819321146864
190  1456067599856  0.6183321200521554  -0.13019131554633478  -0.7750584473836888
191  1456067599965  0.5085880405571892  -0.14486138109742352  -0.8487363465202371
192  1456067600081  0.4888862412321231  -0.16740618705779842  -0.8561340029174467
193  1456067600371  0.41222935313183884  -0.10906359286620126  -0.9045286643218453
194  1456067600479  0.23417099267336283  0.25616371911473834  -0.9378401567124968
195  1456067600587  0.22641960328802213  0.2321605552815571  -0.9459574872062468
196  1456067600696  0.3640883506376964  0.27010754033837114  -0.8913369521629617
197  1456067600811  0.5198923657338987  0.32197245168216515  -0.7912304812024935
198  1456067600920  0.6440815414274148  0.2969305108006326  -0.7049760047942932
199  1456067601029  0.7474934455941451  0.23376571359254594  -0.6217774024431542
200  1456067601138  0.8345795751764307  0.16177240295444317  -0.5265990360342379
201  1456067601244  0.9244562723347407  0.08818752163624399  -0.37094948883209256
202  1456067601354  0.37634882828558514  0.843645597832138  0.38291466614368597
203  1456067601457  -0.5831935376326527  0.29815476140887154  0.7556381608198857
204  1456067601563  -0.5930880044584939  0.09564270894336269  0.7994367297390763
205  1456067601668  -0.5263098682237306  0.09376965207757859  0.8451066123686921
206  1456067601779  -0.4206361595195425  0.23865990026650596  0.8752752091495957
207  1456067601893  -0.1542842208457582  0.4381906528814776  0.8855423972573497
208  1456067601999  0.05788873761534319  0.45648301262686575  0.8878469187670394
209  1456067602103  0.03012300661236722  0.4561281486202198  0.8894041362791323
210  1456067602208  -0.07684407875044563  0.4478425608008465  0.8908041467310541
211  1456067602316  -0.15962839853013921  0.4245200360498276  0.8912359470490925
212  1456067602426  -0.19782537962409208  0.4092026651505547  0.8907403066671407
213  1456067602530  -0.20140349384128786  0.408166082879996  0.8904139957380925
214  1456067602635  -0.18247530855262273  0.41664809014915516  0.8905656253425751
215  1456067602740  -0.1566315574199928  0.42744788026901515  0.8903678274575011
216  1456067602876  -0.13848383931313357  0.43551887256477007  0.8894636249832102
217  1456067602968  -0.13259925396708994  0.4378657961608532  0.8892080668037043
218  1456067603085  -0.15542472131006058  0.43251133644952033  0.8881312394133003
219  1456067603177  -0.2594970240777261  0.39642803827105055  0.8806282415101272
220  1456067603283  -0.45571892171824047  0.22501517193856824  0.8612133457128515
221  1456067603389  -0.5559369115944435  -0.028664000768600317  0.8307301234123443
222  1456067603500  -0.555641447351932  -0.22799374276246742  0.7995507663627706
223  1456067603606  0.42927634040047025  -0.49284153887989035  0.7568547119571818
224  1456067603711  0.5341392366662099  -0.7558096016740714  0.37874413705398524
225  1456067603816  0.510182216733015  -0.8383669138663739  -0.1919766492515338
226  1456067603922  0.44060114279255025  -0.721772691554297  -0.533774113665582
227  1456067604045  0.3420453408258721  -0.6015391543936797  -0.7219110947967149
228  1456067604150  0.33100612433387155  -0.5310751352301564  -0.7799962603626973
229  1456067604258  0.40248328299214364  -0.42966307877960985  -0.8083296975246697
230  1456067604366  0.5151488281346734  -0.16654348062949054  -0.840764510321367
231  1456067604478  0.4570597786363084  -0.01251300735417*  -0.8893479630878707
232  1456067604589  0.37845282219275944  -0.016819883374351863  -0.9254677697747526
233  1456067604693  0.3537624327738502  -0.06472742874938753  -0.9330929446959559
234  1456067604798  0.37836137144780846  -0.09300088438960608  -0.9209741976203554
235  1456067604903  0.42664653576403744  -0.07003100797051709  -0.9017030120054628
236  1456067605008  0.47662383997830204  0.0015690925484317386  -0.8791059752192458
237  1456067605117  0.5121408941181853  0.08845383846883603  -0.8543346394078126
238  1456067605220  0.5212136865104506  0.14825583868786474  -0.8404501309193884
239  1456067605328  0.5094878771955988  0.17124817725192987  -0.8432651684270369
240  1456067605436  0.49313565603771625  0.16521046306119747  -0.8541209866040531
241  1456067605545  0.496218289597282  0.15059302527390628  -0.8550374732215156
242  1456067605661  0.5422270199481867  0.16157634043915348  -0.8245500979440514
243  1456067605770  0.6092671338961129  0.20288054632325014  -0.7665723173169599
244  1456067605878  0.6676568533784977  0.2592416710497891  -0.6978739989350498
245  1456067605984  0.7097162497914891  0.2968884416364286  -0.6388741370000917
246  1456067606089  0.7491508092926082  0.2947475797072876  -0.5932089373516973
247  1456067606198  0.7895776310810483  0.23860709272288627  -0.5653616645689965
248  1456067606303  0.8223114145660055  0.08547592281251237  -0.5625813819873215
249  1456067606407  0.8890671682873013  -0.3406461391345079  -0.3058100348807038
250  1456067606512  -0.7375850556386885  0.37063170849646365  0.5644470057959317
251  1456067606620  -0.617226097194739  0.25559292628485086  0.744113029642369
252  1456067606730  -0.40261067394646055  0.3509905806579303  0.8454053804843902
253  1456067606859  -0.059844048503752134  0.451615233622215  0.8902035558768928
254  1456067606946  0.19311958131128537  0.3803662544229999  0.9044480857461706
255  1456067607055  0.22486034328608717  0.35185277339276166  0.908645944171373
256  1456067607165  0.13212460978823404  0.39501670949666545  0.9091231416653249
257  1456067607278  -0.00245521960841133  0.41800979005905226  0.9084392039308409
258  1456067607386  -0.06454742905207844  0.4136051961726943  0.9081653878302127
259  1456067607494  -0.06162800087353393  0.41746663254815525  0.906600021880365
260  1456067607604  -0.029030550040074488  0.4290836033060521  0.9027981436307075
261  1456067607713  0.0150)  0.4373767476600065  0.8991518287878886
262  1456067607821  0.05770488353159653  0.4364050845775753  0.8978979611248213
263  1456067607931  0.08567060738660737  0.4289820624931963  0.899241311935129
264  1456067608040  0.09316709680803698  0.4216949429003701  0.9019386160960006
265  1456067608149  0.08434562486184088  0.4175905941011456  0.904712059875807
266  1456067608257  0.05843819894912383  0.42084109984138585  0.9052501011599116
267  1456067608371  -0.026218960150280246  0.43897813800521723  0.8981151155755402
268  1456067608479  -0.25678344908042305  0.4009211115134015  0.8793887202773694
269  1456067608588  -0.49451540120099224  0.17205153286130148  0.8519699543293768
270  1456067608697  -0.5222133891448912  0.15926277438657177  0.8378117555082625
271  1456067608808  0.5607638573307447  -0.13424158470372638  0.8170208666955983
272  1456067608918  0.5718562293838865  -0.7681156526037425  0.2880604093092032
273  1456067609023  0.5753605575309297  -0.7831772346000825  -0.2357830373098473
274  1456067609128  0.5659094631062054  -0.648407450229365  -0.5092290829588579
275  1456067609242  0.538708074480863  -0.5030258576506497  -0.6758391652117774
276  1456067609350  0.5446094530948953  -0.3714160445444605  -0.7519645541048892
277  1456067609461  0.5767587619531871  -0.22429489095806932  -0.7855196882413675
278  1456067609570  0.5875425377694175  -0.03591306419540685  -0.8083959281752957
279  1456067609679  0.530879387221848  0.08254321747418913  -0.8434178496131461
280  1456067609788  0.45096268476649914  0.10112357578394127  -0.8867957538437583
281  1456067609907  0.3969043941511896  0.03401627978530741  -0.9172294186571184
282  1456067610021  0.3956323344906023  -0.04404597083969475  -0.9173521609529895
283  1456067610129  0.4245100569861182  -0.07108809111751635  -0.9026281746961682
284  1456067610237  0.467711101743312  -0.02672211786225298  -0.8834773519263539
285  1456067610347  0.5121414882888349  0.05841120092795005  -0.8569126199560158
286  1456067610458  0.5479839508763824  0.13984395673567818  -0.8247164496802295
287  1456067610571  0.5823633178643348  0.20787148396375077  -0.7859023175901214
288  1456067610681  0.6143743344933377  0.26572061367380306  -0.7429244597923237
289  1456067610792  0.6465538682693861  0.3147979841799078  -0.6948887536623616
290  1456067610901  0.6847880088317684  0.3366317530275704  -0.646331530980178
291  1456067611007  0.7318876448653526  0.30708985912956877  -0.6083061001584671
292  1456067611117  0.7794010447271802  0.19892548776787677  -0.5941066147336187
293  1456067611222  0.8227375707817188  -0.09081903906534805  -0.5611192839975345
294  1456067611328  -0.7018982599397998  0.608268436655885  0.37060537197295096
295  1456067611432  -0.6819756041641933  0.24924405890736434  0.6875948468999948
296  1456067611537  -0.5750359375232961  0.20589477639263998  0.7917960680125891
297  1456067611649  -0.3820224540446713  0.3477116127754727  0.8562449882586938
298  1456067611752  -0.04859979284680627  0.4657342141401979  0.8835891023910523
299  1456067611860  0.15392350788635945  0.42833210803476907  0.8904151611388411
300  1456067611969  0.17690034058533577  0.4221211615412468  0.8891119138423043
301  1456067612182  0.02296046917592376  0.4744756724479646  0.8799691205502671
302  1456067612291  0.0023299594181429573  0.4773105829267402  0.8787315737557032
303  1456067612399  0.031767143566824974  0.47513469422830656  0.8793394514811345
304  1456067612507  0.0571657030599757  0.4716242276688085  0.8799446972863116
305  1456067612615  0.060255849243785686  0.47006969710873836  0.8805701065283331
306  1456067612726  0.03883752722638145  0.47092315239381904  0.8813189155881269
307  1456067612841  0.00561107965175478  0.4716350208729418  0.8817760049327729
308  1456067612951  -0.0111721)  0.47111598419152223  0.8820005168233038
309  1456067613059  -0.0038328015709047647  0.47029048685872865  0.8825033527318059
310  1456067613170  0.010457172274104032  0.4731166486781195  0.8809377300986917
311  1456067613279  -0.0029091166362524012  0.490172300710753  0.8716207045784404
312  1456067613391  -0.08195576412001349  0.5198842774619774  0.8502961782302629
313  1456067613497  -0.19599163407030673  0.5307281711379126  0.8245695168729432
314  1456067613602  0.13160559693571328  0.5630712707028165  0.8158619436342801
315  1456067613708  0.5150901052516668  0.16851095898360424  0.8404083778520643
316  1456067613814  0.5905227365429186  -0.41594144604634176  0.6915747328178018
317  1456067613924  0.6339254851083957  -0.7731053661395775  -0.021131956208947145
318  1456067614030  0.5847812121392247  -0.6339172010556822  -0.5061421724917228
319  1456067614135  0.474658545222276  -0.5072593512742722  -0.7192963532778904
320  1456067614240  0.42019933704289514  -0.43773373882328315  -0.7948721257107536
321  1456067614345  0.46382208190347285  -0.3424037499761381  -0.8170854989996243
322  1456067614456  0.5403001597364092  -0.1353946521610233  -0.8305082906638537
323  1456067614559  0.5040397376057655  0.08109303090918907  -0.8598650158826806
324  1456067614666  0.4064689371262151  0.12607893596284359  -0.9049238498049881
325  1456067614772  0.34198863107492916  0.06436355220782486  -0.9374973015265415
326  1456067614878  0.3302458269570627  -0.03150032308319878  -0.943369166122941
327  1456067614988  0.3535253381317425  -0.10311067533131474  -0.9297247356409513
328  1456067615093  0.39742421346274037  -0.10855242624836703  -0.9111917137474346
329  1456067615203  0.461370109769204  -0.04249399089266587  -0.8861895176922798
330  1456067615311  0.5170863945229733  0.046192252518715726  -0.8546858440129874
331  1456067615419  0.5450610026805727  0.1211383190612938  -0.8295986951535168
332  1456067615531  0.5450934527644904  0.1628912850898674  -0.8223986760911757
333  1456067615639  0.5284697430213239  0.16071210401262848  -0.8336014183421585
334  1456067615745  0.5092737003090839  0.11300129218351351  -0.8531535638701424
335  1456067615849  0.4949755433303644  0.03641719342356231  -0.8681434395603136
336  1456067615955  0.49309475370931555  -0.03584786011006985  -0.8692367192647459
337  1456067616064  0.5315116763873764  -0.04194343496454783  -0.8460118752795824
338  1456067616168  0.6125630567340323  0.04255033321308943  -0.7892755530073714
339  1456067616272  0.6929471758182473  0.1624731890717841  -0.7024433690591927
340  1456067616380  0.7380685279749262  0.23885547853067268  -0.6310331627302341
341  1456067616491  0.757591724377507  0.2604528879591361  -0.5985140756637719
342  1456067616601  0.7705754373802947  0.22326071847774998  -0.5969658116673244
343  1456067616709  0.8005431948627759  0.084650835907091  -0.5932662643419757
344  1456067616818  0.9674667130146481  -0.0502917516363619  -0.2479494248190406
345  1456067616929  -0.26559990738377337  0.7084068954008815  0.6539238140329751
346  1456067617037  -0.27060357535921753  0.444517909083892  0.8539189220119852
347  1456067617151  -0.12539662560289067  0.4085622439276264  0.9040755506842544
348  1456067617259  -0.0344496321483696  0.4287674704464104  0.9027578293035781
349  1456067617367  -0.037262901606048615  0.4435333157320791  0.8954829271152036
350  1456067617475  -0.1450485491437732  0.42123766294210263  0.8952763689302188
351  1456067617583  -0.2470046537723185  0.3617128131556786  0.898973031904756
352  1456067617700  -0.29398611667058105  0.3148936850286175  0.9024489567078469
353  1456067617808  -0.30670914522070447  0.29599491581723125  0.9046084904036604
354  1456067617917  -0.3091905771180059  0.28816176871238053  0.906291300069384
355  1456067618025  -0.3242523056945963  0.26703357187204  0.9074985104956426
356  1456067618134  -0.36214630816802007  0.2128819525246255  0.9074862472284213
357  1456067618245  -0.3700753024363479  0.17922182049802315  0.9115502259918173
358  1456067618354  -0.16401617921536626  0.29391357141094954  0.9416546493130902
359  1456067618462  0.43799220162302355  0.027176162090154277  0.8985678967098982
360  1456067618571  0.6836221085594705  -0.4511272452085029  0.5737116098847448
361  1456067618679  0.8110978566330402  -0.49896925094910927  0.305204796606235
362  1456067618788  0.9266852629336838  -0.31960531045747587  0.19775448284186758
363  1456067618891  0.9794999006528977  0.0375088380566182  0.19792158402439508
364  1456067619000  0.8291494864463473  0.4833863934326217  0.28080000481689993
365  1456067619111  0.4861815104091788  0.7795289158344707  0.39492048659013124
366  1456067619220  0.22079009222701806  0.8517044330425119  0.47523818678707497
367  1456067619340  0.1128458821049313  0.8494688823062638  0.5154303720230506
368  1456067619448  0.19956692432597456  0.8266517425067197  0.5261368489539171
369  1456067619556  0.35801956952931224  0.7721593061083978  0.5249686125980613
370  1456067619664  0.4749955771438077  0.7073918806057362  0.5234271917387106
