1  1456067578938  0.19304287  -0.12726432  -0.6306709
2  1456067579013  0.229307  -0.029150022  -0.24037498
3  1456067579114  0.22868839  -0.028755527  -0.24373232
4  1456067579219  0.2267172  -0.027837384  -0.25146368
5  1456067579326  0.22337526  -0.026045354  -0.2613401
6  1456067579432  0.22002009  -0.023147054  -0.2712759
7  1456067579539  0.21831419  -0.019863732  -0.28114307
8  1456067579644  0.21827169  -0.017792141  -0.2893145
9  1456067579749  0.2190436  -0.017787116  -0.29232594
10  1456067579857  0.22040054  -0.0184738  -0.2878724
11  1456067579966  0.22256993  -0.0191417  -0.28252766
12  1456067580081  0.22408591  -0.027618662  -0.31531757
13  1456067580189  0.22484991  -0.026369166  -0.3145797
14  1456067580297  0.22335818  -0.023602856  -0.30983594
15  1456067580406  0.22080684  -0.021582983  -0.29894552
16  1456067580514  0.21882093  -0.022790564  -0.27430755
17  1456067580632  0.2132261  -0.03202456  -0.22311845
18  1456067580747  0.19837785  -0.049993865  -0.14509416
19  1456067580856  0.18308215  -0.071511015  -0.059558928
20  1456067580966  0.1843979  -0.09088567  -0.005464607
21  1456067581075  0.21069732  -0.110309154  0.022311168
22  1456067581191  0.2570916  -0.14077084  0.0640561
23  1456067581299  0.28072032  -0.17674491  0.112387255
24  1456067581409  0.22370896  -0.1843514  0.12977257
25  1456067581517  0.058496777  -0.13447672  -0.07959087
26  1456067581626  -0.060119845  0.0043020044  -0.65897155
27  1456067581736  -0.07389883  0.08666562  -0.7697163
28  1456067581841  -0.10343239  0.11054193  -0.7874114
29  1456067581950  -0.16058938  0.13386327  -0.8161857
30  1456067582058  -0.24144983  0.22080782  -0.8576089
31  1456067582168  -0.3087475  0.37114996  -0.83365995
32  1456067582281  -0.3512462  0.47834805  -0.76617706
33  1456067582390  -0.38674793  0.51265466  -0.71385443
34  1456067582498  -0.42657435  0.50791335  -0.67236614
35  1456067582606  -0.47803724  0.47393918  -0.628253
36  1456067582720  -0.5314759  0.42082673  -0.58016616
37  1456067582832  -0.56588995  0.3753012  -0.5463243
38  1456067582952  -0.5733579  0.36053807  -0.5396599
39  1456067583071  -0.5635345  0.37296337  -0.5453726
40  1456067583180  -0.55318373  0.38396797  -0.54814893
41  1456067583302  -0.55344945  0.3561356  -0.5481476
42  1456067583411  -0.55824345  0.27990985  -0.537442
43  1456067583519  -0.5417724  0.19443713  -0.51061743
44  1456067583637  -0.5001119  0.15836617  -0.49985522
45  1456067583749  -0.46178418  0.17328228  -0.53415906
46  1456067583868  -0.4401804  0.22138911  -0.6091125
47  1456067583979  -0.4420555  0.36941892  -0.73346466
48  1456067584083  0.59554183  -0.7559405  0.05425253
49  1456067584187  0.7410904  -0.5320606  -0.17538612
50  1456067584295  0.7551185  -0.43886888  -0.18542741
51  1456067584403  0.73945427  -0.40932894  -0.1800305
52  1456067584514  0.7232792  -0.40851632  -0.17271228
53  1456067584621  0.7197345  -0.41058215  -0.1634289
54  1456067584729  0.72555465  -0.40766352  -0.15653698
55  1456067584839  0.7304201  -0.4056055  -0.15802482
56  1456067584949  0.7314538  -0.4058165  -0.1621818
57  1456067585071  0.7289481  -0.40907207  -0.16398941
58  1456067585191  0.7248503  -0.4152262  -0.16431734
59  1456067585299  0.7231547  -0.41908464  -0.16365828
60  1456067585410  0.7290983  -0.41605255  -0.15956743
61  1456067585519  0.75080484  -0.40243685  -0.14757589
62  1456067585631  0.7933838  -0.37913644  -0.12515624
63  1456067585740  0.83745587  -0.35603297  -0.087637216
64  1456067585849  0.8579797  -0.330423  0.071516536
65  1456067585958  -0.48267168  0.21831366  -0.8266058
66  1456067586067  -0.33894953  0.3231835  -0.84126097
67  1456067586178  -0.32263228  0.37399176  -0.8284597
68  1456067586287  -0.33348933  0.40028322  -0.8160689
69  1456067586395  -0.36369702  0.4155228  -0.79604524
70  1456067586504  -0.42050847  0.4270183  -0.7488214
71  1456067586612  -0.5402099  0.3761914  -0.6208983
72  1456067586721  -0.6853118  0.16582131  -0.35049364
73  1456067586829  -0.73183995  0.031711977  -0.18844458
74  1456067586939  -0.74744415  -0.019981908  -0.14953594
75  1456067587048  -0.7460576  -0.036360156  -0.16717653
76  1456067587158  -0.72467464  -0.04741752  -0.19302095
77  1456067587271  -0.6891536  -0.07254141  -0.19604112
78  1456067587379  -0.66240245  -0.10183386  -0.1770889
79  1456067587487  -0.65265787  -0.12715052  -0.15201946
80  1456067587595  -0.6547557  -0.15346758  -0.1290073
81  1456067587704  -0.65224403  -0.18863446  -0.11942732
82  1456067587819  -0.62629706  -0.23439763  -0.13391909
83  1456067587931  -0.58687854  -0.27666444  -0.17061204
84  1456067588039  -0.5552613  -0.3260952  -0.2212622
85  1456067588147  -0.5386287  -0.38630116  -0.2721399
86  1456067588255  -0.5455916  -0.42985156  -0.31007615
87  1456067588365  -0.5970966  -0.45674416  -0.32756975
88  1456067588474  -0.63488686  -0.65582156  -0.22942576
89  1456067588583  0.48752472  -0.8138088  -0.30379546
90  1456067588691  0.50284845  -0.72790307  -0.44373605
91  1456067588800  0.47258022  -0.7084362  -0.4634242
92  1456067588911  0.3800601  -0.7389962  -0.4733966
93  1456067589019  0.18779576  -0.7994139  -0.5248794
94  1456067589127  0.10807987  -0.81239635  -0.54410267
95  1456067589235  0.2686102  -0.77642816  -0.50372714
96  1456067589345  0.36811855  -0.7367132  -0.47411442
97  1456067589455  0.39275643  -0.7251517  -0.46794286
98  1456067589563  0.37964836  -0.7327897  -0.47322005
99  1456067589776  0.3102292  -0.76477236  -0.49752417
100  1456067589894  0.28753045  -0.77346176  -0.50622296
101  1456067590003  0.28009263  -0.7766419  -0.50935006
102  1456067590121  0.26812488  -0.7818415  -0.5112006
103  1456067590229  0.26234743  -0.7853186  -0.51021624
104  1456067590339  0.3270084  -0.7664698  -0.4859055
105  1456067590448  0.49140978  -0.6899192  -0.41456646
106  1456067590558  0.67074925  -0.554965  -0.30436566
107  1456067590670  0.8500978  -0.31278446  -0.08930643
108  1456067590779  0.9128248  0.08353972  0.39651373
109  1456067590897  -0.65244424  0.15254648  -0.6073731
110  1456067591006  -0.566422  0.22545114  -0.63471425
111  1456067591117  -0.54410845  0.2366921  -0.6273199
112  1456067591231  -0.5576121  0.19651577  -0.58384544
113  1456067591340  -0.5927996  0.095851935  -0.47719827
114  1456067591449  -0.6251421  -0.016620401  -0.33549565
115  1456067591558  -0.6552309  -0.08626416  -0.21254103
116  1456067591668  -0.68446994  -0.11088978  -0.13472642
117  1456067591779  -0.7119465  -0.11734164  -0.10107452
118  1456067591897  -0.73625  -0.12018007  -0.1051564
119  1456067592006  -0.7418283  -0.12632744  -0.13246518
120  1456067592114  -0.71612203  -0.1500496  -0.16063933
121  1456067592222  -0.66649085  -0.1763079  -0.18212335
122  1456067592332  -0.6130588  -0.1943778  -0.19405279
123  1456067592441  -0.5691379  -0.20581786  -0.19868833
124  1456067592549  -0.53403807  -0.21325852  -0.20690425
125  1456067592658  -0.50188905  -0.21569264  -0.23240411
126  1456067592771  -0.47103333  -0.21055321  -0.28310797
127  1456067592883  -0.44791454  -0.19734395  -0.35980994
128  1456067593024  -0.4283579  -0.2547937  -0.4458928
129  1456067593133  0.33710128  -0.71079737  -0.07664869
130  1456067593243  0.7040783  -0.5462528  -0.242156
131  1456067593352  0.7527002  -0.4306223  -0.22993135
132  1456067593460  0.74660796  -0.366712  -0.19666058
133  1456067593565  0.7314991  -0.33087042  -0.16486028
134  1456067593670  0.7283155  -0.3056731  -0.13920726
135  1456067593775  0.7345147  -0.29166582  -0.12771128
136  1456067593880  0.73770225  -0.29495183  -0.13391998
137  1456067594041  0.7326855  -0.31053925  -0.15068847
138  1456067594165  0.7179601  -0.33368334  -0.17270745
139  1456067594270  0.7087137  -0.34895667  -0.18546097
140  1456067594400  0.7096715  -0.34807867  -0.18325645
141  1456067594504  0.71681154  -0.33580244  -0.17325068
142  1456067594615  0.72357637  -0.32382137  -0.16528726
143  1456067594720  0.73005474  -0.3114645  -0.1570986
144  1456067594826  0.73467696  -0.30296445  -0.15099402
145  1456067594932  0.7355953  -0.30076644  -0.1490648
146  1456067595037  0.73171407  -0.30603197  -0.15379556
147  1456067595148  0.72555256  -0.31602398  -0.16407949
148  1456067595254  0.72126585  -0.32603356  -0.17456226
149  1456067595359  0.72015375  -0.33257246  -0.18098652
150  1456067595467  0.7213035  -0.33515644  -0.18276498
151  1456067595575  0.7269826  -0.33105806  -0.17828903
152  1456067595687  0.7441805  -0.31429508  -0.16208722
153  1456067595795  0.7730396  -0.2859175  -0.13280308
154  1456067595905  0.80393344  -0.25609183  -0.09256295
155  1456067596016  0.8235115  -0.22223577  -0.014236769
156  1456067596127  0.8078744  -0.038892183  0.33117726
157  1456067596241  -0.5611053  0.0026799925  -0.8249197
158  1456067596351  -0.4603338  0.15417254  -0.84334856
159  1456067596459  -0.44945025  0.20439696  -0.8086996
160  1456067596569  -0.4883097  0.21055101  -0.74359965
161  1456067596673  -0.5562868  0.16260952  -0.644172
162  1456067596783  -0.62855065  0.061969653  -0.5028235
163  1456067596891  -0.6679315  -0.073313974  -0.32598734
164  1456067596999  -0.6798081  -0.14831924  -0.19804971
165  1456067597108  -0.692008  -0.17432837  -0.12579653
166  1456067597218  -0.7119424  -0.19413671  -0.10072125
167  1456067597332  -0.73112786  -0.24674346  -0.11617118
168  1456067597441  -0.7301151  -0.3446316  -0.1378143
169  1456067597550  -0.70046765  -0.45621073  -0.13727315
170  1456067597658  -0.6771036  -0.51826966  -0.12875311
171  1456067597763  -0.67649865  -0.51913774  -0.1206408
172  1456067597873  -0.6428362  -0.46225986  -0.14179006
173  1456067597978  -0.5289406  -0.3957582  -0.23465893
174  1456067598083  -0.4912848  -0.35901925  -0.33970654
175  1456067598194  -0.56884116  -0.28063783  -0.41745117
176  1456067598299  -0.6621019  0.0016737438  -0.5787908
177  1456067598419  -0.62828326  0.25192595  -0.64906585
178  1456067598525  -0.6073293  0.3035746  -0.64561415
179  1456067598631  -0.62002146  0.25310972  -0.62477034
180  1456067598736  -0.63630545  0.11895951  -0.5827149
181  1456067598841  -0.61732495  -0.038899653  -0.5321116
182  1456067598949  -0.5758797  -0.15511289  -0.49864995
183  1456067599061  -0.540992  -0.21817745  -0.48384464
184  1456067599170  -0.52962726  -0.24250145  -0.47639504
185  1456067599283  -0.5592422  -0.25926194  -0.45920935
186  1456067599417  -0.6424136  -0.298968  -0.41049117
187  1456067599528  -0.6590352  -0.38395506  -0.3335583
188  1456067599637  -0.6410761  -0.4216354  -0.29069826
189  1456067599746  -0.6634716  -0.3287794  -0.2945154
190  1456067599856  -0.6875837  -0.16780716  -0.3038492
191  1456067599965  -0.68530375  -0.066755384  -0.32060796
192  1456067600081  -0.6803341  -0.029968698  -0.34763288
193  1456067600371  -0.6651317  0.025881497  -0.33486062
194  1456067600479  -0.6062671  -0.27409852  0.066017926
195  1456067600587  -0.61319876  -0.29036793  0.08892125
196  1456067600696  -0.6030564  -0.3443259  0.03562634
197  1456067600811  -0.57908803  -0.37332538  -0.060587347
198  1456067600920  -0.5667437  -0.34454796  -0.1741733
199  1456067601029  -0.5515489  -0.31010765  -0.28091094
200  1456067601138  -0.5364315  -0.30640823  -0.36242935
201  1456067601244  -0.53180975  -0.36993036  -0.4160344
202  1456067601354  -0.08593238  -0.8584495  -0.2660692
203  1456067601457  0.4673895  -0.780234  -0.36396384
204  1456067601563  0.5477583  -0.7040245  -0.39005065
205  1456067601668  0.5524823  -0.6794767  -0.3845497
206  1456067601779  0.46718937  -0.72142184  -0.40299398
207  1456067601893  0.2252332  -0.81807536  -0.47976524
208  1456067601999  0.044830892  -0.84363294  -0.51937336
209  1456067602103  0.06458108  -0.842636  -0.51746035
210  1456067602208  0.15235671  -0.83247215  -0.502858
211  1456067602316  0.22198126  -0.81783915  -0.48832807
212  1456067602426  0.25519136  -0.80894685  -0.47987086
213  1456067602530  0.2593644  -0.80767024  -0.47817054
214  1456067602635  0.24418457  -0.81178606  -0.48171553
215  1456067602740  0.2219637  -0.8177921  -0.48683485
216  1456067602876  0.20478597  -0.8226691  -0.49020737
217  1456067602968  0.19703813  -0.825033  -0.49218196
218  1456067603085  0.21280007  -0.8225192  -0.48832414
219  1456067603177  0.2958541  -0.8025505  -0.46287832
220  1456067603283  0.48160693  -0.7214791  -0.3943947
221  1456067603389  0.64387053  -0.60305357  -0.3158524
222  1456067603500  0.7548465  -0.47844446  -0.21024655
223  1456067603606  0.76759166  0.42175466  0.3965146
224  1456067603711  -0.6433153  -0.34264827  -0.6812123
225  1456067603816  -0.56111926  -0.0745407  -0.7773858
226  1456067603922  -0.5143367  0.107784696  -0.7722332
227  1456067604045  -0.49877527  0.22837336  -0.7429622
228  1456067604150  -0.5210468  0.24543422  -0.7028853
229  1456067604258  -0.581887  0.18299146  -0.6133833
230  1456067604366  -0.65008104  0.0018147057  -0.40083212
231  1456067604478  -0.6811627  -0.12688896  -0.20560609
232  1456067604589  -0.70666945  -0.1765365  -0.09501705
233  1456067604693  -0.72793525  -0.19827147  -0.04973897
234  1456067604798  -0.73774165  -0.21552311  -0.047304254
235  1456067604903  -0.7280153  -0.23063493  -0.07077573
236  1456067605008  -0.69928217  -0.24480668  -0.101093605
237  1456067605117  -0.6640674  -0.259126  -0.12160427
238  1456067605220  -0.64119273  -0.27255496  -0.12142462
239  1456067605328  -0.6350464  -0.28324184  -0.105318315
240  1456067605436  -0.6407521  -0.29394475  -0.08265305
241  1456067605545  -0.6479763  -0.30858332  -0.06949972
242  1456067605661  -0.6423719  -0.33572078  -0.08105653
243  1456067605770  -0.6203058  -0.36123034  -0.11739033
244  1456067605878  -0.58553547  -0.37144345  -0.1659138
245  1456067605984  -0.55188435  -0.36012343  -0.21674745
246  1456067606089  -0.53153557  -0.34192616  -0.26475674
247  1456067606198  -0.53564984  -0.3280927  -0.3062282
248  1456067606303  -0.58737725  -0.32204866  -0.33503732
249  1456067606407  -0.78447175  -0.46677253  -0.2343654
250  1456067606512  0.45841536  -0.82721126  -0.3233257
251  1456067606620  0.4413653  -0.7869813  -0.42118904
252  1456067606730  0.33286345  -0.80866605  -0.46228415
253  1456067606859  0.09461008  -0.8463597  -0.51501584
254  1456067606946  -0.10956264  -0.8307105  -0.54572237
255  1456067607055  0.1470125  0.82200503  0.5499645
256  1456067607165  -0.070213035  -0.83505857  -0.54549223
257  1456067607278  0.04136869  -0.8397161  -0.53785104
258  1456067607386  0.09153564  -0.83660656  -0.533684
259  1456067607494  0.08616435  -0.83826643  -0.5327686
260  1456067607604  0.055480655  -0.8431227  -0.5313945
261  1456067607713  0.015941279  -0.84682524  -0.53014857
262  1456067607821  -0.02149131  -0.8472307  -0.53041077
263  1456067607931  -0.046310686  -0.84524727  -0.5323197
264  1456067608040  -0.053430833  -0.8431128  -0.5350679
265  1456067608149  -0.046212442  -0.8418779  -0.5376515
266  1456067608257  -0.023779284  -0.8426915  -0.5376002
267  1456067608371  0.048258085  -0.8465942  -0.5274297
268  1456067608479  0.24498121  -0.82341427  -0.48941153
269  1456067608588  0.49710575  -0.71724695  -0.40848514
270  1456067608697  0.532711  -0.69917834  -0.36957756
271  1456067608808  0.5536565  0.64143276  0.5104755
272  1456067608918  -0.5944434  -0.31094387  -0.7284881
273  1456067609023  -0.5549448  -0.07804389  -0.76395345
274  1456067609128  -0.54252577  0.03861804  -0.72792137
275  1456067609242  -0.5539835  0.10126945  -0.6667947
276  1456067609350  -0.58437043  0.08963395  -0.586702
277  1456067609461  -0.6232242  0.009890709  -0.47301063
278  1456067609570  -0.6435024  -0.11348371  -0.32227498
279  1456067609679  -0.6483042  -0.19492067  -0.19603576
280  1456067609788  -0.66161853  -0.22522247  -0.10816256
281  1456067609907  -0.69287354  -0.23339537  -0.054019663
282  1456067610021  -0.72141725  -0.23844776  -0.0397509
283  1456067610129  -0.72955394  -0.2407735  -0.05740278
284  1456067610237  -0.7110716  -0.24822599  -0.08796714
285  1456067610347  -0.67648524  -0.2635394  -0.11472629
286  1456067610458  -0.6430697  -0.2863768  -0.12860557
287  1456067610571  -0.61462617  -0.3176554  -0.13527358
288  1456067610681  -0.58855855  -0.3467449  -0.14400877
289  1456067610792  -0.5613649  -0.3616163  -0.16574222
290  1456067610901  -0.53942376  -0.3602654  -0.2017576
291  1456067611007  -0.53450346  -0.34816983  -0.24649772
292  1456067611117  -0.5619518  -0.3308469  -0.2911141
293  1456067611222  -0.66794837  -0.3417316  -0.31504685
294  1456067611328  0.41194674  -0.8911539  -0.16175804
295  1456067611432  0.47017023  -0.78687984  -0.3928332
296  1456067611537  0.45048195  -0.76551557  -0.44058895
297  1456067611649  0.31177375  -0.81068295  -0.47847813
298  1456067611752  0.039761957  -0.8558683  -0.51531726
299  1456067611860  0.12889121  0.8428753  0.5188651
300  1456067611969  0.15010042  0.8400837  0.5161485
301  1456067612182  0.022064356  0.8585019  0.51212823
302  1456067612291  -8.1887253E-4  -0.8594501  -0.5112182
303  1456067612399  0.019937487  0.858814  0.5118937
304  1456067612507  0.04010154  0.8577199  0.51242536
305  1456067612615  0.04574755  0.8571586  0.51271075
306  1456067612726  0.033235647  0.85740817  0.51325804
307  1456067612841  0.011145227  0.85769737  0.513866
308  1456067612951  -0.0  0.857578  0.51423925
309  1456067613059  0.0053890967  0.857312  0.5146122
310  1456067613170  0.014764453  0.8581072  0.5130533
311  1456067613279  0.0029900998  0.8631467  0.5048811
312  1456067613391  0.057549648  -0.87154245  -0.4865654
313  1456067613497  0.14508507  -0.8726573  -0.4621539
314  1456067613602  0.09301942  0.88332295  0.45805213
315  1456067613708  0.42611754  0.75307125  0.48390946
316  1456067613814  -0.53167886  -0.54025745  -0.65214133
317  1456067613924  -0.5685363  -0.1943196  -0.7505459
318  1456067614030  -0.5832575  0.0051443623  -0.6904848
319  1456067614135  -0.5959544  0.11356778  -0.6312432
320  1456067614240  -0.60502535  0.15156227  -0.5939791
321  1456067614345  -0.6269827  0.104349345  -0.52734673
322  1456067614456  -0.64801097  -0.02717648  -0.38442048
323  1456067614559  -0.6446386  -0.15754904  -0.20951028
324  1456067614666  -0.6541091  -0.20544444  -0.095403396
325  1456067614772  -0.6832998  -0.2193698  -0.030325813
326  1456067614878  -0.7181037  -0.22187199  -0.008787367
327  1456067614988  -0.7423288  -0.21899422  -0.02243372
328  1456067615093  -0.74215555  -0.21756989  -0.05900291
329  1456067615203  -0.7153498  -0.23363926  -0.09757901
330  1456067615311  -0.67967135  -0.258903  -0.12227315
331  1456067615419  -0.65084815  -0.28489378  -0.12580748
332  1456067615531  -0.63749766  -0.30681935  -0.110231996
333  1456067615639  -0.6424395  -0.32192555  -0.083159186
334  1456067615745  -0.66347593  -0.32569158  -0.057437293
335  1456067615849  -0.6928073  -0.31755868  -0.042537432
336  1456067615955  -0.7183016  -0.30471835  -0.044347994
337  1456067616064  -0.7183986  -0.30977342  -0.06982272
338  1456067616168  -0.68175817  -0.3388828  -0.118028045
339  1456067616272  -0.6233053  -0.36982358  -0.17393644
340  1456067616380  -0.5776442  -0.38058844  -0.21656267
341  1456067616491  -0.55768204  -0.37510443  -0.2424135
342  1456067616601  -0.5666736  -0.36286968  -0.2593274
343  1456067616709  -0.6183235  -0.36285898  -0.2745007
344  1456067616818  -0.68390274  -0.57339954  -0.2396308
345  1456067616929  0.2119276  -0.9053302  -0.31762123
346  1456067617037  0.311741  -0.80507916  -0.42492187
347  1456067617151  0.31257027  -0.7464902  -0.44499293
348  1456067617259  0.3036886  -0.7132987  -0.43976074
349  1456067617367  0.32795352  -0.6867888  -0.41313416
350  1456067617475  0.4101819  -0.64117587  -0.3480402
351  1456067617583  0.48678818  -0.5921306  -0.28667203
352  1456067617700  0.52591205  -0.5640014  -0.25684562
353  1456067617808  0.5382579  -0.5551723  -0.24956158
354  1456067617917  0.54094267  -0.55528474  -0.25159517
355  1456067618025  0.5515869  -0.55288565  -0.24946961
356  1456067618134  0.5813624  -0.5392782  -0.2357472
357  1456067618245  0.5948967  -0.53218365  -0.23767002
358  1456067618354  0.4781653  -0.5814495  -0.35270548
359  1456067618462  0.16823708  -0.54942876  -0.6768369
360  1456067618571  0.08461031  -0.295239  -0.8475876
361  1456067618679  0.09239134  -0.12527066  -0.86078364
362  1456067618788  0.112705745  -0.041403256  -0.8044253
363  1456067618891  0.13869196  0.0013702358  -0.67971325
364  1456067619000  0.17300387  0.017915249  -0.47788748
365  1456067619111  0.21284625  0.012923321  -0.2548176
366  1456067619220  0.24633741  -0.0051153144  -0.11604168
367  1456067619340  0.26624492  -0.026999624  -0.066175625
368  1456067619448  0.26936886  -0.050478842  -0.11880471
369  1456067619556  0.26425916  -0.06854691  -0.20997013
370  1456067619664  0.2607369  -0.077360325  -0.27985772
